
           ___      .______        ______  __    __  .______      
          /   \     |   _  \      /      ||  |  |  | |   _  \     
         /  ^  \    |  |_)  |    |  ,----'|  |__|  | |  |_)  |    
        /  /_\  \   |      /     |  |     |   __   | |      /     
       /  _____  \  |  |\  \\___ |  `----.|  |  |  | |  |\  \\___.
      /__/     \__\ | _| `._____| \______||__|  |__| | _| `._____|
    
Logging With ArchR!

Start Time : 2024-05-28 20:01:48.063425

------- ArchR Info

ArchRThreads = 16
ArchRGenome = Hg38

------- System Info

Computer OS = unix
Total Cores = 192

------- Session Info

R version 4.3.3 (2024-02-29)
Platform: x86_64-conda-linux-gnu (64-bit)
Running under: Red Hat Enterprise Linux 8.9 (Ootpa)

Matrix products: default
BLAS/LAPACK: /maps/projects/ralab/people/lpm537/software/anaconda3/envs/Notebook_E2G_240505/lib/libopenblasp-r0.3.27.so;  LAPACK version 3.12.0

Random number generation:
 RNG:     L'Ecuyer-CMRG 
 Normal:  Inversion 
 Sample:  Rejection 
 
locale:
 [1] LC_CTYPE=en_US.UTF-8       LC_NUMERIC=C              
 [3] LC_TIME=en_US.UTF-8        LC_COLLATE=en_US.UTF-8    
 [5] LC_MONETARY=en_US.UTF-8    LC_MESSAGES=en_US.UTF-8   
 [7] LC_PAPER=en_US.UTF-8       LC_NAME=C                 
 [9] LC_ADDRESS=C               LC_TELEPHONE=C            
[11] LC_MEASUREMENT=en_US.UTF-8 LC_IDENTIFICATION=C       

time zone: Europe/Copenhagen
tzcode source: system (glibc)

attached base packages:
 [1] parallel  stats4    grid      stats     graphics  grDevices utils    
 [8] datasets  methods   base     

other attached packages:
 [1] uwot_0.1.16                       nabor_0.5.0                      
 [3] BSgenome.Hsapiens.UCSC.hg38_1.4.5 BSgenome_1.68.0                  
 [5] rtracklayer_1.60.1                Biostrings_2.70.1                
 [7] XVector_0.42.0                    genomation_1.34.0                
 [9] Signac_1.13.0                     Seurat_5.0.3                     
[11] SeuratObject_5.0.1                sp_2.1-4                         
[13] rhdf5_2.44.0                      SummarizedExperiment_1.30.2      
[15] Biobase_2.60.0                    MatrixGenerics_1.12.3            
[17] Rcpp_1.0.12                       Matrix_1.6-5                     
[19] GenomicRanges_1.54.1              GenomeInfoDb_1.38.1              
[21] IRanges_2.36.0                    S4Vectors_0.40.2                 
[23] BiocGenerics_0.48.1               matrixStats_1.3.0                
[25] data.table_1.15.2                 stringr_1.5.1                    
[27] plyr_1.8.9                        magrittr_2.0.3                   
[29] ggplot2_3.5.1                     gtable_0.3.5                     
[31] gtools_3.9.5                      gridExtra_2.3                    
[33] ArchR_1.0.2                      

loaded via a namespace (and not attached):
  [1] RcppAnnoy_0.0.22         splines_4.3.3            later_1.3.2             
  [4] pbdZMQ_0.3-11            BiocIO_1.10.0            bitops_1.0-7            
  [7] tibble_3.2.1             polyclip_1.10-6          XML_3.99-0.16.1         
 [10] fastDummies_1.7.3        lifecycle_1.0.4          globals_0.16.3          
 [13] lattice_0.22-6           MASS_7.3-60              plotly_4.10.4           
 [16] plotrix_3.8-4            yaml_2.3.8               httpuv_1.6.15           
 [19] sctransform_0.4.1        spam_2.10-0              spatstat.sparse_3.0-3   
 [22] reticulate_1.36.1        cowplot_1.1.3            pbapply_1.7-2           
 [25] RColorBrewer_1.1-3       abind_1.4-5              zlibbioc_1.48.0         
 [28] Rtsne_0.17               purrr_1.0.2              RCurl_1.98-1.14         
 [31] GenomeInfoDbData_1.2.11  ggrepel_0.9.5            irlba_2.3.5.1           
 [34] listenv_0.9.1            spatstat.utils_3.0-4     goftest_1.2-3           
 [37] RSpectra_0.16-1          spatstat.random_3.2-3    fitdistrplus_1.1-11     
 [40] parallelly_1.37.1        leiden_0.4.3.1           codetools_0.2-20        
 [43] DelayedArray_0.26.7      RcppRoll_0.3.0           tidyselect_1.2.1        
 [46] farver_2.1.1             base64enc_0.1-3          spatstat.explore_3.2-6  
 [49] GenomicAlignments_1.36.0 jsonlite_1.8.8           progressr_0.14.0        
 [52] ggridges_0.5.6           survival_3.6-4           tools_4.3.3             
 [55] ica_1.0-3                glue_1.7.0               IRdisplay_1.1           
 [58] dplyr_1.1.4              withr_3.0.0              fastmap_1.1.1           
 [61] rhdf5filters_1.12.1      fansi_1.0.6              digest_0.6.35           
 [64] R6_2.5.1                 mime_0.12                seqPattern_1.34.0       
 [67] colorspace_2.1-0         Cairo_1.6-2              scattermore_1.2         
 [70] tensor_1.5               spatstat.data_3.0-4      utf8_1.2.4              
 [73] tidyr_1.3.1              generics_0.1.3           httr_1.4.7              
 [76] htmlwidgets_1.6.4        S4Arrays_1.2.1           pkgconfig_2.0.3         
 [79] impute_1.76.0            lmtest_0.9-40            htmltools_0.5.8.1       
 [82] dotCall64_1.1-1          scales_1.3.0             png_0.1-8               
 [85] tzdb_0.4.0               reshape2_1.4.4           rjson_0.2.21            
 [88] uuid_1.2-0               nlme_3.1-164             repr_1.1.7              
 [91] zoo_1.8-12               KernSmooth_2.23-22       miniUI_0.1.1.1          
 [94] restfulr_0.0.15          pillar_1.9.0             vctrs_0.6.5             
 [97] RANN_2.6.1               promises_1.3.0           xtable_1.8-4            
[100] cluster_2.1.6            evaluate_0.23            readr_2.1.5             
[103] cli_3.6.2                compiler_4.3.3           Rsamtools_2.18.0        
[106] rlang_1.1.3              crayon_1.5.2             future.apply_1.11.2     
[109] labeling_0.4.3           stringi_1.8.3            gridBase_0.4-7          
[112] viridisLite_0.4.2        deldir_2.0-4             BiocParallel_1.36.0     
[115] munsell_0.5.1            lazyeval_0.2.2           spatstat.geom_3.2-9     
[118] IRkernel_1.3.2           RcppHNSW_0.6.0           hms_1.1.3               
[121] patchwork_1.2.0          future_1.33.2            Rhdf5lib_1.22.1         
[124] shiny_1.8.1.1            ROCR_1.0-11              igraph_2.0.3            
[127] fastmatch_1.1-4         


------- Log Info


2024-05-28 20:01:48.359726 : peakSet, Class = GRanges
GRanges object with 303482 ranges and 3 metadata columns:
           seqnames              ranges strand |       idx        GC         N
              <Rle>           <IRanges>  <Rle> | <integer> <numeric> <numeric>
       [1]     chr1         10010-10512      * |         1    0.5447         0
       [2]     chr1       115495-115916      * |         2    0.4028         0
       [3]     chr1       180477-181904      * |         3    0.6471         0
       [4]     chr1       191243-191960      * |         4    0.5850         0
       [5]     chr1       267886-268118      * |         5    0.5236         0
       ...      ...                 ...    ... .       ...       ...       ...
  [303478]     chrX 156008487-156008683      * |      9095    0.5736         0
  [303479]     chrX 156008873-156009316      * |      9096    0.4369         0
  [303480]     chrX 156019835-156020122      * |      9097    0.6319         0
  [303481]     chrX 156029840-156030373      * |      9098    0.5693         0
  [303482]     chrX 156030498-156030725      * |      9099    0.5044         0
  -------
  seqinfo: 23 sequences from an unspecified genome; no seqlengths

2024-05-28 20:01:48.394727 : Batch Execution w/ safelapply!, 0 mins elapsed.

2024-05-28 20:01:49.1066 : featureDF, Class = data.frame
featureDF: nRows = 303482, nCols = 4
  seqnames idx  start    end
1     chr1   1  10010  10512
2     chr1   2 115495 115916
3     chr1   3 180477 181904
4     chr1   4 191243 191960
5     chr1   5 267886 268118
6     chr1   6 271197 271546



2024-05-28 20:01:49.570058 : featureDF, Class = data.frame
featureDF: nRows = 303482, nCols = 4
  seqnames idx  start    end
1     chr1   1  10010  10512
2     chr1   2 115495 115916
3     chr1   3 180477 181904
4     chr1   4 191243 191960
5     chr1   5 267886 268118
6     chr1   6 271197 271546



2024-05-28 20:01:50.028701 : featureDF, Class = data.frame
featureDF: nRows = 303482, nCols = 4
  seqnames idx  start    end
1     chr1   1  10010  10512
2     chr1   2 115495 115916
3     chr1   3 180477 181904
4     chr1   4 191243 191960
5     chr1   5 267886 268118
6     chr1   6 271197 271546



2024-05-28 20:01:50.54977 : featureDF, Class = data.frame
featureDF: nRows = 303482, nCols = 4
  seqnames idx  start    end
1     chr1   1  10010  10512
2     chr1   2 115495 115916
3     chr1   3 180477 181904
4     chr1   4 191243 191960
5     chr1   5 267886 268118
6     chr1   6 271197 271546



2024-05-28 20:01:50.911265 : featureDF, Class = data.frame
featureDF: nRows = 303482, nCols = 4
  seqnames idx  start    end
1     chr1   1  10010  10512
2     chr1   2 115495 115916
3     chr1   3 180477 181904
4     chr1   4 191243 191960
5     chr1   5 267886 268118
6     chr1   6 271197 271546


2024-05-28 20:01:50.956088 : Adding s3d10 to PeakMatrix for Chr (1 of 23)!, 0.032 mins elapsed.
2024-05-28 20:01:51.233198 : Adding s4d8 to PeakMatrix for Chr (1 of 23)!, 0.029 mins elapsed.

2024-05-28 20:01:51.254389 : featureDF, Class = data.frame
featureDF: nRows = 303482, nCols = 4
  seqnames idx  start    end
1     chr1   1  10010  10512
2     chr1   2 115495 115916
3     chr1   3 180477 181904
4     chr1   4 191243 191960
5     chr1   5 267886 268118
6     chr1   6 271197 271546



2024-05-28 20:01:51.629336 : featureDF, Class = data.frame
featureDF: nRows = 303482, nCols = 4
  seqnames idx  start    end
1     chr1   1  10010  10512
2     chr1   2 115495 115916
3     chr1   3 180477 181904
4     chr1   4 191243 191960
5     chr1   5 267886 268118
6     chr1   6 271197 271546



2024-05-28 20:01:52.063353 : featureDF, Class = data.frame
featureDF: nRows = 303482, nCols = 4
  seqnames idx  start    end
1     chr1   1  10010  10512
2     chr1   2 115495 115916
3     chr1   3 180477 181904
4     chr1   4 191243 191960
5     chr1   5 267886 268118
6     chr1   6 271197 271546


2024-05-28 20:01:52.125007 : Adding s4d1 to PeakMatrix for Chr (1 of 23)!, 0.036 mins elapsed.

2024-05-28 20:01:52.146411 : featureDF, Class = data.frame
featureDF: nRows = 303482, nCols = 4
  seqnames idx  start    end
1     chr1   1  10010  10512
2     chr1   2 115495 115916
3     chr1   3 180477 181904
4     chr1   4 191243 191960
5     chr1   5 267886 268118
6     chr1   6 271197 271546


2024-05-28 20:01:52.471105 : Adding s1d2 to PeakMatrix for Chr (1 of 23)!, 0.027 mins elapsed.

2024-05-28 20:01:52.473958 : featureDF, Class = data.frame
featureDF: nRows = 303482, nCols = 4
  seqnames idx  start    end
1     chr1   1  10010  10512
2     chr1   2 115495 115916
3     chr1   3 180477 181904
4     chr1   4 191243 191960
5     chr1   5 267886 268118
6     chr1   6 271197 271546


2024-05-28 20:01:52.534775 : Adding s3d3 to PeakMatrix for Chr (1 of 23)!, 0.035 mins elapsed.

2024-05-28 20:01:52.917113 : featureDF, Class = data.frame
featureDF: nRows = 303482, nCols = 4
  seqnames idx  start    end
1     chr1   1  10010  10512
2     chr1   2 115495 115916
3     chr1   3 180477 181904
4     chr1   4 191243 191960
5     chr1   5 267886 268118
6     chr1   6 271197 271546


2024-05-28 20:01:53.060569 : Adding s1d1 to PeakMatrix for Chr (1 of 23)!, 0.032 mins elapsed.

2024-05-28 20:01:53.24367 : featureDF, Class = data.frame
featureDF: nRows = 303482, nCols = 4
  seqnames idx  start    end
1     chr1   1  10010  10512
2     chr1   2 115495 115916
3     chr1   3 180477 181904
4     chr1   4 191243 191960
5     chr1   5 267886 268118
6     chr1   6 271197 271546



2024-05-28 20:01:53.460308 : featureDF, Class = data.frame
featureDF: nRows = 303482, nCols = 4
  seqnames idx  start    end
1     chr1   1  10010  10512
2     chr1   2 115495 115916
3     chr1   3 180477 181904
4     chr1   4 191243 191960
5     chr1   5 267886 268118
6     chr1   6 271197 271546


2024-05-28 20:01:53.632519 : Adding s1d3 to PeakMatrix for Chr (1 of 23)!, 0.035 mins elapsed.
2024-05-28 20:01:53.658057 : Adding s2d1 to PeakMatrix for Chr (1 of 23)!, 0.026 mins elapsed.
2024-05-28 20:01:53.888874 : Adding s3d7 to PeakMatrix for Chr (1 of 23)!, 0.032 mins elapsed.
2024-05-28 20:01:54.230979 : Adding s2d5 to PeakMatrix for Chr (1 of 23)!, 0.03 mins elapsed.
2024-05-28 20:01:54.496365 : Adding s2d4 to PeakMatrix for Chr (1 of 23)!, 0.028 mins elapsed.
2024-05-28 20:01:54.893538 : Adding s3d6 to PeakMatrix for Chr (1 of 23)!, 0.025 mins elapsed.
2024-05-28 20:01:55.263502 : Adding s4d9 to PeakMatrix for Chr (1 of 23)!, 0.035 mins elapsed.
2024-05-28 20:02:02.069492 : Adding s3d3 to PeakMatrix for Chr (2 of 23)!, 0.194 mins elapsed.
2024-05-28 20:02:02.274135 : Adding s3d10 to PeakMatrix for Chr (2 of 23)!, 0.221 mins elapsed.
2024-05-28 20:02:02.366895 : Adding s1d2 to PeakMatrix for Chr (2 of 23)!, 0.192 mins elapsed.
2024-05-28 20:02:02.546023 : Adding s3d6 to PeakMatrix for Chr (2 of 23)!, 0.153 mins elapsed.
2024-05-28 20:02:02.568502 : Adding s4d1 to PeakMatrix for Chr (2 of 23)!, 0.21 mins elapsed.
2024-05-28 20:02:02.82198 : Adding s2d1 to PeakMatrix for Chr (2 of 23)!, 0.179 mins elapsed.
2024-05-28 20:02:02.856734 : Adding s4d9 to PeakMatrix for Chr (2 of 23)!, 0.161 mins elapsed.
2024-05-28 20:02:02.901305 : Adding s2d4 to PeakMatrix for Chr (2 of 23)!, 0.167 mins elapsed.
2024-05-28 20:02:02.921817 : Adding s1d1 to PeakMatrix for Chr (2 of 23)!, 0.196 mins elapsed.
2024-05-28 20:02:02.995223 : Adding s3d7 to PeakMatrix for Chr (2 of 23)!, 0.183 mins elapsed.
2024-05-28 20:02:03.018826 : Adding s2d5 to PeakMatrix for Chr (2 of 23)!, 0.177 mins elapsed.
2024-05-28 20:02:04.355331 : Adding s1d3 to PeakMatrix for Chr (2 of 23)!, 0.214 mins elapsed.
2024-05-28 20:02:06.1169 : Adding s4d8 to PeakMatrix for Chr (2 of 23)!, 0.277 mins elapsed.
2024-05-28 20:02:07.683378 : Adding s4d9 to PeakMatrix for Chr (3 of 23)!, 0.242 mins elapsed.
2024-05-28 20:02:08.1343 : Adding s3d7 to PeakMatrix for Chr (3 of 23)!, 0.269 mins elapsed.
2024-05-28 20:02:08.315535 : Adding s2d1 to PeakMatrix for Chr (3 of 23)!, 0.271 mins elapsed.
2024-05-28 20:02:08.343081 : Adding s1d2 to PeakMatrix for Chr (3 of 23)!, 0.292 mins elapsed.
2024-05-28 20:02:08.346918 : Adding s3d3 to PeakMatrix for Chr (3 of 23)!, 0.298 mins elapsed.
2024-05-28 20:02:08.630177 : Adding s2d4 to PeakMatrix for Chr (3 of 23)!, 0.263 mins elapsed.
2024-05-28 20:02:08.786464 : Adding s1d1 to PeakMatrix for Chr (3 of 23)!, 0.294 mins elapsed.
2024-05-28 20:02:09.205897 : Adding s2d5 to PeakMatrix for Chr (3 of 23)!, 0.28 mins elapsed.
2024-05-28 20:02:09.225833 : Adding s4d1 to PeakMatrix for Chr (3 of 23)!, 0.321 mins elapsed.
2024-05-28 20:02:09.473747 : Adding s3d6 to PeakMatrix for Chr (3 of 23)!, 0.268 mins elapsed.
2024-05-28 20:02:09.881014 : Adding s1d3 to PeakMatrix for Chr (3 of 23)!, 0.306 mins elapsed.
2024-05-28 20:02:10.167674 : Adding s3d10 to PeakMatrix for Chr (3 of 23)!, 0.352 mins elapsed.
2024-05-28 20:02:11.917799 : Adding s4d9 to PeakMatrix for Chr (4 of 23)!, 0.312 mins elapsed.
2024-05-28 20:02:12.712781 : Adding s3d7 to PeakMatrix for Chr (4 of 23)!, 0.345 mins elapsed.
2024-05-28 20:02:12.956957 : Adding s2d4 to PeakMatrix for Chr (4 of 23)!, 0.335 mins elapsed.
2024-05-28 20:02:13.029988 : Adding s2d1 to PeakMatrix for Chr (4 of 23)!, 0.349 mins elapsed.
2024-05-28 20:02:13.543493 : Adding s1d2 to PeakMatrix for Chr (4 of 23)!, 0.378 mins elapsed.
2024-05-28 20:02:13.754743 : Adding s1d1 to PeakMatrix for Chr (4 of 23)!, 0.377 mins elapsed.
2024-05-28 20:02:13.769274 : Adding s2d5 to PeakMatrix for Chr (4 of 23)!, 0.356 mins elapsed.
2024-05-28 20:02:14.031924 : Adding s3d6 to PeakMatrix for Chr (4 of 23)!, 0.344 mins elapsed.
2024-05-28 20:02:14.317345 : Adding s3d3 to PeakMatrix for Chr (4 of 23)!, 0.398 mins elapsed.
2024-05-28 20:02:14.617892 : Adding s1d3 to PeakMatrix for Chr (4 of 23)!, 0.385 mins elapsed.
2024-05-28 20:02:15.184129 : Adding s4d8 to PeakMatrix for Chr (3 of 23)!, 0.428 mins elapsed.
2024-05-28 20:02:15.462102 : Adding s4d1 to PeakMatrix for Chr (4 of 23)!, 0.425 mins elapsed.
2024-05-28 20:02:15.862645 : Adding s4d9 to PeakMatrix for Chr (5 of 23)!, 0.378 mins elapsed.
2024-05-28 20:02:16.575947 : Adding s3d10 to PeakMatrix for Chr (4 of 23)!, 0.459 mins elapsed.
2024-05-28 20:02:16.753435 : Adding s3d7 to PeakMatrix for Chr (5 of 23)!, 0.413 mins elapsed.
2024-05-28 20:02:16.956534 : Adding s2d4 to PeakMatrix for Chr (5 of 23)!, 0.402 mins elapsed.
2024-05-28 20:02:17.661446 : Adding s3d6 to PeakMatrix for Chr (5 of 23)!, 0.405 mins elapsed.
2024-05-28 20:02:17.679649 : Adding s2d1 to PeakMatrix for Chr (5 of 23)!, 0.427 mins elapsed.
2024-05-28 20:02:17.738178 : Adding s2d5 to PeakMatrix for Chr (5 of 23)!, 0.422 mins elapsed.
2024-05-28 20:02:17.867768 : Adding s1d2 to PeakMatrix for Chr (5 of 23)!, 0.451 mins elapsed.
2024-05-28 20:02:18.038746 : Adding s1d1 to PeakMatrix for Chr (5 of 23)!, 0.448 mins elapsed.
2024-05-28 20:02:18.858282 : Adding s3d3 to PeakMatrix for Chr (5 of 23)!, 0.473 mins elapsed.
2024-05-28 20:02:19.032116 : Adding s1d3 to PeakMatrix for Chr (5 of 23)!, 0.458 mins elapsed.
2024-05-28 20:02:20.030908 : Adding s4d9 to PeakMatrix for Chr (6 of 23)!, 0.448 mins elapsed.
2024-05-28 20:02:20.317257 : Adding s4d1 to PeakMatrix for Chr (5 of 23)!, 0.506 mins elapsed.
2024-05-28 20:02:21.147827 : Adding s2d4 to PeakMatrix for Chr (6 of 23)!, 0.472 mins elapsed.
2024-05-28 20:02:21.500602 : Adding s3d7 to PeakMatrix for Chr (6 of 23)!, 0.492 mins elapsed.
2024-05-28 20:02:21.755593 : Adding s3d10 to PeakMatrix for Chr (5 of 23)!, 0.545 mins elapsed.
2024-05-28 20:02:21.899538 : Adding s3d6 to PeakMatrix for Chr (6 of 23)!, 0.475 mins elapsed.
2024-05-28 20:02:22.126837 : Adding s2d1 to PeakMatrix for Chr (6 of 23)!, 0.501 mins elapsed.
2024-05-28 20:02:22.435607 : Adding s2d5 to PeakMatrix for Chr (6 of 23)!, 0.501 mins elapsed.
2024-05-28 20:02:22.534701 : Adding s4d8 to PeakMatrix for Chr (4 of 23)!, 0.551 mins elapsed.
2024-05-28 20:02:22.541674 : Adding s1d2 to PeakMatrix for Chr (6 of 23)!, 0.528 mins elapsed.
2024-05-28 20:02:22.608727 : Adding s1d1 to PeakMatrix for Chr (6 of 23)!, 0.524 mins elapsed.
2024-05-28 20:02:23.649587 : Adding s3d3 to PeakMatrix for Chr (6 of 23)!, 0.553 mins elapsed.
2024-05-28 20:02:24.436499 : Adding s1d3 to PeakMatrix for Chr (6 of 23)!, 0.548 mins elapsed.
2024-05-28 20:02:24.503146 : Adding s4d9 to PeakMatrix for Chr (7 of 23)!, 0.522 mins elapsed.
2024-05-28 20:02:25.389202 : Adding s2d4 to PeakMatrix for Chr (7 of 23)!, 0.543 mins elapsed.
2024-05-28 20:02:25.767698 : Adding s4d1 to PeakMatrix for Chr (6 of 23)!, 0.597 mins elapsed.
2024-05-28 20:02:25.864257 : Adding s3d6 to PeakMatrix for Chr (7 of 23)!, 0.541 mins elapsed.
2024-05-28 20:02:26.394396 : Adding s3d7 to PeakMatrix for Chr (7 of 23)!, 0.573 mins elapsed.
2024-05-28 20:02:29.240697 : Adding s2d1 to PeakMatrix for Chr (7 of 23)!, 0.619 mins elapsed.
2024-05-28 20:02:29.478767 : Adding s2d5 to PeakMatrix for Chr (7 of 23)!, 0.618 mins elapsed.
2024-05-28 20:02:30.400541 : Adding s3d10 to PeakMatrix for Chr (6 of 23)!, 0.69 mins elapsed.
2024-05-28 20:02:31.12506 : Adding s1d1 to PeakMatrix for Chr (7 of 23)!, 0.666 mins elapsed.
2024-05-28 20:02:31.16564 : Adding s1d2 to PeakMatrix for Chr (7 of 23)!, 0.672 mins elapsed.
2024-05-28 20:02:32.280882 : Adding s4d8 to PeakMatrix for Chr (5 of 23)!, 0.713 mins elapsed.
2024-05-28 20:02:37.648302 : Adding s4d9 to PeakMatrix for Chr (8 of 23)!, 0.741 mins elapsed.
2024-05-28 20:02:37.726717 : Adding s3d6 to PeakMatrix for Chr (8 of 23)!, 0.739 mins elapsed.
2024-05-28 20:02:37.758732 : Adding s2d4 to PeakMatrix for Chr (8 of 23)!, 0.749 mins elapsed.
2024-05-28 20:02:38.70166 : Adding s3d3 to PeakMatrix for Chr (7 of 23)!, 0.804 mins elapsed.
2024-05-28 20:02:38.779777 : Adding s1d3 to PeakMatrix for Chr (7 of 23)!, 0.787 mins elapsed.
2024-05-28 20:02:39.002048 : Adding s3d7 to PeakMatrix for Chr (8 of 23)!, 0.784 mins elapsed.
2024-05-28 20:02:42.154758 : Adding s4d1 to PeakMatrix for Chr (7 of 23)!, 0.87 mins elapsed.
2024-05-28 20:02:43.656301 : Adding s2d5 to PeakMatrix for Chr (8 of 23)!, 0.854 mins elapsed.
2024-05-28 20:02:43.679371 : Adding s2d1 to PeakMatrix for Chr (8 of 23)!, 0.86 mins elapsed.
2024-05-28 20:02:45.605504 : Adding s1d1 to PeakMatrix for Chr (8 of 23)!, 0.907 mins elapsed.
2024-05-28 20:02:45.752159 : Adding s1d2 to PeakMatrix for Chr (8 of 23)!, 0.915 mins elapsed.
2024-05-28 20:02:46.324104 : Adding s2d4 to PeakMatrix for Chr (9 of 23)!, 0.892 mins elapsed.
2024-05-28 20:02:46.467642 : Adding s4d9 to PeakMatrix for Chr (9 of 23)!, 0.888 mins elapsed.
2024-05-28 20:02:46.495565 : Adding s3d6 to PeakMatrix for Chr (9 of 23)!, 0.885 mins elapsed.
2024-05-28 20:02:46.534404 : Adding s3d10 to PeakMatrix for Chr (7 of 23)!, 0.958 mins elapsed.
2024-05-28 20:02:47.389791 : Adding s3d7 to PeakMatrix for Chr (9 of 23)!, 0.923 mins elapsed.
2024-05-28 20:02:47.410509 : Adding s3d3 to PeakMatrix for Chr (8 of 23)!, 0.949 mins elapsed.
2024-05-28 20:02:47.88384 : Adding s4d8 to PeakMatrix for Chr (6 of 23)!, 0.973 mins elapsed.
2024-05-28 20:02:47.895824 : Adding s1d3 to PeakMatrix for Chr (8 of 23)!, 0.939 mins elapsed.
2024-05-28 20:02:48.109589 : Adding s2d5 to PeakMatrix for Chr (9 of 23)!, 0.928 mins elapsed.
2024-05-28 20:02:48.21324 : Adding s2d1 to PeakMatrix for Chr (9 of 23)!, 0.936 mins elapsed.
2024-05-28 20:02:48.967219 : Adding s4d1 to PeakMatrix for Chr (8 of 23)!, 0.984 mins elapsed.
2024-05-28 20:02:49.90528 : Adding s1d1 to PeakMatrix for Chr (9 of 23)!, 0.979 mins elapsed.
2024-05-28 20:02:50.2425 : Adding s3d6 to PeakMatrix for Chr (10 of 23)!, 0.948 mins elapsed.
2024-05-28 20:02:50.355579 : Adding s4d9 to PeakMatrix for Chr (10 of 23)!, 0.953 mins elapsed.
2024-05-28 20:02:50.87042 : Adding s1d2 to PeakMatrix for Chr (9 of 23)!, 1.001 mins elapsed.
2024-05-28 20:02:50.893391 : Adding s2d4 to PeakMatrix for Chr (10 of 23)!, 0.968 mins elapsed.
2024-05-28 20:02:51.624732 : Adding s3d7 to PeakMatrix for Chr (10 of 23)!, 0.994 mins elapsed.
2024-05-28 20:02:51.974509 : Adding s3d3 to PeakMatrix for Chr (9 of 23)!, 1.025 mins elapsed.
2024-05-28 20:02:52.270807 : Adding s1d3 to PeakMatrix for Chr (9 of 23)!, 1.012 mins elapsed.
2024-05-28 20:02:52.351013 : Adding s2d5 to PeakMatrix for Chr (10 of 23)!, 0.999 mins elapsed.
2024-05-28 20:02:52.797029 : Adding s2d1 to PeakMatrix for Chr (10 of 23)!, 1.012 mins elapsed.
2024-05-28 20:02:53.192706 : Adding s3d10 to PeakMatrix for Chr (8 of 23)!, 1.069 mins elapsed.
2024-05-28 20:02:53.90124 : Adding s4d1 to PeakMatrix for Chr (9 of 23)!, 1.066 mins elapsed.
2024-05-28 20:02:54.163441 : Adding s3d6 to PeakMatrix for Chr (11 of 23)!, 1.013 mins elapsed.
2024-05-28 20:02:54.409002 : Adding s4d9 to PeakMatrix for Chr (11 of 23)!, 1.021 mins elapsed.
2024-05-28 20:02:54.425672 : Adding s1d1 to PeakMatrix for Chr (10 of 23)!, 1.054 mins elapsed.
2024-05-28 20:02:55.159429 : Adding s2d4 to PeakMatrix for Chr (11 of 23)!, 1.039 mins elapsed.
2024-05-28 20:02:55.425554 : Adding s4d8 to PeakMatrix for Chr (7 of 23)!, 1.099 mins elapsed.
2024-05-28 20:02:55.558938 : Adding s1d2 to PeakMatrix for Chr (10 of 23)!, 1.079 mins elapsed.
2024-05-28 20:02:55.993353 : Adding s3d7 to PeakMatrix for Chr (11 of 23)!, 1.067 mins elapsed.
2024-05-28 20:02:56.789335 : Adding s2d5 to PeakMatrix for Chr (11 of 23)!, 1.073 mins elapsed.
2024-05-28 20:02:57.065753 : Adding s2d1 to PeakMatrix for Chr (11 of 23)!, 1.083 mins elapsed.
2024-05-28 20:02:57.278644 : Adding s1d3 to PeakMatrix for Chr (10 of 23)!, 1.096 mins elapsed.
2024-05-28 20:02:57.467238 : Adding s3d3 to PeakMatrix for Chr (10 of 23)!, 1.117 mins elapsed.
2024-05-28 20:02:58.194137 : Adding s3d6 to PeakMatrix for Chr (12 of 23)!, 1.08 mins elapsed.
2024-05-28 20:02:58.23926 : Adding s3d10 to PeakMatrix for Chr (9 of 23)!, 1.154 mins elapsed.
2024-05-28 20:02:58.612339 : Adding s4d9 to PeakMatrix for Chr (12 of 23)!, 1.091 mins elapsed.
2024-05-28 20:02:58.875134 : Adding s4d1 to PeakMatrix for Chr (10 of 23)!, 1.149 mins elapsed.
2024-05-28 20:02:59.144159 : Adding s1d1 to PeakMatrix for Chr (11 of 23)!, 1.133 mins elapsed.
2024-05-28 20:02:59.370749 : Adding s2d4 to PeakMatrix for Chr (12 of 23)!, 1.109 mins elapsed.
2024-05-28 20:03:00.324365 : Adding s1d2 to PeakMatrix for Chr (11 of 23)!, 1.158 mins elapsed.
2024-05-28 20:03:00.391468 : Adding s3d7 to PeakMatrix for Chr (12 of 23)!, 1.14 mins elapsed.
2024-05-28 20:03:01.057332 : Adding s2d5 to PeakMatrix for Chr (12 of 23)!, 1.144 mins elapsed.
2024-05-28 20:03:01.588438 : Adding s2d1 to PeakMatrix for Chr (12 of 23)!, 1.159 mins elapsed.
2024-05-28 20:03:01.713939 : Adding s4d8 to PeakMatrix for Chr (8 of 23)!, 1.204 mins elapsed.
2024-05-28 20:03:01.893799 : Adding s1d3 to PeakMatrix for Chr (11 of 23)!, 1.173 mins elapsed.
2024-05-28 20:03:02.024086 : Adding s3d6 to PeakMatrix for Chr (13 of 23)!, 1.144 mins elapsed.
2024-05-28 20:03:02.402246 : Adding s3d3 to PeakMatrix for Chr (11 of 23)!, 1.199 mins elapsed.
2024-05-28 20:03:02.949177 : Adding s4d9 to PeakMatrix for Chr (13 of 23)!, 1.163 mins elapsed.
2024-05-28 20:03:03.588741 : Adding s2d4 to PeakMatrix for Chr (13 of 23)!, 1.179 mins elapsed.
2024-05-28 20:03:03.726161 : Adding s3d10 to PeakMatrix for Chr (10 of 23)!, 1.245 mins elapsed.
2024-05-28 20:03:04.006807 : Adding s4d1 to PeakMatrix for Chr (11 of 23)!, 1.234 mins elapsed.
2024-05-28 20:03:04.15918 : Adding s1d1 to PeakMatrix for Chr (12 of 23)!, 1.217 mins elapsed.
2024-05-28 20:03:04.782514 : Adding s3d7 to PeakMatrix for Chr (13 of 23)!, 1.213 mins elapsed.
2024-05-28 20:03:05.524292 : Adding s2d5 to PeakMatrix for Chr (13 of 23)!, 1.219 mins elapsed.
2024-05-28 20:03:05.841569 : Adding s1d2 to PeakMatrix for Chr (12 of 23)!, 1.25 mins elapsed.
2024-05-28 20:03:05.967502 : Adding s3d6 to PeakMatrix for Chr (14 of 23)!, 1.21 mins elapsed.
2024-05-28 20:03:06.043399 : Adding s2d1 to PeakMatrix for Chr (13 of 23)!, 1.233 mins elapsed.
2024-05-28 20:03:06.460892 : Adding s4d9 to PeakMatrix for Chr (14 of 23)!, 1.222 mins elapsed.
2024-05-28 20:03:06.823386 : Adding s1d3 to PeakMatrix for Chr (12 of 23)!, 1.255 mins elapsed.
2024-05-28 20:03:07.413557 : Adding s3d3 to PeakMatrix for Chr (12 of 23)!, 1.283 mins elapsed.
2024-05-28 20:03:07.72436 : Adding s2d4 to PeakMatrix for Chr (14 of 23)!, 1.248 mins elapsed.
2024-05-28 20:03:08.482541 : Adding s4d8 to PeakMatrix for Chr (9 of 23)!, 1.317 mins elapsed.
2024-05-28 20:03:08.976884 : Adding s3d7 to PeakMatrix for Chr (14 of 23)!, 1.283 mins elapsed.
2024-05-28 20:03:09.31119 : Adding s2d5 to PeakMatrix for Chr (14 of 23)!, 1.282 mins elapsed.
2024-05-28 20:03:09.720591 : Adding s3d6 to PeakMatrix for Chr (15 of 23)!, 1.272 mins elapsed.
2024-05-28 20:03:09.773577 : Adding s1d1 to PeakMatrix for Chr (13 of 23)!, 1.31 mins elapsed.
2024-05-28 20:03:09.781768 : Adding s2d1 to PeakMatrix for Chr (14 of 23)!, 1.295 mins elapsed.
2024-05-28 20:03:10.058612 : Adding s3d10 to PeakMatrix for Chr (11 of 23)!, 1.35 mins elapsed.
2024-05-28 20:03:10.300636 : Adding s4d9 to PeakMatrix for Chr (15 of 23)!, 1.285 mins elapsed.
2024-05-28 20:03:11.435956 : Adding s4d1 to PeakMatrix for Chr (12 of 23)!, 1.358 mins elapsed.
2024-05-28 20:03:11.565021 : Adding s1d3 to PeakMatrix for Chr (13 of 23)!, 1.334 mins elapsed.
2024-05-28 20:03:11.65492 : Adding s1d2 to PeakMatrix for Chr (13 of 23)!, 1.347 mins elapsed.
2024-05-28 20:03:11.694353 : Adding s2d4 to PeakMatrix for Chr (15 of 23)!, 1.314 mins elapsed.
2024-05-28 20:03:12.681064 : Adding s3d3 to PeakMatrix for Chr (13 of 23)!, 1.37 mins elapsed.
2024-05-28 20:03:13.200985 : Adding s3d7 to PeakMatrix for Chr (15 of 23)!, 1.353 mins elapsed.
2024-05-28 20:03:13.498278 : Adding s3d6 to PeakMatrix for Chr (16 of 23)!, 1.335 mins elapsed.
2024-05-28 20:03:13.544211 : Adding s2d5 to PeakMatrix for Chr (15 of 23)!, 1.352 mins elapsed.
2024-05-28 20:03:13.6762 : Adding s2d1 to PeakMatrix for Chr (15 of 23)!, 1.36 mins elapsed.
2024-05-28 20:03:13.883596 : Adding s1d1 to PeakMatrix for Chr (14 of 23)!, 1.379 mins elapsed.
2024-05-28 20:03:14.220221 : Adding s4d9 to PeakMatrix for Chr (16 of 23)!, 1.351 mins elapsed.
2024-05-28 20:03:14.598308 : Adding s4d8 to PeakMatrix for Chr (10 of 23)!, 1.418 mins elapsed.
2024-05-28 20:03:15.393472 : Adding s1d3 to PeakMatrix for Chr (14 of 23)!, 1.398 mins elapsed.
2024-05-28 20:03:15.672593 : Adding s2d4 to PeakMatrix for Chr (16 of 23)!, 1.381 mins elapsed.
2024-05-28 20:03:15.825488 : Adding s1d2 to PeakMatrix for Chr (14 of 23)!, 1.417 mins elapsed.
2024-05-28 20:03:16.580938 : Adding s3d3 to PeakMatrix for Chr (14 of 23)!, 1.435 mins elapsed.
2024-05-28 20:03:17.155272 : Adding s3d10 to PeakMatrix for Chr (12 of 23)!, 1.469 mins elapsed.
2024-05-28 20:03:17.259273 : Adding s4d1 to PeakMatrix for Chr (13 of 23)!, 1.455 mins elapsed.
2024-05-28 20:03:17.341051 : Adding s3d6 to PeakMatrix for Chr (17 of 23)!, 1.399 mins elapsed.
2024-05-28 20:03:17.399552 : Adding s3d7 to PeakMatrix for Chr (16 of 23)!, 1.423 mins elapsed.
2024-05-28 20:03:17.587672 : Adding s2d5 to PeakMatrix for Chr (16 of 23)!, 1.42 mins elapsed.
2024-05-28 20:03:17.836877 : Adding s2d1 to PeakMatrix for Chr (16 of 23)!, 1.429 mins elapsed.
2024-05-28 20:03:18.31528 : Adding s4d9 to PeakMatrix for Chr (17 of 23)!, 1.419 mins elapsed.
2024-05-28 20:03:18.685371 : Adding s1d1 to PeakMatrix for Chr (15 of 23)!, 1.459 mins elapsed.
2024-05-28 20:03:20.14841 : Adding s2d4 to PeakMatrix for Chr (17 of 23)!, 1.455 mins elapsed.
2024-05-28 20:03:20.512962 : Adding s1d3 to PeakMatrix for Chr (15 of 23)!, 1.483 mins elapsed.
2024-05-28 20:03:20.965514 : Adding s1d2 to PeakMatrix for Chr (15 of 23)!, 1.502 mins elapsed.
2024-05-28 20:03:21.262333 : Adding s4d8 to PeakMatrix for Chr (11 of 23)!, 1.53 mins elapsed.
2024-05-28 20:03:21.718156 : Adding s3d3 to PeakMatrix for Chr (15 of 23)!, 1.521 mins elapsed.
2024-05-28 20:03:21.976856 : Adding s3d6 to PeakMatrix for Chr (18 of 23)!, 1.477 mins elapsed.
2024-05-28 20:03:22.125405 : Adding s2d5 to PeakMatrix for Chr (17 of 23)!, 1.495 mins elapsed.
2024-05-28 20:03:22.156074 : Adding s4d1 to PeakMatrix for Chr (14 of 23)!, 1.537 mins elapsed.
2024-05-28 20:03:22.592277 : Adding s2d1 to PeakMatrix for Chr (17 of 23)!, 1.509 mins elapsed.
2024-05-28 20:03:22.627968 : Adding s3d7 to PeakMatrix for Chr (17 of 23)!, 1.511 mins elapsed.
2024-05-28 20:03:22.859484 : Adding s4d9 to PeakMatrix for Chr (18 of 23)!, 1.495 mins elapsed.
2024-05-28 20:03:23.120508 : Adding s3d10 to PeakMatrix for Chr (13 of 23)!, 1.568 mins elapsed.
2024-05-28 20:03:23.404881 : Adding s1d1 to PeakMatrix for Chr (16 of 23)!, 1.537 mins elapsed.
2024-05-28 20:03:25.422775 : Adding s1d3 to PeakMatrix for Chr (16 of 23)!, 1.565 mins elapsed.
2024-05-28 20:03:25.438033 : Adding s2d4 to PeakMatrix for Chr (18 of 23)!, 1.543 mins elapsed.
2024-05-28 20:03:25.982903 : Adding s1d2 to PeakMatrix for Chr (16 of 23)!, 1.586 mins elapsed.
2024-05-28 20:03:26.369421 : Adding s3d6 to PeakMatrix for Chr (19 of 23)!, 1.55 mins elapsed.
2024-05-28 20:03:26.53618 : Adding s3d3 to PeakMatrix for Chr (16 of 23)!, 1.601 mins elapsed.
2024-05-28 20:03:26.974759 : Adding s4d9 to PeakMatrix for Chr (19 of 23)!, 1.563 mins elapsed.
2024-05-28 20:03:27.270366 : Adding s2d5 to PeakMatrix for Chr (18 of 23)!, 1.581 mins elapsed.
2024-05-28 20:03:27.665146 : Adding s4d1 to PeakMatrix for Chr (15 of 23)!, 1.629 mins elapsed.
2024-05-28 20:03:28.068916 : Adding s2d1 to PeakMatrix for Chr (18 of 23)!, 1.6 mins elapsed.
2024-05-28 20:03:28.362396 : Adding s3d10 to PeakMatrix for Chr (14 of 23)!, 1.656 mins elapsed.
2024-05-28 20:03:28.380744 : Adding s1d1 to PeakMatrix for Chr (17 of 23)!, 1.62 mins elapsed.
2024-05-28 20:03:28.788849 : Adding s3d7 to PeakMatrix for Chr (18 of 23)!, 1.613 mins elapsed.
2024-05-28 20:03:29.058234 : Adding s4d8 to PeakMatrix for Chr (12 of 23)!, 1.659 mins elapsed.
2024-05-28 20:03:29.194926 : Adding s2d4 to PeakMatrix for Chr (19 of 23)!, 1.606 mins elapsed.
2024-05-28 20:03:30.13375 : Adding s1d3 to PeakMatrix for Chr (17 of 23)!, 1.643 mins elapsed.
2024-05-28 20:03:30.91599 : Adding s2d5 to PeakMatrix for Chr (19 of 23)!, 1.642 mins elapsed.
2024-05-28 20:03:31.069098 : Adding s3d6 to PeakMatrix for Chr (20 of 23)!, 1.628 mins elapsed.
2024-05-28 20:03:31.104775 : Adding s1d2 to PeakMatrix for Chr (17 of 23)!, 1.671 mins elapsed.
2024-05-28 20:03:31.692366 : Adding s4d9 to PeakMatrix for Chr (20 of 23)!, 1.642 mins elapsed.
2024-05-28 20:03:31.738681 : Adding s3d3 to PeakMatrix for Chr (17 of 23)!, 1.688 mins elapsed.
2024-05-28 20:03:32.979784 : Adding s3d7 to PeakMatrix for Chr (19 of 23)!, 1.683 mins elapsed.
2024-05-28 20:03:33.062591 : Adding s2d1 to PeakMatrix for Chr (19 of 23)!, 1.683 mins elapsed.
2024-05-28 20:03:33.496425 : Adding s4d1 to PeakMatrix for Chr (16 of 23)!, 1.726 mins elapsed.
2024-05-28 20:03:33.60752 : Adding s3d10 to PeakMatrix for Chr (15 of 23)!, 1.743 mins elapsed.
2024-05-28 20:03:34.038132 : Adding s1d1 to PeakMatrix for Chr (18 of 23)!, 1.715 mins elapsed.
2024-05-28 20:03:34.113601 : Adding s2d4 to PeakMatrix for Chr (20 of 23)!, 1.688 mins elapsed.
2024-05-28 20:03:34.719859 : Adding s3d6 to PeakMatrix for Chr (21 of 23)!, 1.689 mins elapsed.
2024-05-28 20:03:34.945397 : Adding s4d8 to PeakMatrix for Chr (13 of 23)!, 1.758 mins elapsed.
2024-05-28 20:03:35.183862 : Adding s2d5 to PeakMatrix for Chr (20 of 23)!, 1.713 mins elapsed.
2024-05-28 20:03:35.200434 : Adding s1d3 to PeakMatrix for Chr (18 of 23)!, 1.728 mins elapsed.
2024-05-28 20:03:35.351354 : Adding s4d9 to PeakMatrix for Chr (21 of 23)!, 1.703 mins elapsed.
2024-05-28 20:03:37.805498 : Adding s1d2 to PeakMatrix for Chr (18 of 23)!, 1.783 mins elapsed.
2024-05-28 20:03:37.929949 : Adding s3d7 to PeakMatrix for Chr (20 of 23)!, 1.766 mins elapsed.
2024-05-28 20:03:38.209015 : Adding s1d1 to PeakMatrix for Chr (19 of 23)!, 1.784 mins elapsed.
2024-05-28 20:03:38.216883 : Adding s3d6 to PeakMatrix for Chr (22 of 23)!, 1.747 mins elapsed.
2024-05-28 20:03:38.319676 : Adding s3d3 to PeakMatrix for Chr (18 of 23)!, 1.798 mins elapsed.
2024-05-28 20:03:38.381629 : Adding s2d4 to PeakMatrix for Chr (21 of 23)!, 1.759 mins elapsed.
2024-05-28 20:03:38.652438 : Adding s2d1 to PeakMatrix for Chr (20 of 23)!, 1.776 mins elapsed.
2024-05-28 20:03:38.912005 : Adding s4d1 to PeakMatrix for Chr (17 of 23)!, 1.816 mins elapsed.
2024-05-28 20:03:38.97749 : Adding s1d3 to PeakMatrix for Chr (19 of 23)!, 1.791 mins elapsed.
2024-05-28 20:03:38.996833 : Adding s3d10 to PeakMatrix for Chr (16 of 23)!, 1.833 mins elapsed.
2024-05-28 20:03:39.025941 : Adding s2d5 to PeakMatrix for Chr (21 of 23)!, 1.777 mins elapsed.
2024-05-28 20:03:39.148364 : Adding s4d9 to PeakMatrix for Chr (22 of 23)!, 1.766 mins elapsed.
2024-05-28 20:03:41.699753 : Adding s4d8 to PeakMatrix for Chr (14 of 23)!, 1.87 mins elapsed.
2024-05-28 20:03:41.752998 : Adding s1d2 to PeakMatrix for Chr (19 of 23)!, 1.849 mins elapsed.
2024-05-28 20:03:41.804573 : Adding s3d6 to PeakMatrix for Chr (23 of 23)!, 1.807 mins elapsed.
2024-05-28 20:03:41.914478 : Adding s3d7 to PeakMatrix for Chr (21 of 23)!, 1.832 mins elapsed.
2024-05-28 20:03:41.995034 : Adding s2d4 to PeakMatrix for Chr (22 of 23)!, 1.819 mins elapsed.
2024-05-28 20:03:42.231011 : Adding s3d3 to PeakMatrix for Chr (19 of 23)!, 1.863 mins elapsed.
2024-05-28 20:03:42.458069 : Adding s2d1 to PeakMatrix for Chr (21 of 23)!, 1.84 mins elapsed.
2024-05-28 20:03:42.569932 : Adding s2d5 to PeakMatrix for Chr (22 of 23)!, 1.836 mins elapsed.
2024-05-28 20:03:43.201526 : Adding s4d9 to PeakMatrix for Chr (23 of 23)!, 1.834 mins elapsed.
2024-05-28 20:03:44.232917 : Adding s1d1 to PeakMatrix for Chr (20 of 23)!, 1.885 mins elapsed.
2024-05-28 20:03:44.411258 : Adding s1d3 to PeakMatrix for Chr (20 of 23)!, 1.881 mins elapsed.
2024-05-28 20:03:44.559874 : Adding s3d10 to PeakMatrix for Chr (17 of 23)!, 1.926 mins elapsed.
2024-05-28 20:03:45.290194 : Adding s4d1 to PeakMatrix for Chr (18 of 23)!, 1.922 mins elapsed.
2024-05-28 20:03:45.832256 : Adding s3d7 to PeakMatrix for Chr (22 of 23)!, 1.897 mins elapsed.
2024-05-28 20:03:46.118484 : Adding s2d4 to PeakMatrix for Chr (23 of 23)!, 1.888 mins elapsed.
2024-05-28 20:03:46.467294 : Adding s2d5 to PeakMatrix for Chr (23 of 23)!, 1.901 mins elapsed.
2024-05-28 20:03:47.49657 : Adding s2d1 to PeakMatrix for Chr (22 of 23)!, 1.924 mins elapsed.
2024-05-28 20:03:47.977862 : Adding s1d2 to PeakMatrix for Chr (20 of 23)!, 1.952 mins elapsed.
2024-05-28 20:03:48.405578 : Adding s3d3 to PeakMatrix for Chr (20 of 23)!, 1.966 mins elapsed.
2024-05-28 20:03:48.518981 : Adding s1d1 to PeakMatrix for Chr (21 of 23)!, 1.956 mins elapsed.
2024-05-28 20:03:48.817424 : Adding s1d3 to PeakMatrix for Chr (21 of 23)!, 1.955 mins elapsed.
2024-05-28 20:03:49.639554 : Adding s4d1 to PeakMatrix for Chr (19 of 23)!, 1.995 mins elapsed.
2024-05-28 20:03:49.927913 : Adding s4d8 to PeakMatrix for Chr (15 of 23)!, 2.007 mins elapsed.
2024-05-28 20:03:50.110769 : Adding s3d7 to PeakMatrix for Chr (23 of 23)!, 1.969 mins elapsed.
2024-05-28 20:03:52.103597 : Adding s1d2 to PeakMatrix for Chr (21 of 23)!, 2.021 mins elapsed.
2024-05-28 20:03:52.801751 : Adding s1d1 to PeakMatrix for Chr (22 of 23)!, 2.027 mins elapsed.
2024-05-28 20:03:53.033585 : Adding s3d3 to PeakMatrix for Chr (21 of 23)!, 2.043 mins elapsed.
2024-05-28 20:03:53.148372 : Adding s1d3 to PeakMatrix for Chr (22 of 23)!, 2.027 mins elapsed.
2024-05-28 20:03:53.318988 : Adding s3d10 to PeakMatrix for Chr (18 of 23)!, 2.071 mins elapsed.
2024-05-28 20:03:54.072046 : Adding s2d1 to PeakMatrix for Chr (23 of 23)!, 2.033 mins elapsed.
2024-05-28 20:03:55.883908 : Adding s1d2 to PeakMatrix for Chr (22 of 23)!, 2.084 mins elapsed.
2024-05-28 20:03:56.766014 : Adding s4d1 to PeakMatrix for Chr (20 of 23)!, 2.114 mins elapsed.
2024-05-28 20:03:56.841826 : Adding s4d8 to PeakMatrix for Chr (16 of 23)!, 2.123 mins elapsed.
2024-05-28 20:03:57.185163 : Adding s3d3 to PeakMatrix for Chr (22 of 23)!, 2.112 mins elapsed.
2024-05-28 20:03:57.659423 : Adding s1d1 to PeakMatrix for Chr (23 of 23)!, 2.108 mins elapsed.
2024-05-28 20:03:57.703688 : Adding s1d3 to PeakMatrix for Chr (23 of 23)!, 2.103 mins elapsed.
2024-05-28 20:03:58.390312 : Adding s3d10 to PeakMatrix for Chr (19 of 23)!, 2.156 mins elapsed.
2024-05-28 20:03:59.958006 : Adding s1d2 to PeakMatrix for Chr (23 of 23)!, 2.152 mins elapsed.
2024-05-28 20:04:01.442812 : Adding s4d1 to PeakMatrix for Chr (21 of 23)!, 2.192 mins elapsed.
2024-05-28 20:04:02.223455 : Adding s3d3 to PeakMatrix for Chr (23 of 23)!, 2.196 mins elapsed.
2024-05-28 20:04:02.903123 : Adding s4d8 to PeakMatrix for Chr (17 of 23)!, 2.224 mins elapsed.
2024-05-28 20:04:05.532477 : Adding s4d1 to PeakMatrix for Chr (22 of 23)!, 2.26 mins elapsed.
2024-05-28 20:04:06.085915 : Adding s3d10 to PeakMatrix for Chr (20 of 23)!, 2.284 mins elapsed.
2024-05-28 20:04:10.373977 : Adding s4d1 to PeakMatrix for Chr (23 of 23)!, 2.34 mins elapsed.
2024-05-28 20:04:10.650074 : Adding s4d8 to PeakMatrix for Chr (18 of 23)!, 2.353 mins elapsed.
2024-05-28 20:04:11.127632 : Adding s3d10 to PeakMatrix for Chr (21 of 23)!, 2.368 mins elapsed.
2024-05-28 20:04:15.581652 : Adding s3d10 to PeakMatrix for Chr (22 of 23)!, 2.443 mins elapsed.
2024-05-28 20:04:15.970823 : Adding s4d8 to PeakMatrix for Chr (19 of 23)!, 2.441 mins elapsed.
2024-05-28 20:04:21.119497 : Adding s3d10 to PeakMatrix for Chr (23 of 23)!, 2.535 mins elapsed.
2024-05-28 20:04:24.442451 : Adding s4d8 to PeakMatrix for Chr (20 of 23)!, 2.583 mins elapsed.
2024-05-28 20:04:29.895392 : Adding s4d8 to PeakMatrix for Chr (21 of 23)!, 2.673 mins elapsed.
2024-05-28 20:04:34.749813 : Adding s4d8 to PeakMatrix for Chr (22 of 23)!, 2.754 mins elapsed.
2024-05-28 20:04:41.002356 : Adding s4d8 to PeakMatrix for Chr (23 of 23)!, 2.859 mins elapsed.

------- Completed

End Time : 2024-05-28 20:04:46.720345
Elapsed Time Minutes = 2.97757805585861
Elapsed Time Hours = 0.0496263923909929

-------



