
           ___      .______        ______  __    __  .______      
          /   \     |   _  \      /      ||  |  |  | |   _  \     
         /  ^  \    |  |_)  |    |  ,----'|  |__|  | |  |_)  |    
        /  /_\  \   |      /     |  |     |   __   | |      /     
       /  _____  \  |  |\  \\___ |  `----.|  |  |  | |  |\  \\___.
      /__/     \__\ | _| `._____| \______||__|  |__| | _| `._____|
    
Logging With ArchR!

Start Time : 2024-05-31 14:48:29.085641

------- ArchR Info

ArchRThreads = 16
ArchRGenome = Hg38

------- System Info

Computer OS = unix
Total Cores = 192

------- Session Info

R version 4.3.3 (2024-02-29)
Platform: x86_64-conda-linux-gnu (64-bit)
Running under: Red Hat Enterprise Linux 8.9 (Ootpa)

Matrix products: default
BLAS/LAPACK: /maps/projects/ralab/people/lpm537/software/anaconda3/envs/Notebook_E2G_240505/lib/libopenblasp-r0.3.27.so;  LAPACK version 3.12.0

Random number generation:
 RNG:     L'Ecuyer-CMRG 
 Normal:  Inversion 
 Sample:  Rejection 
 
locale:
 [1] LC_CTYPE=en_US.UTF-8       LC_NUMERIC=C              
 [3] LC_TIME=en_US.UTF-8        LC_COLLATE=en_US.UTF-8    
 [5] LC_MONETARY=en_US.UTF-8    LC_MESSAGES=en_US.UTF-8   
 [7] LC_PAPER=en_US.UTF-8       LC_NAME=C                 
 [9] LC_ADDRESS=C               LC_TELEPHONE=C            
[11] LC_MEASUREMENT=en_US.UTF-8 LC_IDENTIFICATION=C       

time zone: Europe/Copenhagen
tzcode source: system (glibc)

attached base packages:
 [1] parallel  stats4    grid      stats     graphics  grDevices utils    
 [8] datasets  methods   base     

other attached packages:
 [1] uwot_0.1.16                       nabor_0.5.0                      
 [3] BSgenome.Hsapiens.UCSC.hg38_1.4.5 BSgenome_1.68.0                  
 [5] rtracklayer_1.60.1                Biostrings_2.70.1                
 [7] XVector_0.42.0                    genomation_1.34.0                
 [9] Signac_1.13.0                     Seurat_5.0.3                     
[11] SeuratObject_5.0.1                sp_2.1-4                         
[13] rhdf5_2.44.0                      SummarizedExperiment_1.30.2      
[15] Biobase_2.60.0                    MatrixGenerics_1.12.3            
[17] Rcpp_1.0.12                       Matrix_1.6-5                     
[19] GenomicRanges_1.54.1              GenomeInfoDb_1.38.1              
[21] IRanges_2.36.0                    S4Vectors_0.40.2                 
[23] BiocGenerics_0.48.1               matrixStats_1.3.0                
[25] data.table_1.15.2                 stringr_1.5.1                    
[27] plyr_1.8.9                        magrittr_2.0.3                   
[29] ggplot2_3.5.1                     gtable_0.3.5                     
[31] gtools_3.9.5                      gridExtra_2.3                    
[33] ArchR_1.0.2                      

loaded via a namespace (and not attached):
  [1] RcppAnnoy_0.0.22         splines_4.3.3            later_1.3.2             
  [4] pbdZMQ_0.3-11            BiocIO_1.10.0            bitops_1.0-7            
  [7] tibble_3.2.1             polyclip_1.10-6          XML_3.99-0.16.1         
 [10] fastDummies_1.7.3        lifecycle_1.0.4          globals_0.16.3          
 [13] lattice_0.22-6           MASS_7.3-60              plotly_4.10.4           
 [16] plotrix_3.8-4            yaml_2.3.8               httpuv_1.6.15           
 [19] sctransform_0.4.1        spam_2.10-0              spatstat.sparse_3.0-3   
 [22] reticulate_1.36.1        cowplot_1.1.3            pbapply_1.7-2           
 [25] RColorBrewer_1.1-3       abind_1.4-5              zlibbioc_1.48.0         
 [28] Rtsne_0.17               purrr_1.0.2              RCurl_1.98-1.14         
 [31] GenomeInfoDbData_1.2.11  ggrepel_0.9.5            irlba_2.3.5.1           
 [34] listenv_0.9.1            spatstat.utils_3.0-4     goftest_1.2-3           
 [37] RSpectra_0.16-1          spatstat.random_3.2-3    fitdistrplus_1.1-11     
 [40] parallelly_1.37.1        leiden_0.4.3.1           codetools_0.2-20        
 [43] DelayedArray_0.26.7      RcppRoll_0.3.0           tidyselect_1.2.1        
 [46] farver_2.1.1             base64enc_0.1-3          spatstat.explore_3.2-6  
 [49] GenomicAlignments_1.36.0 jsonlite_1.8.8           progressr_0.14.0        
 [52] ggridges_0.5.6           survival_3.6-4           tools_4.3.3             
 [55] ica_1.0-3                glue_1.7.0               IRdisplay_1.1           
 [58] dplyr_1.1.4              withr_3.0.0              fastmap_1.1.1           
 [61] rhdf5filters_1.12.1      fansi_1.0.6              digest_0.6.35           
 [64] R6_2.5.1                 mime_0.12                seqPattern_1.34.0       
 [67] colorspace_2.1-0         Cairo_1.6-2              scattermore_1.2         
 [70] tensor_1.5               spatstat.data_3.0-4      utf8_1.2.4              
 [73] tidyr_1.3.1              generics_0.1.3           httr_1.4.7              
 [76] htmlwidgets_1.6.4        S4Arrays_1.2.1           pkgconfig_2.0.3         
 [79] impute_1.76.0            lmtest_0.9-40            htmltools_0.5.8.1       
 [82] dotCall64_1.1-1          scales_1.3.0             png_0.1-8               
 [85] tzdb_0.4.0               reshape2_1.4.4           rjson_0.2.21            
 [88] uuid_1.2-0               nlme_3.1-164             repr_1.1.7              
 [91] zoo_1.8-12               KernSmooth_2.23-22       miniUI_0.1.1.1          
 [94] restfulr_0.0.15          pillar_1.9.0             vctrs_0.6.5             
 [97] RANN_2.6.1               promises_1.3.0           xtable_1.8-4            
[100] cluster_2.1.6            evaluate_0.23            readr_2.1.5             
[103] cli_3.6.2                compiler_4.3.3           Rsamtools_2.18.0        
[106] rlang_1.1.3              crayon_1.5.2             future.apply_1.11.2     
[109] labeling_0.4.3           stringi_1.8.3            gridBase_0.4-7          
[112] viridisLite_0.4.2        deldir_2.0-4             BiocParallel_1.36.0     
[115] munsell_0.5.1            lazyeval_0.2.2           spatstat.geom_3.2-9     
[118] IRkernel_1.3.2           RcppHNSW_0.6.0           hms_1.1.3               
[121] patchwork_1.2.0          future_1.33.2            Rhdf5lib_1.22.1         
[124] shiny_1.8.1.1            ROCR_1.0-11              igraph_2.0.3            
[127] fastmatch_1.1-4         


------- Log Info


2024-05-31 14:48:30.448907 : addPeak2GeneLinks Input-Parameters, Class = list

addPeak2GeneLinks Input-Parameters$ArchRProj: length = 1

addPeak2GeneLinks Input-Parameters$reducedDims: length = 1
[1] "IterativeLSI"


addPeak2GeneLinks Input-Parameters$useMatrix: length = 1
[1] "GeneExpressionMatrix"


addPeak2GeneLinks Input-Parameters$dimsToUse: length = 30
[1] 1 2 3 4 5 6


addPeak2GeneLinks Input-Parameters$scaleDims: length = 0
NULL


addPeak2GeneLinks Input-Parameters$corCutOff: length = 1
[1] 0.75


addPeak2GeneLinks Input-Parameters$cellsToUse: length = 0
NULL


addPeak2GeneLinks Input-Parameters$k: length = 1
[1] 100


addPeak2GeneLinks Input-Parameters$knnIteration: length = 1
[1] 500


addPeak2GeneLinks Input-Parameters$overlapCutoff: length = 1
[1] 0.8


addPeak2GeneLinks Input-Parameters$maxDist: length = 1
[1] 1e+06


addPeak2GeneLinks Input-Parameters$scaleTo: length = 1
[1] 10000


addPeak2GeneLinks Input-Parameters$log2Norm: length = 1
[1] TRUE


addPeak2GeneLinks Input-Parameters$predictionCutoff: length = 1
[1] 0.4


addPeak2GeneLinks Input-Parameters$addEmpiricalPval: length = 1
[1] FALSE


addPeak2GeneLinks Input-Parameters$seed: length = 1
[1] 1


addPeak2GeneLinks Input-Parameters$threads: length = 1
[1] 16


addPeak2GeneLinks Input-Parameters$verbose: length = 1
[1] TRUE


addPeak2GeneLinks Input-Parameters$logFile: length = 1
[1] "ArchRLogs/ArchR-addPeak2GeneLinks-1d7ae65ac0b9fd-Date-2024-05-31_Time-14-48-29.075727.log"


2024-05-31 14:48:31.26689 : Getting Available Matrices, 0.036 mins elapsed.
2024-05-31 14:48:45.034968 : Filtered Low Prediction Score Cells (0 of 55479, 0), 0.105 mins elapsed.

2024-05-31 14:48:45.056623 : peakSet, Class = GRanges
GRanges object with 303482 ranges and 3 metadata columns:
           seqnames              ranges strand |       idx        GC         N
              <Rle>           <IRanges>  <Rle> | <integer> <numeric> <numeric>
       [1]     chr1         10010-10512      * |         1    0.5447         0
       [2]     chr1       115495-115916      * |         2    0.4028         0
       [3]     chr1       180477-181904      * |         3    0.6471         0
       [4]     chr1       191243-191960      * |         4    0.5850         0
       [5]     chr1       267886-268118      * |         5    0.5236         0
       ...      ...                 ...    ... .       ...       ...       ...
  [303478]     chrX 156008487-156008683      * |      9095    0.5736         0
  [303479]     chrX 156008873-156009316      * |      9096    0.4369         0
  [303480]     chrX 156019835-156020122      * |      9097    0.6319         0
  [303481]     chrX 156029840-156030373      * |      9098    0.5693         0
  [303482]     chrX 156030498-156030725      * |      9099    0.5044         0
  -------
  seqinfo: 23 sequences from an unspecified genome; no seqlengths


2024-05-31 14:48:50.901916 : geneStart, Class = GRanges
GRanges object with 60591 ranges and 2 metadata columns:
          seqnames    ranges strand |            name     idx
             <Rle> <IRanges>  <Rle> |         <array> <array>
      [1]     chr1     12009      * |         DDX11L1       1
      [2]     chr1     17435      * |       MIR6859-1       2
      [3]     chr1     29553      * |     MIR1302-2HG       3
      [4]     chr1     29569      * |          WASH7P       4
      [5]     chr1     30365      * |       MIR1302-2       5
      ...      ...       ...    ... .             ...     ...
  [60587]     chrX 155986248      * |         TRPC6P1    2413
  [60588]     chrX 155997695      * |            IL9R    2414
  [60589]     chrX 156004217      * | ENSG00000270726    2415
  [60590]     chrX 156016836      * |          WASIR1    2416
  [60591]     chrX 156020960      * |          WASH6P    2417
  -------
  seqinfo: 23 sequences from an unspecified genome; no seqlengths

2024-05-31 14:48:51.092252 : Computing KNN, 0.206 mins elapsed.
2024-05-31 14:48:51.556194 : Identifying Non-Overlapping KNN pairs, 0.214 mins elapsed.
2024-05-31 14:48:54.013576 : Identified 500 Groupings!, 0.255 mins elapsed.
2024-05-31 14:48:54.397823 : Getting Group RNA Matrix, 0.261 mins elapsed.

2024-05-31 14:49:43.841932 : groupMatRNA, Class = matrix
 
2024-05-31 14:49:43.841932 : groupMatRNA, Class = array
   [,1] [,2] [,3] [,4]     [,5]
f1    0    0    0    0 0.000000
f2    0    0    0    0 0.000000
f3    0    0    0    0 0.000000
f4    0    0    0    0 3.938558
f5    0    0    0    0 0.000000

groupMatRNA: nRows = 60591, nCols = 500

2024-05-31 14:49:44.173728 : Getting Group ATAC Matrix, 1.091 mins elapsed.

2024-05-31 14:51:10.98827 : groupMatATAC, Class = matrix
 
2024-05-31 14:51:10.98827 : groupMatATAC, Class = array
   [,1] [,2] [,3] [,4] [,5]
f1    0    4    0    6    0
f2    0    0    0    0    2
f3    0    8    2    2    8
f4    0    0    0    4    2
f5    0    0    0    0    3

groupMatATAC: nRows = 303482, nCols = 500

2024-05-31 14:51:11.091287 : Normalizing Group Matrices, 2.539 mins elapsed.

2024-05-31 14:51:18.970198 : seRNA, Class = RangedSummarizedExperiment
class: RangedSummarizedExperiment 
dim: 60591 500 
metadata(1): KNNList
assays(2): RNA RawRNA
rownames(60591): f1 f2 ... f60590 f60591
rowData names(2): name idx
colnames: NULL
colData names(0):


2024-05-31 14:51:19.107593 : seATAC, Class = RangedSummarizedExperiment
class: RangedSummarizedExperiment 
dim: 303482 500 
metadata(1): KNNList
assays(2): ATAC RawATAC
rownames(303482): f1 f2 ... f303481 f303482
rowData names(3): idx GC N
colnames: NULL
colData names(0):

2024-05-31 14:51:22.818746 : Finding Peak Gene Pairings, 2.735 mins elapsed.
2024-05-31 14:51:28.102669 : Computing Correlations, 2.823 mins elapsed.
2024-05-31 14:52:38.587669 : Completed Peak2Gene Correlations!, 3.993 mins elapsed.

------- Completed

End Time : 2024-05-31 14:52:39.412228
Elapsed Time Minutes = 4.16840670108795
Elapsed Time Hours = 0.0694735559489992

-------



