
           ___      .______        ______  __    __  .______      
          /   \     |   _  \      /      ||  |  |  | |   _  \     
         /  ^  \    |  |_)  |    |  ,----'|  |__|  | |  |_)  |    
        /  /_\  \   |      /     |  |     |   __   | |      /     
       /  _____  \  |  |\  \\___ |  `----.|  |  |  | |  |\  \\___.
      /__/     \__\ | _| `._____| \______||__|  |__| | _| `._____|
    
Logging With ArchR!

Start Time : 2024-05-28 19:08:58.851654

------- ArchR Info

ArchRThreads = 16
ArchRGenome = Hg38

------- System Info

Computer OS = unix
Total Cores = 192

------- Session Info

R version 4.3.3 (2024-02-29)
Platform: x86_64-conda-linux-gnu (64-bit)
Running under: Red Hat Enterprise Linux 8.9 (Ootpa)

Matrix products: default
BLAS/LAPACK: /maps/projects/ralab/people/lpm537/software/anaconda3/envs/Notebook_E2G_240505/lib/libopenblasp-r0.3.27.so;  LAPACK version 3.12.0

Random number generation:
 RNG:     L'Ecuyer-CMRG 
 Normal:  Inversion 
 Sample:  Rejection 
 
locale:
 [1] LC_CTYPE=en_US.UTF-8       LC_NUMERIC=C              
 [3] LC_TIME=en_US.UTF-8        LC_COLLATE=en_US.UTF-8    
 [5] LC_MONETARY=en_US.UTF-8    LC_MESSAGES=en_US.UTF-8   
 [7] LC_PAPER=en_US.UTF-8       LC_NAME=C                 
 [9] LC_ADDRESS=C               LC_TELEPHONE=C            
[11] LC_MEASUREMENT=en_US.UTF-8 LC_IDENTIFICATION=C       

time zone: Europe/Copenhagen
tzcode source: system (glibc)

attached base packages:
 [1] parallel  stats4    grid      stats     graphics  grDevices utils    
 [8] datasets  methods   base     

other attached packages:
 [1] BSgenome.Hsapiens.UCSC.hg38_1.4.5 BSgenome_1.68.0                  
 [3] rtracklayer_1.60.1                Biostrings_2.70.1                
 [5] XVector_0.42.0                    genomation_1.34.0                
 [7] Signac_1.13.0                     Seurat_5.0.3                     
 [9] SeuratObject_5.0.1                sp_2.1-4                         
[11] rhdf5_2.44.0                      SummarizedExperiment_1.30.2      
[13] Biobase_2.60.0                    MatrixGenerics_1.12.3            
[15] Rcpp_1.0.12                       Matrix_1.6-5                     
[17] GenomicRanges_1.54.1              GenomeInfoDb_1.38.1              
[19] IRanges_2.36.0                    S4Vectors_0.40.2                 
[21] BiocGenerics_0.48.1               matrixStats_1.3.0                
[23] data.table_1.15.2                 stringr_1.5.1                    
[25] plyr_1.8.9                        magrittr_2.0.3                   
[27] ggplot2_3.5.1                     gtable_0.3.5                     
[29] gtools_3.9.5                      gridExtra_2.3                    
[31] ArchR_1.0.2                      

loaded via a namespace (and not attached):
  [1] RcppAnnoy_0.0.22         splines_4.3.3            later_1.3.2             
  [4] pbdZMQ_0.3-11            BiocIO_1.10.0            bitops_1.0-7            
  [7] tibble_3.2.1             polyclip_1.10-6          XML_3.99-0.16.1         
 [10] fastDummies_1.7.3        lifecycle_1.0.4          globals_0.16.3          
 [13] lattice_0.22-6           MASS_7.3-60              plotly_4.10.4           
 [16] plotrix_3.8-4            yaml_2.3.8               httpuv_1.6.15           
 [19] sctransform_0.4.1        spam_2.10-0              spatstat.sparse_3.0-3   
 [22] reticulate_1.36.1        cowplot_1.1.3            pbapply_1.7-2           
 [25] RColorBrewer_1.1-3       abind_1.4-5              zlibbioc_1.48.0         
 [28] Rtsne_0.17               purrr_1.0.2              RCurl_1.98-1.14         
 [31] GenomeInfoDbData_1.2.11  ggrepel_0.9.5            irlba_2.3.5.1           
 [34] listenv_0.9.1            spatstat.utils_3.0-4     goftest_1.2-3           
 [37] RSpectra_0.16-1          spatstat.random_3.2-3    fitdistrplus_1.1-11     
 [40] parallelly_1.37.1        leiden_0.4.3.1           codetools_0.2-20        
 [43] DelayedArray_0.26.7      RcppRoll_0.3.0           tidyselect_1.2.1        
 [46] base64enc_0.1-3          spatstat.explore_3.2-6   GenomicAlignments_1.36.0
 [49] jsonlite_1.8.8           progressr_0.14.0         ggridges_0.5.6          
 [52] survival_3.6-4           tools_4.3.3              ica_1.0-3               
 [55] glue_1.7.0               IRdisplay_1.1            dplyr_1.1.4             
 [58] withr_3.0.0              fastmap_1.1.1            rhdf5filters_1.12.1     
 [61] fansi_1.0.6              digest_0.6.35            R6_2.5.1                
 [64] mime_0.12                seqPattern_1.34.0        colorspace_2.1-0        
 [67] scattermore_1.2          tensor_1.5               spatstat.data_3.0-4     
 [70] utf8_1.2.4               tidyr_1.3.1              generics_0.1.3          
 [73] httr_1.4.7               htmlwidgets_1.6.4        S4Arrays_1.2.1          
 [76] uwot_0.1.16              pkgconfig_2.0.3          impute_1.76.0           
 [79] lmtest_0.9-40            htmltools_0.5.8.1        dotCall64_1.1-1         
 [82] scales_1.3.0             png_0.1-8                tzdb_0.4.0              
 [85] reshape2_1.4.4           rjson_0.2.21             uuid_1.2-0              
 [88] nlme_3.1-164             repr_1.1.7               zoo_1.8-12              
 [91] KernSmooth_2.23-22       miniUI_0.1.1.1           restfulr_0.0.15         
 [94] pillar_1.9.0             vctrs_0.6.5              RANN_2.6.1              
 [97] promises_1.3.0           xtable_1.8-4             cluster_2.1.6           
[100] evaluate_0.23            readr_2.1.5              cli_3.6.2               
[103] compiler_4.3.3           Rsamtools_2.18.0         rlang_1.1.3             
[106] crayon_1.5.2             future.apply_1.11.2      stringi_1.8.3           
[109] gridBase_0.4-7           viridisLite_0.4.2        deldir_2.0-4            
[112] BiocParallel_1.36.0      munsell_0.5.1            lazyeval_0.2.2          
[115] spatstat.geom_3.2-9      IRkernel_1.3.2           RcppHNSW_0.6.0          
[118] hms_1.1.3                patchwork_1.2.0          future_1.33.2           
[121] Rhdf5lib_1.22.1          shiny_1.8.1.1            ROCR_1.0-11             
[124] igraph_2.0.3             fastmatch_1.1-4         


------- Log Info


2024-05-28 19:08:59.12117 : createArrowFiles Input-Parameters, Class = list

createArrowFiles Input-Parameters$inputFiles: length = 13
[1] "/maps/projects/ralab_nnfc-AUDIT/people/lpm537/project/E2G/processed/10x_multiome_240430/neurips2021_BMMC/cellranger_res/site1_donor1/outs/atac_fragments.tsv.gz"
[2] "/maps/projects/ralab_nnfc-AUDIT/people/lpm537/project/E2G/processed/10x_multiome_240430/neurips2021_BMMC/cellranger_res/site1_donor2/outs/atac_fragments.tsv.gz"
[3] "/maps/projects/ralab_nnfc-AUDIT/people/lpm537/project/E2G/processed/10x_multiome_240430/neurips2021_BMMC/cellranger_res/site1_donor3/outs/atac_fragments.tsv.gz"
[4] "/maps/projects/ralab_nnfc-AUDIT/people/lpm537/project/E2G/processed/10x_multiome_240430/neurips2021_BMMC/cellranger_res/site2_donor1/outs/atac_fragments.tsv.gz"
[5] "/maps/projects/ralab_nnfc-AUDIT/people/lpm537/project/E2G/processed/10x_multiome_240430/neurips2021_BMMC/cellranger_res/site2_donor4/outs/atac_fragments.tsv.gz"
[6] "/maps/projects/ralab_nnfc-AUDIT/people/lpm537/project/E2G/processed/10x_multiome_240430/neurips2021_BMMC/cellranger_res/site2_donor5/outs/atac_fragments.tsv.gz"


createArrowFiles Input-Parameters$sampleNames: length = 13
[1] "s1d1" "s1d2" "s1d3" "s2d1" "s2d4" "s2d5"


createArrowFiles Input-Parameters$outputNames: length = 13
[1] "s1d1" "s1d2" "s1d3" "s2d1" "s2d4" "s2d5"


createArrowFiles Input-Parameters$minTSS: length = 1
[1] 4


createArrowFiles Input-Parameters$minFrags: length = 1
[1] 1000


createArrowFiles Input-Parameters$maxFrags: length = 1
[1] 1e+05


createArrowFiles Input-Parameters$minFragSize: length = 1
[1] 10


createArrowFiles Input-Parameters$maxFragSize: length = 1
[1] 2000


createArrowFiles Input-Parameters$QCDir: length = 1
[1] "QualityControl"


createArrowFiles Input-Parameters$nucLength: length = 1
[1] 147


createArrowFiles Input-Parameters$promoterRegion: length = 2
[1] 2000  100


createArrowFiles Input-Parameters$excludeChr: length = 2
[1] "chrM" "chrY"


createArrowFiles Input-Parameters$nChunk: length = 1
[1] 5


createArrowFiles Input-Parameters$bcTag: length = 1
[1] "qname"


createArrowFiles Input-Parameters$gsubExpression: length = 0
NULL


createArrowFiles Input-Parameters$bamFlag: length = 0
NULL


createArrowFiles Input-Parameters$offsetPlus: length = 1
[1] 4


createArrowFiles Input-Parameters$offsetMinus: length = 1
[1] -5


createArrowFiles Input-Parameters$addTileMat: length = 1
[1] TRUE


createArrowFiles Input-Parameters$addGeneScoreMat: length = 1
[1] FALSE


createArrowFiles Input-Parameters$force: length = 1
[1] TRUE


createArrowFiles Input-Parameters$threads: length = 1
[1] 16


createArrowFiles Input-Parameters$parallelParam: length = 0
NULL


createArrowFiles Input-Parameters$subThreading: length = 1
[1] TRUE


createArrowFiles Input-Parameters$verbose: length = 1
[1] TRUE


createArrowFiles Input-Parameters$cleanTmp: length = 1
[1] TRUE


createArrowFiles Input-Parameters$logFile: length = 1
[1] "ArchRLogs/ArchR-createArrows-1d72a25f49da12-Date-2024-05-28_Time-19-08-58.836537.log"


createArrowFiles Input-Parameters$filterFrags: length = 1
[1] 1000


createArrowFiles Input-Parameters$filterTSS: length = 1
[1] 4



2024-05-28 19:08:59.816056 : 
2024-05-28 19:08:59.835554 : Batch Execution w/ safelapply!, 0 mins elapsed.

###########
2024-05-28 19:08:59.985265 : Creating Arrow File s3d10.arrow (s3d10 : 1 of 13)
###########


2024-05-28 19:08:59.996398 : validBC, Class = character

validBC: length = 6781
[1] "GAGGACTAGCTTTGTT-1" "TAGGTTGGTTACCTGT-1" "AGGAGCTAGACAAGTG-1"
[4] "GCGTAACGTCATAGAT-1" "GATCGCTCACTGGCTG-1" "CGATCCTTCGAGGTGG-1"



2024-05-28 19:09:00.104671 : 

###########
2024-05-28 19:09:00.114607 : Creating Arrow File s3d3.arrow (s3d3 : 2 of 13)
###########


2024-05-28 19:09:00.125452 : validBC, Class = character
2024-05-28 19:09:00.133391 : (s3d10 : 1 of 13) Reading In Fragments from inputFiles (readMethod = tabix), 0.005 mins elapsed.

validBC: length = 4325
2024-05-28 19:09:00.161 : (s3d10 : 1 of 13) Tabix Bed To Temporary File, 0.005 mins elapsed.
[1] "AGTCGCATCTCACTAT-1" "ATGTCATCAATCTCTC-1" "ATTGACTCAGGAATCG-1"
[4] "CTAATGTCACAACAGG-1" "CTCACTCAGACCATAC-1" "GAACCAAAGCCGCTTT-1"



2024-05-28 19:09:00.225213 : 

###########
2024-05-28 19:09:00.22987 : Creating Arrow File s3d7.arrow (s3d7 : 3 of 13)
###########


2024-05-28 19:09:00.232305 : validBC, Class = character

validBC: length = 1771
[1] "CCAAACCCACTAGCGT-1" "TTAACTGAGAAACTGG-1" "GGAGCGATCACAGCCA-1"
[4] "TTTGTGAAGCTAATCA-1" "CGCTGTGCAGGCATGA-1" "GAGTCATTCACAGGAA-1"


2024-05-28 19:09:00.247868 : (s3d3 : 2 of 13) Reading In Fragments from inputFiles (readMethod = tabix), 0.007 mins elapsed.
2024-05-28 19:09:00.262942 : (s3d3 : 2 of 13) Tabix Bed To Temporary File, 0.007 mins elapsed.

2024-05-28 19:09:00.299206 : 
2024-05-28 19:09:00.3382 : (s3d7 : 3 of 13) Reading In Fragments from inputFiles (readMethod = tabix), 0.008 mins elapsed.

2024-05-28 19:09:00.354249 : tileChromSizes, Class = GRanges

###########
2024-05-28 19:09:00.35359 : Creating Arrow File s4d1.arrow (s4d1 : 4 of 13)
###########

2024-05-28 19:09:00.364665 : (s3d7 : 3 of 13) Tabix Bed To Temporary File, 0.009 mins elapsed.
GRanges object with 120 ranges and 1 metadata column:

2024-05-28 19:09:00.396591 : validBC, Class = character

        seqnames              ranges strand |     chunkName
           <Rle>           <IRanges>  <Rle> |   <character>
    [1]     chr1          1-49791284      * |   chr1#chunk1
    [2]     chr1   49791285-99582568      * |   chr1#chunk2
    [3]     chr1  99582569-149373853      * |   chr1#chunk3
    [4]     chr1 149373854-199165137      * |   chr1#chunk4
    [5]     chr1 199165138-248956422      * |   chr1#chunk5
    ...      ...                 ...    ... .           ...
  [116]     chrY          1-11445483      * | chrY#chunk116
  [117]     chrY   11445484-22890966      * | chrY#chunk117
  [118]     chrY   22890967-34336449      * | chrY#chunk118
  [119]     chrY   34336450-45781932      * | chrY#chunk119
  [120]     chrY   45781933-57227415      * | chrY#chunk120
  -------
  seqinfo: 24 sequences from an unspecified genome; no seqlengths
validBC: length = 8023

###########
2024-05-28 19:09:00.478227 : Creating Arrow File s1d1.arrow (s1d1 : 5 of 13)
###########



2024-05-28 19:09:00.508506 : tileChromSizes, Class = GRanges

2024-05-28 19:09:00.50874 : validBC, Class = character
[1] "AGCGATTTCATCCTGC-1" "TTGACTAAGGTCAAAG-1" "AGGAACGGTGAGGTGA-1"
[4] "TAGGGTTTCCGTGACA-1" "GGTCTTGAGGCATGTT-1" "CAAGGTAAGGACCTGC-1"

GRanges object with 120 ranges and 1 metadata column:

validBC: length = 6224

[1] "TAGTTGTCACCCTCAC-1" "CTATGGCCATAACGGG-1" "CCGCACACAGGTTAAA-1"
[4] "TCATTTGGTAATGGAA-1" "ACCACATAGGTGTCCA-1" "TGGATTGGTTTGCGAA-1"


        seqnames              ranges strand |     chunkName
           <Rle>           <IRanges>  <Rle> |   <character>
    [1]     chr1          1-49791284      * |   chr1#chunk1
    [2]     chr1   49791285-99582568      * |   chr1#chunk2
    [3]     chr1  99582569-149373853      * |   chr1#chunk3
    [4]     chr1 149373854-199165137      * |   chr1#chunk4
    [5]     chr1 199165138-248956422      * |   chr1#chunk5
    ...      ...                 ...    ... .           ...
  [116]     chrY          1-11445483      * | chrY#chunk116
  [117]     chrY   11445484-22890966      * | chrY#chunk117
  [118]     chrY   22890967-34336449      * | chrY#chunk118
  [119]     chrY   34336450-45781932      * | chrY#chunk119
  [120]     chrY   45781933-57227415      * | chrY#chunk120
  -------
  seqinfo: 24 sequences from an unspecified genome; no seqlengths


###########
2024-05-28 19:09:00.584332 : Creating Arrow File s4d8.arrow (s4d8 : 6 of 13)
###########


2024-05-28 19:09:00.591166 : tileChromSizes, Class = GRanges

2024-05-28 19:09:00.604087 : validBC, Class = character

2024-05-28 19:09:00.612267 : 
GRanges object with 120 ranges and 1 metadata column:


2024-05-28 19:09:00.62693 : 
validBC: length = 9876
[1] "TTCGCAACAATAATGG-1" "TATCCAGCAATTGAGA-1" "ACTCGCGCAAACTGTT-1"
[4] "GACTATTCATGTCGCG-1" "CTAATGTCATTGTTGG-1" "TGACCAAGTAGACAAA-1"


2024-05-28 19:09:00.646572 : (s4d1 : 4 of 13) Reading In Fragments from inputFiles (readMethod = tabix), 0.013 mins elapsed.
2024-05-28 19:09:00.652596 : (s1d1 : 5 of 13) Reading In Fragments from inputFiles (readMethod = tabix), 0.014 mins elapsed.
        seqnames              ranges strand |     chunkName
           <Rle>           <IRanges>  <Rle> |   <character>
    [1]     chr1          1-49791284      * |   chr1#chunk1
    [2]     chr1   49791285-99582568      * |   chr1#chunk2
    [3]     chr1  99582569-149373853      * |   chr1#chunk3
    [4]     chr1 149373854-199165137      * |   chr1#chunk4
    [5]     chr1 199165138-248956422      * |   chr1#chunk5
    ...      ...                 ...    ... .           ...
  [116]     chrY          1-11445483      * | chrY#chunk116
  [117]     chrY   11445484-22890966      * | chrY#chunk117
  [118]     chrY   22890967-34336449      * | chrY#chunk118
  [119]     chrY   34336450-45781932      * | chrY#chunk119
  [120]     chrY   45781933-57227415      * | chrY#chunk120
  -------
  seqinfo: 24 sequences from an unspecified genome; no seqlengths


###########
2024-05-28 19:09:00.671645 : Creating Arrow File s2d4.arrow (s2d4 : 7 of 13)
###########

2024-05-28 19:09:00.671452 : (s1d1 : 5 of 13) Tabix Bed To Temporary File, 0.014 mins elapsed.
2024-05-28 19:09:00.67146 : (s4d1 : 4 of 13) Tabix Bed To Temporary File, 0.014 mins elapsed.

2024-05-28 19:09:00.687134 : validBC, Class = character

validBC: length = 6111
[1] "TAATGGTGTTAGCGTA-1" "TCTAACTTCGTTTCGC-1" "GGCGCTAGTTTAGCTC-1"
[4] "AAAGCACCACTAAGCC-1" "GCCTTAACAAACCTAT-1" "TCTCACCAGGCGCTTA-1"



2024-05-28 19:09:00.708593 : 
2024-05-28 19:09:00.734347 : (s4d8 : 6 of 13) Reading In Fragments from inputFiles (readMethod = tabix), 0.015 mins elapsed.
2024-05-28 19:09:00.753171 : (s4d8 : 6 of 13) Tabix Bed To Temporary File, 0.015 mins elapsed.

###########
2024-05-28 19:09:00.759747 : Creating Arrow File s2d1.arrow (s2d1 : 8 of 13)
###########


2024-05-28 19:09:00.766752 : 

2024-05-28 19:09:00.771708 : validBC, Class = character

validBC: length = 4220
2024-05-28 19:09:00.805249 : (s2d4 : 7 of 13) Reading In Fragments from inputFiles (readMethod = tabix), 0.016 mins elapsed.
[1] "ACGTTACAGGCATTAC-1" "GGTGATTTCGCTAGAT-1" "ACAGGATCACTAAGAA-1"
[4] "CGCTACTTCATCCACC-1" "CTTTGGTGTGCTAGAC-1" "ATACCGGTCATGTGGT-1"


2024-05-28 19:09:00.878458 : tileChromSizes, Class = GRanges


###########
2024-05-28 19:09:00.878615 : Creating Arrow File s2d5.arrow (s2d5 : 9 of 13)
###########

2024-05-28 19:09:00.867085 : (s2d4 : 7 of 13) Tabix Bed To Temporary File, 0.017 mins elapsed.

2024-05-28 19:09:00.914553 : tileChromSizes, Class = GRanges
GRanges object with 120 ranges and 1 metadata column:

2024-05-28 19:09:00.943743 : validBC, Class = character

        seqnames              ranges strandGRanges object with 120 ranges and 1 metadata column
###########
2024-05-28 19:09:00.957548 : Creating Arrow File s1d2.arrow (s1d2 : 10 of 13)
###########

:
 |     chunkName
           <Rle>           <IRanges>  <Rle> |   <character>       
    [1]     chr1          1-49791284 seqnames      *
2024-05-28 19:09:01.010804 : 
 |              ranges   chr1#chunk1 strand |validBC: length = 4895

    [2]     chr1   49791285-99582568      *     chunkName
2024-05-28 19:09:01.038661 : validBC, Class = character
 |
          chr1#chunk2    <Rle>
    [3]           <IRanges>     chr1  99582569-149373853      *  <Rle> |
2024-05-28 19:09:01.047248 : tileChromSizes, Class = GRanges
 |   chr1#chunk3   <character>
    [4]     chr1 149373854-199165137
    [1]     chr1          1-49791284      * |   chr1#chunk4[1]
GRanges object with 120 ranges and 1 metadata column
    [5]
###########
2024-05-28 19:09:01.062389 : Creating Arrow File s1d3.arrow (s1d3 : 11 of 13)
###########

:
     chr1 "GCTTGACCATCTAGCA-1"      * "GATTCAATCTAATCTC-1" "TAAGGACCAAAGCGCA-1"
2024-05-28 19:09:01.057083 : (s2d1 : 8 of 13) Reading In Fragments from inputFiles (readMethod = tabix), 0.02 mins elapsed.
 199165138-248956422      * |   chr1#chunk5 |   chr1#chunk1[4]validBC: length = 6740

    [2] "AGCGTGCTCATTGCAA-1"     chr1 "AGTGAACCAGGCTTGT-1"
    ... "GGTCAAGCAGCCAGAA-1"        seqnames              ranges   49791285-99582568 strand |     chunkName      *      ...2024-05-28 19:09:01.133338 : (s2d1 : 8 of 13) Tabix Bed To Temporary File, 0.022 mins elapsed.
 |                 ...    ...

2024-05-28 19:09:01.1466 : validBC, Class = character
[1]
        "CTACCGGCAGTTGCGT-1"    <Rle>   chr1#chunk2           <IRanges>  <Rle>
    [3] | .     chr1   <character> "GATGCAGCAGCAACAG-1"
    [1]     chr1 "TGAGTGAAGAGGAAGG-1"
###########
2024-05-28 19:09:01.186988 : Creating Arrow File s4d9.arrow (s4d9 : 12 of 13)
###########

          1-49791284
      *[4]           ... | "CCGCTAAAGGACCGCT-1"
  [116]   chr1#chunk1 "CTAACCACAGTTTGGC-1"     chrY
    [2]          1-11445483 "CGAAGAATCGATTCTT-1"     chr1   49791285-99582568      *  99582569-149373853 |      * | chrY#chunk116

  [117]     chrY      * |   chr1#chunk2   chr1#chunk3
    [3]
     chr1
    [4]  99582569-149373853      *     chr1 149373854-199165137      *   11445484-22890966 |      *   chr1#chunk4 | chrY#chunk117
    [5]     chr1

 |   chr1#chunk3
2024-05-28 19:09:01.215651 : tileChromSizes, Class = GRanges

    [4]
2024-05-28 19:09:01.230603 : validBC, Class = character
     chr1
  [118] 149373854-199165137     chrY
   22890967-34336449      * | 199165138-248956422 chrY#chunk118      *
  [119] |   chr1#chunk5      * |   chr1#chunk4     chrY   34336450-45781932      *
    ...      ...
###########
2024-05-28 19:09:01.2552 : Creating Arrow File s3d6.arrow (s3d6 : 13 of 13)
###########

                 ...validBC: length = 4279
    ...
 .           ...
  [116]     chrY          1-11445483
    [5]      *     chr1 | 199165138-248956422
 chrY#chunk116 |
  [117] chrY#chunk119     chrYGRanges object with 120 ranges and 1 metadata column[1]   11445484-22890966:
      *      * | "TCACCTGGTTAGGTTG-1" |   chr1#chunk5 "CGTTAACAGGTGTCCA-1"
    ... "ATTCGTTTCAGTATTG-1" chrY#chunk117      ...
                 ...[4]
  [118]    ... "GGACCGAAGTGAGGTA-1" .     chrY           ... "ATGAAGCCAGGGAGCT-1"
  [116]   22890967-34336449     chrY "AGTGCGGAGTAAGGGC-1"
          1-11445483      *      * | |
  [120] chrY#chunk116     chrY
  [117] chrY#chunk118   45781933-57227415     chrY      *   11445484-22890966
  [119] |      * chrY#chunk120     chrY |
   34336450-45781932 chrY#chunk117      *
2024-05-28 19:09:01.2641 : validBC, Class = character

  [118]validBC: length = 4325
     chrY  -------
 | chrY#chunk119
  [120]   22890967-34336449     chrY      * |   45781933-57227415 chrY#chunk118      *
  [119] |     chrY   34336450-45781932 chrY#chunk120      *
 | chrY#chunk119
  [120]     chrY   45781933-57227415      * | chrY#chunk120
  -------
  -------
  seqinfo: 24 sequences from an unspecified genome; no seqlengths
  seqinfo: 

24 sequences from an unspecified genome; no seqlengths
  seqinfo: [1]24 sequences from an unspecified genome; no seqlengths "TGTCCTTCAGGCTAGA-1"
 "AATACCGGTAAGGTCC-1" "TGTAAAGCACTTGTTC-1"
[4] "CAGTATGGTTCGCTCA-1" "GCAGGAAGTCACACCC-1" "GCCTTTGGTGAAACAA-1"


validBC: length = 1679




[1] "GTACAATGTTCCATTA-1" "TGTGGCGGTGTTGCAA-1" "GCGGTTATCGACCTGA-1"
[4] "CCTGTAACAGGCTTCG-1" "GCCTTAGAGTAACTCA-1" "GCCTCGACAATAGCAA-1"

2024-05-28 19:09:01.290003 : 

        seqnames              ranges strand |     chunkName
           <Rle>           <IRanges>  <Rle> |   <character>
    [1]     chr1          1-49791284      * |   chr1#chunk1
    [2]     chr1   49791285-99582568      * |   chr1#chunk2
    [3]     chr1  99582569-149373853      * |   chr1#chunk3
    [4]     chr1 149373854-199165137      * |   chr1#chunk4
    [5]     chr1 199165138-248956422      * |   chr1#chunk5
    ...      ...                 ...    ... .           ...
  [116]     chrY          1-11445483      * | chrY#chunk116
  [117]     chrY   11445484-22890966      * | chrY#chunk117
  [118]     chrY   22890967-34336449      * | chrY#chunk118
  [119]     chrY   34336450-45781932      * | chrY#chunk119
  [120]     chrY   45781933-57227415      * | chrY#chunk120
  -------
  seqinfo: 24 sequences from an unspecified genome; no seqlengths


2024-05-28 19:09:01.315914 : (s2d5 : 9 of 13) Reading In Fragments from inputFiles (readMethod = tabix), 0.025 mins elapsed.

2024-05-28 19:09:01.329501 : 

2024-05-28 19:09:01.339351 : 

2024-05-28 19:09:01.341459 : 
2024-05-28 19:09:01.341545 : (s2d5 : 9 of 13) Tabix Bed To Temporary File, 0.025 mins elapsed.
2024-05-28 19:09:01.352807 : (s1d2 : 10 of 13) Reading In Fragments from inputFiles (readMethod = tabix), 0.025 mins elapsed.
2024-05-28 19:09:01.359427 : (s4d9 : 12 of 13) Reading In Fragments from inputFiles (readMethod = tabix), 0.025 mins elapsed.

2024-05-28 19:09:01.368087 : tileChromSizes, Class = GRanges
2024-05-28 19:09:01.367446 : (s1d3 : 11 of 13) Reading In Fragments from inputFiles (readMethod = tabix), 0.025 mins elapsed.

2024-05-28 19:09:01.374439 : 
GRanges object with 120 ranges and 1 metadata column:
2024-05-28 19:09:01.374523 : (s1d2 : 10 of 13) Tabix Bed To Temporary File, 0.026 mins elapsed.
2024-05-28 19:09:01.382109 : (s4d9 : 12 of 13) Tabix Bed To Temporary File, 0.026 mins elapsed.
2024-05-28 19:09:01.389164 : (s1d3 : 11 of 13) Tabix Bed To Temporary File, 0.026 mins elapsed.
2024-05-28 19:09:01.397378 : (s3d6 : 13 of 13) Reading In Fragments from inputFiles (readMethod = tabix), 0.026 mins elapsed.
        seqnames              ranges strand |     chunkName
           <Rle>           <IRanges>  <Rle> |   <character>
    [1]     chr1          1-49791284      * |   chr1#chunk1
    [2]     chr1   49791285-99582568      * |   chr1#chunk2
    [3]     chr1  99582569-149373853      * |   chr1#chunk3
    [4]     chr1 149373854-199165137      * |   chr1#chunk4
    [5]     chr1 199165138-248956422      * |   chr1#chunk5
    ...      ...                 ...    ... .           ...
  [116]     chrY          1-11445483      * | chrY#chunk116
  [117]     chrY   11445484-22890966      * | chrY#chunk117
  [118]     chrY   22890967-34336449      * | chrY#chunk118
  [119]     chrY   34336450-45781932      * | chrY#chunk119
  [120]     chrY   45781933-57227415      * | chrY#chunk120
  -------
  seqinfo: 24 sequences from an unspecified genome; no seqlengths

2024-05-28 19:09:01.415691 : (s3d6 : 13 of 13) Tabix Bed To Temporary File, 0.026 mins elapsed.

2024-05-28 19:09:01.534177 : tileChromSizes, Class = GRanges
GRanges object with 120 ranges and 1 metadata column:
        seqnames              ranges strand |     chunkName
           <Rle>           <IRanges>  <Rle> |   <character>
    [1]     chr1          1-49791284      * |   chr1#chunk1
    [2]     chr1   49791285-99582568      * |   chr1#chunk2
    [3]     chr1  99582569-149373853      * |   chr1#chunk3
    [4]     chr1 149373854-199165137      * |   chr1#chunk4
    [5]     chr1 199165138-248956422      * |   chr1#chunk5
    ...      ...                 ...    ... .           ...
2024-05-28 19:09:01.76142 : tileChromSizes, Class = GRanges

  [116]
2024-05-28 19:09:01.78456 : tileChromSizes, Class = GRanges
     chrY          1-11445483
2024-05-28 19:09:01.775195 : tileChromSizes, Class = GRanges
      * | chrY#chunk116
  [117]     chrY
2024-05-28 19:09:01.797653 : tileChromSizes, Class = GRanges
   11445484-22890966      * | chrY#chunk117
  [118]     chrY   22890967-34336449      * | chrY#chunk118
  [119]     chrY   34336450-45781932      * | chrY#chunk119
  [120]     chrY   45781933-57227415      * | chrY#chunk120
  -------
  seqinfo: 24 sequences from an unspecified genome; no seqlengths

GRanges object with 120 ranges and 1 metadata columnGRanges object with 120 ranges and 1 metadata columnGRanges object with 120 ranges and 1 metadata column:
:
:
GRanges object with 120 ranges and 1 metadata column:
        seqnames              ranges strand |     chunkName
           <Rle>           <IRanges>  <Rle> |   <character>
    [1]     chr1          1-49791284      * |   chr1#chunk1
    [2]     chr1   49791285-99582568      * |   chr1#chunk2
    [3]     chr1  99582569-149373853      * |   chr1#chunk3
    [4]     chr1 149373854-199165137      * |   chr1#chunk4
    [5]     chr1 199165138-248956422      * |   chr1#chunk5
    ...      ...                 ...    ... .           ...
  [116]     chrY          1-11445483      * | chrY#chunk116
  [117]     chrY   11445484-22890966      * | chrY#chunk117
  [118]     chrY   22890967-34336449      * | chrY#chunk118
  [119]     chrY   34336450-45781932      * | chrY#chunk119
  [120]     chrY   45781933-57227415      * | chrY#chunk120
  -------
  seqinfo: 24 sequences from an unspecified genome; no seqlengths
        seqnames              ranges strand |            chunkName
        seqnames                     ranges strand seqnames |              ranges    <Rle>     chunkName           <IRanges>
         <Rle> strand    <Rle> | |           <IRanges>   <character>     chunkName
    [1]  <Rle>
            chr1 |          1-49791284    <Rle>   <character>      *           <IRanges>
    [1] |  <Rle>     chr1   chr1#chunk1          1-49791284
    [2]      *     chr1 | |   49791285-99582568   <character>   chr1#chunk1
    [1]      *
    [2] |     chr1   chr1#chunk2     chr1
    [3]   49791285-99582568          1-49791284     chr1      *      *  99582569-149373853 | |   chr1#chunk1   chr1#chunk2
    [2]
    [3]     chr1      *   49791285-99582568     chr1 |  99582569-149373853   chr1#chunk3      *
    [4]      * |     chr1 |   chr1#chunk2 149373854-199165137   chr1#chunk3
    [3]      *
    [4]     chr1 |     chr1   chr1#chunk4  99582569-149373853
    [5] 149373854-199165137      *      *     chr1 | 199165138-248956422 |      *   chr1#chunk4   chr1#chunk3
    [5] |
    [4]   chr1#chunk5     chr1
    ...     chr1 199165138-248956422 149373854-199165137      ...      *      *                 ... | |    ...   chr1#chunk4   chr1#chunk5 .
    [5]
    ...           ...      ...     chr1
  [116]                 ... 199165138-248956422    ...     chrY      * .          1-11445483           ...      * |
  [116]   chr1#chunk5     chrY
    ... |          1-11445483      ... chrY#chunk116      *                 ... |
  [117] chrY#chunk116     chrY    ...   11445484-22890966
  [117] .      *     chrY           ... |   11445484-22890966 chrY#chunk117
  [116]
  [118]     chrY      *     chrY          1-11445483   22890967-34336449 |      *      * chrY#chunk117 |
  [118] chrY#chunk116 |
  [117]     chrY chrY#chunk118   22890967-34336449     chrY
  [119]     chrY   34336450-45781932      *      * |
 | chrY#chunk119 chrY#chunk118   11445484-22890966
  [120]      *     chrY | chrY#chunk117
  [118]
  [119]     chrY     chrY   22890967-34336449   45781933-57227415   34336450-45781932      *      *      * | | chrY#chunk120 chrY#chunk118
 |
  [119] chrY#chunk119     chrY
  [120]   34336450-45781932     chrY      *   45781933-57227415 |      *  -------
 | chrY#chunk119 chrY#chunk120
  [120]
     chrY   45781933-57227415      * | chrY#chunk120
  -------
  -------
  seqinfo: 24 sequences from an unspecified genome; no seqlengths
  seqinfo: 24 sequences from an unspecified genome; no seqlengths
  seqinfo: 24 sequences from an unspecified genome; no seqlengths




2024-05-28 19:09:11.295692 : (s3d6 : 13 of 13) .tabixToTmp Fragments-Chunk-(1 of 120)-chr1:1-49791284, Class = data.table
 
2024-05-28 19:09:11.295692 : (s3d6 : 13 of 13) .tabixToTmp Fragments-Chunk-(1 of 120)-chr1:1-49791284, Class = data.frame
(s3d6 : 13 of 13) .tabixToTmp Fragments-Chunk-(1 of 120)-chr1:1-49791284: nRows = 2698042, nCols = 3
      V2    V3                 V4
   <num> <int>             <char>
1: 10067 10198 AGCTACTAGAGGAGGA-1
2: 10080 10502 CGTGAGGAGGGACGCA-1
3: 10086 10273 CTGGTTTGTAGGTTTG-1
4: 10090 10192 TCCGGTTTCCCGAAGC-1
5: 10092 10326 AAAGGTTAGCCACATG-1
6: 10096 10186 TAATTGCCACAAAGAC-1



2024-05-28 19:09:11.328383 : (s3d6 : 13 of 13) .tabixToTmp Barcodes-Chunk-(1 of 120)-chr1:1-49791284, Class = character

(s3d6 : 13 of 13) .tabixToTmp Barcodes-Chunk-(1 of 120)-chr1:1-49791284: length = 49687
[1] "AGCTACTAGAGGAGGA-1" "CGTGAGGAGGGACGCA-1" "CTGGTTTGTAGGTTTG-1"
[4] "TCCGGTTTCCCGAAGC-1" "AAAGGTTAGCCACATG-1" "TAATTGCCACAAAGAC-1"



2024-05-28 19:09:12.225919 : (s4d9 : 12 of 13) .tabixToTmp Fragments-Chunk-(1 of 120)-chr1:1-49791284, Class = data.table
 
2024-05-28 19:09:12.225919 : (s4d9 : 12 of 13) .tabixToTmp Fragments-Chunk-(1 of 120)-chr1:1-49791284, Class = data.frame
(s4d9 : 12 of 13) .tabixToTmp Fragments-Chunk-(1 of 120)-chr1:1-49791284: nRows = 3303392, nCols = 3
      V2    V3                 V4
   <num> <int>             <char>
1: 10008 10013 CTTCGCGTCTTTGACT-1
2: 10086 10198 AAGCATGAGCTCCTAC-1
3: 10086 10205 TGAGCACGTTAGCGTA-1
4: 10086 10437 CATAGCTAGCAAGATG-1
5: 10086 10437 TAATCACCAGTAATAG-1
6: 10090 10204 TACAGCTAGTAAACCC-1



2024-05-28 19:09:12.261499 : (s4d9 : 12 of 13) .tabixToTmp Barcodes-Chunk-(1 of 120)-chr1:1-49791284, Class = character

(s4d9 : 12 of 13) .tabixToTmp Barcodes-Chunk-(1 of 120)-chr1:1-49791284: length = 101447
[1] "CTTCGCGTCTTTGACT-1" "AAGCATGAGCTCCTAC-1" "TGAGCACGTTAGCGTA-1"
[4] "CATAGCTAGCAAGATG-1" "TAATCACCAGTAATAG-1" "TACAGCTAGTAAACCC-1"



2024-05-28 19:09:14.559161 : (s1d3 : 11 of 13) .tabixToTmp Fragments-Chunk-(1 of 120)-chr1:1-49791284, Class = data.table
 
2024-05-28 19:09:14.559161 : (s1d3 : 11 of 13) .tabixToTmp Fragments-Chunk-(1 of 120)-chr1:1-49791284, Class = data.frame
(s1d3 : 11 of 13) .tabixToTmp Fragments-Chunk-(1 of 120)-chr1:1-49791284: nRows = 4122391, nCols = 3
      V2    V3                 V4
   <num> <int>             <char>
1: 10068 10198 CGTGCACAGCAAACCT-1
2: 10068 10198 TTAGACTCATCGTTCT-1
3: 10068 10261 ACTTAGTCAAGCCACT-1
4: 10068 10284 ACTCACCTCTGTGCAG-1
5: 10073 10198 TTTACGCGTAACGTGC-1
6: 10074 10192 CGCTTAACAAATACCT-1



2024-05-28 19:09:14.599868 : (s1d3 : 11 of 13) .tabixToTmp Barcodes-Chunk-(1 of 120)-chr1:1-49791284, Class = character

(s1d3 : 11 of 13) .tabixToTmp Barcodes-Chunk-(1 of 120)-chr1:1-49791284: length = 92256
[1] "CGTGCACAGCAAACCT-1" "TTAGACTCATCGTTCT-1" "ACTTAGTCAAGCCACT-1"
[4] "ACTCACCTCTGTGCAG-1" "TTTACGCGTAACGTGC-1" "CGCTTAACAAATACCT-1"



2024-05-28 19:09:15.656207 : (s1d2 : 10 of 13) .tabixToTmp Fragments-Chunk-(1 of 120)-chr1:1-49791284, Class = data.table
 
2024-05-28 19:09:15.656207 : (s1d2 : 10 of 13) .tabixToTmp Fragments-Chunk-(1 of 120)-chr1:1-49791284, Class = data.frame
(s1d2 : 10 of 13) .tabixToTmp Fragments-Chunk-(1 of 120)-chr1:1-49791284: nRows = 4731413, nCols = 3
      V2    V3                 V4
   <num> <int>             <char>
1: 10073 10308 GCCTTTGGTCCGCTGT-1
2: 10073 10346 GCTTACCTCACTCGCT-1
3: 10074 10340 TAGGCTAGTTAATGCG-1
4: 10074 10431 TCAGTGAGTAATCGCA-1
5: 10078 10332 AAGCGAATCTTAATGG-1
6: 10079 10284 TGGACCGGTGCTAGCG-1



2024-05-28 19:09:15.685172 : (s1d2 : 10 of 13) .tabixToTmp Barcodes-Chunk-(1 of 120)-chr1:1-49791284, Class = character

(s1d2 : 10 of 13) .tabixToTmp Barcodes-Chunk-(1 of 120)-chr1:1-49791284: length = 104556
[1] "GCCTTTGGTCCGCTGT-1" "GCTTACCTCACTCGCT-1" "TAGGCTAGTTAATGCG-1"
[4] "TCAGTGAGTAATCGCA-1" "AAGCGAATCTTAATGG-1" "TGGACCGGTGCTAGCG-1"



2024-05-28 19:09:16.006418 : (s2d5 : 9 of 13) .tabixToTmp Fragments-Chunk-(1 of 120)-chr1:1-49791284, Class = data.table
 
2024-05-28 19:09:16.006418 : (s2d5 : 9 of 13) .tabixToTmp Fragments-Chunk-(1 of 120)-chr1:1-49791284, Class = data.frame
(s2d5 : 9 of 13) .tabixToTmp Fragments-Chunk-(1 of 120)-chr1:1-49791284: nRows = 4991137, nCols = 3
      V2    V3                 V4
   <num> <int>             <char>
1: 10067 10192 GTGCTTACATTAGGCC-1
2: 10068 10191 GCAATGAAGCAAGGTA-1
3: 10068 10198 ACGAACAAGAAGGTGC-1
4: 10072 10339 GTTTACCGTCTTGCAT-1
5: 10073 10191 CTTCAATTCCGCCTAT-1
6: 10073 10192 GATTAAGCAACTAACT-1



2024-05-28 19:09:16.026223 : (s2d5 : 9 of 13) .tabixToTmp Barcodes-Chunk-(1 of 120)-chr1:1-49791284, Class = character

(s2d5 : 9 of 13) .tabixToTmp Barcodes-Chunk-(1 of 120)-chr1:1-49791284: length = 111212
[1] "GTGCTTACATTAGGCC-1" "GCAATGAAGCAAGGTA-1" "ACGAACAAGAAGGTGC-1"
[4] "GTTTACCGTCTTGCAT-1" "CTTCAATTCCGCCTAT-1" "GATTAAGCAACTAACT-1"



2024-05-28 19:09:17.407579 : (s2d1 : 8 of 13) .tabixToTmp Fragments-Chunk-(1 of 120)-chr1:1-49791284, Class = data.table
 
2024-05-28 19:09:17.407579 : (s2d1 : 8 of 13) .tabixToTmp Fragments-Chunk-(1 of 120)-chr1:1-49791284, Class = data.frame
(s2d1 : 8 of 13) .tabixToTmp Fragments-Chunk-(1 of 120)-chr1:1-49791284: nRows = 4610298, nCols = 3
      V2    V3                 V4
   <num> <int>             <char>
1: 10068 10198 GCAGGCAAGAGCCGCT-1
2: 10074 10198 TTGTTGCGTTGGCCGA-1
3: 10079 10277 AACCTCCTCAAGCTTA-1
4: 10079 10334 GGTACAAAGTTTGTCT-1
5: 10080 10333 TCTCAAGCATTTGCTC-1
6: 10090 10322 CGATCCTTCGGTTTCC-1



2024-05-28 19:09:17.430732 : (s2d1 : 8 of 13) .tabixToTmp Barcodes-Chunk-(1 of 120)-chr1:1-49791284, Class = character

(s2d1 : 8 of 13) .tabixToTmp Barcodes-Chunk-(1 of 120)-chr1:1-49791284: length = 104667
[1] "GCAGGCAAGAGCCGCT-1" "TTGTTGCGTTGGCCGA-1" "AACCTCCTCAAGCTTA-1"
[4] "GGTACAAAGTTTGTCT-1" "TCTCAAGCATTTGCTC-1" "CGATCCTTCGGTTTCC-1"



2024-05-28 19:09:20.204361 : (s2d4 : 7 of 13) .tabixToTmp Fragments-Chunk-(1 of 120)-chr1:1-49791284, Class = data.table
 
2024-05-28 19:09:20.204361 : (s2d4 : 7 of 13) .tabixToTmp Fragments-Chunk-(1 of 120)-chr1:1-49791284, Class = data.frame
(s2d4 : 7 of 13) .tabixToTmp Fragments-Chunk-(1 of 120)-chr1:1-49791284: nRows = 6127632, nCols = 3
      V2    V3                 V4
   <num> <int>             <char>
1: 10036 10036 ATGGTCTAGTTTAACG-1
2: 10067 10192 GTTGTGAGTGAGACTC-1
3: 10068 10425 TGTTGCACACTAGCGT-1
4: 10073 10204 ACGTTACAGCCACAAT-1
5: 10073 10279 AACCTAATCATCCTCA-1
6: 10074 10285 CGCTCCATCCCGCATT-1



2024-05-28 19:09:20.224977 : (s2d4 : 7 of 13) .tabixToTmp Barcodes-Chunk-(1 of 120)-chr1:1-49791284, Class = character

(s2d4 : 7 of 13) .tabixToTmp Barcodes-Chunk-(1 of 120)-chr1:1-49791284: length = 115785
[1] "ATGGTCTAGTTTAACG-1" "GTTGTGAGTGAGACTC-1" "TGTTGCACACTAGCGT-1"
[4] "ACGTTACAGCCACAAT-1" "AACCTAATCATCCTCA-1" "CGCTCCATCCCGCATT-1"



2024-05-28 19:09:20.879564 : (s1d1 : 5 of 13) .tabixToTmp Fragments-Chunk-(1 of 120)-chr1:1-49791284, Class = data.table
 
2024-05-28 19:09:20.879564 : (s1d1 : 5 of 13) .tabixToTmp Fragments-Chunk-(1 of 120)-chr1:1-49791284, Class = data.frame
(s1d1 : 5 of 13) .tabixToTmp Fragments-Chunk-(1 of 120)-chr1:1-49791284: nRows = 6107619, nCols = 3
      V2    V3                 V4
   <num> <int>             <char>
1: 10068 10198 GTTGGCCAGTCAATTG-1
2: 10072 10210 CTGCTCCCATTATGCG-1
3: 10073 10192 CTGTATTTCACTAATG-1
4: 10074 10198 GTGTGTTAGTAGCTTA-1
5: 10077 10339 CCAAACCCAATCCCTT-1
6: 10079 10279 GTATGTGGTGGATTGC-1



2024-05-28 19:09:20.938071 : (s1d1 : 5 of 13) .tabixToTmp Barcodes-Chunk-(1 of 120)-chr1:1-49791284, Class = character

(s1d1 : 5 of 13) .tabixToTmp Barcodes-Chunk-(1 of 120)-chr1:1-49791284: length = 124902
[1] "GTTGGCCAGTCAATTG-1" "CTGCTCCCATTATGCG-1" "CTGTATTTCACTAATG-1"
[4] "GTGTGTTAGTAGCTTA-1" "CCAAACCCAATCCCTT-1" "GTATGTGGTGGATTGC-1"



2024-05-28 19:09:21.73448 : (s4d8 : 6 of 13) .tabixToTmp Fragments-Chunk-(1 of 120)-chr1:1-49791284, Class = data.table
 
2024-05-28 19:09:21.73448 : (s4d8 : 6 of 13) .tabixToTmp Fragments-Chunk-(1 of 120)-chr1:1-49791284, Class = data.frame
(s4d8 : 6 of 13) .tabixToTmp Fragments-Chunk-(1 of 120)-chr1:1-49791284: nRows = 6693723, nCols = 3
      V2    V3                 V4
   <num> <int>             <char>
1: 10067 10197 TACAATGTCTTAATGG-1
2: 10068 10340 TGGATTCAGGAACACA-1
3: 10074 10333 GGTCAATTCTCGACCT-1
4: 10084 10197 GGCCAACTCGGCTATG-1
5: 10084 10198 CCGTTGCGTGTGCACG-1
6: 10086 10192 CAAAGTGAGCGTGCGT-1



2024-05-28 19:09:22.031974 : (s4d8 : 6 of 13) .tabixToTmp Barcodes-Chunk-(1 of 120)-chr1:1-49791284, Class = character

(s4d8 : 6 of 13) .tabixToTmp Barcodes-Chunk-(1 of 120)-chr1:1-49791284: length = 129697
[1] "TACAATGTCTTAATGG-1" "TGGATTCAGGAACACA-1" "GGTCAATTCTCGACCT-1"
[4] "GGCCAACTCGGCTATG-1" "CCGTTGCGTGTGCACG-1" "CAAAGTGAGCGTGCGT-1"



2024-05-28 19:09:23.07128 : (s4d1 : 4 of 13) .tabixToTmp Fragments-Chunk-(1 of 120)-chr1:1-49791284, Class = data.table
 
2024-05-28 19:09:23.07128 : (s4d1 : 4 of 13) .tabixToTmp Fragments-Chunk-(1 of 120)-chr1:1-49791284, Class = data.frame
(s4d1 : 4 of 13) .tabixToTmp Fragments-Chunk-(1 of 120)-chr1:1-49791284: nRows = 7076901, nCols = 3
      V2    V3                 V4
   <num> <int>             <char>
1: 10079 10381 GATAAAGGTTATAGCG-1
2: 10084 10560 GCCACAATCTAAGTGC-1
3: 10085 10321 TGGGCCTAGTGAAGTG-1
4: 10085 10543 TCACCTCAGGCGGATG-1
5: 10086 10198 ACGAGTAAGTCCTTCA-1
6: 10086 10320 CCAACCAAGGGACTAA-1



2024-05-28 19:09:23.372141 : (s4d1 : 4 of 13) .tabixToTmp Barcodes-Chunk-(1 of 120)-chr1:1-49791284, Class = character

(s4d1 : 4 of 13) .tabixToTmp Barcodes-Chunk-(1 of 120)-chr1:1-49791284: length = 151822
[1] "GATAAAGGTTATAGCG-1" "GCCACAATCTAAGTGC-1" "TGGGCCTAGTGAAGTG-1"
[4] "TCACCTCAGGCGGATG-1" "ACGAGTAAGTCCTTCA-1" "CCAACCAAGGGACTAA-1"



2024-05-28 19:09:27.988444 : (s3d7 : 3 of 13) .tabixToTmp Fragments-Chunk-(1 of 120)-chr1:1-49791284, Class = data.table
 
2024-05-28 19:09:27.988444 : (s3d7 : 3 of 13) .tabixToTmp Fragments-Chunk-(1 of 120)-chr1:1-49791284, Class = data.frame
(s3d7 : 3 of 13) .tabixToTmp Fragments-Chunk-(1 of 120)-chr1:1-49791284: nRows = 8976445, nCols = 3
      V2    V3                 V4
   <num> <int>             <char>
1: 10013 10013 TAGTAAGCACACCAAC-1
2: 10068 10198 CCAGCTGCAAGGTGCA-1
3: 10068 10345 GGATACTTCATTACTC-1
4: 10073 10192 CTTGAATCAGTTGCGT-1
5: 10074 10192 TACTTGTTCTAAGTCA-1
6: 10074 10209 CAGGTTAGTGGTGAGA-1



2024-05-28 19:09:28.167428 : (s3d7 : 3 of 13) .tabixToTmp Barcodes-Chunk-(1 of 120)-chr1:1-49791284, Class = character

(s3d7 : 3 of 13) .tabixToTmp Barcodes-Chunk-(1 of 120)-chr1:1-49791284: length = 137564
[1] "TAGTAAGCACACCAAC-1" "CCAGCTGCAAGGTGCA-1" "GGATACTTCATTACTC-1"
[4] "CTTGAATCAGTTGCGT-1" "TACTTGTTCTAAGTCA-1" "CAGGTTAGTGGTGAGA-1"



2024-05-28 19:09:41.435674 : (s3d10 : 1 of 13) .tabixToTmp Fragments-Chunk-(1 of 120)-chr1:1-49791284, Class = data.table
 
2024-05-28 19:09:41.435674 : (s3d10 : 1 of 13) .tabixToTmp Fragments-Chunk-(1 of 120)-chr1:1-49791284, Class = data.frame
(s3d10 : 1 of 13) .tabixToTmp Fragments-Chunk-(1 of 120)-chr1:1-49791284: nRows = 14964384, nCols = 3
      V2    V3                 V4
   <num> <int>             <char>
1: 10002 10043 AGGAACCAGGTGAAAT-1
2: 10068 10192 GTTCATTTCTGGCATG-1
3: 10068 10192 TGTCAATCACTTACAG-1
4: 10068 10198 GCACGCTAGGGATGCG-1
5: 10074 10192 GGATTGCGTTGGTGAC-1
6: 10074 10204 CTTGAACAGGCAGGTG-1



2024-05-28 19:09:41.682397 : (s3d3 : 2 of 13) .tabixToTmp Fragments-Chunk-(1 of 120)-chr1:1-49791284, Class = data.table
 
2024-05-28 19:09:41.682397 : (s3d3 : 2 of 13) .tabixToTmp Fragments-Chunk-(1 of 120)-chr1:1-49791284, Class = data.frame
(s3d3 : 2 of 13) .tabixToTmp Fragments-Chunk-(1 of 120)-chr1:1-49791284: nRows = 15007563, nCols = 3
      V2    V3                 V4
   <num> <int>             <char>
1: 10067 10345 GCCCTCATCGTTAAGC-1
2: 10067 10346 CACATTAAGCACCACA-1
3: 10068 10192 CCCTTAATCATTAGTG-1
4: 10068 10198 GGTGATTTCTCCATAT-1
5: 10068 10345 GAAGTAAGTACTTAGG-1
6: 10068 10351 ACAGGAATCACTAGGT-1



2024-05-28 19:09:41.4843 : (s3d10 : 1 of 13) .tabixToTmp Barcodes-Chunk-(1 of 120)-chr1:1-49791284, Class = character

(s3d10 : 1 of 13) .tabixToTmp Barcodes-Chunk-(1 of 120)-chr1:1-49791284: length = 207999
[1] "AGGAACCAGGTGAAAT-1" "GTTCATTTCTGGCATG-1" "TGTCAATCACTTACAG-1"
[4] "GCACGCTAGGGATGCG-1" "GGATTGCGTTGGTGAC-1" "CTTGAACAGGCAGGTG-1"



2024-05-28 19:09:41.743746 : (s3d3 : 2 of 13) .tabixToTmp Barcodes-Chunk-(1 of 120)-chr1:1-49791284, Class = character

(s3d3 : 2 of 13) .tabixToTmp Barcodes-Chunk-(1 of 120)-chr1:1-49791284: length = 202237
[1] "GCCCTCATCGTTAAGC-1" "CACATTAAGCACCACA-1" "CCCTTAATCATTAGTG-1"
[4] "GGTGATTTCTCCATAT-1" "GAAGTAAGTACTTAGG-1" "ACAGGAATCACTAGGT-1"


2024-05-28 19:10:06.497029 : (s3d6 : 13 of 13) Reading TabixFile 8 Percent, 1.111 mins elapsed.
2024-05-28 19:10:06.736738 : (s4d9 : 12 of 13) Reading TabixFile 8 Percent, 1.113 mins elapsed.
2024-05-28 19:10:16.573897 : (s1d3 : 11 of 13) Reading TabixFile 8 Percent, 1.279 mins elapsed.
2024-05-28 19:10:32.942461 : (s2d5 : 9 of 13) Reading TabixFile 8 Percent, 1.552 mins elapsed.
2024-05-28 19:10:34.176263 : (s1d2 : 10 of 13) Reading TabixFile 8 Percent, 1.572 mins elapsed.
2024-05-28 19:10:40.405752 : (s2d1 : 8 of 13) Reading TabixFile 8 Percent, 1.676 mins elapsed.
2024-05-28 19:10:47.501143 : (s4d8 : 6 of 13) Reading TabixFile 8 Percent, 1.794 mins elapsed.
2024-05-28 19:10:48.040659 : (s2d4 : 7 of 13) Reading TabixFile 8 Percent, 1.803 mins elapsed.
2024-05-28 19:10:57.219263 : (s4d9 : 12 of 13) Reading TabixFile 17 Percent, 1.956 mins elapsed.
2024-05-28 19:11:00.607335 : (s3d6 : 13 of 13) Reading TabixFile 17 Percent, 2.013 mins elapsed.
2024-05-28 19:11:01.195931 : (s1d1 : 5 of 13) Reading TabixFile 8 Percent, 2.023 mins elapsed.
2024-05-28 19:11:04.28809 : (s4d1 : 4 of 13) Reading TabixFile 8 Percent, 2.074 mins elapsed.
2024-05-28 19:11:11.879537 : (s1d3 : 11 of 13) Reading TabixFile 17 Percent, 2.201 mins elapsed.
2024-05-28 19:11:39.128562 : (s1d2 : 10 of 13) Reading TabixFile 17 Percent, 2.655 mins elapsed.
2024-05-28 19:11:43.378113 : (s4d9 : 12 of 13) Reading TabixFile 25 Percent, 2.726 mins elapsed.
2024-05-28 19:11:43.885812 : (s3d7 : 3 of 13) Reading TabixFile 8 Percent, 2.734 mins elapsed.
2024-05-28 19:11:46.178077 : (s2d5 : 9 of 13) Reading TabixFile 17 Percent, 2.772 mins elapsed.
2024-05-28 19:11:49.076455 : (s3d6 : 13 of 13) Reading TabixFile 25 Percent, 2.821 mins elapsed.
2024-05-28 19:12:01.984975 : (s2d1 : 8 of 13) Reading TabixFile 17 Percent, 3.036 mins elapsed.
2024-05-28 19:12:04.289988 : (s1d3 : 11 of 13) Reading TabixFile 25 Percent, 3.074 mins elapsed.
2024-05-28 19:12:04.557872 : (s4d8 : 6 of 13) Reading TabixFile 17 Percent, 3.079 mins elapsed.
2024-05-28 19:12:06.594115 : (s2d4 : 7 of 13) Reading TabixFile 17 Percent, 3.113 mins elapsed.
2024-05-28 19:12:16.373969 : (s3d3 : 2 of 13) Reading TabixFile 8 Percent, 3.276 mins elapsed.
2024-05-28 19:12:29.961605 : (s4d9 : 12 of 13) Reading TabixFile 33 Percent, 3.502 mins elapsed.
2024-05-28 19:12:35.792483 : (s3d10 : 1 of 13) Reading TabixFile 8 Percent, 3.599 mins elapsed.
2024-05-28 19:12:38.755159 : (s3d6 : 13 of 13) Reading TabixFile 33 Percent, 3.649 mins elapsed.
2024-05-28 19:12:40.857574 : (s1d1 : 5 of 13) Reading TabixFile 17 Percent, 3.684 mins elapsed.
2024-05-28 19:12:41.885973 : (s1d2 : 10 of 13) Reading TabixFile 25 Percent, 3.701 mins elapsed.
2024-05-28 19:12:42.699268 : (s4d1 : 4 of 13) Reading TabixFile 17 Percent, 3.714 mins elapsed.
2024-05-28 19:12:54.377094 : (s1d3 : 11 of 13) Reading TabixFile 33 Percent, 3.909 mins elapsed.
2024-05-28 19:12:57.33006 : (s2d5 : 9 of 13) Reading TabixFile 25 Percent, 3.958 mins elapsed.
2024-05-28 19:13:11.129958 : (s4d9 : 12 of 13) Reading TabixFile 42 Percent, 4.188 mins elapsed.
2024-05-28 19:13:15.041304 : (s4d8 : 6 of 13) Reading TabixFile 25 Percent, 4.253 mins elapsed.
2024-05-28 19:13:19.042143 : (s3d6 : 13 of 13) Reading TabixFile 42 Percent, 4.32 mins elapsed.
2024-05-28 19:13:20.873215 : (s2d1 : 8 of 13) Reading TabixFile 25 Percent, 4.351 mins elapsed.
2024-05-28 19:13:23.123421 : (s2d4 : 7 of 13) Reading TabixFile 25 Percent, 4.388 mins elapsed.
2024-05-28 19:13:35.643189 : (s1d2 : 10 of 13) Reading TabixFile 33 Percent, 4.597 mins elapsed.
2024-05-28 19:13:40.58518 : (s1d3 : 11 of 13) Reading TabixFile 42 Percent, 4.679 mins elapsed.
2024-05-28 19:13:50.981098 : (s3d7 : 3 of 13) Reading TabixFile 17 Percent, 4.852 mins elapsed.
2024-05-28 19:13:55.242584 : (s4d9 : 12 of 13) Reading TabixFile 50 Percent, 4.923 mins elapsed.
2024-05-28 19:13:59.956349 : (s2d5 : 9 of 13) Reading TabixFile 33 Percent, 5.002 mins elapsed.
2024-05-28 19:14:01.128987 : (s3d6 : 13 of 13) Reading TabixFile 50 Percent, 5.022 mins elapsed.
2024-05-28 19:14:07.486451 : (s1d1 : 5 of 13) Reading TabixFile 25 Percent, 5.127 mins elapsed.
2024-05-28 19:14:10.424141 : (s4d1 : 4 of 13) Reading TabixFile 25 Percent, 5.176 mins elapsed.
2024-05-28 19:14:14.433936 : (s4d8 : 6 of 13) Reading TabixFile 33 Percent, 5.243 mins elapsed.
2024-05-28 19:14:26.168498 : (s1d2 : 10 of 13) Reading TabixFile 42 Percent, 5.439 mins elapsed.
2024-05-28 19:14:27.086855 : (s2d1 : 8 of 13) Reading TabixFile 33 Percent, 5.454 mins elapsed.
2024-05-28 19:14:28.621132 : (s2d4 : 7 of 13) Reading TabixFile 33 Percent, 5.48 mins elapsed.
2024-05-28 19:14:29.366125 : (s4d9 : 12 of 13) Reading TabixFile 58 Percent, 5.492 mins elapsed.
2024-05-28 19:14:29.575665 : (s1d3 : 11 of 13) Reading TabixFile 50 Percent, 5.496 mins elapsed.
2024-05-28 19:14:32.384681 : (s3d3 : 2 of 13) Reading TabixFile 17 Percent, 5.542 mins elapsed.
2024-05-28 19:14:33.90462 : (s3d6 : 13 of 13) Reading TabixFile 58 Percent, 5.568 mins elapsed.
