
           ___      .______        ______  __    __  .______      
          /   \     |   _  \      /      ||  |  |  | |   _  \     
         /  ^  \    |  |_)  |    |  ,----'|  |__|  | |  |_)  |    
        /  /_\  \   |      /     |  |     |   __   | |      /     
       /  _____  \  |  |\  \\___ |  `----.|  |  |  | |  |\  \\___.
      /__/     \__\ | _| `._____| \______||__|  |__| | _| `._____|
    
Logging With ArchR!

Start Time : 2024-05-28 19:03:11.678289

------- ArchR Info

ArchRThreads = 16
ArchRGenome = Hg38

------- System Info

Computer OS = unix

------- Session Info

R version 4.3.3 (2024-02-29)
Platform: x86_64-conda-linux-gnu (64-bit)
Running under: Red Hat Enterprise Linux 8.9 (Ootpa)

Matrix products: default
BLAS/LAPACK: /maps/projects/ralab/people/lpm537/software/anaconda3/envs/Notebook_E2G_240505/lib/libopenblasp-r0.3.27.so;  LAPACK version 3.12.0

Random number generation:
 RNG:     L'Ecuyer-CMRG 
 Normal:  Inversion 
 Sample:  Rejection 
 
locale:
 [1] LC_CTYPE=en_US.UTF-8       LC_NUMERIC=C              
 [3] LC_TIME=en_US.UTF-8        LC_COLLATE=en_US.UTF-8    
 [5] LC_MONETARY=en_US.UTF-8    LC_MESSAGES=en_US.UTF-8   
 [7] LC_PAPER=en_US.UTF-8       LC_NAME=C                 
 [9] LC_ADDRESS=C               LC_TELEPHONE=C            
[11] LC_MEASUREMENT=en_US.UTF-8 LC_IDENTIFICATION=C       

time zone: Europe/Copenhagen
tzcode source: system (glibc)

attached base packages:
[1] stats4    grid      stats     graphics  grDevices utils     datasets 
[8] methods   base     

other attached packages:
 [1] BSgenome.Hsapiens.UCSC.hg38_1.4.5 BSgenome_1.68.0                  
 [3] rtracklayer_1.60.1                Biostrings_2.70.1                
 [5] XVector_0.42.0                    genomation_1.34.0                
 [7] Signac_1.13.0                     Seurat_5.0.3                     
 [9] SeuratObject_5.0.1                sp_2.1-4                         
[11] rhdf5_2.44.0                      SummarizedExperiment_1.30.2      
[13] Biobase_2.60.0                    MatrixGenerics_1.12.3            
[15] Rcpp_1.0.12                       Matrix_1.6-5                     
[17] GenomicRanges_1.54.1              GenomeInfoDb_1.38.1              
[19] IRanges_2.36.0                    S4Vectors_0.40.2                 
[21] BiocGenerics_0.48.1               matrixStats_1.3.0                
[23] data.table_1.15.2                 stringr_1.5.1                    
[25] plyr_1.8.9                        magrittr_2.0.3                   
[27] ggplot2_3.5.1                     gtable_0.3.5                     
[29] gtools_3.9.5                      gridExtra_2.3                    
[31] ArchR_1.0.2                      

loaded via a namespace (and not attached):
  [1] RcppAnnoy_0.0.22         splines_4.3.3            later_1.3.2             
  [4] pbdZMQ_0.3-11            BiocIO_1.10.0            bitops_1.0-7            
  [7] tibble_3.2.1             polyclip_1.10-6          XML_3.99-0.16.1         
 [10] fastDummies_1.7.3        lifecycle_1.0.4          globals_0.16.3          
 [13] lattice_0.22-6           MASS_7.3-60              plotly_4.10.4           
 [16] plotrix_3.8-4            yaml_2.3.8               httpuv_1.6.15           
 [19] sctransform_0.4.1        spam_2.10-0              spatstat.sparse_3.0-3   
 [22] reticulate_1.36.1        cowplot_1.1.3            pbapply_1.7-2           
 [25] RColorBrewer_1.1-3       abind_1.4-5              zlibbioc_1.48.0         
 [28] Rtsne_0.17               purrr_1.0.2              RCurl_1.98-1.14         
 [31] GenomeInfoDbData_1.2.11  ggrepel_0.9.5            irlba_2.3.5.1           
 [34] listenv_0.9.1            spatstat.utils_3.0-4     goftest_1.2-3           
 [37] RSpectra_0.16-1          spatstat.random_3.2-3    fitdistrplus_1.1-11     
 [40] parallelly_1.37.1        leiden_0.4.3.1           codetools_0.2-20        
 [43] DelayedArray_0.26.7      RcppRoll_0.3.0           tidyselect_1.2.1        
 [46] base64enc_0.1-3          spatstat.explore_3.2-6   GenomicAlignments_1.36.0
 [49] jsonlite_1.8.8           progressr_0.14.0         ggridges_0.5.6          
 [52] survival_3.6-4           tools_4.3.3              ica_1.0-3               
 [55] glue_1.7.0               IRdisplay_1.1            dplyr_1.1.4             
 [58] withr_3.0.0              fastmap_1.1.1            rhdf5filters_1.12.1     
 [61] fansi_1.0.6              digest_0.6.35            R6_2.5.1                
 [64] mime_0.12                seqPattern_1.34.0        colorspace_2.1-0        
 [67] scattermore_1.2          tensor_1.5               spatstat.data_3.0-4     
 [70] utf8_1.2.4               tidyr_1.3.1              generics_0.1.3          
 [73] httr_1.4.7               htmlwidgets_1.6.4        S4Arrays_1.2.1          
 [76] uwot_0.1.16              pkgconfig_2.0.3          impute_1.76.0           
 [79] lmtest_0.9-40            htmltools_0.5.8.1        dotCall64_1.1-1         
 [82] scales_1.3.0             png_0.1-8                tzdb_0.4.0              
 [85] reshape2_1.4.4           rjson_0.2.21             uuid_1.2-0              
 [88] nlme_3.1-164             repr_1.1.7               zoo_1.8-12              
 [91] KernSmooth_2.23-22       parallel_4.3.3           miniUI_0.1.1.1          
 [94] restfulr_0.0.15          pillar_1.9.0             vctrs_0.6.5             
 [97] RANN_2.6.1               promises_1.3.0           xtable_1.8-4            
[100] cluster_2.1.6            evaluate_0.23            readr_2.1.5             
[103] cli_3.6.2                compiler_4.3.3           Rsamtools_2.18.0        
[106] rlang_1.1.3              crayon_1.5.2             future.apply_1.11.2     
[109] stringi_1.8.3            gridBase_0.4-7           viridisLite_0.4.2       
[112] deldir_2.0-4             BiocParallel_1.36.0      munsell_0.5.1           
[115] lazyeval_0.2.2           spatstat.geom_3.2-9      IRkernel_1.3.2          
[118] RcppHNSW_0.6.0           hms_1.1.3                patchwork_1.2.0         
[121] future_1.33.2            Rhdf5lib_1.22.1          shiny_1.8.1.1           
[124] ROCR_1.0-11              igraph_2.0.3             fastmatch_1.1-4         


------- Log Info


2024-05-28 19:03:11.851637 : createArrowFiles Input-Parameters, Class = list

createArrowFiles Input-Parameters$inputFiles: length = 13
[1] "/maps/projects/ralab_nnfc-AUDIT/people/lpm537/project/E2G/processed/10x_multiome_240430/neurips2021_BMMC/cellranger_res/site1_donor1/outs/atac_fragments.tsv.gz"
[2] "/maps/projects/ralab_nnfc-AUDIT/people/lpm537/project/E2G/processed/10x_multiome_240430/neurips2021_BMMC/cellranger_res/site1_donor2/outs/atac_fragments.tsv.gz"
[3] "/maps/projects/ralab_nnfc-AUDIT/people/lpm537/project/E2G/processed/10x_multiome_240430/neurips2021_BMMC/cellranger_res/site1_donor3/outs/atac_fragments.tsv.gz"
[4] "/maps/projects/ralab_nnfc-AUDIT/people/lpm537/project/E2G/processed/10x_multiome_240430/neurips2021_BMMC/cellranger_res/site2_donor1/outs/atac_fragments.tsv.gz"
[5] "/maps/projects/ralab_nnfc-AUDIT/people/lpm537/project/E2G/processed/10x_multiome_240430/neurips2021_BMMC/cellranger_res/site2_donor4/outs/atac_fragments.tsv.gz"
[6] "/maps/projects/ralab_nnfc-AUDIT/people/lpm537/project/E2G/processed/10x_multiome_240430/neurips2021_BMMC/cellranger_res/site2_donor5/outs/atac_fragments.tsv.gz"


createArrowFiles Input-Parameters$sampleNames: length = 13
[1] "s1d1" "s1d2" "s1d3" "s2d1" "s2d4" "s2d5"


createArrowFiles Input-Parameters$outputNames: length = 13
[1] "s1d1" "s1d2" "s1d3" "s2d1" "s2d4" "s2d5"


createArrowFiles Input-Parameters$minTSS: length = 1
[1] 4


createArrowFiles Input-Parameters$minFrags: length = 1
[1] 1000


createArrowFiles Input-Parameters$maxFrags: length = 1
[1] 1e+05


createArrowFiles Input-Parameters$minFragSize: length = 1
[1] 10


createArrowFiles Input-Parameters$maxFragSize: length = 1
[1] 2000


createArrowFiles Input-Parameters$QCDir: length = 1
[1] "QualityControl"


createArrowFiles Input-Parameters$nucLength: length = 1
[1] 147


createArrowFiles Input-Parameters$promoterRegion: length = 2
[1] 2000  100


createArrowFiles Input-Parameters$excludeChr: length = 2
[1] "chrM" "chrY"


createArrowFiles Input-Parameters$nChunk: length = 1
[1] 5


createArrowFiles Input-Parameters$bcTag: length = 1
[1] "qname"


createArrowFiles Input-Parameters$gsubExpression: length = 0
NULL


createArrowFiles Input-Parameters$bamFlag: length = 0
NULL


createArrowFiles Input-Parameters$offsetPlus: length = 1
[1] 4


createArrowFiles Input-Parameters$offsetMinus: length = 1
[1] -5


createArrowFiles Input-Parameters$addTileMat: length = 1
[1] TRUE


createArrowFiles Input-Parameters$addGeneScoreMat: length = 1
[1] FALSE


createArrowFiles Input-Parameters$force: length = 1
[1] TRUE


createArrowFiles Input-Parameters$threads: length = 1
[1] 16


createArrowFiles Input-Parameters$parallelParam: length = 0
NULL


createArrowFiles Input-Parameters$subThreading: length = 1
[1] TRUE


createArrowFiles Input-Parameters$verbose: length = 1
[1] TRUE


createArrowFiles Input-Parameters$cleanTmp: length = 1
[1] TRUE


createArrowFiles Input-Parameters$logFile: length = 1
[1] "ArchRLogs/ArchR-createArrows-1d72a25554de37-Date-2024-05-28_Time-19-03-11.659155.log"


createArrowFiles Input-Parameters$filterFrags: length = 1
[1] 1000


createArrowFiles Input-Parameters$filterTSS: length = 1
[1] 4



2024-05-28 19:03:11.9644 : 
2024-05-28 19:03:11.97207 : Batch Execution w/ safelapply!, 0 mins elapsed.

###########
2024-05-28 19:03:12.119744 : Creating Arrow File s3d10.arrow (s3d10 : 1 of 13)
###########


###########
2024-05-28 19:03:12.23629 : Creating Arrow File s3d3.arrow (s3d3 : 2 of 13)
###########


###########
2024-05-28 19:03:12.348011 : Creating Arrow File s3d7.arrow (s3d7 : 3 of 13)
###########


###########
2024-05-28 19:03:12.458394 : Creating Arrow File s4d1.arrow (s4d1 : 4 of 13)
###########


###########
2024-05-28 19:03:12.573242 : Creating Arrow File s1d1.arrow (s1d1 : 5 of 13)
###########


###########
2024-05-28 19:03:12.649727 : Creating Arrow File s4d8.arrow (s4d8 : 6 of 13)
###########


###########
2024-05-28 19:03:12.751602 : Creating Arrow File s2d4.arrow (s2d4 : 7 of 13)
###########


###########
2024-05-28 19:03:12.862303 : Creating Arrow File s2d1.arrow (s2d1 : 8 of 13)
###########


###########
2024-05-28 19:03:12.971214 : Creating Arrow File s2d5.arrow (s2d5 : 9 of 13)
###########


###########
2024-05-28 19:03:13.071487 : Creating Arrow File s1d2.arrow (s1d2 : 10 of 13)
###########


###########
2024-05-28 19:03:13.172546 : Creating Arrow File s1d3.arrow (s1d3 : 11 of 13)
###########


###########
2024-05-28 19:03:13.284499 : Creating Arrow File s4d9.arrow (s4d9 : 12 of 13)
###########


###########
2024-05-28 19:03:13.396364 : Creating Arrow File s3d6.arrow (s3d6 : 13 of 13)
###########


2024-05-28 19:03:13.421123 : 

------- Completed

End Time : 2024-05-28 19:03:13.429617
Elapsed Time Minutes = 0.0291564623514811
Elapsed Time Hours = 0.000486146873897976

-------



