
           ___      .______        ______  __    __  .______      
          /   \     |   _  \      /      ||  |  |  | |   _  \     
         /  ^  \    |  |_)  |    |  ,----'|  |__|  | |  |_)  |    
        /  /_\  \   |      /     |  |     |   __   | |      /     
       /  _____  \  |  |\  \\___ |  `----.|  |  |  | |  |\  \\___.
      /__/     \__\ | _| `._____| \______||__|  |__| | _| `._____|
    
Logging With ArchR!

Start Time : 2024-05-28 19:57:51.088928

------- ArchR Info

ArchRThreads = 16
ArchRGenome = Hg38

------- System Info

Computer OS = unix
Total Cores = 192

------- Session Info

R version 4.3.3 (2024-02-29)
Platform: x86_64-conda-linux-gnu (64-bit)
Running under: Red Hat Enterprise Linux 8.9 (Ootpa)

Matrix products: default
BLAS/LAPACK: /maps/projects/ralab/people/lpm537/software/anaconda3/envs/Notebook_E2G_240505/lib/libopenblasp-r0.3.27.so;  LAPACK version 3.12.0

Random number generation:
 RNG:     L'Ecuyer-CMRG 
 Normal:  Inversion 
 Sample:  Rejection 
 
locale:
 [1] LC_CTYPE=en_US.UTF-8       LC_NUMERIC=C              
 [3] LC_TIME=en_US.UTF-8        LC_COLLATE=en_US.UTF-8    
 [5] LC_MONETARY=en_US.UTF-8    LC_MESSAGES=en_US.UTF-8   
 [7] LC_PAPER=en_US.UTF-8       LC_NAME=C                 
 [9] LC_ADDRESS=C               LC_TELEPHONE=C            
[11] LC_MEASUREMENT=en_US.UTF-8 LC_IDENTIFICATION=C       

time zone: Europe/Copenhagen
tzcode source: system (glibc)

attached base packages:
 [1] parallel  stats4    grid      stats     graphics  grDevices utils    
 [8] datasets  methods   base     

other attached packages:
 [1] BSgenome.Hsapiens.UCSC.hg38_1.4.5 BSgenome_1.68.0                  
 [3] rtracklayer_1.60.1                Biostrings_2.70.1                
 [5] XVector_0.42.0                    genomation_1.34.0                
 [7] Signac_1.13.0                     Seurat_5.0.3                     
 [9] SeuratObject_5.0.1                sp_2.1-4                         
[11] rhdf5_2.44.0                      SummarizedExperiment_1.30.2      
[13] Biobase_2.60.0                    MatrixGenerics_1.12.3            
[15] Rcpp_1.0.12                       Matrix_1.6-5                     
[17] GenomicRanges_1.54.1              GenomeInfoDb_1.38.1              
[19] IRanges_2.36.0                    S4Vectors_0.40.2                 
[21] BiocGenerics_0.48.1               matrixStats_1.3.0                
[23] data.table_1.15.2                 stringr_1.5.1                    
[25] plyr_1.8.9                        magrittr_2.0.3                   
[27] ggplot2_3.5.1                     gtable_0.3.5                     
[29] gtools_3.9.5                      gridExtra_2.3                    
[31] ArchR_1.0.2                      

loaded via a namespace (and not attached):
  [1] RcppAnnoy_0.0.22         splines_4.3.3            later_1.3.2             
  [4] pbdZMQ_0.3-11            BiocIO_1.10.0            bitops_1.0-7            
  [7] tibble_3.2.1             polyclip_1.10-6          XML_3.99-0.16.1         
 [10] fastDummies_1.7.3        lifecycle_1.0.4          globals_0.16.3          
 [13] lattice_0.22-6           MASS_7.3-60              plotly_4.10.4           
 [16] plotrix_3.8-4            yaml_2.3.8               httpuv_1.6.15           
 [19] sctransform_0.4.1        spam_2.10-0              spatstat.sparse_3.0-3   
 [22] reticulate_1.36.1        cowplot_1.1.3            pbapply_1.7-2           
 [25] RColorBrewer_1.1-3       abind_1.4-5              zlibbioc_1.48.0         
 [28] Rtsne_0.17               purrr_1.0.2              RCurl_1.98-1.14         
 [31] GenomeInfoDbData_1.2.11  ggrepel_0.9.5            irlba_2.3.5.1           
 [34] listenv_0.9.1            spatstat.utils_3.0-4     goftest_1.2-3           
 [37] RSpectra_0.16-1          spatstat.random_3.2-3    fitdistrplus_1.1-11     
 [40] parallelly_1.37.1        leiden_0.4.3.1           codetools_0.2-20        
 [43] DelayedArray_0.26.7      RcppRoll_0.3.0           tidyselect_1.2.1        
 [46] base64enc_0.1-3          spatstat.explore_3.2-6   GenomicAlignments_1.36.0
 [49] jsonlite_1.8.8           progressr_0.14.0         ggridges_0.5.6          
 [52] survival_3.6-4           tools_4.3.3              ica_1.0-3               
 [55] glue_1.7.0               IRdisplay_1.1            dplyr_1.1.4             
 [58] withr_3.0.0              fastmap_1.1.1            rhdf5filters_1.12.1     
 [61] fansi_1.0.6              digest_0.6.35            R6_2.5.1                
 [64] mime_0.12                seqPattern_1.34.0        colorspace_2.1-0        
 [67] scattermore_1.2          tensor_1.5               spatstat.data_3.0-4     
 [70] utf8_1.2.4               tidyr_1.3.1              generics_0.1.3          
 [73] httr_1.4.7               htmlwidgets_1.6.4        S4Arrays_1.2.1          
 [76] uwot_0.1.16              pkgconfig_2.0.3          impute_1.76.0           
 [79] lmtest_0.9-40            htmltools_0.5.8.1        dotCall64_1.1-1         
 [82] scales_1.3.0             png_0.1-8                tzdb_0.4.0              
 [85] reshape2_1.4.4           rjson_0.2.21             uuid_1.2-0              
 [88] nlme_3.1-164             repr_1.1.7               zoo_1.8-12              
 [91] KernSmooth_2.23-22       miniUI_0.1.1.1           restfulr_0.0.15         
 [94] pillar_1.9.0             vctrs_0.6.5              RANN_2.6.1              
 [97] promises_1.3.0           xtable_1.8-4             cluster_2.1.6           
[100] evaluate_0.23            readr_2.1.5              cli_3.6.2               
[103] compiler_4.3.3           Rsamtools_2.18.0         rlang_1.1.3             
[106] crayon_1.5.2             future.apply_1.11.2      stringi_1.8.3           
[109] gridBase_0.4-7           viridisLite_0.4.2        deldir_2.0-4            
[112] BiocParallel_1.36.0      munsell_0.5.1            lazyeval_0.2.2          
[115] spatstat.geom_3.2-9      IRkernel_1.3.2           RcppHNSW_0.6.0          
[118] hms_1.1.3                patchwork_1.2.0          future_1.33.2           
[121] Rhdf5lib_1.22.1          shiny_1.8.1.1            ROCR_1.0-11             
[124] igraph_2.0.3             fastmatch_1.1-4         


------- Log Info


2024-05-28 19:57:51.717184 : IterativeLSI Input-Parameters, Class = list

IterativeLSI Input-Parameters$ArchRProj: length = 1

IterativeLSI Input-Parameters$useMatrix: length = 1
[1] "TileMatrix"


IterativeLSI Input-Parameters$name: length = 1
[1] "IterativeLSI"


IterativeLSI Input-Parameters$iterations: length = 1
[1] 2


IterativeLSI Input-Parameters$firstSelection: length = 1
[1] "top"


IterativeLSI Input-Parameters$depthCol: length = 1
[1] "nFrags"


IterativeLSI Input-Parameters$varFeatures: length = 1
[1] 25000


IterativeLSI Input-Parameters$dimsToUse: length = 30
[1] 1 2 3 4 5 6


IterativeLSI Input-Parameters$LSIMethod: length = 1
[1] 2


IterativeLSI Input-Parameters$scaleDims: length = 1
[1] TRUE


IterativeLSI Input-Parameters$corCutOff: length = 1
[1] 0.75


IterativeLSI Input-Parameters$binarize: length = 1
[1] TRUE


IterativeLSI Input-Parameters$outlierQuantiles: length = 2
[1] 0.02 0.98


IterativeLSI Input-Parameters$filterBias: length = 1
[1] TRUE


IterativeLSI Input-Parameters$sampleCellsPre: length = 1
[1] 10000


IterativeLSI Input-Parameters$projectCellsPre: length = 1
[1] FALSE


IterativeLSI Input-Parameters$sampleCellsFinal: length = 0
NULL


IterativeLSI Input-Parameters$selectionMethod: length = 1
[1] "var"


IterativeLSI Input-Parameters$scaleTo: length = 1
[1] 10000


IterativeLSI Input-Parameters$totalFeatures: length = 1
[1] 5e+05


IterativeLSI Input-Parameters$filterQuantile: length = 1
[1] 0.995


IterativeLSI Input-Parameters$excludeChr: length = 0
NULL


IterativeLSI Input-Parameters$saveIterations: length = 1
[1] TRUE


IterativeLSI Input-Parameters$nPlot: length = 1
[1] 10000


IterativeLSI Input-Parameters$outDir: length = 1
[1] "/maps/projects/ralab_nnfc-AUDIT/people/lpm537/project/E2G/analysis/E2G_240503/data/BMMC/2.Genome_wide_prediction/ArchR/BMMC5.merge.240528/ArchR"


IterativeLSI Input-Parameters$threads: length = 1
[1] 16


IterativeLSI Input-Parameters$seed: length = 1
[1] 1


IterativeLSI Input-Parameters$verbose: length = 1
[1] TRUE


IterativeLSI Input-Parameters$force: length = 1
[1] FALSE


IterativeLSI Input-Parameters$logFile: length = 1
[1] "ArchRLogs/ArchR-addIterativeLSI-1d7ae61882a4bf-Date-2024-05-28_Time-19-57-51.077428.log"


2024-05-28 19:57:57.473214 : Computing Total Across All Features, 0.09 mins elapsed.
2024-05-28 19:58:07.860652 : Computing Top Features, 0.263 mins elapsed.
###########
2024-05-28 19:58:10.096364 : Running LSI (1 of 2) on Top Features, 0.3 mins elapsed.
###########
2024-05-28 19:58:10.144519 : Sampling Cells (N = 10007) for Estimated LSI, 0.301 mins elapsed.
2024-05-28 19:58:10.147281 : Creating Sampled Partial Matrix, 0.301 mins elapsed.
2024-05-28 19:58:23.93799 : Computing Estimated LSI (projectAll = FALSE), 0.531 mins elapsed.

2024-05-28 19:58:23.94189 : LSI Parameters, Class = list

LSI Parameters$: length = 1
                       
1 function (name)      
2 .Internal(args(name))


LSI Parameters$mat: nRows = 25000, nCols = 10007
LSI Parameters$mat: NonZeroEntries = 35219048, EntryRange = [ 1 , 1 ]
5 x 5 sparse Matrix of class "dgCMatrix"
     s1d1#AAACATGCACTAAGTT-1 s1d1#AAACCAACATTAAGCT-1 s1d1#AAACCGCGTAAACAAG-1
[1,]                       .                       .                       .
[2,]                       .                       .                       .
[3,]                       .                       .                       .
[4,]                       1                       .                       .
[5,]                       1                       .                       .
     s1d1#AAACCGCGTAAGCACC-1 s1d1#AAACCGGCAGGCCATT-1
[1,]                       .                       .
[2,]                       .                       .
[3,]                       .                       .
[4,]                       .                       1
[5,]                       .                       1


LSI Parameters$LSIMethod: length = 1
[1] 2


LSI Parameters$scaleTo: length = 1
[1] 10000


LSI Parameters$nDimensions: length = 1
[1] 30


LSI Parameters$binarize: length = 1
[1] TRUE


LSI Parameters$outlierQuantiles: length = 2
[1] 0.02 0.98


LSI Parameters$seed: length = 1
[1] 1


LSI Parameters$verbose: length = 1
[1] FALSE


LSI Parameters$tstart: length = 1
[1] "2024-05-28 19:57:52 CEST"


LSI Parameters$logFile: length = 1
[1] "ArchRLogs/ArchR-addIterativeLSI-1d7ae61882a4bf-Date-2024-05-28_Time-19-57-51.077428.log"


2024-05-28 19:58:24.424121 : Running LSI, Input Matrix = 0.424 GB, 0.539 mins elapsed.
2024-05-28 19:58:24.426739 : Binarizing Matrix, 0.539 mins elapsed.
2024-05-28 19:58:24.687981 : Computing Term Frequency, 0.543 mins elapsed.
2024-05-28 19:58:24.81403 : Filtering Outliers Based On Counts, 0.545 mins elapsed.
2024-05-28 19:58:24.96887 : Removing 0 Sum Rows, 0.548 mins elapsed.
2024-05-28 19:58:25.24553 : Computing Inverse Document Frequency, 0.553 mins elapsed.
2024-05-28 19:58:27.968724 : Computing SVD using irlba, 0.598 mins elapsed.
2024-05-28 19:59:15.758549 : Projecting Outliers with LSI-Projection (Granja* et al 2019), 1.394 mins elapsed.

2024-05-28 19:59:15.772366 : LSI-Projection Parameters, Class = list

LSI-Projection Parameters$: length = 1
                       
1 function (name)      
2 .Internal(args(name))


LSI-Projection Parameters$mat: nRows = 25000, nCols = 50
LSI-Projection Parameters$mat: NonZeroEntries = 156040, EntryRange = [ 1 , 1 ]
5 x 5 sparse Matrix of class "dgCMatrix"
     s1d1#AAACATGCACTAAGTT-1 s1d1#AAACCAACATTAAGCT-1 s1d1#AAACCGCGTAAACAAG-1
[1,]                       .                       .                       .
[2,]                       .                       .                       .
[3,]                       .                       .                       .
[4,]                       1                       .                       .
[5,]                       1                       .                       .
     s1d1#AAACCGCGTAAGCACC-1 s1d1#AAACCGGCAGGCCATT-1
[1,]                       .                       .
[2,]                       .                       .
[3,]                       .                       .
[4,]                       .                       1
[5,]                       .                       1


LSI-Projection Parameters$matSVD: nRows = 9605, nCols = 30
                             LSI1       LSI2        LSI3       LSI4      LSI5
s1d1#AAACATGCACTAAGTT-1 108.40459  15.339022  -1.5656964 -2.9414425  5.877341
s1d1#AAACCAACATTAAGCT-1  60.74871 -17.847705   2.8856093 -7.0158341 -0.940562
s1d1#AAACCGCGTAAACAAG-1  74.74398  13.905398  -0.1036051 -4.0547080  2.865783
s1d1#AAACCGCGTAAGCACC-1  70.81557  11.577764  -0.7235612 -0.5960395  8.319026
s1d1#AAACCGGCAGGCCATT-1  81.83979  -4.837133 -39.4939393  1.8109581 -3.784702


LSI-Projection Parameters$returnModel: length = 1
[1] FALSE


LSI-Projection Parameters$verbose: length = 1
[1] FALSE


LSI-Projection Parameters$tstart: length = 0
NULL


LSI-Projection Parameters$logFile: length = 1
[1] "ArchRLogs/ArchR-addIterativeLSI-1d7ae61882a4bf-Date-2024-05-28_Time-19-57-51.077428.log"


2024-05-28 19:59:15.85174 : Projecting LSI, Input Matrix = 0.002 GB, 0 mins elapsed.
2024-05-28 19:59:15.854948 : Subsetting by Non-Zero features in inital Matrix, 0 mins elapsed.
2024-05-28 19:59:15.861267 : Binarizing Matrix, 0 mins elapsed.
2024-05-28 19:59:15.867297 : Computing Term Frequency, 0 mins elapsed.
2024-05-28 19:59:15.874179 : Computing Inverse Document Frequency, 0 mins elapsed.
2024-05-28 19:59:15.877472 : Computing TF-IDF Matrix, 0 mins elapsed.
2024-05-28 19:59:18.241495 : Calculating V Matrix, 0.04 mins elapsed.
2024-05-28 19:59:18.249195 : Computing Projected Coordinates, 0.04 mins elapsed.

2024-05-28 19:59:18.269403 : LSI-Projection Parameters, Class = list

LSI-Projection Parameters$: length = 1
                       
1 function (name)      
2 .Internal(args(name))


LSI-Projection Parameters$mat: nRows = 25000, nCols = 402
LSI-Projection Parameters$mat: NonZeroEntries = 2163928, EntryRange = [ 1 , 1 ]
5 x 5 sparse Matrix of class "dgCMatrix"
     s1d1#AACAAAGGTGCTTACT-1 s1d1#AATGTCATCATCCTAT-1 s1d1#ATCATCAAGGACAACA-1
[1,]                       .                       1                       .
[2,]                       .                       1                       .
[3,]                       .                       .                       1
[4,]                       .                       1                       .
[5,]                       .                       .                       1
     s1d1#ATTGCTCGTTGCAGTA-1 s1d1#CAAGTAACAGGCATCT-1
[1,]                       .                       .
[2,]                       .                       1
[3,]                       1                       .
[4,]                       .                       .
[5,]                       .                       1


LSI-Projection Parameters$matSVD: nRows = 9605, nCols = 30
                             LSI1       LSI2        LSI3       LSI4      LSI5
s1d1#AAACATGCACTAAGTT-1 108.40459  15.339022  -1.5656964 -2.9414425  5.877341
s1d1#AAACCAACATTAAGCT-1  60.74871 -17.847705   2.8856093 -7.0158341 -0.940562
s1d1#AAACCGCGTAAACAAG-1  74.74398  13.905398  -0.1036051 -4.0547080  2.865783
s1d1#AAACCGCGTAAGCACC-1  70.81557  11.577764  -0.7235612 -0.5960395  8.319026
s1d1#AAACCGGCAGGCCATT-1  81.83979  -4.837133 -39.4939393  1.8109581 -3.784702


LSI-Projection Parameters$returnModel: length = 1
[1] FALSE


LSI-Projection Parameters$verbose: length = 1
[1] FALSE


LSI-Projection Parameters$tstart: length = 0
NULL


LSI-Projection Parameters$logFile: length = 1
[1] "ArchRLogs/ArchR-addIterativeLSI-1d7ae61882a4bf-Date-2024-05-28_Time-19-57-51.077428.log"


2024-05-28 19:59:18.329099 : Projecting LSI, Input Matrix = 0.026 GB, 0 mins elapsed.
2024-05-28 19:59:18.330429 : Subsetting by Non-Zero features in inital Matrix, 0 mins elapsed.
2024-05-28 19:59:18.345682 : Binarizing Matrix, 0 mins elapsed.
2024-05-28 19:59:18.385763 : Computing Term Frequency, 0.001 mins elapsed.
2024-05-28 19:59:18.401527 : Computing Inverse Document Frequency, 0.001 mins elapsed.
2024-05-28 19:59:18.403329 : Computing TF-IDF Matrix, 0.001 mins elapsed.
2024-05-28 19:59:20.088418 : Calculating V Matrix, 0.029 mins elapsed.
2024-05-28 19:59:20.137533 : Computing Projected Coordinates, 0.03 mins elapsed.
2024-05-28 19:59:20.159463 : Finished LSI (TF-IDF SVD) using irlba, 1.468 mins elapsed.

2024-05-28 19:59:23.373893 : outLSI-1, Class = SimpleList

outLSI-1$matSVD: nRows = 10007, nCols = 30
                             LSI1       LSI2        LSI3       LSI4      LSI5
s1d1#AAACATGCACTAAGTT-1 108.40459  15.339022  -1.5656964 -2.9414425  5.877341
s1d1#AAACCAACATTAAGCT-1  60.74871 -17.847705   2.8856093 -7.0158341 -0.940562
s1d1#AAACCGCGTAAACAAG-1  74.74398  13.905398  -0.1036051 -4.0547080  2.865783
s1d1#AAACCGCGTAAGCACC-1  70.81557  11.577764  -0.7235612 -0.5960395  8.319026
s1d1#AAACCGGCAGGCCATT-1  81.83979  -4.837133 -39.4939393  1.8109581 -3.784702


outLSI-1$rowSm: length = 25000
[1]  783 1111 1032 1014 2127  873


outLSI-1$nCol: length = 1
[1] 9605


outLSI-1$exclude: length = 0
NULL


outLSI-1$idx: length = 25000
[1] 1 2 3 4 5 6


outLSI-1$u: nRows = 25000, nCols = 30
            [,1]          [,2]          [,3]         [,4]         [,5]
[1,] 0.004330864 -0.0019375195 -0.0010561905 -0.003502594 0.0004567152
[2,] 0.005601596 -0.0004307412 -0.0017041797 -0.003982274 0.0034303045
[3,] 0.005288041  0.0015314301 -0.0021795117  0.002971182 0.0059191396
[4,] 0.005304906  0.0013896726 -0.0005942713 -0.004820420 0.0102823602
[5,] 0.008528822  0.0012783912 -0.0050165222 -0.001100950 0.0006109623


outLSI-1$v: nRows = 9605, nCols = 30
            [,1]         [,2]          [,3]          [,4]         [,5]
[1,] 0.015850019  0.012113803 -0.0015255250 -0.0035889919  0.009749362
[2,] 0.008882173 -0.014095004  0.0028115726 -0.0085603479 -0.001560209
[3,] 0.010928444  0.010981616 -0.0001009469 -0.0049473393  0.004753775
[4,] 0.010354064  0.009143396 -0.0007049966 -0.0007272557  0.013799640
[5,] 0.011965935 -0.003820066 -0.0384806348  0.0022096349 -0.006278081


outLSI-1$binarize: length = 1
[1] TRUE


outLSI-1$scaleTo: length = 1
[1] 10000


outLSI-1$nDimensions: length = 1
[1] 30


outLSI-1$LSIMethod: length = 1
[1] 2


outLSI-1$outliers: length = 402
[1] "s1d1#AACAAAGGTGCTTACT-1" "s1d1#AATGTCATCATCCTAT-1"
[3] "s1d1#ATCATCAAGGACAACA-1" "s1d1#ATTGCTCGTTGCAGTA-1"
[5] "s1d1#CAAGTAACAGGCATCT-1" "s1d1#CAATGTCAGGATTGCT-1"


outLSI-1$date: length = 1
[1] "2024-05-28"


outLSI-1$seed: length = 1
[1] 1


outLSI-1$scaleDims: length = 1
[1] TRUE


outLSI-1$useMatrix: length = 1
[1] "TileMatrix"


outLSI-1$tileSize: length = 1
[1] 500



2024-05-28 19:59:23.449012 : Cluster Params, Class = list

Cluster Params$: length = 1
                       
1 function (name)      
2 .Internal(args(name))


Cluster Params$matSVD: nRows = 10007, nCols = 30
                             LSI1       LSI2        LSI3       LSI4      LSI5
s1d1#AAACATGCACTAAGTT-1 108.40459  15.339022  -1.5656964 -2.9414425  5.877341
s1d1#AAACCAACATTAAGCT-1  60.74871 -17.847705   2.8856093 -7.0158341 -0.940562
s1d1#AAACCGCGTAAACAAG-1  74.74398  13.905398  -0.1036051 -4.0547080  2.865783
s1d1#AAACCGCGTAAGCACC-1  70.81557  11.577764  -0.7235612 -0.5960395  8.319026
s1d1#AAACCGGCAGGCCATT-1  81.83979  -4.837133 -39.4939393  1.8109581 -3.784702


Cluster Params$corCutOff: length = 1
[1] 0.75


Cluster Params$dimsToUse: length = 30
[1] 1 2 3 4 5 6


Cluster Params$scaleDims: length = 1
[1] TRUE


Cluster Params$verbose: length = 1
[1] TRUE


Cluster Params$j: length = 1
[1] 1


Cluster Params$filterBias: length = 1
[1] TRUE


Cluster Params$cellNames: length = 55479
[1] "s3d10#GTAGCTGTCAGCAAAG-1" "s3d10#AACTAGTGTTACCTGT-1"
[3] "s3d10#CGGATAAAGTTAGGCT-1" "s3d10#CTAGCGGGTGATCAGC-1"
[5] "s3d10#CTTCAGGAGTAAAGGT-1" "s3d10#CAGGTCCAGCCGCAAC-1"


Cluster Params$cellDepth: length = 55479
s3d10#GTAGCTGTCAGCAAAG-1 s3d10#AACTAGTGTTACCTGT-1 s3d10#CGGATAAAGTTAGGCT-1 
                4.994278                 4.987090                 4.981307 
s3d10#CTAGCGGGTGATCAGC-1 s3d10#CTTCAGGAGTAAAGGT-1 s3d10#CAGGTCCAGCCGCAAC-1 
                4.975657                 4.966451                 4.965944 


Cluster Params$tstart: length = 1
[1] "2024-05-28 19:57:52 CEST"


Cluster Params$logFile: length = 1
[1] "ArchRLogs/ArchR-addIterativeLSI-1d7ae61882a4bf-Date-2024-05-28_Time-19-57-51.077428.log"


2024-05-28 19:59:23.493856 : Identifying Clusters, 1.523 mins elapsed.

2024-05-28 19:59:23.507852 : addClusters Input-Parameters, Class = list

addClusters Input-Parameters$: length = 1
                       
1 function (name)      
2 .Internal(args(name))


addClusters Input-Parameters$input: nRows = 10007, nCols = 30
                            LSI1       LSI2       LSI3        LSI4        LSI5
s1d1#AAACATGCACTAAGTT-1 5.142080  0.5478151 -0.2867013 -0.35461628  0.08073083
s1d1#AAACCAACATTAAGCT-1 4.950603 -1.6029322  0.1258552 -0.69974803 -0.19317905
s1d1#AAACCGCGTAAACAAG-1 5.032489  0.7450412 -0.2422085 -0.52065269 -0.03294824
s1d1#AAACCGCGTAAGCACC-1 5.099555  0.6563139 -0.2663698 -0.25680483  0.41188622
s1d1#AAACCGGCAGGCCATT-1 4.719943 -0.3066868 -2.3165289  0.07885398 -0.24565348


addClusters Input-Parameters$reducedDims: length = 1
[1] "IterativeLSI"


addClusters Input-Parameters$name: length = 1
[1] "Clusters"


addClusters Input-Parameters$sampleCells: length = 1
[1] 10000


addClusters Input-Parameters$seed: length = 1
[1] 1


addClusters Input-Parameters$method: length = 1
[1] "Seurat"


addClusters Input-Parameters$dimsToUse: length = 0
NULL


addClusters Input-Parameters$scaleDims: length = 0
NULL


addClusters Input-Parameters$corCutOff: length = 1
[1] 0.75


addClusters Input-Parameters$knnAssign: length = 1
[1] 10


addClusters Input-Parameters$nOutlier: length = 1
[1] 5


addClusters Input-Parameters$maxClusters: length = 1
[1] 6


addClusters Input-Parameters$testBias: length = 1
[1] TRUE


addClusters Input-Parameters$filterBias: length = 1
[1] TRUE


addClusters Input-Parameters$biasClusters: length = 1
[1] 0.01


addClusters Input-Parameters$biasCol: length = 1
[1] "nFrags"


addClusters Input-Parameters$biasVals: length = 10007
[1] 4.319481 3.993172 3.943989 3.919758 4.077004 3.891091


addClusters Input-Parameters$biasQuantiles: length = 2
[1] 0.05 0.95


addClusters Input-Parameters$biasEnrich: length = 1
[1] 10


addClusters Input-Parameters$biasProportion: length = 1
[1] 0.5


addClusters Input-Parameters$biasPval: length = 1
[1] 0.05


addClusters Input-Parameters$nPerm: length = 1
[1] 500


addClusters Input-Parameters$prefix: length = 1
[1] "C"


addClusters Input-Parameters$ArchRProj: length = 0
NULL


addClusters Input-Parameters$verbose: length = 1
[1] FALSE


addClusters Input-Parameters$tstart: length = 0
NULL


addClusters Input-Parameters$force: length = 1
[1] FALSE


addClusters Input-Parameters$logFile: length = 1
[1] "ArchRLogs/ArchR-addIterativeLSI-1d7ae61882a4bf-Date-2024-05-28_Time-19-57-51.077428.log"


addClusters Input-Parameters$...: length = 2

2024-05-28 19:59:23.609367 : Estimating Clusters by Sampling, 0 mins elapsed.
2024-05-28 19:59:23.61868 : Running Seurats FindClusters (Stuart et al. Cell 2019), 0 mins elapsed.
2024-05-28 19:59:33.125696 : Finding Nearest Clusters, 0.159 mins elapsed.
2024-05-28 19:59:33.287919 : Assigning Nearest Clusters, 0.161 mins elapsed.
2024-05-28 19:59:35.165145 : Testing Biased Clusters, 0.193 mins elapsed.
2024-05-28 19:59:35.208588 : Testing Outlier Clusters, 0.193 mins elapsed.
2024-05-28 19:59:35.211411 : Identified more clusters than maxClusters allowed (n = 0). Merging clusters to maxClusters (n = 6).
If this is not desired set maxClusters = NULL!, 0.193 mins elapsed.
2024-05-28 19:59:35.22105 : Assigning Cluster Names to 6 Clusters, 0.194 mins elapsed.
2024-05-28 19:59:35.227551 : Finished addClusters, 0.194 mins elapsed.
2024-05-28 19:59:35.234242 : Identified 6 Clusters, 1.719 mins elapsed.

2024-05-28 19:59:35.235772 : clusterDF-1, Class = DFrame
DataFrame with 10007 rows and 2 columns
                   cellNames    clusters
                 <character> <character>
1     s1d1#AAACATGCACTAAGT..          C3
2     s1d1#AAACCAACATTAAGC..          C5
3     s1d1#AAACCGCGTAAACAA..          C3
4     s1d1#AAACCGCGTAAGCAC..          C3
5     s1d1#AAACCGGCAGGCCAT..          C1
...                      ...         ...
10003 s4d9#TTTATGGAGTTTAAC..          C6
10004 s4d9#TTTCCGGGTTAAATG..          C2
10005 s4d9#TTTCCTGAGGAGTCT..          C6
10006 s4d9#TTTGAGTCATGGAGG..          C3
10007 s4d9#TTTGCGGAGTAAGTG..          C3

2024-05-28 19:59:35.259254 : Saving LSI Iteration, 1.719 mins elapsed.

2024-05-28 19:59:35.261156 : Save iteration, Class = list

Save iteration$: length = 1
                       
1 function (name)      
2 .Internal(args(name))


Save iteration$matSVD: nRows = 10007, nCols = 30
                             LSI1       LSI2        LSI3       LSI4      LSI5
s1d1#AAACATGCACTAAGTT-1 108.40459  15.339022  -1.5656964 -2.9414425  5.877341
s1d1#AAACCAACATTAAGCT-1  60.74871 -17.847705   2.8856093 -7.0158341 -0.940562
s1d1#AAACCGCGTAAACAAG-1  74.74398  13.905398  -0.1036051 -4.0547080  2.865783
s1d1#AAACCGCGTAAGCACC-1  70.81557  11.577764  -0.7235612 -0.5960395  8.319026
s1d1#AAACCGGCAGGCCATT-1  81.83979  -4.837133 -39.4939393  1.8109581 -3.784702


Save iteration$clusters: length = 10007
[1] "C3" "C5" "C3" "C3" "C1" "C3"


Save iteration$nPlot: length = 1
[1] 10000


Save iteration$ArchRProj: length = 1

Save iteration$scaleDims: length = 1
[1] TRUE


Save iteration$corCutOff: length = 1
[1] 0.75


Save iteration$dimsToUse: length = 30
[1] 1 2 3 4 5 6


Save iteration$j: length = 1
[1] 1


Save iteration$threads: length = 1
[1] 16


Save iteration$outDir: length = 1
[1] "/maps/projects/ralab_nnfc-AUDIT/people/lpm537/project/E2G/analysis/E2G_240503/data/BMMC/2.Genome_wide_prediction/ArchR/BMMC5.merge.240528/ArchR/IterativeLSI"


Save iteration$logFile: length = 1
[1] "ArchRLogs/ArchR-addIterativeLSI-1d7ae61882a4bf-Date-2024-05-28_Time-19-57-51.077428.log"



************************************************************
2024-05-28 19:59:49.664769 : ERROR Found in .saveIteration for  
LogFile = ArchRLogs/ArchR-addIterativeLSI-1d7ae61882a4bf-Date-2024-05-28_Time-19-57-51.077428.log

<simpleError in g$grobs[[legend]]: no such index at level 2
>

2024-05-28 19:59:49.668937 : errorList, Class = list

errorList$: length = 1
                       
1 function (name)      
2 .Internal(args(name))


errorList$matSVD: nRows = 10007, nCols = 30
                             LSI1       LSI2        LSI3       LSI4      LSI5
s1d1#AAACATGCACTAAGTT-1 108.40459  15.339022  -1.5656964 -2.9414425  5.877341
s1d1#AAACCAACATTAAGCT-1  60.74871 -17.847705   2.8856093 -7.0158341 -0.940562
s1d1#AAACCGCGTAAACAAG-1  74.74398  13.905398  -0.1036051 -4.0547080  2.865783
s1d1#AAACCGCGTAAGCACC-1  70.81557  11.577764  -0.7235612 -0.5960395  8.319026
s1d1#AAACCGGCAGGCCATT-1  81.83979  -4.837133 -39.4939393  1.8109581 -3.784702


errorList$clusters: length = 10007
[1] "C3" "C5" "C3" "C3" "C1" "C3"


errorList$nPlot: length = 1
[1] 10000


errorList$ArchRProj: length = 1

errorList$scaleDims: length = 1
[1] TRUE


errorList$corCutOff: length = 1
[1] 0.75


errorList$dimsToUse: length = 30
[1] 1 2 3 4 5 6


errorList$j: length = 1
[1] 1


errorList$threads: length = 1
[1] 16


errorList$outDir: length = 1
[1] "/maps/projects/ralab_nnfc-AUDIT/people/lpm537/project/E2G/analysis/E2G_240503/data/BMMC/2.Genome_wide_prediction/ArchR/BMMC5.merge.240528/ArchR/IterativeLSI"


errorList$logFile: length = 1
[1] "ArchRLogs/ArchR-addIterativeLSI-1d7ae61882a4bf-Date-2024-05-28_Time-19-57-51.077428.log"



************************************************************

2024-05-28 19:59:49.72259 : Creating Cluster Matrix on the total Group Features, 1.96 mins elapsed.
2024-05-28 20:00:11.123467 : Computing Variable Features, 2.317 mins elapsed.
###########
2024-05-28 20:00:11.408159 : Running LSI (2 of 2) on Variable Features, 2.322 mins elapsed.
###########
2024-05-28 20:00:11.449776 : Creating Partial Matrix, 2.323 mins elapsed.
2024-05-28 20:00:36.142885 : Computing LSI, 2.734 mins elapsed.

2024-05-28 20:00:36.145607 : LSI Parameters, Class = list

LSI Parameters$: length = 1
                       
1 function (name)      
2 .Internal(args(name))


LSI Parameters$mat: nRows = 25000, nCols = 55479
LSI Parameters$mat: NonZeroEntries = 185849423, EntryRange = [ 1 , 1 ]
5 x 5 sparse Matrix of class "dgCMatrix"
     s3d10#GTAGCTGTCAGCAAAG-1 s3d10#AACTAGTGTTACCTGT-1 s3d10#CGGATAAAGTTAGGCT-1
[1,]                        .                        .                        .
[2,]                        1                        1                        1
[3,]                        .                        1                        1
[4,]                        1                        1                        1
[5,]                        1                        .                        1
     s3d10#CTAGCGGGTGATCAGC-1 s3d10#CTTCAGGAGTAAAGGT-1
[1,]                        .                        .
[2,]                        1                        1
[3,]                        1                        1
[4,]                        1                        .
[5,]                        .                        .


LSI Parameters$LSIMethod: length = 1
[1] 2


LSI Parameters$scaleTo: length = 1
[1] 10000


LSI Parameters$nDimensions: length = 1
[1] 30


LSI Parameters$binarize: length = 1
[1] TRUE


LSI Parameters$outlierQuantiles: length = 2
[1] 0.02 0.98


LSI Parameters$seed: length = 1
[1] 1


LSI Parameters$verbose: length = 1
[1] FALSE


LSI Parameters$tstart: length = 1
[1] "2024-05-28 19:57:52 CEST"


LSI Parameters$logFile: length = 1
[1] "ArchRLogs/ArchR-addIterativeLSI-1d7ae61882a4bf-Date-2024-05-28_Time-19-57-51.077428.log"


2024-05-28 20:00:37.697498 : Running LSI, Input Matrix = 2.235 GB, 2.76 mins elapsed.
2024-05-28 20:00:37.69995 : Binarizing Matrix, 2.76 mins elapsed.
2024-05-28 20:00:38.946067 : Computing Term Frequency, 2.781 mins elapsed.
2024-05-28 20:00:39.5937 : Filtering Outliers Based On Counts, 2.792 mins elapsed.
2024-05-28 20:00:40.317943 : Removing 0 Sum Rows, 2.804 mins elapsed.
2024-05-28 20:00:41.741034 : Computing Inverse Document Frequency, 2.828 mins elapsed.
2024-05-28 20:00:47.91792 : Computing SVD using irlba, 2.93 mins elapsed.
2024-05-28 20:01:34.617898 : Projecting Outliers with LSI-Projection (Granja* et al 2019), 3.709 mins elapsed.

2024-05-28 20:01:34.621312 : LSI-Projection Parameters, Class = list

LSI-Projection Parameters$: length = 1
                       
1 function (name)      
2 .Internal(args(name))


LSI-Projection Parameters$mat: nRows = 25000, nCols = 50
LSI-Projection Parameters$mat: NonZeroEntries = 357410, EntryRange = [ 1 , 1 ]
5 x 5 sparse Matrix of class "dgCMatrix"
     s3d10#TGTCCTGGTCATGCAA-1 s3d10#ATTGCACAGGACAATG-1 s3d10#CAATAAGCACCCACAG-1
[1,]                        .                        .                        .
[2,]                        .                        1                        1
[3,]                        .                        .                        .
[4,]                        .                        .                        .
[5,]                        .                        .                        .
     s3d10#TAGCAGGCACTTCACT-1 s3d10#AGTCTTGCATTGTCAG-1
[1,]                        .                        .
[2,]                        1                        .
[3,]                        .                        .
[4,]                        1                        .
[5,]                        1                        1


LSI-Projection Parameters$matSVD: nRows = 53253, nCols = 30
                              LSI1       LSI2       LSI3       LSI4       LSI5
s3d10#TGTCCTGGTCATGCAA-1 -116.2331 -0.5433752 -50.190351 -14.979075  -3.798671
s3d10#ATTGCACAGGACAATG-1 -114.2487 -2.7591831 -43.335588  -8.914870 -11.078056
s3d10#CAATAAGCACCCACAG-1 -106.6574  0.5531941 -49.916343 -13.770335 -11.527934
s3d10#TAGCAGGCACTTCACT-1 -115.7519  5.8112645  -4.949003   8.700533  -7.081418
s3d10#AGTCTTGCATTGTCAG-1 -114.0127  3.6134051 -11.278066   3.080266  -4.911978


LSI-Projection Parameters$returnModel: length = 1
[1] FALSE


LSI-Projection Parameters$verbose: length = 1
[1] FALSE


LSI-Projection Parameters$tstart: length = 0
NULL


LSI-Projection Parameters$logFile: length = 1
[1] "ArchRLogs/ArchR-addIterativeLSI-1d7ae61882a4bf-Date-2024-05-28_Time-19-57-51.077428.log"


2024-05-28 20:01:34.671343 : Projecting LSI, Input Matrix = 0.004 GB, 0 mins elapsed.
2024-05-28 20:01:34.673022 : Subsetting by Non-Zero features in inital Matrix, 0 mins elapsed.
2024-05-28 20:01:34.677788 : Binarizing Matrix, 0 mins elapsed.
2024-05-28 20:01:34.684412 : Computing Term Frequency, 0 mins elapsed.
2024-05-28 20:01:34.689141 : Computing Inverse Document Frequency, 0 mins elapsed.
2024-05-28 20:01:34.69101 : Computing TF-IDF Matrix, 0 mins elapsed.
2024-05-28 20:01:36.833937 : Calculating V Matrix, 0.036 mins elapsed.
2024-05-28 20:01:36.852018 : Computing Projected Coordinates, 0.036 mins elapsed.

2024-05-28 20:01:36.863033 : LSI-Projection Parameters, Class = list

LSI-Projection Parameters$: length = 1
                       
1 function (name)      
2 .Internal(args(name))


LSI-Projection Parameters$mat: nRows = 25000, nCols = 2226
LSI-Projection Parameters$mat: NonZeroEntries = 10845881, EntryRange = [ 1 , 1 ]
5 x 5 sparse Matrix of class "dgCMatrix"
     s3d10#GTAGCTGTCAGCAAAG-1 s3d10#AACTAGTGTTACCTGT-1 s3d10#CGGATAAAGTTAGGCT-1
[1,]                        .                        .                        .
[2,]                        1                        1                        1
[3,]                        .                        1                        1
[4,]                        1                        1                        1
[5,]                        1                        .                        1
     s3d10#CTAGCGGGTGATCAGC-1 s3d10#CTTCAGGAGTAAAGGT-1
[1,]                        .                        .
[2,]                        1                        1
[3,]                        1                        1
[4,]                        1                        .
[5,]                        .                        .


LSI-Projection Parameters$matSVD: nRows = 53253, nCols = 30
                              LSI1       LSI2       LSI3       LSI4       LSI5
s3d10#TGTCCTGGTCATGCAA-1 -116.2331 -0.5433752 -50.190351 -14.979075  -3.798671
s3d10#ATTGCACAGGACAATG-1 -114.2487 -2.7591831 -43.335588  -8.914870 -11.078056
s3d10#CAATAAGCACCCACAG-1 -106.6574  0.5531941 -49.916343 -13.770335 -11.527934
s3d10#TAGCAGGCACTTCACT-1 -115.7519  5.8112645  -4.949003   8.700533  -7.081418
s3d10#AGTCTTGCATTGTCAG-1 -114.0127  3.6134051 -11.278066   3.080266  -4.911978


LSI-Projection Parameters$returnModel: length = 1
[1] FALSE


LSI-Projection Parameters$verbose: length = 1
[1] FALSE


LSI-Projection Parameters$tstart: length = 0
NULL


LSI-Projection Parameters$logFile: length = 1
[1] "ArchRLogs/ArchR-addIterativeLSI-1d7ae61882a4bf-Date-2024-05-28_Time-19-57-51.077428.log"


2024-05-28 20:01:37.206389 : Projecting LSI, Input Matrix = 0.13 GB, 0 mins elapsed.
2024-05-28 20:01:37.209666 : Subsetting by Non-Zero features in inital Matrix, 0 mins elapsed.
2024-05-28 20:01:37.274968 : Binarizing Matrix, 0.001 mins elapsed.
2024-05-28 20:01:37.386425 : Computing Term Frequency, 0.003 mins elapsed.
2024-05-28 20:01:37.468854 : Computing Inverse Document Frequency, 0.004 mins elapsed.
2024-05-28 20:01:37.487893 : Computing TF-IDF Matrix, 0.005 mins elapsed.
2024-05-28 20:01:39.157968 : Calculating V Matrix, 0.033 mins elapsed.
2024-05-28 20:01:39.372253 : Computing Projected Coordinates, 0.036 mins elapsed.
2024-05-28 20:01:39.417295 : Finished LSI (TF-IDF SVD) using irlba, 3.789 mins elapsed.

2024-05-28 20:01:41.118647 : outLSI-2, Class = SimpleList

outLSI-2$matSVD: nRows = 55479, nCols = 30
                              LSI1      LSI2      LSI3       LSI4      LSI5
s3d10#GTAGCTGTCAGCAAAG-1 -147.6597 -6.515432 -46.97818  -6.742107 -26.93721
s3d10#AACTAGTGTTACCTGT-1 -144.9059 -3.989425 -68.93577 -17.789258 -22.56613
s3d10#CGGATAAAGTTAGGCT-1 -137.2870 -3.433584 -22.39318   3.749304 -10.31167
s3d10#CTAGCGGGTGATCAGC-1 -136.7515  1.329762 -62.20113 -20.468726 -12.64431
s3d10#CTTCAGGAGTAAAGGT-1 -136.3872 -0.755624 -49.21135  -7.602944 -21.24504


outLSI-2$rowSm: length = 25000
[1]   783 12134  9809  6407  7183  4512


outLSI-2$nCol: length = 1
[1] 53253


outLSI-2$exclude: length = 0
NULL


outLSI-2$idx: length = 25000
[1] 1 2 3 4 5 6


outLSI-2$u: nRows = 25000, nCols = 30
             [,1]          [,2]          [,3]          [,4]          [,5]
[1,] -0.001149744  0.0077193572  0.0012347231 -0.0006140367  0.0003883408
[2,] -0.008683630  0.0008182813  0.0008555748 -0.0005407206  0.0058093550
[3,] -0.007571399 -0.0024575662 -0.0003341682 -0.0019964518 -0.0031984707
[4,] -0.005741409 -0.0028188334  0.0022647421 -0.0009862944 -0.0009254328
[5,] -0.006196861 -0.0001284064 -0.0003235231  0.0176558195 -0.0013761501


outLSI-2$v: nRows = 53253, nCols = 30
             [,1]          [,2]         [,3]         [,4]         [,5]
[1,] -0.007085118 -0.0001207836 -0.012294719 -0.005380244 -0.002188073
[2,] -0.006964156 -0.0006133224 -0.010615564 -0.003202079 -0.006381072
[3,] -0.006501421  0.0001229662 -0.012227597 -0.004946084 -0.006640206
[4,] -0.007055787  0.0012917514 -0.001212317  0.003125092 -0.004078968
[5,] -0.006949773  0.0008032023 -0.002762695  0.001106382 -0.002829349


outLSI-2$binarize: length = 1
[1] TRUE


outLSI-2$scaleTo: length = 1
[1] 10000


outLSI-2$nDimensions: length = 1
[1] 30


outLSI-2$LSIMethod: length = 1
[1] 2


outLSI-2$outliers: length = 2226
[1] "s3d10#GTAGCTGTCAGCAAAG-1" "s3d10#AACTAGTGTTACCTGT-1"
[3] "s3d10#CGGATAAAGTTAGGCT-1" "s3d10#CTAGCGGGTGATCAGC-1"
[5] "s3d10#CTTCAGGAGTAAAGGT-1" "s3d10#CAGGTCCAGCCGCAAC-1"


outLSI-2$date: length = 1
[1] "2024-05-28"


outLSI-2$seed: length = 1
[1] 1


outLSI-2$scaleDims: length = 1
[1] TRUE


outLSI-2$useMatrix: length = 1
[1] "TileMatrix"


outLSI-2$tileSize: length = 1
[1] 500


2024-05-28 20:01:43.140908 : Finished Running IterativeLSI, 3.851 mins elapsed.
