
           ___      .______        ______  __    __  .______      
          /   \     |   _  \      /      ||  |  |  | |   _  \     
         /  ^  \    |  |_)  |    |  ,----'|  |__|  | |  |_)  |    
        /  /_\  \   |      /     |  |     |   __   | |      /     
       /  _____  \  |  |\  \\___ |  `----.|  |  |  | |  |\  \\___.
      /__/     \__\ | _| `._____| \______||__|  |__| | _| `._____|
    
Logging With ArchR!

Start Time : 2024-06-24 20:53:17.856213

------- ArchR Info

ArchRThreads = 16
ArchRGenome = Hg38

------- System Info

Computer OS = unix
Total Cores = 192

------- Session Info

R version 4.3.3 (2024-02-29)
Platform: x86_64-conda-linux-gnu (64-bit)
Running under: Red Hat Enterprise Linux 8.9 (Ootpa)

Matrix products: default
BLAS/LAPACK: /maps/projects/ralab/people/lpm537/software/anaconda3/envs/Notebook_E2G_240505/lib/libopenblasp-r0.3.27.so;  LAPACK version 3.12.0

Random number generation:
 RNG:     L'Ecuyer-CMRG 
 Normal:  Inversion 
 Sample:  Rejection 
 
locale:
 [1] LC_CTYPE=en_US.UTF-8       LC_NUMERIC=C              
 [3] LC_TIME=en_US.UTF-8        LC_COLLATE=en_US.UTF-8    
 [5] LC_MONETARY=en_US.UTF-8    LC_MESSAGES=en_US.UTF-8   
 [7] LC_PAPER=en_US.UTF-8       LC_NAME=C                 
 [9] LC_ADDRESS=C               LC_TELEPHONE=C            
[11] LC_MEASUREMENT=en_US.UTF-8 LC_IDENTIFICATION=C       

time zone: Europe/Copenhagen
tzcode source: system (glibc)

attached base packages:
 [1] parallel  stats4    grid      stats     graphics  grDevices utils    
 [8] datasets  methods   base     

other attached packages:
 [1] uwot_0.1.16                       nabor_0.5.0                      
 [3] BSgenome.Hsapiens.UCSC.hg38_1.4.5 BSgenome_1.68.0                  
 [5] rtracklayer_1.60.1                Biostrings_2.70.1                
 [7] XVector_0.42.0                    genomation_1.34.0                
 [9] Signac_1.13.0                     Seurat_5.0.3                     
[11] SeuratObject_5.0.1                sp_2.1-4                         
[13] rhdf5_2.44.0                      SummarizedExperiment_1.30.2      
[15] Biobase_2.60.0                    MatrixGenerics_1.12.3            
[17] Rcpp_1.0.12                       Matrix_1.6-5                     
[19] GenomicRanges_1.54.1              GenomeInfoDb_1.38.1              
[21] IRanges_2.36.0                    S4Vectors_0.40.2                 
[23] BiocGenerics_0.48.1               matrixStats_1.3.0                
[25] data.table_1.15.2                 stringr_1.5.1                    
[27] plyr_1.8.9                        magrittr_2.0.3                   
[29] ggplot2_3.5.1                     gtable_0.3.5                     
[31] gtools_3.9.5                      gridExtra_2.3                    
[33] ArchR_1.0.2                      

loaded via a namespace (and not attached):
  [1] RcppAnnoy_0.0.22         splines_4.3.3            later_1.3.2             
  [4] pbdZMQ_0.3-11            BiocIO_1.10.0            bitops_1.0-7            
  [7] tibble_3.2.1             polyclip_1.10-6          XML_3.99-0.16.1         
 [10] fastDummies_1.7.3        lifecycle_1.0.4          globals_0.16.3          
 [13] lattice_0.22-6           MASS_7.3-60              plotly_4.10.4           
 [16] plotrix_3.8-4            yaml_2.3.8               httpuv_1.6.15           
 [19] sctransform_0.4.1        spam_2.10-0              spatstat.sparse_3.0-3   
 [22] reticulate_1.36.1        cowplot_1.1.3            pbapply_1.7-2           
 [25] RColorBrewer_1.1-3       abind_1.4-5              zlibbioc_1.48.0         
 [28] Rtsne_0.17               purrr_1.0.2              RCurl_1.98-1.14         
 [31] GenomeInfoDbData_1.2.11  ggrepel_0.9.5            irlba_2.3.5.1           
 [34] listenv_0.9.1            spatstat.utils_3.0-4     goftest_1.2-3           
 [37] RSpectra_0.16-1          spatstat.random_3.2-3    fitdistrplus_1.1-11     
 [40] parallelly_1.37.1        leiden_0.4.3.1           codetools_0.2-20        
 [43] DelayedArray_0.26.7      RcppRoll_0.3.0           tidyselect_1.2.1        
 [46] farver_2.1.1             base64enc_0.1-3          spatstat.explore_3.2-6  
 [49] GenomicAlignments_1.36.0 jsonlite_1.8.8           progressr_0.14.0        
 [52] ggridges_0.5.6           survival_3.6-4           tools_4.3.3             
 [55] ica_1.0-3                glue_1.7.0               IRdisplay_1.1           
 [58] dplyr_1.1.4              withr_3.0.0              fastmap_1.1.1           
 [61] rhdf5filters_1.12.1      fansi_1.0.6              digest_0.6.35           
 [64] R6_2.5.1                 mime_0.12                seqPattern_1.34.0       
 [67] colorspace_2.1-0         Cairo_1.6-2              scattermore_1.2         
 [70] tensor_1.5               spatstat.data_3.0-4      utf8_1.2.4              
 [73] tidyr_1.3.1              generics_0.1.3           httr_1.4.7              
 [76] htmlwidgets_1.6.4        S4Arrays_1.2.1           pkgconfig_2.0.3         
 [79] impute_1.76.0            lmtest_0.9-40            htmltools_0.5.8.1       
 [82] dotCall64_1.1-1          scales_1.3.0             png_0.1-8               
 [85] tzdb_0.4.0               reshape2_1.4.4           rjson_0.2.21            
 [88] uuid_1.2-0               nlme_3.1-164             repr_1.1.7              
 [91] zoo_1.8-12               KernSmooth_2.23-22       miniUI_0.1.1.1          
 [94] restfulr_0.0.15          pillar_1.9.0             vctrs_0.6.5             
 [97] RANN_2.6.1               promises_1.3.0           xtable_1.8-4            
[100] cluster_2.1.6            evaluate_0.23            readr_2.1.5             
[103] cli_3.6.2                compiler_4.3.3           Rsamtools_2.18.0        
[106] rlang_1.1.3              crayon_1.5.2             future.apply_1.11.2     
[109] labeling_0.4.3           stringi_1.8.3            gridBase_0.4-7          
[112] viridisLite_0.4.2        deldir_2.0-4             BiocParallel_1.36.0     
[115] munsell_0.5.1            lazyeval_0.2.2           spatstat.geom_3.2-9     
[118] IRkernel_1.3.2           RcppHNSW_0.6.0           hms_1.1.3               
[121] patchwork_1.2.0          future_1.33.2            Rhdf5lib_1.22.1         
[124] shiny_1.8.1.1            ROCR_1.0-11              igraph_2.0.3            
[127] fastmatch_1.1-4         


------- Log Info


2024-06-24 20:53:18.160301 : addPeak2GeneLinks Input-Parameters, Class = list

addPeak2GeneLinks Input-Parameters$ArchRProj: length = 1

addPeak2GeneLinks Input-Parameters$reducedDims: length = 1
[1] "IterativeLSI"


addPeak2GeneLinks Input-Parameters$useMatrix: length = 1
[1] "GeneExpressionMatrix"


addPeak2GeneLinks Input-Parameters$dimsToUse: length = 30
[1] 1 2 3 4 5 6


addPeak2GeneLinks Input-Parameters$scaleDims: length = 0
NULL


addPeak2GeneLinks Input-Parameters$corCutOff: length = 1
[1] 0.75


addPeak2GeneLinks Input-Parameters$cellsToUse: length = 0
NULL


addPeak2GeneLinks Input-Parameters$k: length = 1
[1] 100


addPeak2GeneLinks Input-Parameters$knnIteration: length = 1
[1] 500


addPeak2GeneLinks Input-Parameters$overlapCutoff: length = 1
[1] 0.8


addPeak2GeneLinks Input-Parameters$maxDist: length = 1
[1] 1e+06


addPeak2GeneLinks Input-Parameters$scaleTo: length = 1
[1] 10000


addPeak2GeneLinks Input-Parameters$log2Norm: length = 1
[1] TRUE


addPeak2GeneLinks Input-Parameters$predictionCutoff: length = 1
[1] 0.4


addPeak2GeneLinks Input-Parameters$addEmpiricalPval: length = 1
[1] FALSE


addPeak2GeneLinks Input-Parameters$seed: length = 1
[1] 1


addPeak2GeneLinks Input-Parameters$threads: length = 1
[1] 16


addPeak2GeneLinks Input-Parameters$verbose: length = 1
[1] TRUE


addPeak2GeneLinks Input-Parameters$logFile: length = 1
[1] "ArchRLogs/ArchR-addPeak2GeneLinks-26cc6a75a051b7-Date-2024-06-24_Time-20-53-17.843859.log"


2024-06-24 20:53:18.233908 : Getting Available Matrices, 0.006 mins elapsed.
2024-06-24 20:53:21.046858 : Filtered Low Prediction Score Cells (0 of 18145, 0), 0.022 mins elapsed.

2024-06-24 20:53:21.08166 : peakSet, Class = GRanges
GRanges object with 303411 ranges and 3 metadata columns:
           seqnames              ranges strand |       idx        GC         N
              <Rle>           <IRanges>  <Rle> | <integer> <numeric> <numeric>
       [1]     chr1         10057-10601      * |         1    0.5596         0
       [2]     chr1       180665-181882      * |         2    0.6708         0
       [3]     chr1       191255-191955      * |         3    0.5877         0
       [4]     chr1       267886-268118      * |         4    0.5236         0
       [5]     chr1       271197-271524      * |         5    0.4421         0
       ...      ...                 ...    ... .       ...       ...       ...
  [303407]     chrX 156001461-156001911      * |      9592    0.5676         0
  [303408]     chrX 156002551-156002801      * |      9593    0.5498         0
  [303409]     chrX 156029380-156029530      * |      9594    0.6689         0
  [303410]     chrX 156029605-156030380      * |      9595    0.5619         0
  [303411]     chrX 156030498-156030791      * |      9596    0.5136         0
  -------
  seqinfo: 23 sequences from an unspecified genome; no seqlengths


2024-06-24 20:53:21.689453 : geneStart, Class = GRanges
GRanges object with 60626 ranges and 2 metadata columns:
          seqnames    ranges strand |            name     idx
             <Rle> <IRanges>  <Rle> |         <array> <array>
      [1]     chr1     12009      * |         DDX11L1       1
      [2]     chr1     17435      * |       MIR6859-1       2
      [3]     chr1     29553      * |     MIR1302-2HG       3
      [4]     chr1     29569      * |          WASH7P       4
      [5]     chr1     30365      * |       MIR1302-2       5
      ...      ...       ...    ... .             ...     ...
  [60622]     chrX 155986248      * |         TRPC6P1    2414
  [60623]     chrX 155997695      * |            IL9R    2415
  [60624]     chrX 156004217      * | ENSG00000270726    2416
  [60625]     chrX 156016836      * |          WASIR1    2417
  [60626]     chrX 156020960      * |          WASH6P    2418
  -------
  seqinfo: 23 sequences from an unspecified genome; no seqlengths

2024-06-24 20:53:21.753232 : Computing KNN, 0.034 mins elapsed.
2024-06-24 20:53:21.990005 : Identifying Non-Overlapping KNN pairs, 0.038 mins elapsed.
2024-06-24 20:53:23.894331 : Identified 495 Groupings!, 0.07 mins elapsed.
2024-06-24 20:53:23.97003 : Getting Group RNA Matrix, 0.071 mins elapsed.

2024-06-24 20:54:05.632871 : groupMatRNA, Class = matrix
 
2024-06-24 20:54:05.632871 : groupMatRNA, Class = array
   [,1] [,2] [,3] [,4]     [,5]
f1    0    0    0    0 0.000000
f2    0    0    0    0 0.000000
f3    0    0    0    0 0.000000
f4    0    0    0    0 2.616431
f5    0    0    0    0 0.000000

groupMatRNA: nRows = 60626, nCols = 495

2024-06-24 20:54:05.649772 : Getting Group ATAC Matrix, 0.765 mins elapsed.

2024-06-24 20:55:23.924622 : groupMatATAC, Class = matrix
 
2024-06-24 20:55:23.924622 : groupMatATAC, Class = array
   [,1] [,2] [,3] [,4] [,5]
f1    4    0    2    6    2
f2    2    2   11    6   12
f3    6    6    0    0   12
f4    7    2    0    0    2
f5    5    0    0    0    0

groupMatATAC: nRows = 303411, nCols = 495

2024-06-24 20:55:23.934797 : Normalizing Group Matrices, 2.07 mins elapsed.

2024-06-24 20:55:37.047705 : seRNA, Class = RangedSummarizedExperiment
class: RangedSummarizedExperiment 
dim: 60626 495 
metadata(1): KNNList
assays(2): RNA RawRNA
rownames(60626): f1 f2 ... f60625 f60626
rowData names(2): name idx
colnames: NULL
colData names(0):


2024-06-24 20:55:37.118566 : seATAC, Class = RangedSummarizedExperiment
class: RangedSummarizedExperiment 
dim: 303411 495 
metadata(1): KNNList
assays(2): ATAC RawATAC
rownames(303411): f1 f2 ... f303410 f303411
rowData names(3): idx GC N
colnames: NULL
colData names(0):

2024-06-24 20:55:40.376968 : Finding Peak Gene Pairings, 2.344 mins elapsed.
2024-06-24 20:55:47.064136 : Computing Correlations, 2.456 mins elapsed.
2024-06-24 20:57:11.059596 : Completed Peak2Gene Correlations!, 3.856 mins elapsed.

------- Completed

End Time : 2024-06-24 20:57:11.101408
Elapsed Time Minutes = 3.88685592015584
Elapsed Time Hours = 0.0647810575034883

-------



