
           ___      .______        ______  __    __  .______      
          /   \     |   _  \      /      ||  |  |  | |   _  \     
         /  ^  \    |  |_)  |    |  ,----'|  |__|  | |  |_)  |    
        /  /_\  \   |      /     |  |     |   __   | |      /     
       /  _____  \  |  |\  \\___ |  `----.|  |  |  | |  |\  \\___.
      /__/     \__\ | _| `._____| \______||__|  |__| | _| `._____|
    
Logging With ArchR!

Start Time : 2024-06-24 20:12:19.738797

------- ArchR Info

ArchRThreads = 16
ArchRGenome = Hg38

------- System Info

Computer OS = unix

------- Session Info

R version 4.3.3 (2024-02-29)
Platform: x86_64-conda-linux-gnu (64-bit)
Running under: Red Hat Enterprise Linux 8.9 (Ootpa)

Matrix products: default
BLAS/LAPACK: /maps/projects/ralab/people/lpm537/software/anaconda3/envs/Notebook_E2G_240505/lib/libopenblasp-r0.3.27.so;  LAPACK version 3.12.0

Random number generation:
 RNG:     L'Ecuyer-CMRG 
 Normal:  Inversion 
 Sample:  Rejection 
 
locale:
 [1] LC_CTYPE=en_US.UTF-8       LC_NUMERIC=C              
 [3] LC_TIME=en_US.UTF-8        LC_COLLATE=en_US.UTF-8    
 [5] LC_MONETARY=en_US.UTF-8    LC_MESSAGES=en_US.UTF-8   
 [7] LC_PAPER=en_US.UTF-8       LC_NAME=C                 
 [9] LC_ADDRESS=C               LC_TELEPHONE=C            
[11] LC_MEASUREMENT=en_US.UTF-8 LC_IDENTIFICATION=C       

time zone: Europe/Copenhagen
tzcode source: system (glibc)

attached base packages:
[1] stats4    grid      stats     graphics  grDevices utils     datasets 
[8] methods   base     

other attached packages:
 [1] BSgenome.Hsapiens.UCSC.hg38_1.4.5 BSgenome_1.68.0                  
 [3] rtracklayer_1.60.1                Biostrings_2.70.1                
 [5] XVector_0.42.0                    genomation_1.34.0                
 [7] Signac_1.13.0                     Seurat_5.0.3                     
 [9] SeuratObject_5.0.1                sp_2.1-4                         
[11] rhdf5_2.44.0                      SummarizedExperiment_1.30.2      
[13] Biobase_2.60.0                    MatrixGenerics_1.12.3            
[15] Rcpp_1.0.12                       Matrix_1.6-5                     
[17] GenomicRanges_1.54.1              GenomeInfoDb_1.38.1              
[19] IRanges_2.36.0                    S4Vectors_0.40.2                 
[21] BiocGenerics_0.48.1               matrixStats_1.3.0                
[23] data.table_1.15.2                 stringr_1.5.1                    
[25] plyr_1.8.9                        magrittr_2.0.3                   
[27] ggplot2_3.5.1                     gtable_0.3.5                     
[29] gtools_3.9.5                      gridExtra_2.3                    
[31] ArchR_1.0.2                      

loaded via a namespace (and not attached):
  [1] RcppAnnoy_0.0.22         splines_4.3.3            later_1.3.2             
  [4] pbdZMQ_0.3-11            BiocIO_1.10.0            bitops_1.0-7            
  [7] tibble_3.2.1             polyclip_1.10-6          XML_3.99-0.16.1         
 [10] fastDummies_1.7.3        lifecycle_1.0.4          globals_0.16.3          
 [13] lattice_0.22-6           MASS_7.3-60              plotly_4.10.4           
 [16] plotrix_3.8-4            yaml_2.3.8               httpuv_1.6.15           
 [19] sctransform_0.4.1        spam_2.10-0              spatstat.sparse_3.0-3   
 [22] reticulate_1.36.1        cowplot_1.1.3            pbapply_1.7-2           
 [25] RColorBrewer_1.1-3       abind_1.4-5              zlibbioc_1.48.0         
 [28] Rtsne_0.17               purrr_1.0.2              RCurl_1.98-1.14         
 [31] GenomeInfoDbData_1.2.11  ggrepel_0.9.5            irlba_2.3.5.1           
 [34] listenv_0.9.1            spatstat.utils_3.0-4     goftest_1.2-3           
 [37] RSpectra_0.16-1          spatstat.random_3.2-3    fitdistrplus_1.1-11     
 [40] parallelly_1.37.1        leiden_0.4.3.1           codetools_0.2-20        
 [43] DelayedArray_0.26.7      RcppRoll_0.3.0           tidyselect_1.2.1        
 [46] base64enc_0.1-3          spatstat.explore_3.2-6   GenomicAlignments_1.36.0
 [49] jsonlite_1.8.8           progressr_0.14.0         ggridges_0.5.6          
 [52] survival_3.6-4           tools_4.3.3              ica_1.0-3               
 [55] glue_1.7.0               IRdisplay_1.1            dplyr_1.1.4             
 [58] withr_3.0.0              fastmap_1.1.1            rhdf5filters_1.12.1     
 [61] fansi_1.0.6              digest_0.6.35            R6_2.5.1                
 [64] mime_0.12                seqPattern_1.34.0        colorspace_2.1-0        
 [67] scattermore_1.2          tensor_1.5               spatstat.data_3.0-4     
 [70] utf8_1.2.4               tidyr_1.3.1              generics_0.1.3          
 [73] httr_1.4.7               htmlwidgets_1.6.4        S4Arrays_1.2.1          
 [76] uwot_0.1.16              pkgconfig_2.0.3          impute_1.76.0           
 [79] lmtest_0.9-40            htmltools_0.5.8.1        dotCall64_1.1-1         
 [82] scales_1.3.0             png_0.1-8                tzdb_0.4.0              
 [85] reshape2_1.4.4           rjson_0.2.21             uuid_1.2-0              
 [88] nlme_3.1-164             repr_1.1.7               zoo_1.8-12              
 [91] KernSmooth_2.23-22       parallel_4.3.3           miniUI_0.1.1.1          
 [94] restfulr_0.0.15          pillar_1.9.0             vctrs_0.6.5             
 [97] RANN_2.6.1               promises_1.3.0           xtable_1.8-4            
[100] cluster_2.1.6            evaluate_0.23            readr_2.1.5             
[103] cli_3.6.2                compiler_4.3.3           Rsamtools_2.18.0        
[106] rlang_1.1.3              crayon_1.5.2             future.apply_1.11.2     
[109] stringi_1.8.3            gridBase_0.4-7           viridisLite_0.4.2       
[112] deldir_2.0-4             BiocParallel_1.36.0      munsell_0.5.1           
[115] lazyeval_0.2.2           spatstat.geom_3.2-9      IRkernel_1.3.2          
[118] RcppHNSW_0.6.0           hms_1.1.3                patchwork_1.2.0         
[121] future_1.33.2            Rhdf5lib_1.22.1          shiny_1.8.1.1           
[124] ROCR_1.0-11              igraph_2.0.3             fastmatch_1.1-4         


------- Log Info


2024-06-24 20:12:20.031021 : createArrowFiles Input-Parameters, Class = list

createArrowFiles Input-Parameters$inputFiles: length = 2
[1] "/maps/projects/ralab_nnfc-AUDIT/people/lpm537/project/E2G/processed/10x_multiome_230720/10x/cellranger_res/Multiome10x_05/outs/atac_fragments.tsv.gz"
[2] "/maps/projects/ralab_nnfc-AUDIT/people/lpm537/project/E2G/processed/10x_multiome_230720/10x/cellranger_res/Multiome10x_06/outs/atac_fragments.tsv.gz"


createArrowFiles Input-Parameters$sampleNames: length = 2
[1] "Multiome10x_05" "Multiome10x_06"


createArrowFiles Input-Parameters$outputNames: length = 2
[1] "Multiome10x_05" "Multiome10x_06"


createArrowFiles Input-Parameters$minTSS: length = 1
[1] 4


createArrowFiles Input-Parameters$minFrags: length = 1
[1] 1000


createArrowFiles Input-Parameters$maxFrags: length = 1
[1] 1e+05


createArrowFiles Input-Parameters$minFragSize: length = 1
[1] 10


createArrowFiles Input-Parameters$maxFragSize: length = 1
[1] 2000


createArrowFiles Input-Parameters$QCDir: length = 1
[1] "QualityControl"


createArrowFiles Input-Parameters$nucLength: length = 1
[1] 147


createArrowFiles Input-Parameters$promoterRegion: length = 2
[1] 2000  100


createArrowFiles Input-Parameters$excludeChr: length = 2
[1] "chrM" "chrY"


createArrowFiles Input-Parameters$nChunk: length = 1
[1] 5


createArrowFiles Input-Parameters$bcTag: length = 1
[1] "qname"


createArrowFiles Input-Parameters$gsubExpression: length = 0
NULL


createArrowFiles Input-Parameters$bamFlag: length = 0
NULL


createArrowFiles Input-Parameters$offsetPlus: length = 1
[1] 4


createArrowFiles Input-Parameters$offsetMinus: length = 1
[1] -5


createArrowFiles Input-Parameters$addTileMat: length = 1
[1] TRUE


createArrowFiles Input-Parameters$addGeneScoreMat: length = 1
[1] FALSE


createArrowFiles Input-Parameters$force: length = 1
[1] TRUE


createArrowFiles Input-Parameters$threads: length = 1
[1] 16


createArrowFiles Input-Parameters$parallelParam: length = 0
NULL


createArrowFiles Input-Parameters$subThreading: length = 1
[1] TRUE


createArrowFiles Input-Parameters$verbose: length = 1
[1] TRUE


createArrowFiles Input-Parameters$cleanTmp: length = 1
[1] TRUE


createArrowFiles Input-Parameters$logFile: length = 1
[1] "ArchRLogs/ArchR-createArrows-26cc6a54f98d05-Date-2024-06-24_Time-20-12-19.677625.log"


createArrowFiles Input-Parameters$filterFrags: length = 1
[1] 1000


createArrowFiles Input-Parameters$filterTSS: length = 1
[1] 4



2024-06-24 20:12:20.579857 : 
2024-06-24 20:12:20.598446 : Batch Execution w/ safelapply!, 0 mins elapsed.

###########
2024-06-24 20:12:20.751183 : Creating Arrow File Multiome10x_05.arrow (Multiome10x_05 : 1 of 2)
###########


2024-06-24 20:12:20.753378 : validBC, Class = character

validBC: length = 9226
[1] "AAACAGCCAACAACAA-1" "AAACAGCCACCGGCTA-1" "AAACAGCCAGGACACA-1"
[4] "AAACAGCCATCCTAGA-1" "AAACATGCAAAGGTAC-1" "AAACATGCAAATTCGT-1"



###########
2024-06-24 20:12:20.854661 : Creating Arrow File Multiome10x_06.arrow (Multiome10x_06 : 2 of 2)
###########


2024-06-24 20:12:20.90251 : 

2024-06-24 20:12:20.950303 : validBC, Class = character
2024-06-24 20:12:20.969392 : (Multiome10x_05 : 1 of 2) Arrow Exists! Overriding since force = TRUE!, 0.006 mins elapsed.

validBC: length = 8957
[1] "AAACAGCCAACAACAA-1" "AAACAGCCAAGGACCA-1" "AAACAGCCACAATGCC-1"
[4] "AAACAGCCATGAGCAG-1" "AAACATGCAAGATTCT-1" "AAACATGCACAACAAA-1"



2024-06-24 20:12:21.101692 : 
2024-06-24 20:12:21.129381 : (Multiome10x_06 : 2 of 2) Arrow Exists! Overriding since force = TRUE!, 0.009 mins elapsed.

2024-06-24 20:12:21.542579 : 
2024-06-24 20:12:21.580268 : (Multiome10x_05 : 1 of 2) Reading In Fragments from inputFiles (readMethod = tabix), 0.016 mins elapsed.
2024-06-24 20:12:21.615838 : (Multiome10x_05 : 1 of 2) Tabix Bed To Temporary File, 0.017 mins elapsed.

2024-06-24 20:12:21.736527 : 
2024-06-24 20:12:21.885536 : (Multiome10x_06 : 2 of 2) Reading In Fragments from inputFiles (readMethod = tabix), 0.021 mins elapsed.
2024-06-24 20:12:22.009794 : (Multiome10x_06 : 2 of 2) Tabix Bed To Temporary File, 0.023 mins elapsed.

2024-06-24 20:12:23.620054 : tileChromSizes, Class = GRanges
GRanges object with 120 ranges and 1 metadata column:
        seqnames              ranges strand |     chunkName
           <Rle>           <IRanges>  <Rle> |   <character>
    [1]     chr1          1-49791284      * |   chr1#chunk1
    [2]     chr1   49791285-99582568      * |   chr1#chunk2
    [3]     chr1  99582569-149373853      * |   chr1#chunk3
    [4]     chr1 149373854-199165137      * |   chr1#chunk4
    [5]     chr1 199165138-248956422      * |   chr1#chunk5
    ...      ...                 ...    ... .           ...
  [116]     chrY          1-11445483      * | chrY#chunk116
  [117]     chrY   11445484-22890966      * | chrY#chunk117
  [118]     chrY   22890967-34336449      * | chrY#chunk118
  [119]     chrY   34336450-45781932      * | chrY#chunk119
  [120]     chrY   45781933-57227415      * | chrY#chunk120
  -------
  seqinfo: 24 sequences from an unspecified genome; no seqlengths


2024-06-24 20:12:24.057685 : tileChromSizes, Class = GRanges
GRanges object with 120 ranges and 1 metadata column:
        seqnames              ranges strand |     chunkName
           <Rle>           <IRanges>  <Rle> |   <character>
    [1]     chr1          1-49791284      * |   chr1#chunk1
    [2]     chr1   49791285-99582568      * |   chr1#chunk2
    [3]     chr1  99582569-149373853      * |   chr1#chunk3
    [4]     chr1 149373854-199165137      * |   chr1#chunk4
    [5]     chr1 199165138-248956422      * |   chr1#chunk5
    ...      ...                 ...    ... .           ...
  [116]     chrY          1-11445483      * | chrY#chunk116
  [117]     chrY   11445484-22890966      * | chrY#chunk117
  [118]     chrY   22890967-34336449      * | chrY#chunk118
  [119]     chrY   34336450-45781932      * | chrY#chunk119
  [120]     chrY   45781933-57227415      * | chrY#chunk120
  -------
  seqinfo: 24 sequences from an unspecified genome; no seqlengths


2024-06-24 20:13:28.029292 : (Multiome10x_05 : 1 of 2) .tabixToTmp Fragments-Chunk-(1 of 120)-chr1:1-49791284, Class = data.table
 
2024-06-24 20:13:28.029292 : (Multiome10x_05 : 1 of 2) .tabixToTmp Fragments-Chunk-(1 of 120)-chr1:1-49791284, Class = data.frame
(Multiome10x_05 : 1 of 2) .tabixToTmp Fragments-Chunk-(1 of 120)-chr1:1-49791284: nRows = 10878094, nCols = 3
      V2    V3                 V4
   <num> <int>             <char>
1: 10002 10012 ACAGCCGGTTAGGTTG-1
2: 10068 10192 ACCCGCTGTTTGTCTA-1
3: 10068 10192 AGCGCTCAGTCAGTAC-1
4: 10068 10192 CACTAGCCAACAGCCT-1
5: 10072 10335 CAAGTTATCTCACACC-1
6: 10073 10339 AATTTGGTCATCAGTA-1



2024-06-24 20:13:28.070905 : (Multiome10x_05 : 1 of 2) .tabixToTmp Barcodes-Chunk-(1 of 120)-chr1:1-49791284, Class = character

(Multiome10x_05 : 1 of 2) .tabixToTmp Barcodes-Chunk-(1 of 120)-chr1:1-49791284: length = 222802
[1] "ACAGCCGGTTAGGTTG-1" "ACCCGCTGTTTGTCTA-1" "AGCGCTCAGTCAGTAC-1"
[4] "CACTAGCCAACAGCCT-1" "CAAGTTATCTCACACC-1" "AATTTGGTCATCAGTA-1"



2024-06-24 20:13:33.126463 : (Multiome10x_06 : 2 of 2) .tabixToTmp Fragments-Chunk-(1 of 120)-chr1:1-49791284, Class = data.table
 
2024-06-24 20:13:33.126463 : (Multiome10x_06 : 2 of 2) .tabixToTmp Fragments-Chunk-(1 of 120)-chr1:1-49791284, Class = data.frame
(Multiome10x_06 : 2 of 2) .tabixToTmp Fragments-Chunk-(1 of 120)-chr1:1-49791284: nRows = 10926607, nCols = 3
      V2    V3                 V4
   <num> <int>             <char>
1: 10002 10012 TGGACGGAGGCTGGCT-1
2: 10066 10346 ATTCCTAGTGTGTCCC-1
3: 10068 10210 CAACCCGCACTGGCCA-1
4: 10073 10185 CTATTGAAGTTCCTGC-1
5: 10073 10204 TGTATCGCAACACCTA-1
6: 10073 10333 CATAGGTTCATGCAAC-1



2024-06-24 20:13:33.326426 : (Multiome10x_06 : 2 of 2) .tabixToTmp Barcodes-Chunk-(1 of 120)-chr1:1-49791284, Class = character

(Multiome10x_06 : 2 of 2) .tabixToTmp Barcodes-Chunk-(1 of 120)-chr1:1-49791284: length = 222932
[1] "TGGACGGAGGCTGGCT-1" "ATTCCTAGTGTGTCCC-1" "CAACCCGCACTGGCCA-1"
[4] "CTATTGAAGTTCCTGC-1" "TGTATCGCAACACCTA-1" "CATAGGTTCATGCAAC-1"


2024-06-24 20:13:41.796755 : (Multiome10x_06 : 2 of 2) Reading TabixFile 14 Percent, 1.353 mins elapsed.
2024-06-24 20:13:44.3602 : (Multiome10x_05 : 1 of 2) Reading TabixFile 14 Percent, 1.396 mins elapsed.
2024-06-24 20:14:57.838502 : (Multiome10x_06 : 2 of 2) Reading TabixFile 28 Percent, 2.62 mins elapsed.
2024-06-24 20:15:00.914443 : (Multiome10x_05 : 1 of 2) Reading TabixFile 28 Percent, 2.672 mins elapsed.
2024-06-24 20:15:58.279251 : (Multiome10x_05 : 1 of 2) Reading TabixFile 42 Percent, 3.628 mins elapsed.
2024-06-24 20:15:58.990407 : (Multiome10x_06 : 2 of 2) Reading TabixFile 42 Percent, 3.64 mins elapsed.
2024-06-24 20:17:14.690588 : (Multiome10x_05 : 1 of 2) Reading TabixFile 57 Percent, 4.901 mins elapsed.
2024-06-24 20:17:17.291548 : (Multiome10x_06 : 2 of 2) Reading TabixFile 57 Percent, 4.945 mins elapsed.
2024-06-24 20:18:06.35535 : (Multiome10x_06 : 2 of 2) Reading TabixFile 71 Percent, 5.762 mins elapsed.
2024-06-24 20:18:08.760024 : (Multiome10x_05 : 1 of 2) Reading TabixFile 71 Percent, 5.803 mins elapsed.
2024-06-24 20:19:04.624402 : (Multiome10x_05 : 1 of 2) Reading TabixFile 85 Percent, 6.734 mins elapsed.
2024-06-24 20:19:05.377381 : (Multiome10x_06 : 2 of 2) Reading TabixFile 85 Percent, 6.746 mins elapsed.
2024-06-24 20:19:40.459704 : (Multiome10x_05 : 1 of 2) Reading TabixFile 99 Percent, 7.331 mins elapsed.
2024-06-24 20:19:41.853829 : (Multiome10x_06 : 2 of 2) Reading TabixFile 99 Percent, 7.354 mins elapsed.
2024-06-24 20:19:48.690229 : (Multiome10x_05 : 1 of 2) Parallel Hdf5 Linkage Temporary File, 7.468 mins elapsed.
2024-06-24 20:19:49.251555 : (Multiome10x_06 : 2 of 2) Parallel Hdf5 Linkage Temporary File, 7.478 mins elapsed.
2024-06-24 20:19:54.739477 : (Multiome10x_05 : 1 of 2) Successful creation of Temporary File, 7.569 mins elapsed.
2024-06-24 20:19:54.743182 : (Multiome10x_06 : 2 of 2) Successful creation of Temporary File, 7.569 mins elapsed.
2024-06-24 20:19:54.746598 : (Multiome10x_05 : 1 of 2) Creating ArrowFile From Temporary File, 7.569 mins elapsed.
2024-06-24 20:19:54.748198 : (Multiome10x_06 : 2 of 2) Creating ArrowFile From Temporary File, 7.569 mins elapsed.

2024-06-24 20:19:55.390013 : (Multiome10x_06 : 2 of 2) chunkChrNames, Class = data.frame
(Multiome10x_06 : 2 of 2) chunkChrNames: nRows = 118, nCols = 1
     chunkNames
1   chr1#chunk1
2   chr1#chunk2
3   chr1#chunk3
4   chr1#chunk4
5   chr1#chunk5
6 chr10#chunk46


2024-06-24 20:19:55.508852 : (Multiome10x_06 : 2 of 2) Counting Unique Barcodes From Temporary File, 7.582 mins elapsed.

2024-06-24 20:19:55.539517 : (Multiome10x_05 : 1 of 2) chunkChrNames, Class = data.frame
(Multiome10x_05 : 1 of 2) chunkChrNames: nRows = 118, nCols = 1
     chunkNames
1   chr1#chunk1
2   chr1#chunk2
3   chr1#chunk3
4   chr1#chunk4
5   chr1#chunk5
6 chr10#chunk46


2024-06-24 20:19:55.569026 : (Multiome10x_05 : 1 of 2) Counting Unique Barcodes From Temporary File, 7.583 mins elapsed.

2024-06-24 20:19:58.02026 : (Multiome10x_05 : 1 of 2) BarcodeFrequencyTable, Class = data.table
 
2024-06-24 20:19:58.02026 : (Multiome10x_05 : 1 of 2) BarcodeFrequencyTable, Class = data.frame
(Multiome10x_05 : 1 of 2) BarcodeFrequencyTable: nRows = 9226, nCols = 2
            values.V1     V1
               <char>  <int>
1: GAAGGCTAGGCAAGTA-1 671957
2: CACTAAGGTATTGTCC-1 184444
3: TAGTTGTCAAACCCTA-1 159462
4: CTCTAAGCAAGGACCA-1 152146
5: GCTTAACAGCTTATGA-1 151682
6: GTCGAGGAGTGAACGA-1 146296



2024-06-24 20:19:58.048585 : (Multiome10x_05 : 1 of 2) BarcodesMinMaxFrags, Class = data.frame
(Multiome10x_05 : 1 of 2) BarcodesMinMaxFrags: nRows = 9214, nCols = 1
                  bc
1 GCTGTACCAATCATGT-1
2 TTATCCGTCTTAATGG-1
3 CGCTAATAGCTGAGGG-1
4 TCAAGGAAGTAGAGGC-1
5 GTTTGTCGTTTGCAGA-1
6 GAGCTTGTCAATCTCT-1



2024-06-24 20:19:58.376871 : (Multiome10x_06 : 2 of 2) BarcodeFrequencyTable, Class = data.table
 
2024-06-24 20:19:58.376871 : (Multiome10x_06 : 2 of 2) BarcodeFrequencyTable, Class = data.frame
(Multiome10x_06 : 2 of 2) BarcodeFrequencyTable: nRows = 8957, nCols = 2
            values.V1      V1
               <char>   <int>
1: GACTTACAGGGATGAC-1 1286406
2: AACCTAATCATTAGTG-1 1016868
3: TGAGGGAGTCGTTACT-1  567996
4: AAGTTTGTCCACCCTG-1  181846
5: TGTTGGCCACTTAGGC-1  171537
6: GTTCATTTCATTCATC-1  157046



2024-06-24 20:19:58.404401 : (Multiome10x_06 : 2 of 2) BarcodesMinMaxFrags, Class = data.frame
(Multiome10x_06 : 2 of 2) BarcodesMinMaxFrags: nRows = 8931, nCols = 1
                  bc
1 GTTACGCCAATAGCAA-1
2 GGTCTTTGTTGCTGGG-1
3 GTACTTAAGCATGCAT-1
4 CGCATATAGATGGACA-1
5 CTGTAACAGGGATGAC-1
6 CTCCTGAGTCATTACC-1



2024-06-24 20:19:59.864842 : (Multiome10x_05 : 1 of 2) Unique Chromosomes, Class = data.frame
(Multiome10x_05 : 1 of 2) Unique Chromosomes: nRows = 24, nCols = 1
   chr
1 chr1
2 chr2
3 chr3
4 chr4
5 chr5
6 chr6


2024-06-24 20:20:00.010323 : (Multiome10x_05 : 1 of 2) Adding Chromosome 1 of 24, 7.657 mins elapsed.
2024-06-24 20:20:00.136408 : (Multiome10x_05 : 1 of 2) Adding Chromosome 2 of 24, 7.659 mins elapsed.
2024-06-24 20:20:00.268774 : (Multiome10x_05 : 1 of 2) Adding Chromosome 3 of 24, 7.661 mins elapsed.

2024-06-24 20:20:00.356077 : (Multiome10x_06 : 2 of 2) Unique Chromosomes, Class = data.frame
(Multiome10x_06 : 2 of 2) Unique Chromosomes: nRows = 24, nCols = 1
   chr
1 chr1
2 chr2
3 chr3
4 chr4
5 chr5
6 chr6


2024-06-24 20:20:00.391912 : (Multiome10x_05 : 1 of 2) Adding Chromosome 4 of 24, 7.663 mins elapsed.
2024-06-24 20:20:00.534828 : (Multiome10x_06 : 2 of 2) Adding Chromosome 1 of 24, 7.666 mins elapsed.
2024-06-24 20:20:00.566141 : (Multiome10x_05 : 1 of 2) Adding Chromosome 5 of 24, 7.666 mins elapsed.
2024-06-24 20:20:00.680975 : (Multiome10x_06 : 2 of 2) Adding Chromosome 2 of 24, 7.668 mins elapsed.
2024-06-24 20:20:00.731315 : (Multiome10x_05 : 1 of 2) Adding Chromosome 6 of 24, 7.669 mins elapsed.
2024-06-24 20:20:00.821851 : (Multiome10x_06 : 2 of 2) Adding Chromosome 3 of 24, 7.67 mins elapsed.
2024-06-24 20:20:00.857023 : (Multiome10x_05 : 1 of 2) Adding Chromosome 7 of 24, 7.671 mins elapsed.
2024-06-24 20:20:00.956781 : (Multiome10x_06 : 2 of 2) Adding Chromosome 4 of 24, 7.673 mins elapsed.
2024-06-24 20:20:00.985685 : (Multiome10x_05 : 1 of 2) Adding Chromosome 8 of 24, 7.673 mins elapsed.
2024-06-24 20:20:01.095989 : (Multiome10x_06 : 2 of 2) Adding Chromosome 5 of 24, 7.675 mins elapsed.
2024-06-24 20:20:01.231791 : (Multiome10x_06 : 2 of 2) Adding Chromosome 6 of 24, 7.677 mins elapsed.
2024-06-24 20:20:01.367648 : (Multiome10x_06 : 2 of 2) Adding Chromosome 7 of 24, 7.68 mins elapsed.
2024-06-24 20:20:01.513064 : (Multiome10x_06 : 2 of 2) Adding Chromosome 8 of 24, 7.682 mins elapsed.
2024-06-24 20:20:16.048004 : (Multiome10x_05 : 1 of 2) Adding Chromosome 9 of 24, 7.924 mins elapsed.
2024-06-24 20:20:16.505432 : (Multiome10x_05 : 1 of 2) Adding Chromosome 10 of 24, 7.932 mins elapsed.
2024-06-24 20:20:17.375316 : (Multiome10x_06 : 2 of 2) Adding Chromosome 9 of 24, 7.946 mins elapsed.
2024-06-24 20:20:17.742466 : (Multiome10x_05 : 1 of 2) Adding Chromosome 11 of 24, 7.952 mins elapsed.
2024-06-24 20:20:19.813195 : (Multiome10x_06 : 2 of 2) Adding Chromosome 10 of 24, 7.987 mins elapsed.

2024-06-24 20:20:20.177446 : (Multiome10x_06 : 2 of 2) .tmpToArrow Fragments-Chr-(1 of 24)-chr1, Class = IRanges

(Multiome10x_06 : 2 of 2) .tmpToArrow Fragments-Chr-(1 of 24)-chr1: length = 18534895
2024-06-24 20:20:20.349418 : (Multiome10x_05 : 1 of 2) Adding Chromosome 12 of 24, 7.996 mins elapsed.
IRanges object with 6 ranges and 1 metadata column:
          start       end     width |                 RG
      <integer> <integer> <integer> |              <Rle>
  [1]    634005    634069        65 | GTTACGCCAATAGCAA-1
  [2]    778638    778710        73 | GTTACGCCAATAGCAA-1
  [3]    778711    778808        98 | GTTACGCCAATAGCAA-1
  [4]    838094    838255       162 | GTTACGCCAATAGCAA-1
  [5]    905207    905487       281 | GTTACGCCAATAGCAA-1
  [6]    905676    905710        35 | GTTACGCCAATAGCAA-1



2024-06-24 20:20:20.889576 : (Multiome10x_06 : 2 of 2) .tmpToArrow Barcodes-Chr-(1 of 24)-chr1, Class = data.frame

2024-06-24 20:20:20.891997 : (Multiome10x_05 : 1 of 2) .tmpToArrow Fragments-Chr-(1 of 24)-chr1, Class = IRanges
(Multiome10x_06 : 2 of 2) .tmpToArrow Barcodes-Chr-(1 of 24)-chr1: nRows = 8931, nCols = 1

                  bc
1 GTTACGCCAATAGCAA-1
2 GGTCTTTGTTGCTGGG-1
3 GTACTTAAGCATGCAT-1
4 CGCATATAGATGGACA-1
5 CTGTAACAGGGATGAC-1
6 CTCCTGAGTCATTACC-1

(Multiome10x_05 : 1 of 2) .tmpToArrow Fragments-Chr-(1 of 24)-chr1: length = 18524871

IRanges object with 6 ranges and 1 metadata column:
          start       end     width |                 RG
      <integer> <integer> <integer> |              <Rle>
  [1]    633905    634050       146 | GCTGTACCAATCATGT-1
  [2]    633995    634044        50 | GCTGTACCAATCATGT-1
  [3]    634006    634069        64 | GCTGTACCAATCATGT-1
  [4]    778396    778566       171 | GCTGTACCAATCATGT-1
  [5]    778437    778623       187 | GCTGTACCAATCATGT-1
  [6]    778638    778712        75 | GCTGTACCAATCATGT-1



2024-06-24 20:20:21.356825 : (Multiome10x_05 : 1 of 2) .tmpToArrow Barcodes-Chr-(1 of 24)-chr1, Class = data.frame
(Multiome10x_05 : 1 of 2) .tmpToArrow Barcodes-Chr-(1 of 24)-chr1: nRows = 9214, nCols = 1
                  bc
1 GCTGTACCAATCATGT-1
2 TTATCCGTCTTAATGG-1
3 CGCTAATAGCTGAGGG-1
4 TCAAGGAAGTAGAGGC-1
5 GTTTGTCGTTTGCAGA-1
6 GAGCTTGTCAATCTCT-1


2024-06-24 20:20:21.513409 : (Multiome10x_05 : 1 of 2) Adding Chromosome 13 of 24, 8.015 mins elapsed.
2024-06-24 20:20:21.789131 : (Multiome10x_06 : 2 of 2) Adding Chromosome 11 of 24, 8.02 mins elapsed.
2024-06-24 20:20:22.2751 : (Multiome10x_06 : 2 of 2) Adding Chromosome 12 of 24, 8.028 mins elapsed.
2024-06-24 20:20:22.52129 : (Multiome10x_06 : 2 of 2) Adding Chromosome 13 of 24, 8.032 mins elapsed.
2024-06-24 20:20:23.729898 : (Multiome10x_06 : 2 of 2) Adding Chromosome 14 of 24, 8.052 mins elapsed.
2024-06-24 20:20:23.973597 : (Multiome10x_05 : 1 of 2) Adding Chromosome 14 of 24, 8.056 mins elapsed.
2024-06-24 20:20:24.490517 : (Multiome10x_06 : 2 of 2) Adding Chromosome 15 of 24, 8.065 mins elapsed.
2024-06-24 20:20:24.56679 : (Multiome10x_05 : 1 of 2) Adding Chromosome 15 of 24, 8.066 mins elapsed.
2024-06-24 20:20:28.89255 : (Multiome10x_05 : 1 of 2) Adding Chromosome 16 of 24, 8.138 mins elapsed.
2024-06-24 20:20:30.912892 : (Multiome10x_06 : 2 of 2) Adding Chromosome 16 of 24, 8.172 mins elapsed.
2024-06-24 20:20:35.518207 : (Multiome10x_05 : 1 of 2) Adding Chromosome 17 of 24, 8.249 mins elapsed.
2024-06-24 20:20:35.915993 : (Multiome10x_05 : 1 of 2) Adding Chromosome 18 of 24, 8.255 mins elapsed.
2024-06-24 20:20:36.139231 : (Multiome10x_06 : 2 of 2) Adding Chromosome 17 of 24, 8.259 mins elapsed.
2024-06-24 20:20:36.297742 : (Multiome10x_05 : 1 of 2) Adding Chromosome 19 of 24, 8.262 mins elapsed.
2024-06-24 20:20:37.708734 : (Multiome10x_06 : 2 of 2) Adding Chromosome 18 of 24, 8.285 mins elapsed.
2024-06-24 20:20:39.436945 : (Multiome10x_06 : 2 of 2) Adding Chromosome 19 of 24, 8.314 mins elapsed.
2024-06-24 20:20:39.719545 : (Multiome10x_05 : 1 of 2) Adding Chromosome 20 of 24, 8.319 mins elapsed.
2024-06-24 20:20:39.856456 : (Multiome10x_05 : 1 of 2) Adding Chromosome 21 of 24, 8.321 mins elapsed.
2024-06-24 20:20:39.996004 : (Multiome10x_05 : 1 of 2) Adding Chromosome 22 of 24, 8.323 mins elapsed.
2024-06-24 20:20:40.024042 : (Multiome10x_06 : 2 of 2) Adding Chromosome 20 of 24, 8.324 mins elapsed.
2024-06-24 20:20:40.684721 : (Multiome10x_06 : 2 of 2) Adding Chromosome 21 of 24, 8.335 mins elapsed.
2024-06-24 20:20:41.630485 : (Multiome10x_05 : 1 of 2) Adding Chromosome 23 of 24, 8.351 mins elapsed.
2024-06-24 20:20:43.164509 : (Multiome10x_06 : 2 of 2) Adding Chromosome 22 of 24, 8.376 mins elapsed.
2024-06-24 20:20:43.403863 : (Multiome10x_06 : 2 of 2) Adding Chromosome 23 of 24, 8.38 mins elapsed.
2024-06-24 20:20:45.05763 : (Multiome10x_05 : 1 of 2) Adding Chromosome 24 of 24, 8.408 mins elapsed.
2024-06-24 20:20:46.986121 : (Multiome10x_06 : 2 of 2) Adding Chromosome 24 of 24, 8.44 mins elapsed.
2024-06-24 20:20:57.386072 : (Multiome10x_05 : 1 of 2) Parallel Hdf5 Linkage Arrow File, 8.613 mins elapsed.
2024-06-24 20:20:58.895234 : (Multiome10x_06 : 2 of 2) Parallel Hdf5 Linkage Arrow File, 8.638 mins elapsed.
2024-06-24 20:21:05.594313 : (Multiome10x_05 : 1 of 2) Successful creation of Arrow File, 8.75 mins elapsed.
2024-06-24 20:21:06.410728 : (Multiome10x_06 : 2 of 2) Successful creation of Arrow File, 8.763 mins elapsed.
2024-06-24 20:21:08.297448 : (Multiome10x_05 : 1 of 2) Adding Fragment Summary, 8.795 mins elapsed.
2024-06-24 20:21:09.146248 : (Multiome10x_06 : 2 of 2) Adding Fragment Summary, 8.809 mins elapsed.
2024-06-24 20:21:58.93001 : (Multiome10x_06 : 2 of 2) Plotting Fragment Size Distribution, 9.639 mins elapsed.
2024-06-24 20:21:59.489444 : Continuing through after error ggplot for Fragment Size Distribution, 9.648 mins elapsed.
2024-06-24 20:22:02.054784 : (Multiome10x_06 : 2 of 2) Computing TSS Enrichment Scores, 9.691 mins elapsed.
2024-06-24 20:22:04.507816 : (Multiome10x_05 : 1 of 2) Plotting Fragment Size Distribution, 9.732 mins elapsed.
2024-06-24 20:22:04.836912 : Continuing through after error ggplot for Fragment Size Distribution, 9.737 mins elapsed.
2024-06-24 20:22:08.339951 : (Multiome10x_05 : 1 of 2) Computing TSS Enrichment Scores, 9.796 mins elapsed.
2024-06-24 20:22:57.055224 : (Multiome10x_06 : 2 of 2) Computed TSS Scores!, 0.917 mins elapsed.
2024-06-24 20:22:57.074554 : (Multiome10x_06 : 2 of 2) CellStats : Number of Cells Pass Filter = 8931 , 10.608 mins elapsed.
2024-06-24 20:22:57.081692 : (Multiome10x_06 : 2 of 2) CellStats : Median Frags = 18932 , 10.608 mins elapsed.
2024-06-24 20:22:57.088581 : (Multiome10x_06 : 2 of 2) CellStats : Median TSS Enrichment = 18.565 , 10.608 mins elapsed.
2024-06-24 20:22:57.090063 : (Multiome10x_06 : 2 of 2) Plotting TSS Enrichment Scores, 10.608 mins elapsed.
2024-06-24 20:23:01.88967 : Continuing through after error ggplot for TSS by Frags, 10.688 mins elapsed.
2024-06-24 20:23:01.900121 : (Multiome10x_06 : 2 of 2) Adding Metadata to Fragments, 10.688 mins elapsed.
2024-06-24 20:23:04.212661 : (Multiome10x_06 : 2 of 2) Adding Additional Feature Counts!, 10.727 mins elapsed.
2024-06-24 20:23:04.871192 : (Multiome10x_05 : 1 of 2) Computed TSS Scores!, 0.942 mins elapsed.
2024-06-24 20:23:04.890847 : (Multiome10x_05 : 1 of 2) CellStats : Number of Cells Pass Filter = 9214 , 10.738 mins elapsed.
2024-06-24 20:23:04.899126 : (Multiome10x_05 : 1 of 2) CellStats : Median Frags = 18350 , 10.738 mins elapsed.
2024-06-24 20:23:04.906575 : (Multiome10x_05 : 1 of 2) CellStats : Median TSS Enrichment = 17.9455 , 10.738 mins elapsed.
2024-06-24 20:23:04.907923 : (Multiome10x_05 : 1 of 2) Plotting TSS Enrichment Scores, 10.739 mins elapsed.
2024-06-24 20:23:05.848649 : Continuing through after error ggplot for TSS by Frags, 10.754 mins elapsed.
2024-06-24 20:23:05.855465 : (Multiome10x_05 : 1 of 2) Adding Metadata to Fragments, 10.754 mins elapsed.
2024-06-24 20:23:09.351561 : (Multiome10x_05 : 1 of 2) Adding Additional Feature Counts!, 10.812 mins elapsed.
2024-06-24 20:23:48.348015 : (Multiome10x_06 : 2 of 2) Finished Adding Additional Feature Counts!, 11.463 mins elapsed.

2024-06-24 20:23:48.350717 : (Multiome10x_06 : 2 of 2) Metadata, Class = DFrame
DataFrame with 8931 rows and 12 columns
                  cellNames    nFrags nMonoFrags  nDiFrags nMultiFrags
                <character> <numeric>  <numeric> <numeric>   <numeric>
1    Multiome10x_06#GTTAC..     99460      45077     40361       14022
2    Multiome10x_06#GGTCT..     99330      42525     42721       14084
3    Multiome10x_06#GTACT..     98564      46293     38717       13554
4    Multiome10x_06#CGCAT..     97387      37047     45649       14691
5    Multiome10x_06#CTGTA..     94883      51870     31429       11584
...                     ...       ...        ...       ...         ...
8927 Multiome10x_06#GGGAT..      1014        364       499         151
8928 Multiome10x_06#ACATT..      1013        576       327         110
8929 Multiome10x_06#TGGTT..      1006        549       340         117
8930 Multiome10x_06#AATGG..      1002        558       324         120
8931 Multiome10x_06#CACAT..      1001        610       296          95
     TSSEnrichment ReadsInTSS      Keep ReadsInPromoter PromoterRatio
         <numeric>  <numeric> <numeric>       <numeric>     <numeric>
1           14.750      40648         1           37515      0.188593
2           13.640      51647         1           48578      0.244528
3           16.819      60270         1           53990      0.273883
4           13.637      38201         1           35838      0.183998
5           16.636      65040         1           58965      0.310725
...            ...        ...       ...             ...           ...
8927        13.793        404         1             355      0.175049
8928        16.608        889         1             829      0.409181
8929        16.120        521         1             498      0.247515
8930        14.130        578         1             540      0.269461
8931        14.318        658         1             626      0.312687
     ReadsInBlacklist BlacklistRatio
            <numeric>      <numeric>
1                1338     0.00672632
2                1151     0.00579382
3                1346     0.00682805
4                1415     0.00726483
5                1273     0.00670826
...               ...            ...
8927               12     0.00591716
8928               20     0.00987167
8929                6     0.00298211
8930               30     0.01497006
8931               22     0.01098901

2024-06-24 20:23:48.865356 : (Multiome10x_06 : 2 of 2) Removing Fragments from Filtered Cells, 11.471 mins elapsed.
2024-06-24 20:23:48.884059 : (Multiome10x_06 : 2 of 2) Creating Filtered Arrow File, 11.471 mins elapsed.

2024-06-24 20:23:53.917554 : (Multiome10x_06 : 2 of 2) .filterCellsFromArrow Fragments-Chr-(1 of 24)-chr1, Class = GRanges
GRanges object with 18534895 ranges and 1 metadata column:
             seqnames              ranges strand |                     RG
                <Rle>           <IRanges>  <Rle> |                  <Rle>
         [1]     chr1       634005-634069      * | Multiome10x_06#GTTAC..
         [2]     chr1       778638-778710      * | Multiome10x_06#GTTAC..
         [3]     chr1       778711-778808      * | Multiome10x_06#GTTAC..
         [4]     chr1       838094-838255      * | Multiome10x_06#GTTAC..
         [5]     chr1       905207-905487      * | Multiome10x_06#GTTAC..
         ...      ...                 ...    ... .                    ...
  [18534891]     chr1 234851611-234851718      * | Multiome10x_06#CACAT..
  [18534892]     chr1 235160973-235161166      * | Multiome10x_06#CACAT..
  [18534893]     chr1 236156729-236156826      * | Multiome10x_06#CACAT..
  [18534894]     chr1 247136489-247136663      * | Multiome10x_06#CACAT..
  [18534895]     chr1 247457392-247457641      * | Multiome10x_06#CACAT..
  -------
  seqinfo: 1 sequence from an unspecified genome; no seqlengths


2024-06-24 20:23:54.482096 : (Multiome10x_06 : 2 of 2) .filterCellsFromArrow Barcodes-Chr-(1 of 24)-chr1, Class = data.frame
(Multiome10x_06 : 2 of 2) .filterCellsFromArrow Barcodes-Chr-(1 of 24)-chr1: nRows = 8931, nCols = 1
                                 bc
1 Multiome10x_06#GTTACGCCAATAGCAA-1
2 Multiome10x_06#GGTCTTTGTTGCTGGG-1
3 Multiome10x_06#GTACTTAAGCATGCAT-1
4 Multiome10x_06#CGCATATAGATGGACA-1
5 Multiome10x_06#CTGTAACAGGGATGAC-1
6 Multiome10x_06#CTCCTGAGTCATTACC-1


2024-06-24 20:23:56.817889 : (Multiome10x_05 : 1 of 2) Finished Adding Additional Feature Counts!, 11.604 mins elapsed.

2024-06-24 20:23:56.966915 : (Multiome10x_05 : 1 of 2) Metadata, Class = DFrame
DataFrame with 9214 rows and 12 columns
                  cellNames    nFrags nMonoFrags  nDiFrags nMultiFrags
                <character> <numeric>  <numeric> <numeric>   <numeric>
1    Multiome10x_05#GCTGT..     97645      42015     40922       14708
2    Multiome10x_05#TTATC..     94815      46846     35020       12949
3    Multiome10x_05#CGCTA..     91791      41994     37317       12480
4    Multiome10x_05#TCAAG..     91136      43155     34885       13096
5    Multiome10x_05#GTTTG..     90577      44184     33459       12934
...                     ...       ...        ...       ...         ...
9210 Multiome10x_05#TAGCT..      1034        537       357         140
9211 Multiome10x_05#AGCGG..      1020        538       331         151
9212 Multiome10x_05#CAGGA..      1020        519       342         159
9213 Multiome10x_05#TGCAC..      1013        410       465         138
9214 Multiome10x_05#GGCTG..      1010        468       400         142
     TSSEnrichment ReadsInTSS      Keep ReadsInPromoter PromoterRatio
         <numeric>  <numeric> <numeric>       <numeric>     <numeric>
1           15.738      61762         1           56318      0.288381
2           16.936      66470         1           61270      0.323103
3           13.470      42591         1           40400      0.220065
4           16.223      49427         1           44673      0.245090
5           13.702      44576         1           42513      0.234679
...            ...        ...       ...             ...           ...
9210        27.063        984         1             803      0.388298
9211        19.453        835         1             753      0.369118
9212        20.560        841         1             729      0.357353
9213        10.867        450         1             416      0.205331
9214        16.252        911         1             740      0.366337
     ReadsInBlacklist BlacklistRatio
            <numeric>      <numeric>
1                1352     0.00692304
2                1235     0.00651268
3                1429     0.00778399
4                1107     0.00607334
5                1045     0.00576857
...               ...            ...
9210               16     0.00773694
9211               31     0.01519608
9212               12     0.00588235
9213               18     0.00888450
9214               20     0.00990099

2024-06-24 20:23:57.542028 : (Multiome10x_05 : 1 of 2) Removing Fragments from Filtered Cells, 11.616 mins elapsed.
2024-06-24 20:23:57.768158 : (Multiome10x_05 : 1 of 2) Creating Filtered Arrow File, 11.619 mins elapsed.

2024-06-24 20:24:03.94883 : (Multiome10x_05 : 1 of 2) .filterCellsFromArrow Fragments-Chr-(1 of 24)-chr1, Class = GRanges
GRanges object with 18524871 ranges and 1 metadata column:
             seqnames              ranges strand |                     RG
                <Rle>           <IRanges>  <Rle> |                  <Rle>
         [1]     chr1       633905-634050      * | Multiome10x_05#GCTGT..
         [2]     chr1       633995-634044      * | Multiome10x_05#GCTGT..
         [3]     chr1       634006-634069      * | Multiome10x_05#GCTGT..
         [4]     chr1       778396-778566      * | Multiome10x_05#GCTGT..
         [5]     chr1       778437-778623      * | Multiome10x_05#GCTGT..
         ...      ...                 ...    ... .                    ...
  [18524867]     chr1 227766902-227767101      * | Multiome10x_05#GGCTG..
  [18524868]     chr1 228215410-228215567      * | Multiome10x_05#GGCTG..
  [18524869]     chr1 228487378-228487714      * | Multiome10x_05#GGCTG..
  [18524870]     chr1 235642342-235642419      * | Multiome10x_05#GGCTG..
  [18524871]     chr1 243587507-243587584      * | Multiome10x_05#GGCTG..
  -------
  seqinfo: 1 sequence from an unspecified genome; no seqlengths


2024-06-24 20:24:03.977916 : (Multiome10x_05 : 1 of 2) .filterCellsFromArrow Barcodes-Chr-(1 of 24)-chr1, Class = data.frame
(Multiome10x_05 : 1 of 2) .filterCellsFromArrow Barcodes-Chr-(1 of 24)-chr1: nRows = 9214, nCols = 1
                                 bc
1 Multiome10x_05#GCTGTACCAATCATGT-1
2 Multiome10x_05#TTATCCGTCTTAATGG-1
3 Multiome10x_05#CGCTAATAGCTGAGGG-1
4 Multiome10x_05#TCAAGGAAGTAGAGGC-1
5 Multiome10x_05#GTTTGTCGTTTGCAGA-1
6 Multiome10x_05#GAGCTTGTCAATCTCT-1


2024-06-24 20:26:39.594352 : (Multiome10x_05 : 1 of 2) Finished Constructing Filtered Arrow File!, 14.316 mins elapsed.
2024-06-24 20:26:40.086738 : (Multiome10x_06 : 2 of 2) Finished Constructing Filtered Arrow File!, 14.325 mins elapsed.
2024-06-24 20:26:40.626462 : (Multiome10x_05 : 1 of 2) Adding TileMatrix!, 14.334 mins elapsed.
2024-06-24 20:26:41.078534 : (Multiome10x_06 : 2 of 2) Adding TileMatrix!, 14.341 mins elapsed.

2024-06-24 20:26:42.547014 : Multiome10x_05 .addTileMat FeatureDF, Class = DFrame
DataFrame with 6062095 rows and 3 columns
           seqnames       idx     start
        <character> <integer> <numeric>
1              chr1         1         0
2              chr1         2       500
3              chr1         3      1000
4              chr1         4      1500
5              chr1         5      2000
...             ...       ...       ...
6062091        chrX    312078 156038500
6062092        chrX    312079 156039000
6062093        chrX    312080 156039500
6062094        chrX    312081 156040000
6062095        chrX    312082 156040500


2024-06-24 20:26:43.43159 : Multiome10x_06 .addTileMat FeatureDF, Class = DFrame
DataFrame with 6062095 rows and 3 columns
           seqnames       idx     start
        <character> <integer> <numeric>
1              chr1         1         0
2              chr1         2       500
3              chr1         3      1000
4              chr1         4      1500
5              chr1         5      2000
...             ...       ...       ...
6062091        chrX    312078 156038500
6062092        chrX    312079 156039000
6062093        chrX    312080 156039500
6062094        chrX    312081 156040000
6062095        chrX    312082 156040500

2024-06-24 20:26:58.070081 : Adding TileMatrix to Multiome10x_05 for Chr (1 of 23)!, 0.28 mins elapsed.
2024-06-24 20:26:59.443359 : Adding TileMatrix to Multiome10x_06 for Chr (1 of 23)!, 0.298 mins elapsed.

2024-06-24 20:27:03.103909 : NTiles_TileMatrix_1_chr1, Class = numeric

NTiles_TileMatrix_1_chr1: length = 1
  chr1 
497913 



2024-06-24 20:27:03.10959 : NCells_TileMatrix_1_chr1, Class = integer

NCells_TileMatrix_1_chr1: length = 1
[1] 9214



2024-06-24 20:27:03.114606 : MinTile_TileMatrix_1_chr1, Class = numeric

MinTile_TileMatrix_1_chr1: length = 1
[1] 21



2024-06-24 20:27:03.144308 : MaxTile_TileMatrix_1_chr1, Class = numeric

MaxTile_TileMatrix_1_chr1: length = 1
[1] 497893


2024-06-24 20:27:04.142159 : NTiles_TileMatrix_1_chr1, Class = numeric


NTiles_TileMatrix_1_chr1: length = 1
  chr1 
497913 

2024-06-24 20:27:04.674386 : MinCell_TileMatrix_1_chr1, Class = integer



MinCell_TileMatrix_1_chr1: length = 1

2024-06-24 20:27:05.310199 : NCells_TileMatrix_1_chr1, Class = integer
[1] 1



NCells_TileMatrix_1_chr1: length = 1
[1] 8931

2024-06-24 20:27:05.679601 : MaxCell_TileMatrix_1_chr1, Class = integer



MaxCell_TileMatrix_1_chr1: length = 1
[1] 9214

2024-06-24 20:27:06.371293 : MinTile_TileMatrix_1_chr1, Class = numeric



MinTile_TileMatrix_1_chr1: length = 1
[1] 21



2024-06-24 20:27:07.243388 : MaxTile_TileMatrix_1_chr1, Class = numeric

MaxTile_TileMatrix_1_chr1: length = 1
[1] 497893



2024-06-24 20:27:07.634546 : MinCell_TileMatrix_1_chr1, Class = integer

MinCell_TileMatrix_1_chr1: length = 1
[1] 1



2024-06-24 20:27:07.985493 : MaxCell_TileMatrix_1_chr1, Class = integer

MaxCell_TileMatrix_1_chr1: length = 1
[1] 8931


2024-06-24 20:27:51.537725 : Adding TileMatrix to Multiome10x_05 for Chr (2 of 23)!, 1.171 mins elapsed.
2024-06-24 20:27:52.838846 : Adding TileMatrix to Multiome10x_06 for Chr (2 of 23)!, 1.188 mins elapsed.

2024-06-24 20:27:53.51196 : NTiles_TileMatrix_2_chr2, Class = numeric

NTiles_TileMatrix_2_chr2: length = 1
  chr2 
484388 



2024-06-24 20:27:53.904394 : NCells_TileMatrix_2_chr2, Class = integer

NCells_TileMatrix_2_chr2: length = 1
[1] 9214



2024-06-24 20:27:53.935887 : MinTile_TileMatrix_2_chr2, Class = numeric

MinTile_TileMatrix_2_chr2: length = 1
[1] 21



2024-06-24 20:27:54.030545 : MaxTile_TileMatrix_2_chr2, Class = numeric

MaxTile_TileMatrix_2_chr2: length = 1
[1] 484367



2024-06-24 20:27:54.190129 : MinCell_TileMatrix_2_chr2, Class = integer

MinCell_TileMatrix_2_chr2: length = 1
[1] 1



2024-06-24 20:27:54.227823 : MaxCell_TileMatrix_2_chr2, Class = integer

MaxCell_TileMatrix_2_chr2: length = 1
[1] 9214



2024-06-24 20:27:55.770549 : NTiles_TileMatrix_2_chr2, Class = numeric

NTiles_TileMatrix_2_chr2: length = 1
  chr2 
484388 



2024-06-24 20:27:55.83122 : NCells_TileMatrix_2_chr2, Class = integer

NCells_TileMatrix_2_chr2: length = 1
[1] 8931



2024-06-24 20:27:55.854973 : MinTile_TileMatrix_2_chr2, Class = numeric

MinTile_TileMatrix_2_chr2: length = 1
[1] 21



2024-06-24 20:27:55.902528 : MaxTile_TileMatrix_2_chr2, Class = numeric

MaxTile_TileMatrix_2_chr2: length = 1
[1] 484367



2024-06-24 20:27:56.072397 : MinCell_TileMatrix_2_chr2, Class = integer

MinCell_TileMatrix_2_chr2: length = 1
[1] 1



2024-06-24 20:27:56.109113 : MaxCell_TileMatrix_2_chr2, Class = integer

MaxCell_TileMatrix_2_chr2: length = 1
[1] 8931


2024-06-24 20:28:28.466458 : Adding TileMatrix to Multiome10x_06 for Chr (3 of 23)!, 1.782 mins elapsed.

2024-06-24 20:28:29.860882 : NTiles_TileMatrix_3_chr3, Class = numeric

NTiles_TileMatrix_3_chr3: length = 1
  chr3 
396592 



2024-06-24 20:28:29.870064 : NCells_TileMatrix_3_chr3, Class = integer

NCells_TileMatrix_3_chr3: length = 1
[1] 8931



2024-06-24 20:28:29.877195 : MinTile_TileMatrix_3_chr3, Class = numeric

MinTile_TileMatrix_3_chr3: length = 1
[1] 21



2024-06-24 20:28:29.893687 : MaxTile_TileMatrix_3_chr3, Class = numeric

MaxTile_TileMatrix_3_chr3: length = 1
[1] 396382



2024-06-24 20:28:29.998526 : MinCell_TileMatrix_3_chr3, Class = integer

MinCell_TileMatrix_3_chr3: length = 1
[1] 1



2024-06-24 20:28:30.008247 : MaxCell_TileMatrix_3_chr3, Class = integer

MaxCell_TileMatrix_3_chr3: length = 1
[1] 8931


2024-06-24 20:28:31.217929 : Adding TileMatrix to Multiome10x_05 for Chr (3 of 23)!, 1.832 mins elapsed.

2024-06-24 20:28:33.265871 : NTiles_TileMatrix_3_chr3, Class = numeric

NTiles_TileMatrix_3_chr3: length = 1
  chr3 
396592 



2024-06-24 20:28:33.272198 : NCells_TileMatrix_3_chr3, Class = integer

NCells_TileMatrix_3_chr3: length = 1
[1] 9214



2024-06-24 20:28:33.277539 : MinTile_TileMatrix_3_chr3, Class = numeric

MinTile_TileMatrix_3_chr3: length = 1
[1] 21



2024-06-24 20:28:33.293198 : MaxTile_TileMatrix_3_chr3, Class = numeric

MaxTile_TileMatrix_3_chr3: length = 1
[1] 396460



2024-06-24 20:28:33.361506 : MinCell_TileMatrix_3_chr3, Class = integer

MinCell_TileMatrix_3_chr3: length = 1
[1] 1



2024-06-24 20:28:33.367421 : MaxCell_TileMatrix_3_chr3, Class = integer

MaxCell_TileMatrix_3_chr3: length = 1
[1] 9214


2024-06-24 20:28:55.31121 : Adding TileMatrix to Multiome10x_06 for Chr (4 of 23)!, 2.229 mins elapsed.

2024-06-24 20:28:56.295556 : NTiles_TileMatrix_4_chr4, Class = numeric

NTiles_TileMatrix_4_chr4: length = 1
  chr4 
380430 



2024-06-24 20:28:56.303948 : NCells_TileMatrix_4_chr4, Class = integer

NCells_TileMatrix_4_chr4: length = 1
[1] 8931



2024-06-24 20:28:56.315466 : MinTile_TileMatrix_4_chr4, Class = numeric

MinTile_TileMatrix_4_chr4: length = 1
[1] 21



2024-06-24 20:28:56.3328 : MaxTile_TileMatrix_4_chr4, Class = numeric

MaxTile_TileMatrix_4_chr4: length = 1
[1] 380410



2024-06-24 20:28:56.395304 : MinCell_TileMatrix_4_chr4, Class = integer

MinCell_TileMatrix_4_chr4: length = 1
[1] 1



2024-06-24 20:28:56.408079 : MaxCell_TileMatrix_4_chr4, Class = integer

MaxCell_TileMatrix_4_chr4: length = 1
[1] 8931


2024-06-24 20:29:00.429482 : Adding TileMatrix to Multiome10x_05 for Chr (4 of 23)!, 2.319 mins elapsed.

2024-06-24 20:29:01.022866 : NTiles_TileMatrix_4_chr4, Class = numeric

NTiles_TileMatrix_4_chr4: length = 1
  chr4 
380430 



2024-06-24 20:29:01.029737 : NCells_TileMatrix_4_chr4, Class = integer

NCells_TileMatrix_4_chr4: length = 1
[1] 9214



2024-06-24 20:29:01.036031 : MinTile_TileMatrix_4_chr4, Class = numeric

MinTile_TileMatrix_4_chr4: length = 1
[1] 21



2024-06-24 20:29:01.047005 : MaxTile_TileMatrix_4_chr4, Class = numeric

MaxTile_TileMatrix_4_chr4: length = 1
[1] 380410



2024-06-24 20:29:01.081229 : MinCell_TileMatrix_4_chr4, Class = integer

MinCell_TileMatrix_4_chr4: length = 1
[1] 1



2024-06-24 20:29:01.089763 : MaxCell_TileMatrix_4_chr4, Class = integer

MaxCell_TileMatrix_4_chr4: length = 1
[1] 9214


2024-06-24 20:29:11.511749 : Adding TileMatrix to Multiome10x_06 for Chr (5 of 23)!, 2.499 mins elapsed.

2024-06-24 20:29:12.797921 : NTiles_TileMatrix_5_chr5, Class = numeric

NTiles_TileMatrix_5_chr5: length = 1
  chr5 
363077 



2024-06-24 20:29:12.848485 : NCells_TileMatrix_5_chr5, Class = integer

NCells_TileMatrix_5_chr5: length = 1
[1] 8931



2024-06-24 20:29:12.866967 : MinTile_TileMatrix_5_chr5, Class = numeric

MinTile_TileMatrix_5_chr5: length = 1
[1] 21



2024-06-24 20:29:12.940998 : MaxTile_TileMatrix_5_chr5, Class = numeric

MaxTile_TileMatrix_5_chr5: length = 1
[1] 362921



2024-06-24 20:29:13.041449 : MinCell_TileMatrix_5_chr5, Class = integer

MinCell_TileMatrix_5_chr5: length = 1
[1] 1



2024-06-24 20:29:13.081169 : MaxCell_TileMatrix_5_chr5, Class = integer

MaxCell_TileMatrix_5_chr5: length = 1
[1] 8931


2024-06-24 20:29:18.162658 : Adding TileMatrix to Multiome10x_05 for Chr (5 of 23)!, 2.614 mins elapsed.

2024-06-24 20:29:19.020426 : NTiles_TileMatrix_5_chr5, Class = numeric

NTiles_TileMatrix_5_chr5: length = 1
  chr5 
363077 



2024-06-24 20:29:19.02676 : NCells_TileMatrix_5_chr5, Class = integer

NCells_TileMatrix_5_chr5: length = 1
[1] 9214



2024-06-24 20:29:19.032181 : MinTile_TileMatrix_5_chr5, Class = numeric

MinTile_TileMatrix_5_chr5: length = 1
[1] 21



2024-06-24 20:29:19.045197 : MaxTile_TileMatrix_5_chr5, Class = numeric

MaxTile_TileMatrix_5_chr5: length = 1
[1] 362956



2024-06-24 20:29:19.130774 : MinCell_TileMatrix_5_chr5, Class = integer

MinCell_TileMatrix_5_chr5: length = 1
[1] 1



2024-06-24 20:29:19.137901 : MaxCell_TileMatrix_5_chr5, Class = integer

MaxCell_TileMatrix_5_chr5: length = 1
[1] 9214


2024-06-24 20:29:33.693769 : Adding TileMatrix to Multiome10x_06 for Chr (6 of 23)!, 2.869 mins elapsed.

2024-06-24 20:29:35.261183 : NTiles_TileMatrix_6_chr6, Class = numeric

NTiles_TileMatrix_6_chr6: length = 1
  chr6 
341612 



2024-06-24 20:29:35.271805 : NCells_TileMatrix_6_chr6, Class = integer

NCells_TileMatrix_6_chr6: length = 1
[1] 8931



2024-06-24 20:29:35.277318 : MinTile_TileMatrix_6_chr6, Class = numeric

MinTile_TileMatrix_6_chr6: length = 1
[1] 139



2024-06-24 20:29:35.293752 : MaxTile_TileMatrix_6_chr6, Class = numeric

MaxTile_TileMatrix_6_chr6: length = 1
[1] 341480



2024-06-24 20:29:35.384013 : MinCell_TileMatrix_6_chr6, Class = integer

MinCell_TileMatrix_6_chr6: length = 1
[1] 1



2024-06-24 20:29:35.389953 : MaxCell_TileMatrix_6_chr6, Class = integer

MaxCell_TileMatrix_6_chr6: length = 1
[1] 8931


2024-06-24 20:29:42.765748 : Adding TileMatrix to Multiome10x_05 for Chr (6 of 23)!, 3.025 mins elapsed.

2024-06-24 20:29:44.374422 : NTiles_TileMatrix_6_chr6, Class = numeric

NTiles_TileMatrix_6_chr6: length = 1
  chr6 
341612 



2024-06-24 20:29:44.495428 : NCells_TileMatrix_6_chr6, Class = integer

NCells_TileMatrix_6_chr6: length = 1
[1] 9214



2024-06-24 20:29:44.548859 : MinTile_TileMatrix_6_chr6, Class = numeric

MinTile_TileMatrix_6_chr6: length = 1
[1] 180



2024-06-24 20:29:44.631511 : MaxTile_TileMatrix_6_chr6, Class = numeric

MaxTile_TileMatrix_6_chr6: length = 1
[1] 341484



2024-06-24 20:29:44.748309 : MinCell_TileMatrix_6_chr6, Class = integer

MinCell_TileMatrix_6_chr6: length = 1
[1] 1



2024-06-24 20:29:44.796946 : MaxCell_TileMatrix_6_chr6, Class = integer

MaxCell_TileMatrix_6_chr6: length = 1
[1] 9214


2024-06-24 20:29:56.490601 : Adding TileMatrix to Multiome10x_06 for Chr (7 of 23)!, 3.249 mins elapsed.

2024-06-24 20:29:57.500454 : NTiles_TileMatrix_7_chr7, Class = numeric

NTiles_TileMatrix_7_chr7: length = 1
  chr7 
318692 



2024-06-24 20:29:57.506123 : NCells_TileMatrix_7_chr7, Class = integer

NCells_TileMatrix_7_chr7: length = 1
[1] 8931



2024-06-24 20:29:57.511556 : MinTile_TileMatrix_7_chr7, Class = numeric

MinTile_TileMatrix_7_chr7: length = 1
[1] 21



2024-06-24 20:29:57.524472 : MaxTile_TileMatrix_7_chr7, Class = numeric

MaxTile_TileMatrix_7_chr7: length = 1
[1] 318672



2024-06-24 20:29:57.603833 : MinCell_TileMatrix_7_chr7, Class = integer

MinCell_TileMatrix_7_chr7: length = 1
[1] 1



2024-06-24 20:29:57.609576 : MaxCell_TileMatrix_7_chr7, Class = integer

MaxCell_TileMatrix_7_chr7: length = 1
[1] 8931


2024-06-24 20:30:13.380157 : Adding TileMatrix to Multiome10x_05 for Chr (7 of 23)!, 3.535 mins elapsed.

2024-06-24 20:30:15.430182 : NTiles_TileMatrix_7_chr7, Class = numeric

NTiles_TileMatrix_7_chr7: length = 1
  chr7 
318692 



2024-06-24 20:30:15.50993 : NCells_TileMatrix_7_chr7, Class = integer

NCells_TileMatrix_7_chr7: length = 1
[1] 9214



2024-06-24 20:30:15.516826 : MinTile_TileMatrix_7_chr7, Class = numeric

MinTile_TileMatrix_7_chr7: length = 1
[1] 21



2024-06-24 20:30:15.537445 : MaxTile_TileMatrix_7_chr7, Class = numeric

MaxTile_TileMatrix_7_chr7: length = 1
[1] 318672



2024-06-24 20:30:15.617677 : MinCell_TileMatrix_7_chr7, Class = integer

MinCell_TileMatrix_7_chr7: length = 1
[1] 1



2024-06-24 20:30:15.69627 : MaxCell_TileMatrix_7_chr7, Class = integer

MaxCell_TileMatrix_7_chr7: length = 1
[1] 9214


2024-06-24 20:30:20.385265 : Adding TileMatrix to Multiome10x_06 for Chr (8 of 23)!, 3.647 mins elapsed.

2024-06-24 20:30:21.903283 : NTiles_TileMatrix_8_chr8, Class = numeric

NTiles_TileMatrix_8_chr8: length = 1
  chr8 
290278 



2024-06-24 20:30:21.929331 : NCells_TileMatrix_8_chr8, Class = integer

NCells_TileMatrix_8_chr8: length = 1
[1] 8931



2024-06-24 20:30:21.93648 : MinTile_TileMatrix_8_chr8, Class = numeric

MinTile_TileMatrix_8_chr8: length = 1
[1] 124



2024-06-24 20:30:21.954438 : MaxTile_TileMatrix_8_chr8, Class = numeric

MaxTile_TileMatrix_8_chr8: length = 1
[1] 290158



2024-06-24 20:30:22.005784 : MinCell_TileMatrix_8_chr8, Class = integer

MinCell_TileMatrix_8_chr8: length = 1
[1] 1



2024-06-24 20:30:22.037758 : MaxCell_TileMatrix_8_chr8, Class = integer

MaxCell_TileMatrix_8_chr8: length = 1
[1] 8931


2024-06-24 20:30:41.131768 : Adding TileMatrix to Multiome10x_06 for Chr (9 of 23)!, 3.993 mins elapsed.

2024-06-24 20:30:42.011735 : NTiles_TileMatrix_9_chr9, Class = numeric

NTiles_TileMatrix_9_chr9: length = 1
  chr9 
276790 



2024-06-24 20:30:42.019632 : NCells_TileMatrix_9_chr9, Class = integer

NCells_TileMatrix_9_chr9: length = 1
[1] 8931



2024-06-24 20:30:42.028474 : MinTile_TileMatrix_9_chr9, Class = numeric

MinTile_TileMatrix_9_chr9: length = 1
[1] 21



2024-06-24 20:30:42.044316 : MaxTile_TileMatrix_9_chr9, Class = numeric

MaxTile_TileMatrix_9_chr9: length = 1
[1] 276621



2024-06-24 20:30:42.121993 : MinCell_TileMatrix_9_chr9, Class = integer

MinCell_TileMatrix_9_chr9: length = 1
[1] 1



2024-06-24 20:30:42.147845 : MaxCell_TileMatrix_9_chr9, Class = integer

MaxCell_TileMatrix_9_chr9: length = 1
[1] 8931


2024-06-24 20:30:43.299051 : Adding TileMatrix to Multiome10x_05 for Chr (8 of 23)!, 4.033 mins elapsed.

2024-06-24 20:30:44.075952 : NTiles_TileMatrix_8_chr8, Class = numeric

NTiles_TileMatrix_8_chr8: length = 1
  chr8 
290278 



2024-06-24 20:30:44.172236 : NCells_TileMatrix_8_chr8, Class = integer

NCells_TileMatrix_8_chr8: length = 1
[1] 9214



2024-06-24 20:30:44.21416 : MinTile_TileMatrix_8_chr8, Class = numeric

MinTile_TileMatrix_8_chr8: length = 1
[1] 146



2024-06-24 20:30:44.300592 : MaxTile_TileMatrix_8_chr8, Class = numeric

MaxTile_TileMatrix_8_chr8: length = 1
[1] 290158



2024-06-24 20:30:44.429039 : MinCell_TileMatrix_8_chr8, Class = integer

MinCell_TileMatrix_8_chr8: length = 1
[1] 1



2024-06-24 20:30:44.589776 : MaxCell_TileMatrix_8_chr8, Class = integer

MaxCell_TileMatrix_8_chr8: length = 1
[1] 9214


2024-06-24 20:31:00.576338 : Adding TileMatrix to Multiome10x_06 for Chr (10 of 23)!, 4.317 mins elapsed.

2024-06-24 20:31:01.733214 : NTiles_TileMatrix_10_chr10, Class = numeric

NTiles_TileMatrix_10_chr10: length = 1
 chr10 
267595 



2024-06-24 20:31:01.741706 : NCells_TileMatrix_10_chr10, Class = integer

NCells_TileMatrix_10_chr10: length = 1
[1] 8931



2024-06-24 20:31:01.754419 : MinTile_TileMatrix_10_chr10, Class = numeric

MinTile_TileMatrix_10_chr10: length = 1
[1] 21



2024-06-24 20:31:01.782238 : MaxTile_TileMatrix_10_chr10, Class = numeric

MaxTile_TileMatrix_10_chr10: length = 1
[1] 267575



2024-06-24 20:31:01.882459 : MinCell_TileMatrix_10_chr10, Class = integer

MinCell_TileMatrix_10_chr10: length = 1
[1] 1



2024-06-24 20:31:01.894191 : MaxCell_TileMatrix_10_chr10, Class = integer

MaxCell_TileMatrix_10_chr10: length = 1
[1] 8931


2024-06-24 20:31:08.020947 : Adding TileMatrix to Multiome10x_05 for Chr (9 of 23)!, 4.445 mins elapsed.

2024-06-24 20:31:09.317457 : NTiles_TileMatrix_9_chr9, Class = numeric

NTiles_TileMatrix_9_chr9: length = 1
  chr9 
276790 



2024-06-24 20:31:09.632979 : NCells_TileMatrix_9_chr9, Class = integer

NCells_TileMatrix_9_chr9: length = 1
[1] 9214



2024-06-24 20:31:10.143764 : MinTile_TileMatrix_9_chr9, Class = numeric

MinTile_TileMatrix_9_chr9: length = 1
[1] 21



2024-06-24 20:31:10.595428 : MaxTile_TileMatrix_9_chr9, Class = numeric

MaxTile_TileMatrix_9_chr9: length = 1
[1] 276629



2024-06-24 20:31:11.017292 : MinCell_TileMatrix_9_chr9, Class = integer

MinCell_TileMatrix_9_chr9: length = 1
[1] 1



2024-06-24 20:31:11.130246 : MaxCell_TileMatrix_9_chr9, Class = integer

MaxCell_TileMatrix_9_chr9: length = 1
[1] 9214


2024-06-24 20:31:22.006171 : Adding TileMatrix to Multiome10x_06 for Chr (11 of 23)!, 4.674 mins elapsed.

2024-06-24 20:31:29.154614 : NTiles_TileMatrix_11_chr11, Class = numeric

NTiles_TileMatrix_11_chr11: length = 1
 chr11 
270174 



2024-06-24 20:31:29.163218 : NCells_TileMatrix_11_chr11, Class = integer

NCells_TileMatrix_11_chr11: length = 1
[1] 8931



2024-06-24 20:31:29.170433 : MinTile_TileMatrix_11_chr11, Class = numeric

MinTile_TileMatrix_11_chr11: length = 1
[1] 208



2024-06-24 20:31:29.185624 : MaxTile_TileMatrix_11_chr11, Class = numeric

MaxTile_TileMatrix_11_chr11: length = 1
[1] 270154



2024-06-24 20:31:29.257922 : MinCell_TileMatrix_11_chr11, Class = integer

MinCell_TileMatrix_11_chr11: length = 1
[1] 1



2024-06-24 20:31:29.264226 : MaxCell_TileMatrix_11_chr11, Class = integer

MaxCell_TileMatrix_11_chr11: length = 1
[1] 8931


2024-06-24 20:31:33.350983 : Adding TileMatrix to Multiome10x_05 for Chr (10 of 23)!, 4.868 mins elapsed.

2024-06-24 20:31:34.262172 : NTiles_TileMatrix_10_chr10, Class = numeric

NTiles_TileMatrix_10_chr10: length = 1
 chr10 
267595 



2024-06-24 20:31:34.269423 : NCells_TileMatrix_10_chr10, Class = integer

NCells_TileMatrix_10_chr10: length = 1
[1] 9214



2024-06-24 20:31:34.276973 : MinTile_TileMatrix_10_chr10, Class = numeric

MinTile_TileMatrix_10_chr10: length = 1
[1] 20



2024-06-24 20:31:34.289896 : MaxTile_TileMatrix_10_chr10, Class = numeric

MaxTile_TileMatrix_10_chr10: length = 1
[1] 267575



2024-06-24 20:31:34.350356 : MinCell_TileMatrix_10_chr10, Class = integer

MinCell_TileMatrix_10_chr10: length = 1
[1] 1



2024-06-24 20:31:34.357263 : MaxCell_TileMatrix_10_chr10, Class = integer

MaxCell_TileMatrix_10_chr10: length = 1
[1] 9214


2024-06-24 20:31:48.165565 : Adding TileMatrix to Multiome10x_06 for Chr (12 of 23)!, 5.11 mins elapsed.

2024-06-24 20:31:49.428565 : NTiles_TileMatrix_12_chr12, Class = numeric

NTiles_TileMatrix_12_chr12: length = 1
 chr12 
266551 



2024-06-24 20:31:49.435374 : NCells_TileMatrix_12_chr12, Class = integer

NCells_TileMatrix_12_chr12: length = 1
[1] 8931



2024-06-24 20:31:49.441264 : MinTile_TileMatrix_12_chr12, Class = numeric

MinTile_TileMatrix_12_chr12: length = 1
[1] 21



2024-06-24 20:31:49.456527 : MaxTile_TileMatrix_12_chr12, Class = numeric

MaxTile_TileMatrix_12_chr12: length = 1
[1] 266530



2024-06-24 20:31:49.541856 : MinCell_TileMatrix_12_chr12, Class = integer

MinCell_TileMatrix_12_chr12: length = 1
[1] 1



2024-06-24 20:31:49.548704 : MaxCell_TileMatrix_12_chr12, Class = integer

MaxCell_TileMatrix_12_chr12: length = 1
[1] 8931


2024-06-24 20:31:55.295459 : Adding TileMatrix to Multiome10x_05 for Chr (11 of 23)!, 5.233 mins elapsed.

2024-06-24 20:31:56.629803 : NTiles_TileMatrix_11_chr11, Class = numeric

NTiles_TileMatrix_11_chr11: length = 1
 chr11 
270174 



2024-06-24 20:31:56.63673 : NCells_TileMatrix_11_chr11, Class = integer

NCells_TileMatrix_11_chr11: length = 1
[1] 9214



2024-06-24 20:31:56.643967 : MinTile_TileMatrix_11_chr11, Class = numeric

MinTile_TileMatrix_11_chr11: length = 1
[1] 263



2024-06-24 20:31:56.668416 : MaxTile_TileMatrix_11_chr11, Class = numeric

MaxTile_TileMatrix_11_chr11: length = 1
[1] 270154



2024-06-24 20:31:56.770442 : MinCell_TileMatrix_11_chr11, Class = integer

MinCell_TileMatrix_11_chr11: length = 1
[1] 1



2024-06-24 20:31:56.77746 : MaxCell_TileMatrix_11_chr11, Class = integer

MaxCell_TileMatrix_11_chr11: length = 1
[1] 9214


2024-06-24 20:32:09.324409 : Adding TileMatrix to Multiome10x_06 for Chr (13 of 23)!, 5.463 mins elapsed.

2024-06-24 20:32:09.902747 : NTiles_TileMatrix_13_chr13, Class = numeric

NTiles_TileMatrix_13_chr13: length = 1
 chr13 
228729 



2024-06-24 20:32:09.910257 : NCells_TileMatrix_13_chr13, Class = integer

NCells_TileMatrix_13_chr13: length = 1
[1] 8931



2024-06-24 20:32:09.919731 : MinTile_TileMatrix_13_chr13, Class = numeric

MinTile_TileMatrix_13_chr13: length = 1
[1] 32001



2024-06-24 20:32:09.979929 : MaxTile_TileMatrix_13_chr13, Class = numeric

MaxTile_TileMatrix_13_chr13: length = 1
[1] 228709



2024-06-24 20:32:10.009248 : MinCell_TileMatrix_13_chr13, Class = integer

MinCell_TileMatrix_13_chr13: length = 1
[1] 1



2024-06-24 20:32:10.015987 : MaxCell_TileMatrix_13_chr13, Class = integer

MaxCell_TileMatrix_13_chr13: length = 1
[1] 8931


2024-06-24 20:32:20.050804 : Adding TileMatrix to Multiome10x_05 for Chr (12 of 23)!, 5.646 mins elapsed.

2024-06-24 20:32:22.472754 : NTiles_TileMatrix_12_chr12, Class = numeric

NTiles_TileMatrix_12_chr12: length = 1
 chr12 
266551 



2024-06-24 20:32:22.701843 : NCells_TileMatrix_12_chr12, Class = integer

NCells_TileMatrix_12_chr12: length = 1
[1] 9214



2024-06-24 20:32:22.721976 : MinTile_TileMatrix_12_chr12, Class = numeric

MinTile_TileMatrix_12_chr12: length = 1
[1] 21



2024-06-24 20:32:22.754318 : MaxTile_TileMatrix_12_chr12, Class = numeric

MaxTile_TileMatrix_12_chr12: length = 1
[1] 266530



2024-06-24 20:32:22.831556 : MinCell_TileMatrix_12_chr12, Class = integer

MinCell_TileMatrix_12_chr12: length = 1
[1] 1



2024-06-24 20:32:22.838371 : MaxCell_TileMatrix_12_chr12, Class = integer

MaxCell_TileMatrix_12_chr12: length = 1
[1] 9214


2024-06-24 20:32:23.351199 : Adding TileMatrix to Multiome10x_06 for Chr (14 of 23)!, 5.697 mins elapsed.

2024-06-24 20:32:24.612584 : NTiles_TileMatrix_14_chr14, Class = numeric

NTiles_TileMatrix_14_chr14: length = 1
 chr14 
214088 



2024-06-24 20:32:24.619404 : NCells_TileMatrix_14_chr14, Class = integer

NCells_TileMatrix_14_chr14: length = 1
[1] 8931



2024-06-24 20:32:24.625482 : MinTile_TileMatrix_14_chr14, Class = numeric

MinTile_TileMatrix_14_chr14: length = 1
[1] 32053



2024-06-24 20:32:24.643022 : MaxTile_TileMatrix_14_chr14, Class = numeric

MaxTile_TileMatrix_14_chr14: length = 1
[1] 213768



2024-06-24 20:32:24.726077 : MinCell_TileMatrix_14_chr14, Class = integer

MinCell_TileMatrix_14_chr14: length = 1
[1] 1



2024-06-24 20:32:24.731913 : MaxCell_TileMatrix_14_chr14, Class = integer

MaxCell_TileMatrix_14_chr14: length = 1
[1] 8931


2024-06-24 20:32:40.420052 : Adding TileMatrix to Multiome10x_06 for Chr (15 of 23)!, 5.981 mins elapsed.

2024-06-24 20:32:45.060305 : NTiles_TileMatrix_15_chr15, Class = numeric

NTiles_TileMatrix_15_chr15: length = 1
 chr15 
203983 



2024-06-24 20:32:45.067222 : NCells_TileMatrix_15_chr15, Class = integer

NCells_TileMatrix_15_chr15: length = 1
[1] 8931



2024-06-24 20:32:45.073735 : MinTile_TileMatrix_15_chr15, Class = numeric

MinTile_TileMatrix_15_chr15: length = 1
[1] 34019



2024-06-24 20:32:45.089096 : MaxTile_TileMatrix_15_chr15, Class = numeric

MaxTile_TileMatrix_15_chr15: length = 1
[1] 203963



2024-06-24 20:32:45.154156 : MinCell_TileMatrix_15_chr15, Class = integer

MinCell_TileMatrix_15_chr15: length = 1
[1] 1



2024-06-24 20:32:45.160994 : MaxCell_TileMatrix_15_chr15, Class = integer

MaxCell_TileMatrix_15_chr15: length = 1
[1] 8931


2024-06-24 20:32:49.476834 : Adding TileMatrix to Multiome10x_05 for Chr (13 of 23)!, 6.136 mins elapsed.

2024-06-24 20:32:49.998265 : NTiles_TileMatrix_13_chr13, Class = numeric

NTiles_TileMatrix_13_chr13: length = 1
 chr13 
228729 



2024-06-24 20:32:50.008421 : NCells_TileMatrix_13_chr13, Class = integer

NCells_TileMatrix_13_chr13: length = 1
[1] 9214



2024-06-24 20:32:50.013881 : MinTile_TileMatrix_13_chr13, Class = numeric

MinTile_TileMatrix_13_chr13: length = 1
[1] 32001



2024-06-24 20:32:50.023199 : MaxTile_TileMatrix_13_chr13, Class = numeric

MaxTile_TileMatrix_13_chr13: length = 1
[1] 228709



2024-06-24 20:32:50.046562 : MinCell_TileMatrix_13_chr13, Class = integer

MinCell_TileMatrix_13_chr13: length = 1
[1] 1



2024-06-24 20:32:50.052305 : MaxCell_TileMatrix_13_chr13, Class = integer

MaxCell_TileMatrix_13_chr13: length = 1
[1] 9214


2024-06-24 20:32:57.574999 : Adding TileMatrix to Multiome10x_06 for Chr (16 of 23)!, 6.267 mins elapsed.

2024-06-24 20:32:58.84344 : NTiles_TileMatrix_16_chr16, Class = numeric

NTiles_TileMatrix_16_chr16: length = 1
 chr16 
180677 



2024-06-24 20:32:58.852834 : NCells_TileMatrix_16_chr16, Class = integer

NCells_TileMatrix_16_chr16: length = 1
[1] 8931



2024-06-24 20:32:58.858454 : MinTile_TileMatrix_16_chr16, Class = numeric

MinTile_TileMatrix_16_chr16: length = 1
[1] 21



2024-06-24 20:32:58.87735 : MaxTile_TileMatrix_16_chr16, Class = numeric

MaxTile_TileMatrix_16_chr16: length = 1
[1] 180457



2024-06-24 20:32:58.956963 : MinCell_TileMatrix_16_chr16, Class = integer

MinCell_TileMatrix_16_chr16: length = 1
[1] 1



2024-06-24 20:32:58.962714 : MaxCell_TileMatrix_16_chr16, Class = integer

MaxCell_TileMatrix_16_chr16: length = 1
[1] 8931


2024-06-24 20:33:01.286732 : Adding TileMatrix to Multiome10x_05 for Chr (14 of 23)!, 6.333 mins elapsed.

2024-06-24 20:33:02.025178 : NTiles_TileMatrix_14_chr14, Class = numeric

NTiles_TileMatrix_14_chr14: length = 1
 chr14 
214088 



2024-06-24 20:33:02.04208 : NCells_TileMatrix_14_chr14, Class = integer

NCells_TileMatrix_14_chr14: length = 1
[1] 9214



2024-06-24 20:33:02.051663 : MinTile_TileMatrix_14_chr14, Class = numeric

MinTile_TileMatrix_14_chr14: length = 1
[1] 32050



2024-06-24 20:33:02.062944 : MaxTile_TileMatrix_14_chr14, Class = numeric

MaxTile_TileMatrix_14_chr14: length = 1
[1] 213768



2024-06-24 20:33:02.098552 : MinCell_TileMatrix_14_chr14, Class = integer

MinCell_TileMatrix_14_chr14: length = 1
[1] 1



2024-06-24 20:33:02.104688 : MaxCell_TileMatrix_14_chr14, Class = integer

MaxCell_TileMatrix_14_chr14: length = 1
[1] 9214


2024-06-24 20:33:15.876107 : Adding TileMatrix to Multiome10x_06 for Chr (17 of 23)!, 6.572 mins elapsed.

2024-06-24 20:33:17.987579 : NTiles_TileMatrix_17_chr17, Class = numeric

NTiles_TileMatrix_17_chr17: length = 1
 chr17 
166515 



2024-06-24 20:33:17.994634 : NCells_TileMatrix_17_chr17, Class = integer

NCells_TileMatrix_17_chr17: length = 1
[1] 8931



2024-06-24 20:33:18.00041 : MinTile_TileMatrix_17_chr17, Class = numeric

MinTile_TileMatrix_17_chr17: length = 1
[1] 217


2024-06-24 20:33:18.064047 : Adding TileMatrix to Multiome10x_05 for Chr (15 of 23)!, 6.613 mins elapsed.

2024-06-24 20:33:18.02819 : MaxTile_TileMatrix_17_chr17, Class = numeric

MaxTile_TileMatrix_17_chr17: length = 1
[1] 166495



2024-06-24 20:33:18.150843 : MinCell_TileMatrix_17_chr17, Class = integer

MinCell_TileMatrix_17_chr17: length = 1
[1] 1



2024-06-24 20:33:18.157069 : MaxCell_TileMatrix_17_chr17, Class = integer

MaxCell_TileMatrix_17_chr17: length = 1
[1] 8931



2024-06-24 20:33:18.944533 : NTiles_TileMatrix_15_chr15, Class = numeric

NTiles_TileMatrix_15_chr15: length = 1
 chr15 
203983 



2024-06-24 20:33:18.952492 : NCells_TileMatrix_15_chr15, Class = integer

NCells_TileMatrix_15_chr15: length = 1
[1] 9214



2024-06-24 20:33:18.959925 : MinTile_TileMatrix_15_chr15, Class = numeric

MinTile_TileMatrix_15_chr15: length = 1
[1] 34020



2024-06-24 20:33:18.975161 : MaxTile_TileMatrix_15_chr15, Class = numeric

MaxTile_TileMatrix_15_chr15: length = 1
[1] 203963



2024-06-24 20:33:19.019163 : MinCell_TileMatrix_15_chr15, Class = integer

MinCell_TileMatrix_15_chr15: length = 1
[1] 1



2024-06-24 20:33:19.02651 : MaxCell_TileMatrix_15_chr15, Class = integer

MaxCell_TileMatrix_15_chr15: length = 1
[1] 9214


2024-06-24 20:33:34.448503 : Adding TileMatrix to Multiome10x_05 for Chr (16 of 23)!, 6.886 mins elapsed.

2024-06-24 20:33:35.523899 : NTiles_TileMatrix_16_chr16, Class = numeric

NTiles_TileMatrix_16_chr16: length = 1
 chr16 
180677 



2024-06-24 20:33:35.532186 : NCells_TileMatrix_16_chr16, Class = integer

NCells_TileMatrix_16_chr16: length = 1
[1] 9214



2024-06-24 20:33:35.541392 : MinTile_TileMatrix_16_chr16, Class = numeric

MinTile_TileMatrix_16_chr16: length = 1
[1] 20



2024-06-24 20:33:35.56361 : MaxTile_TileMatrix_16_chr16, Class = numeric

MaxTile_TileMatrix_16_chr16: length = 1
[1] 180457



2024-06-24 20:33:35.646697 : MinCell_TileMatrix_16_chr16, Class = integer

MinCell_TileMatrix_16_chr16: length = 1
[1] 1



2024-06-24 20:33:35.657214 : MaxCell_TileMatrix_16_chr16, Class = integer

MaxCell_TileMatrix_16_chr16: length = 1
[1] 9214


2024-06-24 20:33:40.338535 : Adding TileMatrix to Multiome10x_06 for Chr (18 of 23)!, 6.98 mins elapsed.

2024-06-24 20:33:41.781237 : NTiles_TileMatrix_18_chr18, Class = numeric

NTiles_TileMatrix_18_chr18: length = 1
 chr18 
160747 



2024-06-24 20:33:41.842218 : NCells_TileMatrix_18_chr18, Class = integer

NCells_TileMatrix_18_chr18: length = 1
[1] 8931



2024-06-24 20:33:42.017501 : MinTile_TileMatrix_18_chr18, Class = numeric

MinTile_TileMatrix_18_chr18: length = 1
[1] 21



2024-06-24 20:33:42.079288 : MaxTile_TileMatrix_18_chr18, Class = numeric

MaxTile_TileMatrix_18_chr18: length = 1
[1] 160527



2024-06-24 20:33:42.123624 : MinCell_TileMatrix_18_chr18, Class = integer

MinCell_TileMatrix_18_chr18: length = 1
[1] 1



2024-06-24 20:33:42.143911 : MaxCell_TileMatrix_18_chr18, Class = integer

MaxCell_TileMatrix_18_chr18: length = 1
[1] 8931


2024-06-24 20:33:51.825779 : Adding TileMatrix to Multiome10x_06 for Chr (19 of 23)!, 7.171 mins elapsed.
2024-06-24 20:33:54.005067 : Adding TileMatrix to Multiome10x_05 for Chr (17 of 23)!, 7.212 mins elapsed.

2024-06-24 20:33:57.892714 : NTiles_TileMatrix_17_chr17, Class = numeric

NTiles_TileMatrix_17_chr17: length = 1
 chr17 
166515 



2024-06-24 20:33:58.124383 : NCells_TileMatrix_17_chr17, Class = integer

2024-06-24 20:33:58.137671 : NTiles_TileMatrix_19_chr19, Class = numeric


NCells_TileMatrix_17_chr17: length = 1
NTiles_TileMatrix_19_chr19: length = 1
[1] 9214
 chr19 
117236 





2024-06-24 20:33:58.243649 : NCells_TileMatrix_19_chr19, Class = integer

NCells_TileMatrix_19_chr19: length = 1
[1] 8931



2024-06-24 20:33:58.24343 : MinTile_TileMatrix_17_chr17, Class = numeric

MinTile_TileMatrix_17_chr17: length = 1

2024-06-24 20:33:58.266599 : MinTile_TileMatrix_19_chr19, Class = numeric
[1] 126


MinTile_TileMatrix_19_chr19: length = 1

[1] 141



2024-06-24 20:33:58.364823 : MaxTile_TileMatrix_17_chr17, Class = numeric

MaxTile_TileMatrix_17_chr17: length = 1
[1] 166495


2024-06-24 20:33:58.37787 : MaxTile_TileMatrix_19_chr19, Class = numeric


MaxTile_TileMatrix_19_chr19: length = 1

2024-06-24 20:33:58.492507 : MinCell_TileMatrix_17_chr17, Class = integer
[1] 117216


MinCell_TileMatrix_17_chr17: length = 1

[1] 1


2024-06-24 20:33:58.501437 : MinCell_TileMatrix_19_chr19, Class = integer


MinCell_TileMatrix_19_chr19: length = 1
[1] 1

2024-06-24 20:33:58.50975 : MaxCell_TileMatrix_17_chr17, Class = integer



MaxCell_TileMatrix_17_chr17: length = 1
[1] 9214

2024-06-24 20:33:58.541882 : MaxCell_TileMatrix_19_chr19, Class = integer



MaxCell_TileMatrix_19_chr19: length = 1
[1] 8931


2024-06-24 20:34:21.354722 : Adding TileMatrix to Multiome10x_06 for Chr (20 of 23)!, 7.663 mins elapsed.
2024-06-24 20:34:21.938635 : Adding TileMatrix to Multiome10x_05 for Chr (18 of 23)!, 7.677 mins elapsed.

2024-06-24 20:34:22.281249 : NTiles_TileMatrix_20_chr20, Class = numeric

NTiles_TileMatrix_20_chr20: length = 1
 chr20 
128889 



2024-06-24 20:34:22.312849 : NCells_TileMatrix_20_chr20, Class = integer

NCells_TileMatrix_20_chr20: length = 1
[1] 8931



2024-06-24 20:34:22.362806 : MinTile_TileMatrix_20_chr20, Class = numeric

MinTile_TileMatrix_20_chr20: length = 1
[1] 121



2024-06-24 20:34:22.45542 : MaxTile_TileMatrix_20_chr20, Class = numeric

2024-06-24 20:34:22.525947 : NTiles_TileMatrix_18_chr18, Class = numeric


MaxTile_TileMatrix_20_chr20: length = 1
NTiles_TileMatrix_18_chr18: length = 1
[1] 128668
 chr18 
160747 





2024-06-24 20:34:22.573755 : MinCell_TileMatrix_20_chr20, Class = integer

2024-06-24 20:34:22.574256 : NCells_TileMatrix_18_chr18, Class = integer


MinCell_TileMatrix_20_chr20: length = 1
NCells_TileMatrix_18_chr18: length = 1
[1] 1
[1] 9214





2024-06-24 20:34:22.585729 : MaxCell_TileMatrix_20_chr20, Class = integer

MaxCell_TileMatrix_20_chr20: length = 1
[1] 8931

2024-06-24 20:34:22.588061 : MinTile_TileMatrix_18_chr18, Class = numeric



MinTile_TileMatrix_18_chr18: length = 1
[1] 21



2024-06-24 20:34:22.625631 : MaxTile_TileMatrix_18_chr18, Class = numeric

MaxTile_TileMatrix_18_chr18: length = 1
[1] 160527



2024-06-24 20:34:22.656334 : MinCell_TileMatrix_18_chr18, Class = integer

MinCell_TileMatrix_18_chr18: length = 1
[1] 1



2024-06-24 20:34:22.663066 : MaxCell_TileMatrix_18_chr18, Class = integer

MaxCell_TileMatrix_18_chr18: length = 1
[1] 9214


2024-06-24 20:34:37.640874 : Adding TileMatrix to Multiome10x_05 for Chr (19 of 23)!, 7.939 mins elapsed.
2024-06-24 20:34:38.495098 : Adding TileMatrix to Multiome10x_06 for Chr (21 of 23)!, 7.949 mins elapsed.

2024-06-24 20:34:38.851164 : NTiles_TileMatrix_21_chr21, Class = numeric

NTiles_TileMatrix_21_chr21: length = 1
chr21 
93420 



2024-06-24 20:34:38.858832 : NCells_TileMatrix_21_chr21, Class = integer

NCells_TileMatrix_21_chr21: length = 1
[1] 8931



2024-06-24 20:34:38.869759 : MinTile_TileMatrix_21_chr21, Class = numeric

MinTile_TileMatrix_21_chr21: length = 1
[1] 10062



2024-06-24 20:34:38.894905 : MaxTile_TileMatrix_21_chr21, Class = numeric

MaxTile_TileMatrix_21_chr21: length = 1
[1] 93400



2024-06-24 20:34:38.917164 : MinCell_TileMatrix_21_chr21, Class = integer

MinCell_TileMatrix_21_chr21: length = 1
[1] 1



2024-06-24 20:34:38.928551 : MaxCell_TileMatrix_21_chr21, Class = integer

MaxCell_TileMatrix_21_chr21: length = 1
[1] 8931



2024-06-24 20:34:39.236266 : NTiles_TileMatrix_19_chr19, Class = numeric

NTiles_TileMatrix_19_chr19: length = 1
 chr19 
117236 



2024-06-24 20:34:39.257246 : NCells_TileMatrix_19_chr19, Class = integer

NCells_TileMatrix_19_chr19: length = 1
[1] 9214



2024-06-24 20:34:39.315944 : MinTile_TileMatrix_19_chr19, Class = numeric

MinTile_TileMatrix_19_chr19: length = 1
[1] 151



2024-06-24 20:34:39.41047 : MaxTile_TileMatrix_19_chr19, Class = numeric

MaxTile_TileMatrix_19_chr19: length = 1
[1] 117216



2024-06-24 20:34:39.540625 : MinCell_TileMatrix_19_chr19, Class = integer

MinCell_TileMatrix_19_chr19: length = 1
[1] 1



2024-06-24 20:34:39.556546 : MaxCell_TileMatrix_19_chr19, Class = integer

MaxCell_TileMatrix_19_chr19: length = 1
[1] 9214


2024-06-24 20:34:46.439058 : Adding TileMatrix to Multiome10x_06 for Chr (22 of 23)!, 8.081 mins elapsed.

2024-06-24 20:34:47.12535 : NTiles_TileMatrix_22_chr22, Class = numeric

NTiles_TileMatrix_22_chr22: length = 1
 chr22 
101637 



2024-06-24 20:34:47.136035 : NCells_TileMatrix_22_chr22, Class = integer

NCells_TileMatrix_22_chr22: length = 1
[1] 8931



2024-06-24 20:34:47.146286 : MinTile_TileMatrix_22_chr22, Class = numeric

MinTile_TileMatrix_22_chr22: length = 1
[1] 21053



2024-06-24 20:34:47.156232 : MaxTile_TileMatrix_22_chr22, Class = numeric

MaxTile_TileMatrix_22_chr22: length = 1
[1] 101617



2024-06-24 20:34:47.206118 : MinCell_TileMatrix_22_chr22, Class = integer

MinCell_TileMatrix_22_chr22: length = 1
[1] 1



2024-06-24 20:34:47.235148 : MaxCell_TileMatrix_22_chr22, Class = integer

MaxCell_TileMatrix_22_chr22: length = 1
[1] 8931


2024-06-24 20:34:59.06971 : Adding TileMatrix to Multiome10x_05 for Chr (20 of 23)!, 8.296 mins elapsed.

2024-06-24 20:35:00.254006 : NTiles_TileMatrix_20_chr20, Class = numeric

NTiles_TileMatrix_20_chr20: length = 1
 chr20 
128889 



2024-06-24 20:35:00.647488 : NCells_TileMatrix_20_chr20, Class = integer

NCells_TileMatrix_20_chr20: length = 1
[1] 9214



2024-06-24 20:35:00.944303 : MinTile_TileMatrix_20_chr20, Class = numeric

MinTile_TileMatrix_20_chr20: length = 1
[1] 121


2024-06-24 20:35:01.480834 : Adding TileMatrix to Multiome10x_06 for Chr (23 of 23)!, 8.332 mins elapsed.

2024-06-24 20:35:01.439666 : MaxTile_TileMatrix_20_chr20, Class = numeric

MaxTile_TileMatrix_20_chr20: length = 1
[1] 128669



2024-06-24 20:35:01.686206 : MinCell_TileMatrix_20_chr20, Class = integer

MinCell_TileMatrix_20_chr20: length = 1
[1] 1



2024-06-24 20:35:01.918524 : MaxCell_TileMatrix_20_chr20, Class = integer

MaxCell_TileMatrix_20_chr20: length = 1
[1] 9214


2024-06-24 20:35:02.175215 : NTiles_TileMatrix_23_chrX, Class = numeric


NTiles_TileMatrix_23_chrX: length = 1
  chrX 
312082 



2024-06-24 20:35:02.441774 : NCells_TileMatrix_23_chrX, Class = integer

NCells_TileMatrix_23_chrX: length = 1
[1] 8931



2024-06-24 20:35:02.710809 : MinTile_TileMatrix_23_chrX, Class = numeric

MinTile_TileMatrix_23_chrX: length = 1
[1] 21



2024-06-24 20:35:02.897065 : MaxTile_TileMatrix_23_chrX, Class = numeric

MaxTile_TileMatrix_23_chrX: length = 1
[1] 312062



2024-06-24 20:35:02.976204 : MinCell_TileMatrix_23_chrX, Class = integer

MinCell_TileMatrix_23_chrX: length = 1
[1] 1



2024-06-24 20:35:03.033758 : MaxCell_TileMatrix_23_chrX, Class = integer

MaxCell_TileMatrix_23_chrX: length = 1
[1] 8931


2024-06-24 20:35:15.176069 : Adding TileMatrix to Multiome10x_05 for Chr (21 of 23)!, 8.565 mins elapsed.

2024-06-24 20:35:16.592642 : NTiles_TileMatrix_21_chr21, Class = numeric

NTiles_TileMatrix_21_chr21: length = 1
chr21 
93420 



2024-06-24 20:35:16.824278 : NCells_TileMatrix_21_chr21, Class = integer

NCells_TileMatrix_21_chr21: length = 1
[1] 9214



2024-06-24 20:35:16.909578 : MinTile_TileMatrix_21_chr21, Class = numeric

MinTile_TileMatrix_21_chr21: length = 1
[1] 10062



2024-06-24 20:35:16.97217 : MaxTile_TileMatrix_21_chr21, Class = numeric

MaxTile_TileMatrix_21_chr21: length = 1
[1] 93400



2024-06-24 20:35:17.042573 : MinCell_TileMatrix_21_chr21, Class = integer

MinCell_TileMatrix_21_chr21: length = 1
[1] 1



2024-06-24 20:35:17.160446 : MaxCell_TileMatrix_21_chr21, Class = integer

MaxCell_TileMatrix_21_chr21: length = 1
[1] 9214


2024-06-24 20:35:18.136187 : (Multiome10x_06 : 2 of 2) Finished Adding TileMatrix!, 22.959 mins elapsed.
2024-06-24 20:35:18.195139 : (Multiome10x_06 : 2 of 2) Finished Creating Arrow File, 22.96 mins elapsed.
2024-06-24 20:35:31.444904 : Adding TileMatrix to Multiome10x_05 for Chr (22 of 23)!, 8.836 mins elapsed.

2024-06-24 20:35:32.294557 : NTiles_TileMatrix_22_chr22, Class = numeric

NTiles_TileMatrix_22_chr22: length = 1
 chr22 
101637 



2024-06-24 20:35:32.58016 : NCells_TileMatrix_22_chr22, Class = integer

NCells_TileMatrix_22_chr22: length = 1
[1] 9214



2024-06-24 20:35:32.671319 : MinTile_TileMatrix_22_chr22, Class = numeric

MinTile_TileMatrix_22_chr22: length = 1
[1] 21122



2024-06-24 20:35:32.886042 : MaxTile_TileMatrix_22_chr22, Class = numeric

MaxTile_TileMatrix_22_chr22: length = 1
[1] 101617



2024-06-24 20:35:33.409133 : MinCell_TileMatrix_22_chr22, Class = integer

MinCell_TileMatrix_22_chr22: length = 1
[1] 1



2024-06-24 20:35:33.595273 : MaxCell_TileMatrix_22_chr22, Class = integer

MaxCell_TileMatrix_22_chr22: length = 1
[1] 9214


2024-06-24 20:35:44.273198 : Adding TileMatrix to Multiome10x_05 for Chr (23 of 23)!, 9.05 mins elapsed.

2024-06-24 20:35:44.956198 : NTiles_TileMatrix_23_chrX, Class = numeric

NTiles_TileMatrix_23_chrX: length = 1
  chrX 
312082 



2024-06-24 20:35:44.963027 : NCells_TileMatrix_23_chrX, Class = integer

NCells_TileMatrix_23_chrX: length = 1
[1] 9214



2024-06-24 20:35:44.968915 : MinTile_TileMatrix_23_chrX, Class = numeric

MinTile_TileMatrix_23_chrX: length = 1
[1] 21



2024-06-24 20:35:44.980879 : MaxTile_TileMatrix_23_chrX, Class = numeric

MaxTile_TileMatrix_23_chrX: length = 1
[1] 312062



2024-06-24 20:35:45.016126 : MinCell_TileMatrix_23_chrX, Class = integer

MinCell_TileMatrix_23_chrX: length = 1
[1] 1



2024-06-24 20:35:45.057734 : MaxCell_TileMatrix_23_chrX, Class = integer

MaxCell_TileMatrix_23_chrX: length = 1
[1] 9214


2024-06-24 20:35:59.070107 : (Multiome10x_05 : 1 of 2) Finished Adding TileMatrix!, 23.641 mins elapsed.
2024-06-24 20:35:59.08145 : (Multiome10x_05 : 1 of 2) Finished Creating Arrow File, 23.641 mins elapsed.

------- Completed

End Time : 2024-06-24 20:35:59.125555
Elapsed Time Minutes = 23.6563872536023
Elapsed Time Hours = 0.394273477329148

-------



