
           ___      .______        ______  __    __  .______      
          /   \     |   _  \      /      ||  |  |  | |   _  \     
         /  ^  \    |  |_)  |    |  ,----'|  |__|  | |  |_)  |    
        /  /_\  \   |      /     |  |     |   __   | |      /     
       /  _____  \  |  |\  \\___ |  `----.|  |  |  | |  |\  \\___.
      /__/     \__\ | _| `._____| \______||__|  |__| | _| `._____|
    
Logging With ArchR!

Start Time : 2024-06-24 17:10:09.608404

------- ArchR Info

ArchRThreads = 16
ArchRGenome = Hg38

------- System Info

Computer OS = unix

------- Session Info

R version 4.3.3 (2024-02-29)
Platform: x86_64-conda-linux-gnu (64-bit)
Running under: Red Hat Enterprise Linux 8.9 (Ootpa)

Matrix products: default
BLAS/LAPACK: /maps/projects/ralab/people/lpm537/software/anaconda3/envs/Notebook_E2G_240505/lib/libopenblasp-r0.3.27.so;  LAPACK version 3.12.0

Random number generation:
 RNG:     L'Ecuyer-CMRG 
 Normal:  Inversion 
 Sample:  Rejection 
 
locale:
 [1] LC_CTYPE=en_US.UTF-8       LC_NUMERIC=C              
 [3] LC_TIME=en_US.UTF-8        LC_COLLATE=en_US.UTF-8    
 [5] LC_MONETARY=en_US.UTF-8    LC_MESSAGES=en_US.UTF-8   
 [7] LC_PAPER=en_US.UTF-8       LC_NAME=C                 
 [9] LC_ADDRESS=C               LC_TELEPHONE=C            
[11] LC_MEASUREMENT=en_US.UTF-8 LC_IDENTIFICATION=C       

time zone: Europe/Copenhagen
tzcode source: system (glibc)

attached base packages:
[1] stats4    grid      stats     graphics  grDevices utils     datasets 
[8] methods   base     

other attached packages:
 [1] BSgenome.Hsapiens.UCSC.hg38_1.4.5 BSgenome_1.68.0                  
 [3] rtracklayer_1.60.1                Biostrings_2.70.1                
 [5] XVector_0.42.0                    genomation_1.34.0                
 [7] Signac_1.13.0                     Seurat_5.0.3                     
 [9] SeuratObject_5.0.1                sp_2.1-4                         
[11] rhdf5_2.44.0                      SummarizedExperiment_1.30.2      
[13] Biobase_2.60.0                    MatrixGenerics_1.12.3            
[15] Rcpp_1.0.12                       Matrix_1.6-5                     
[17] GenomicRanges_1.54.1              GenomeInfoDb_1.38.1              
[19] IRanges_2.36.0                    S4Vectors_0.40.2                 
[21] BiocGenerics_0.48.1               matrixStats_1.3.0                
[23] data.table_1.15.2                 stringr_1.5.1                    
[25] plyr_1.8.9                        magrittr_2.0.3                   
[27] ggplot2_3.5.1                     gtable_0.3.5                     
[29] gtools_3.9.5                      gridExtra_2.3                    
[31] ArchR_1.0.2                      

loaded via a namespace (and not attached):
  [1] RcppAnnoy_0.0.22         splines_4.3.3            later_1.3.2             
  [4] pbdZMQ_0.3-11            BiocIO_1.10.0            bitops_1.0-7            
  [7] tibble_3.2.1             polyclip_1.10-6          XML_3.99-0.16.1         
 [10] fastDummies_1.7.3        lifecycle_1.0.4          globals_0.16.3          
 [13] lattice_0.22-6           MASS_7.3-60              plotly_4.10.4           
 [16] plotrix_3.8-4            yaml_2.3.8               httpuv_1.6.15           
 [19] sctransform_0.4.1        spam_2.10-0              spatstat.sparse_3.0-3   
 [22] reticulate_1.36.1        cowplot_1.1.3            pbapply_1.7-2           
 [25] RColorBrewer_1.1-3       abind_1.4-5              zlibbioc_1.48.0         
 [28] Rtsne_0.17               purrr_1.0.2              RCurl_1.98-1.14         
 [31] GenomeInfoDbData_1.2.11  ggrepel_0.9.5            irlba_2.3.5.1           
 [34] listenv_0.9.1            spatstat.utils_3.0-4     goftest_1.2-3           
 [37] RSpectra_0.16-1          spatstat.random_3.2-3    fitdistrplus_1.1-11     
 [40] parallelly_1.37.1        leiden_0.4.3.1           codetools_0.2-20        
 [43] DelayedArray_0.26.7      RcppRoll_0.3.0           tidyselect_1.2.1        
 [46] base64enc_0.1-3          spatstat.explore_3.2-6   GenomicAlignments_1.36.0
 [49] jsonlite_1.8.8           progressr_0.14.0         ggridges_0.5.6          
 [52] survival_3.6-4           tools_4.3.3              ica_1.0-3               
 [55] glue_1.7.0               IRdisplay_1.1            dplyr_1.1.4             
 [58] withr_3.0.0              fastmap_1.1.1            rhdf5filters_1.12.1     
 [61] fansi_1.0.6              digest_0.6.35            R6_2.5.1                
 [64] mime_0.12                seqPattern_1.34.0        colorspace_2.1-0        
 [67] scattermore_1.2          tensor_1.5               spatstat.data_3.0-4     
 [70] utf8_1.2.4               tidyr_1.3.1              generics_0.1.3          
 [73] httr_1.4.7               htmlwidgets_1.6.4        S4Arrays_1.2.1          
 [76] uwot_0.1.16              pkgconfig_2.0.3          impute_1.76.0           
 [79] lmtest_0.9-40            htmltools_0.5.8.1        dotCall64_1.1-1         
 [82] scales_1.3.0             png_0.1-8                tzdb_0.4.0              
 [85] reshape2_1.4.4           rjson_0.2.21             uuid_1.2-0              
 [88] nlme_3.1-164             repr_1.1.7               zoo_1.8-12              
 [91] KernSmooth_2.23-22       parallel_4.3.3           miniUI_0.1.1.1          
 [94] restfulr_0.0.15          pillar_1.9.0             vctrs_0.6.5             
 [97] RANN_2.6.1               promises_1.3.0           xtable_1.8-4            
[100] cluster_2.1.6            evaluate_0.23            readr_2.1.5             
[103] cli_3.6.2                compiler_4.3.3           Rsamtools_2.18.0        
[106] rlang_1.1.3              crayon_1.5.2             future.apply_1.11.2     
[109] stringi_1.8.3            gridBase_0.4-7           viridisLite_0.4.2       
[112] deldir_2.0-4             BiocParallel_1.36.0      munsell_0.5.1           
[115] lazyeval_0.2.2           spatstat.geom_3.2-9      IRkernel_1.3.2          
[118] RcppHNSW_0.6.0           hms_1.1.3                patchwork_1.2.0         
[121] future_1.33.2            Rhdf5lib_1.22.1          shiny_1.8.1.1           
[124] ROCR_1.0-11              igraph_2.0.3             fastmatch_1.1-4         


------- Log Info


2024-06-24 17:10:10.028924 : createArrowFiles Input-Parameters, Class = list

createArrowFiles Input-Parameters$inputFiles: length = 2
[1] "/maps/projects/ralab_nnfc-AUDIT/people/lpm537/project/E2G/processed/10x_multiome_230720/10x/cellranger_res/Multiome10x_05/outs/atac_fragments.tsv.gz"
[2] "/maps/projects/ralab_nnfc-AUDIT/people/lpm537/project/E2G/processed/10x_multiome_230720/10x/cellranger_res/Multiome10x_06/outs/atac_fragments.tsv.gz"


createArrowFiles Input-Parameters$sampleNames: length = 2
[1] "Multiome10x_05" "Multiome10x_06"


createArrowFiles Input-Parameters$outputNames: length = 2
[1] "Multiome10x_05" "Multiome10x_06"


createArrowFiles Input-Parameters$minTSS: length = 1
[1] 4


createArrowFiles Input-Parameters$minFrags: length = 1
[1] 1000


createArrowFiles Input-Parameters$maxFrags: length = 1
[1] 1e+05


createArrowFiles Input-Parameters$minFragSize: length = 1
[1] 10


createArrowFiles Input-Parameters$maxFragSize: length = 1
[1] 2000


createArrowFiles Input-Parameters$QCDir: length = 1
[1] "QualityControl"


createArrowFiles Input-Parameters$nucLength: length = 1
[1] 147


createArrowFiles Input-Parameters$promoterRegion: length = 2
[1] 2000  100


createArrowFiles Input-Parameters$excludeChr: length = 2
[1] "chrM" "chrY"


createArrowFiles Input-Parameters$nChunk: length = 1
[1] 5


createArrowFiles Input-Parameters$bcTag: length = 1
[1] "qname"


createArrowFiles Input-Parameters$gsubExpression: length = 0
NULL


createArrowFiles Input-Parameters$bamFlag: length = 0
NULL


createArrowFiles Input-Parameters$offsetPlus: length = 1
[1] 4


createArrowFiles Input-Parameters$offsetMinus: length = 1
[1] -5


createArrowFiles Input-Parameters$addTileMat: length = 1
[1] TRUE


createArrowFiles Input-Parameters$addGeneScoreMat: length = 1
[1] FALSE


createArrowFiles Input-Parameters$force: length = 1
[1] TRUE


createArrowFiles Input-Parameters$threads: length = 1
[1] 16


createArrowFiles Input-Parameters$parallelParam: length = 0
NULL


createArrowFiles Input-Parameters$subThreading: length = 1
[1] TRUE


createArrowFiles Input-Parameters$verbose: length = 1
[1] TRUE


createArrowFiles Input-Parameters$cleanTmp: length = 1
[1] TRUE


createArrowFiles Input-Parameters$logFile: length = 1
[1] "ArchRLogs/ArchR-createArrows-2482673b2e8415-Date-2024-06-24_Time-17-10-09.545037.log"


createArrowFiles Input-Parameters$filterFrags: length = 1
[1] 1000


createArrowFiles Input-Parameters$filterTSS: length = 1
[1] 4



2024-06-24 17:10:11.118957 : 
2024-06-24 17:10:11.136306 : Batch Execution w/ safelapply!, 0 mins elapsed.

###########
2024-06-24 17:10:11.553266 : Creating Arrow File Multiome10x_05.arrow (Multiome10x_05 : 1 of 2)
###########


2024-06-24 17:10:11.559446 : validBC, Class = character

validBC: length = 9226
[1] "AAACAGCCAACAACAA-1" "AAACAGCCACCGGCTA-1" "AAACAGCCAGGACACA-1"
[4] "AAACAGCCATCCTAGA-1" "AAACATGCAAAGGTAC-1" "AAACATGCAAATTCGT-1"



2024-06-24 17:10:11.63726 : 
2024-06-24 17:10:11.669851 : (Multiome10x_05 : 1 of 2) Reading In Fragments from inputFiles (readMethod = tabix), 0.009 mins elapsed.
2024-06-24 17:10:11.691614 : (Multiome10x_05 : 1 of 2) Tabix Bed To Temporary File, 0.009 mins elapsed.

###########
2024-06-24 17:10:11.818191 : Creating Arrow File Multiome10x_06.arrow (Multiome10x_06 : 2 of 2)
###########


2024-06-24 17:10:11.825177 : validBC, Class = character

validBC: length = 8957
[1] "AAACAGCCAACAACAA-1" "AAACAGCCAAGGACCA-1" "AAACAGCCACAATGCC-1"
[4] "AAACAGCCATGAGCAG-1" "AAACATGCAAGATTCT-1" "AAACATGCACAACAAA-1"



2024-06-24 17:10:11.922862 : 
2024-06-24 17:10:11.950268 : (Multiome10x_06 : 2 of 2) Reading In Fragments from inputFiles (readMethod = tabix), 0.014 mins elapsed.
2024-06-24 17:10:11.965988 : (Multiome10x_06 : 2 of 2) Tabix Bed To Temporary File, 0.014 mins elapsed.

2024-06-24 17:10:12.068444 : tileChromSizes, Class = GRanges
GRanges object with 120 ranges and 1 metadata column:
        seqnames              ranges strand |     chunkName
           <Rle>           <IRanges>  <Rle> |   <character>
    [1]     chr1          1-49791284      * |   chr1#chunk1
    [2]     chr1   49791285-99582568      * |   chr1#chunk2
    [3]     chr1  99582569-149373853      * |   chr1#chunk3
    [4]     chr1 149373854-199165137      * |   chr1#chunk4
    [5]     chr1 199165138-248956422      * |   chr1#chunk5
    ...      ...                 ...    ... .           ...
  [116]     chrY          1-11445483      * | chrY#chunk116
  [117]     chrY   11445484-22890966      * | chrY#chunk117
  [118]     chrY   22890967-34336449      * | chrY#chunk118
  [119]     chrY   34336450-45781932      * | chrY#chunk119
  [120]     chrY   45781933-57227415      * | chrY#chunk120
  -------
  seqinfo: 24 sequences from an unspecified genome; no seqlengths


2024-06-24 17:10:12.185874 : tileChromSizes, Class = GRanges
GRanges object with 120 ranges and 1 metadata column:
        seqnames              ranges strand |     chunkName
           <Rle>           <IRanges>  <Rle> |   <character>
    [1]     chr1          1-49791284      * |   chr1#chunk1
    [2]     chr1   49791285-99582568      * |   chr1#chunk2
    [3]     chr1  99582569-149373853      * |   chr1#chunk3
    [4]     chr1 149373854-199165137      * |   chr1#chunk4
    [5]     chr1 199165138-248956422      * |   chr1#chunk5
    ...      ...                 ...    ... .           ...
  [116]     chrY          1-11445483      * | chrY#chunk116
  [117]     chrY   11445484-22890966      * | chrY#chunk117
  [118]     chrY   22890967-34336449      * | chrY#chunk118
  [119]     chrY   34336450-45781932      * | chrY#chunk119
  [120]     chrY   45781933-57227415      * | chrY#chunk120
  -------
  seqinfo: 24 sequences from an unspecified genome; no seqlengths


2024-06-24 17:11:22.347667 : (Multiome10x_06 : 2 of 2) .tabixToTmp Fragments-Chunk-(1 of 120)-chr1:1-49791284, Class = data.table
 
2024-06-24 17:11:22.347667 : (Multiome10x_06 : 2 of 2) .tabixToTmp Fragments-Chunk-(1 of 120)-chr1:1-49791284, Class = data.frame
(Multiome10x_06 : 2 of 2) .tabixToTmp Fragments-Chunk-(1 of 120)-chr1:1-49791284: nRows = 10926607, nCols = 3

2024-06-24 17:11:22.412551 : (Multiome10x_05 : 1 of 2) .tabixToTmp Fragments-Chunk-(1 of 120)-chr1:1-49791284, Class = data.table
 
2024-06-24 17:11:22.412551 : (Multiome10x_05 : 1 of 2) .tabixToTmp Fragments-Chunk-(1 of 120)-chr1:1-49791284, Class = data.frame
      V2    V3                 V4
   <num> <int>             <char>
1: 10002 10012 TGGACGGAGGCTGGCT-1
2: 10066 10346 ATTCCTAGTGTGTCCC-1
3: 10068 10210 CAACCCGCACTGGCCA-1
4: 10073 10185 CTATTGAAGTTCCTGC-1
5: 10073 10204 TGTATCGCAACACCTA-1
6: 10073 10333 CATAGGTTCATGCAAC-1
(Multiome10x_05 : 1 of 2) .tabixToTmp Fragments-Chunk-(1 of 120)-chr1:1-49791284: nRows = 10878094, nCols = 3


      V2    V3                 V4
   <num> <int>             <char>
1: 10002 10012 ACAGCCGGTTAGGTTG-1
2: 10068 10192 ACCCGCTGTTTGTCTA-1
3: 10068 10192 AGCGCTCAGTCAGTAC-1
4: 10068 10192 CACTAGCCAACAGCCT-1
5: 10072 10335 CAAGTTATCTCACACC-1
6: 10073 10339 AATTTGGTCATCAGTA-1



2024-06-24 17:11:22.509441 : (Multiome10x_06 : 2 of 2) .tabixToTmp Barcodes-Chunk-(1 of 120)-chr1:1-49791284, Class = character

(Multiome10x_06 : 2 of 2) .tabixToTmp Barcodes-Chunk-(1 of 120)-chr1:1-49791284: length = 222932

2024-06-24 17:11:22.546684 : (Multiome10x_05 : 1 of 2) .tabixToTmp Barcodes-Chunk-(1 of 120)-chr1:1-49791284, Class = character
[1] "TGGACGGAGGCTGGCT-1" "ATTCCTAGTGTGTCCC-1" "CAACCCGCACTGGCCA-1"
[4] "CTATTGAAGTTCCTGC-1" "TGTATCGCAACACCTA-1" "CATAGGTTCATGCAAC-1"


(Multiome10x_05 : 1 of 2) .tabixToTmp Barcodes-Chunk-(1 of 120)-chr1:1-49791284: length = 222802

[1] "ACAGCCGGTTAGGTTG-1" "ACCCGCTGTTTGTCTA-1" "AGCGCTCAGTCAGTAC-1"
[4] "CACTAGCCAACAGCCT-1" "CAAGTTATCTCACACC-1" "AATTTGGTCATCAGTA-1"


2024-06-24 17:11:35.208936 : (Multiome10x_05 : 1 of 2) Reading TabixFile 14 Percent, 1.401 mins elapsed.
2024-06-24 17:11:35.581421 : (Multiome10x_06 : 2 of 2) Reading TabixFile 14 Percent, 1.407 mins elapsed.
2024-06-24 17:12:46.197417 : (Multiome10x_05 : 1 of 2) Reading TabixFile 28 Percent, 2.584 mins elapsed.
2024-06-24 17:12:48.822034 : (Multiome10x_06 : 2 of 2) Reading TabixFile 28 Percent, 2.628 mins elapsed.
2024-06-24 17:13:47.523178 : (Multiome10x_06 : 2 of 2) Reading TabixFile 42 Percent, 3.606 mins elapsed.
2024-06-24 17:13:47.809384 : (Multiome10x_05 : 1 of 2) Reading TabixFile 42 Percent, 3.611 mins elapsed.
2024-06-24 17:14:59.033927 : (Multiome10x_05 : 1 of 2) Reading TabixFile 57 Percent, 4.798 mins elapsed.
2024-06-24 17:15:00.245595 : (Multiome10x_06 : 2 of 2) Reading TabixFile 57 Percent, 4.818 mins elapsed.
2024-06-24 17:15:59.514616 : (Multiome10x_06 : 2 of 2) Reading TabixFile 71 Percent, 5.806 mins elapsed.
2024-06-24 17:16:06.680632 : (Multiome10x_05 : 1 of 2) Reading TabixFile 71 Percent, 5.926 mins elapsed.
2024-06-24 17:16:59.811568 : (Multiome10x_06 : 2 of 2) Reading TabixFile 85 Percent, 6.811 mins elapsed.
2024-06-24 17:17:05.391773 : (Multiome10x_05 : 1 of 2) Reading TabixFile 85 Percent, 6.904 mins elapsed.
2024-06-24 17:17:43.581014 : (Multiome10x_06 : 2 of 2) Reading TabixFile 99 Percent, 7.54 mins elapsed.
2024-06-24 17:17:48.2128 : (Multiome10x_05 : 1 of 2) Reading TabixFile 99 Percent, 7.618 mins elapsed.
2024-06-24 17:17:52.081729 : (Multiome10x_06 : 2 of 2) Parallel Hdf5 Linkage Temporary File, 7.683 mins elapsed.
2024-06-24 17:17:56.615137 : (Multiome10x_05 : 1 of 2) Parallel Hdf5 Linkage Temporary File, 7.758 mins elapsed.
2024-06-24 17:17:59.805934 : (Multiome10x_06 : 2 of 2) Successful creation of Temporary File, 7.811 mins elapsed.
2024-06-24 17:17:59.820814 : (Multiome10x_06 : 2 of 2) Creating ArrowFile From Temporary File, 7.811 mins elapsed.

2024-06-24 17:18:00.363492 : (Multiome10x_06 : 2 of 2) chunkChrNames, Class = data.frame
(Multiome10x_06 : 2 of 2) chunkChrNames: nRows = 118, nCols = 1
     chunkNames
1   chr1#chunk1
2   chr1#chunk2
3   chr1#chunk3
4   chr1#chunk4
5   chr1#chunk5
6 chr10#chunk46


2024-06-24 17:18:00.391678 : (Multiome10x_06 : 2 of 2) Counting Unique Barcodes From Temporary File, 7.821 mins elapsed.
2024-06-24 17:18:04.07207 : (Multiome10x_05 : 1 of 2) Successful creation of Temporary File, 7.882 mins elapsed.
2024-06-24 17:18:04.083121 : (Multiome10x_05 : 1 of 2) Creating ArrowFile From Temporary File, 7.882 mins elapsed.

2024-06-24 17:18:04.650896 : (Multiome10x_05 : 1 of 2) chunkChrNames, Class = data.frame
(Multiome10x_05 : 1 of 2) chunkChrNames: nRows = 118, nCols = 1
     chunkNames
1   chr1#chunk1
2   chr1#chunk2
3   chr1#chunk3
4   chr1#chunk4
5   chr1#chunk5
6 chr10#chunk46


2024-06-24 17:18:04.672731 : (Multiome10x_05 : 1 of 2) Counting Unique Barcodes From Temporary File, 7.892 mins elapsed.

2024-06-24 17:18:04.678017 : (Multiome10x_06 : 2 of 2) BarcodeFrequencyTable, Class = data.table
 
2024-06-24 17:18:04.678017 : (Multiome10x_06 : 2 of 2) BarcodeFrequencyTable, Class = data.frame
(Multiome10x_06 : 2 of 2) BarcodeFrequencyTable: nRows = 8957, nCols = 2
            values.V1      V1
               <char>   <int>
1: GACTTACAGGGATGAC-1 1286406
2: AACCTAATCATTAGTG-1 1016868
3: TGAGGGAGTCGTTACT-1  567996
4: AAGTTTGTCCACCCTG-1  181846
5: TGTTGGCCACTTAGGC-1  171537
6: GTTCATTTCATTCATC-1  157046



2024-06-24 17:18:04.716532 : (Multiome10x_06 : 2 of 2) BarcodesMinMaxFrags, Class = data.frame
(Multiome10x_06 : 2 of 2) BarcodesMinMaxFrags: nRows = 8931, nCols = 1
                  bc
1 GTTACGCCAATAGCAA-1
2 GGTCTTTGTTGCTGGG-1
3 GTACTTAAGCATGCAT-1
4 CGCATATAGATGGACA-1
5 CTGTAACAGGGATGAC-1
6 CTCCTGAGTCATTACC-1



2024-06-24 17:18:07.771846 : (Multiome10x_06 : 2 of 2) Unique Chromosomes, Class = data.frame
(Multiome10x_06 : 2 of 2) Unique Chromosomes: nRows = 24, nCols = 1
   chr
1 chr1
2 chr2
3 chr3
4 chr4
5 chr5
6 chr6


2024-06-24 17:18:08.103854 : (Multiome10x_06 : 2 of 2) Adding Chromosome 1 of 24, 7.95 mins elapsed.

2024-06-24 17:18:08.209905 : (Multiome10x_05 : 1 of 2) BarcodeFrequencyTable, Class = data.table
 
2024-06-24 17:18:08.209905 : (Multiome10x_05 : 1 of 2) BarcodeFrequencyTable, Class = data.frame
(Multiome10x_05 : 1 of 2) BarcodeFrequencyTable: nRows = 9226, nCols = 2
            values.V1     V1
               <char>  <int>
1: GAAGGCTAGGCAAGTA-1 671957
2: CACTAAGGTATTGTCC-1 184444
3: TAGTTGTCAAACCCTA-1 159462
4: CTCTAAGCAAGGACCA-1 152146
5: GCTTAACAGCTTATGA-1 151682
6: GTCGAGGAGTGAACGA-1 146296



2024-06-24 17:18:08.233964 : (Multiome10x_05 : 1 of 2) BarcodesMinMaxFrags, Class = data.frame
(Multiome10x_05 : 1 of 2) BarcodesMinMaxFrags: nRows = 9214, nCols = 1
                  bc
1 GCTGTACCAATCATGT-1
2 TTATCCGTCTTAATGG-1
3 CGCTAATAGCTGAGGG-1
4 TCAAGGAAGTAGAGGC-1
5 GTTTGTCGTTTGCAGA-1
6 GAGCTTGTCAATCTCT-1


2024-06-24 17:18:08.487264 : (Multiome10x_06 : 2 of 2) Adding Chromosome 2 of 24, 7.956 mins elapsed.
2024-06-24 17:18:08.734005 : (Multiome10x_06 : 2 of 2) Adding Chromosome 3 of 24, 7.96 mins elapsed.
2024-06-24 17:18:08.980863 : (Multiome10x_06 : 2 of 2) Adding Chromosome 4 of 24, 7.964 mins elapsed.
2024-06-24 17:18:09.360552 : (Multiome10x_06 : 2 of 2) Adding Chromosome 5 of 24, 7.971 mins elapsed.
2024-06-24 17:18:09.755057 : (Multiome10x_06 : 2 of 2) Adding Chromosome 6 of 24, 7.977 mins elapsed.
2024-06-24 17:18:10.042807 : (Multiome10x_06 : 2 of 2) Adding Chromosome 7 of 24, 7.982 mins elapsed.
2024-06-24 17:18:10.430619 : (Multiome10x_06 : 2 of 2) Adding Chromosome 8 of 24, 7.988 mins elapsed.

2024-06-24 17:18:10.956165 : (Multiome10x_05 : 1 of 2) Unique Chromosomes, Class = data.frame
(Multiome10x_05 : 1 of 2) Unique Chromosomes: nRows = 24, nCols = 1
   chr
1 chr1
2 chr2
3 chr3
4 chr4
5 chr5
6 chr6


2024-06-24 17:18:11.379367 : (Multiome10x_05 : 1 of 2) Adding Chromosome 1 of 24, 8.004 mins elapsed.
2024-06-24 17:18:11.66713 : (Multiome10x_05 : 1 of 2) Adding Chromosome 2 of 24, 8.009 mins elapsed.
2024-06-24 17:18:12.021125 : (Multiome10x_05 : 1 of 2) Adding Chromosome 3 of 24, 8.015 mins elapsed.
2024-06-24 17:18:12.399842 : (Multiome10x_05 : 1 of 2) Adding Chromosome 4 of 24, 8.021 mins elapsed.
2024-06-24 17:18:12.655438 : (Multiome10x_05 : 1 of 2) Adding Chromosome 5 of 24, 8.025 mins elapsed.
2024-06-24 17:18:12.913893 : (Multiome10x_05 : 1 of 2) Adding Chromosome 6 of 24, 8.03 mins elapsed.
2024-06-24 17:18:13.316942 : (Multiome10x_05 : 1 of 2) Adding Chromosome 7 of 24, 8.036 mins elapsed.
2024-06-24 17:18:13.598805 : (Multiome10x_05 : 1 of 2) Adding Chromosome 8 of 24, 8.041 mins elapsed.
2024-06-24 17:18:25.863347 : (Multiome10x_06 : 2 of 2) Adding Chromosome 9 of 24, 8.246 mins elapsed.
2024-06-24 17:18:26.313459 : (Multiome10x_06 : 2 of 2) Adding Chromosome 10 of 24, 8.253 mins elapsed.
2024-06-24 17:18:27.827843 : (Multiome10x_06 : 2 of 2) Adding Chromosome 11 of 24, 8.278 mins elapsed.

2024-06-24 17:18:27.940261 : (Multiome10x_06 : 2 of 2) .tmpToArrow Fragments-Chr-(1 of 24)-chr1, Class = IRanges

(Multiome10x_06 : 2 of 2) .tmpToArrow Fragments-Chr-(1 of 24)-chr1: length = 18534895
IRanges object with 6 ranges and 1 metadata column:
          start       end     width |                 RG
      <integer> <integer> <integer> |              <Rle>
  [1]    634005    634069        65 | GTTACGCCAATAGCAA-1
  [2]    778638    778710        73 | GTTACGCCAATAGCAA-1
  [3]    778711    778808        98 | GTTACGCCAATAGCAA-1
  [4]    838094    838255       162 | GTTACGCCAATAGCAA-1
  [5]    905207    905487       281 | GTTACGCCAATAGCAA-1
  [6]    905676    905710        35 | GTTACGCCAATAGCAA-1
2024-06-24 17:18:28.192425 : (Multiome10x_05 : 1 of 2) Adding Chromosome 9 of 24, 8.284 mins elapsed.

2024-06-24 17:18:28.338863 : (Multiome10x_06 : 2 of 2) Adding Chromosome 12 of 24, 8.287 mins elapsed.


2024-06-24 17:18:28.422612 : (Multiome10x_06 : 2 of 2) .tmpToArrow Barcodes-Chr-(1 of 24)-chr1, Class = data.frame
(Multiome10x_06 : 2 of 2) .tmpToArrow Barcodes-Chr-(1 of 24)-chr1: nRows = 8931, nCols = 1
                  bc
1 GTTACGCCAATAGCAA-1
2 GGTCTTTGTTGCTGGG-1
3 GTACTTAAGCATGCAT-1
4 CGCATATAGATGGACA-1
5 CTGTAACAGGGATGAC-1
6 CTCCTGAGTCATTACC-1


2024-06-24 17:18:30.145928 : (Multiome10x_05 : 1 of 2) Adding Chromosome 10 of 24, 8.317 mins elapsed.
2024-06-24 17:18:30.652583 : (Multiome10x_06 : 2 of 2) Adding Chromosome 13 of 24, 8.325 mins elapsed.

2024-06-24 17:18:31.544587 : (Multiome10x_05 : 1 of 2) .tmpToArrow Fragments-Chr-(1 of 24)-chr1, Class = IRanges

(Multiome10x_05 : 1 of 2) .tmpToArrow Fragments-Chr-(1 of 24)-chr1: length = 18524871
IRanges object with 6 ranges and 1 metadata column:
          start       end     width |                 RG
      <integer> <integer> <integer> |              <Rle>
  [1]    633905    634050       146 | GCTGTACCAATCATGT-1
  [2]    633995    634044        50 | GCTGTACCAATCATGT-1
  [3]    634006    634069        64 | GCTGTACCAATCATGT-1
  [4]    778396    778566       171 | GCTGTACCAATCATGT-1
  [5]    778437    778623       187 | GCTGTACCAATCATGT-1
  [6]    778638    778712        75 | GCTGTACCAATCATGT-1



2024-06-24 17:18:31.606127 : (Multiome10x_05 : 1 of 2) .tmpToArrow Barcodes-Chr-(1 of 24)-chr1, Class = data.frame
(Multiome10x_05 : 1 of 2) .tmpToArrow Barcodes-Chr-(1 of 24)-chr1: nRows = 9214, nCols = 1
                  bc
1 GCTGTACCAATCATGT-1
2 TTATCCGTCTTAATGG-1
3 CGCTAATAGCTGAGGG-1
4 TCAAGGAAGTAGAGGC-1
5 GTTTGTCGTTTGCAGA-1
6 GAGCTTGTCAATCTCT-1


2024-06-24 17:18:32.82017 : (Multiome10x_05 : 1 of 2) Adding Chromosome 11 of 24, 8.362 mins elapsed.
2024-06-24 17:18:32.849053 : (Multiome10x_06 : 2 of 2) Adding Chromosome 14 of 24, 8.362 mins elapsed.
2024-06-24 17:18:33.759272 : (Multiome10x_05 : 1 of 2) Adding Chromosome 12 of 24, 8.377 mins elapsed.
2024-06-24 17:18:34.25899 : (Multiome10x_05 : 1 of 2) Adding Chromosome 13 of 24, 8.386 mins elapsed.
2024-06-24 17:18:34.636675 : (Multiome10x_06 : 2 of 2) Adding Chromosome 15 of 24, 8.392 mins elapsed.
2024-06-24 17:18:35.740253 : (Multiome10x_05 : 1 of 2) Adding Chromosome 14 of 24, 8.41 mins elapsed.
2024-06-24 17:18:36.71739 : (Multiome10x_05 : 1 of 2) Adding Chromosome 15 of 24, 8.426 mins elapsed.
2024-06-24 17:18:38.148309 : (Multiome10x_06 : 2 of 2) Adding Chromosome 16 of 24, 8.45 mins elapsed.
2024-06-24 17:18:40.198767 : (Multiome10x_05 : 1 of 2) Adding Chromosome 16 of 24, 8.484 mins elapsed.
2024-06-24 17:18:43.218596 : (Multiome10x_06 : 2 of 2) Adding Chromosome 17 of 24, 8.535 mins elapsed.
2024-06-24 17:18:45.455995 : (Multiome10x_06 : 2 of 2) Adding Chromosome 18 of 24, 8.572 mins elapsed.
2024-06-24 17:18:46.103783 : (Multiome10x_06 : 2 of 2) Adding Chromosome 19 of 24, 8.583 mins elapsed.
2024-06-24 17:18:46.370659 : (Multiome10x_05 : 1 of 2) Adding Chromosome 17 of 24, 8.587 mins elapsed.
2024-06-24 17:18:46.862402 : (Multiome10x_05 : 1 of 2) Adding Chromosome 18 of 24, 8.596 mins elapsed.
2024-06-24 17:18:47.858248 : (Multiome10x_06 : 2 of 2) Adding Chromosome 20 of 24, 8.612 mins elapsed.
2024-06-24 17:18:48.085504 : (Multiome10x_06 : 2 of 2) Adding Chromosome 21 of 24, 8.616 mins elapsed.
2024-06-24 17:18:48.451294 : (Multiome10x_05 : 1 of 2) Adding Chromosome 19 of 24, 8.622 mins elapsed.
2024-06-24 17:18:48.472743 : (Multiome10x_06 : 2 of 2) Adding Chromosome 22 of 24, 8.622 mins elapsed.
2024-06-24 17:18:48.862207 : (Multiome10x_06 : 2 of 2) Adding Chromosome 23 of 24, 8.629 mins elapsed.
2024-06-24 17:18:49.710171 : (Multiome10x_05 : 1 of 2) Adding Chromosome 20 of 24, 8.643 mins elapsed.
2024-06-24 17:18:50.929462 : (Multiome10x_05 : 1 of 2) Adding Chromosome 21 of 24, 8.663 mins elapsed.
2024-06-24 17:18:51.312778 : (Multiome10x_05 : 1 of 2) Adding Chromosome 22 of 24, 8.67 mins elapsed.
2024-06-24 17:18:52.548073 : (Multiome10x_05 : 1 of 2) Adding Chromosome 23 of 24, 8.69 mins elapsed.
2024-06-24 17:18:55.972057 : (Multiome10x_05 : 1 of 2) Adding Chromosome 24 of 24, 8.747 mins elapsed.
2024-06-24 17:18:56.134845 : (Multiome10x_06 : 2 of 2) Adding Chromosome 24 of 24, 8.75 mins elapsed.
2024-06-24 17:19:07.596208 : (Multiome10x_06 : 2 of 2) Parallel Hdf5 Linkage Arrow File, 8.941 mins elapsed.
2024-06-24 17:19:10.359334 : (Multiome10x_05 : 1 of 2) Parallel Hdf5 Linkage Arrow File, 8.987 mins elapsed.
2024-06-24 17:19:13.721061 : (Multiome10x_06 : 2 of 2) Successful creation of Arrow File, 9.043 mins elapsed.
2024-06-24 17:19:16.393065 : (Multiome10x_05 : 1 of 2) Successful creation of Arrow File, 9.088 mins elapsed.
2024-06-24 17:19:18.41859 : (Multiome10x_06 : 2 of 2) Adding Fragment Summary, 9.121 mins elapsed.
2024-06-24 17:19:21.098963 : (Multiome10x_05 : 1 of 2) Adding Fragment Summary, 9.166 mins elapsed.
2024-06-24 17:20:01.484589 : (Multiome10x_06 : 2 of 2) Plotting Fragment Size Distribution, 9.839 mins elapsed.
2024-06-24 17:20:02.46568 : Continuing through after error ggplot for Fragment Size Distribution, 9.855 mins elapsed.
2024-06-24 17:20:05.06226 : (Multiome10x_06 : 2 of 2) Computing TSS Enrichment Scores, 9.899 mins elapsed.
2024-06-24 17:20:06.152665 : (Multiome10x_05 : 1 of 2) Plotting Fragment Size Distribution, 9.917 mins elapsed.
2024-06-24 17:20:06.453881 : Continuing through after error ggplot for Fragment Size Distribution, 9.922 mins elapsed.
2024-06-24 17:20:08.875401 : (Multiome10x_05 : 1 of 2) Computing TSS Enrichment Scores, 9.962 mins elapsed.
2024-06-24 17:20:59.068531 : (Multiome10x_06 : 2 of 2) Computed TSS Scores!, 0.9 mins elapsed.
2024-06-24 17:20:59.086432 : (Multiome10x_06 : 2 of 2) CellStats : Number of Cells Pass Filter = 8931 , 10.799 mins elapsed.
2024-06-24 17:20:59.092987 : (Multiome10x_06 : 2 of 2) CellStats : Median Frags = 18932 , 10.799 mins elapsed.
2024-06-24 17:20:59.100564 : (Multiome10x_06 : 2 of 2) CellStats : Median TSS Enrichment = 18.565 , 10.799 mins elapsed.
2024-06-24 17:20:59.102979 : (Multiome10x_06 : 2 of 2) Plotting TSS Enrichment Scores, 10.8 mins elapsed.
2024-06-24 17:20:59.93053 : Continuing through after error ggplot for TSS by Frags, 10.813 mins elapsed.
2024-06-24 17:20:59.936949 : (Multiome10x_06 : 2 of 2) Adding Metadata to Fragments, 10.813 mins elapsed.
2024-06-24 17:21:02.018471 : (Multiome10x_05 : 1 of 2) Computed TSS Scores!, 0.886 mins elapsed.
2024-06-24 17:21:02.05691 : (Multiome10x_05 : 1 of 2) CellStats : Number of Cells Pass Filter = 9214 , 10.849 mins elapsed.
2024-06-24 17:21:02.082141 : (Multiome10x_05 : 1 of 2) CellStats : Median Frags = 18350 , 10.849 mins elapsed.
2024-06-24 17:21:02.092013 : (Multiome10x_05 : 1 of 2) CellStats : Median TSS Enrichment = 17.9455 , 10.849 mins elapsed.
2024-06-24 17:21:02.094591 : (Multiome10x_05 : 1 of 2) Plotting TSS Enrichment Scores, 10.849 mins elapsed.
2024-06-24 17:21:03.005577 : (Multiome10x_06 : 2 of 2) Adding Additional Feature Counts!, 10.865 mins elapsed.
2024-06-24 17:21:03.175604 : Continuing through after error ggplot for TSS by Frags, 10.867 mins elapsed.
2024-06-24 17:21:03.181782 : (Multiome10x_05 : 1 of 2) Adding Metadata to Fragments, 10.868 mins elapsed.
2024-06-24 17:21:05.583236 : (Multiome10x_05 : 1 of 2) Adding Additional Feature Counts!, 10.907 mins elapsed.
2024-06-24 17:21:47.345933 : (Multiome10x_05 : 1 of 2) Finished Adding Additional Feature Counts!, 11.604 mins elapsed.

2024-06-24 17:21:47.349445 : (Multiome10x_05 : 1 of 2) Metadata, Class = DFrame
DataFrame with 9214 rows and 12 columns
                  cellNames    nFrags nMonoFrags  nDiFrags nMultiFrags
                <character> <numeric>  <numeric> <numeric>   <numeric>
1    Multiome10x_05#GCTGT..     97645      42015     40922       14708
2    Multiome10x_05#TTATC..     94815      46846     35020       12949
3    Multiome10x_05#CGCTA..     91791      41994     37317       12480
4    Multiome10x_05#TCAAG..     91136      43155     34885       13096
5    Multiome10x_05#GTTTG..     90577      44184     33459       12934
...                     ...       ...        ...       ...         ...
9210 Multiome10x_05#TAGCT..      1034        537       357         140
9211 Multiome10x_05#AGCGG..      1020        538       331         151
9212 Multiome10x_05#CAGGA..      1020        519       342         159
9213 Multiome10x_05#TGCAC..      1013        410       465         138
9214 Multiome10x_05#GGCTG..      1010        468       400         142
     TSSEnrichment ReadsInTSS      Keep ReadsInPromoter PromoterRatio
         <numeric>  <numeric> <numeric>       <numeric>     <numeric>
1           15.738      61762         1           56318      0.288381
2           16.936      66470         1           61270      0.323103
3           13.470      42591         1           40400      0.220065
4           16.223      49427         1           44673      0.245090
5           13.702      44576         1           42513      0.234679
...            ...        ...       ...             ...           ...
9210        27.063        984         1             803      0.388298
9211        19.453        835         1             753      0.369118
9212        20.560        841         1             729      0.357353
9213        10.867        450         1             416      0.205331
9214        16.252        911         1             740      0.366337
     ReadsInBlacklist BlacklistRatio
            <numeric>      <numeric>
1                1352     0.00692304
2                1235     0.00651268
3                1429     0.00778399
4                1107     0.00607334
5                1045     0.00576857
...               ...            ...
9210               16     0.00773694
9211               31     0.01519608
9212               12     0.00588235
9213               18     0.00888450
9214               20     0.00990099

2024-06-24 17:21:47.609733 : (Multiome10x_05 : 1 of 2) Removing Fragments from Filtered Cells, 11.608 mins elapsed.
2024-06-24 17:21:47.619964 : (Multiome10x_05 : 1 of 2) Creating Filtered Arrow File, 11.608 mins elapsed.

2024-06-24 17:21:51.162765 : (Multiome10x_05 : 1 of 2) .filterCellsFromArrow Fragments-Chr-(1 of 24)-chr1, Class = GRanges
GRanges object with 18524871 ranges and 1 metadata column:
             seqnames              ranges strand |                     RG
                <Rle>           <IRanges>  <Rle> |                  <Rle>
         [1]     chr1       633905-634050      * | Multiome10x_05#GCTGT..
         [2]     chr1       633995-634044      * | Multiome10x_05#GCTGT..
         [3]     chr1       634006-634069      * | Multiome10x_05#GCTGT..
         [4]     chr1       778396-778566      * | Multiome10x_05#GCTGT..
         [5]     chr1       778437-778623      * | Multiome10x_05#GCTGT..
         ...      ...                 ...    ... .                    ...
  [18524867]     chr1 227766902-227767101      * | Multiome10x_05#GGCTG..
  [18524868]     chr1 228215410-228215567      * | Multiome10x_05#GGCTG..
  [18524869]     chr1 228487378-228487714      * | Multiome10x_05#GGCTG..
  [18524870]     chr1 235642342-235642419      * | Multiome10x_05#GGCTG..
  [18524871]     chr1 243587507-243587584      * | Multiome10x_05#GGCTG..
  -------
  seqinfo: 1 sequence from an unspecified genome; no seqlengths


2024-06-24 17:21:51.184401 : (Multiome10x_05 : 1 of 2) .filterCellsFromArrow Barcodes-Chr-(1 of 24)-chr1, Class = data.frame
(Multiome10x_05 : 1 of 2) .filterCellsFromArrow Barcodes-Chr-(1 of 24)-chr1: nRows = 9214, nCols = 1
                                 bc
1 Multiome10x_05#GCTGTACCAATCATGT-1
2 Multiome10x_05#TTATCCGTCTTAATGG-1
3 Multiome10x_05#CGCTAATAGCTGAGGG-1
4 Multiome10x_05#TCAAGGAAGTAGAGGC-1
5 Multiome10x_05#GTTTGTCGTTTGCAGA-1
6 Multiome10x_05#GAGCTTGTCAATCTCT-1


2024-06-24 17:21:51.195364 : (Multiome10x_06 : 2 of 2) Finished Adding Additional Feature Counts!, 11.668 mins elapsed.

2024-06-24 17:21:51.19732 : (Multiome10x_06 : 2 of 2) Metadata, Class = DFrame
DataFrame with 8931 rows and 12 columns
                  cellNames    nFrags nMonoFrags  nDiFrags nMultiFrags
                <character> <numeric>  <numeric> <numeric>   <numeric>
1    Multiome10x_06#GTTAC..     99460      45077     40361       14022
2    Multiome10x_06#GGTCT..     99330      42525     42721       14084
3    Multiome10x_06#GTACT..     98564      46293     38717       13554
4    Multiome10x_06#CGCAT..     97387      37047     45649       14691
5    Multiome10x_06#CTGTA..     94883      51870     31429       11584
...                     ...       ...        ...       ...         ...
8927 Multiome10x_06#GGGAT..      1014        364       499         151
8928 Multiome10x_06#ACATT..      1013        576       327         110
8929 Multiome10x_06#TGGTT..      1006        549       340         117
8930 Multiome10x_06#AATGG..      1002        558       324         120
8931 Multiome10x_06#CACAT..      1001        610       296          95
     TSSEnrichment ReadsInTSS      Keep ReadsInPromoter PromoterRatio
         <numeric>  <numeric> <numeric>       <numeric>     <numeric>
1           14.750      40648         1           37515      0.188593
2           13.640      51647         1           48578      0.244528
3           16.819      60270         1           53990      0.273883
4           13.637      38201         1           35838      0.183998
5           16.636      65040         1           58965      0.310725
...            ...        ...       ...             ...           ...
8927        13.793        404         1             355      0.175049
8928        16.608        889         1             829      0.409181
8929        16.120        521         1             498      0.247515
8930        14.130        578         1             540      0.269461
8931        14.318        658         1             626      0.312687
     ReadsInBlacklist BlacklistRatio
            <numeric>      <numeric>
1                1338     0.00672632
2                1151     0.00579382
3                1346     0.00682805
4                1415     0.00726483
5                1273     0.00670826
...               ...            ...
8927               12     0.00591716
8928               20     0.00987167
8929                6     0.00298211
8930               30     0.01497006
8931               22     0.01098901

2024-06-24 17:21:51.52142 : (Multiome10x_06 : 2 of 2) Removing Fragments from Filtered Cells, 11.673 mins elapsed.
2024-06-24 17:21:51.532639 : (Multiome10x_06 : 2 of 2) Creating Filtered Arrow File, 11.673 mins elapsed.

2024-06-24 17:21:54.938613 : (Multiome10x_06 : 2 of 2) .filterCellsFromArrow Fragments-Chr-(1 of 24)-chr1, Class = GRanges
GRanges object with 18534895 ranges and 1 metadata column:
             seqnames              ranges strand |                     RG
                <Rle>           <IRanges>  <Rle> |                  <Rle>
         [1]     chr1       634005-634069      * | Multiome10x_06#GTTAC..
         [2]     chr1       778638-778710      * | Multiome10x_06#GTTAC..
         [3]     chr1       778711-778808      * | Multiome10x_06#GTTAC..
         [4]     chr1       838094-838255      * | Multiome10x_06#GTTAC..
         [5]     chr1       905207-905487      * | Multiome10x_06#GTTAC..
         ...      ...                 ...    ... .                    ...
  [18534891]     chr1 234851611-234851718      * | Multiome10x_06#CACAT..
  [18534892]     chr1 235160973-235161166      * | Multiome10x_06#CACAT..
  [18534893]     chr1 236156729-236156826      * | Multiome10x_06#CACAT..
  [18534894]     chr1 247136489-247136663      * | Multiome10x_06#CACAT..
  [18534895]     chr1 247457392-247457641      * | Multiome10x_06#CACAT..
  -------
  seqinfo: 1 sequence from an unspecified genome; no seqlengths


2024-06-24 17:21:54.974909 : (Multiome10x_06 : 2 of 2) .filterCellsFromArrow Barcodes-Chr-(1 of 24)-chr1, Class = data.frame
(Multiome10x_06 : 2 of 2) .filterCellsFromArrow Barcodes-Chr-(1 of 24)-chr1: nRows = 8931, nCols = 1
                                 bc
1 Multiome10x_06#GTTACGCCAATAGCAA-1
2 Multiome10x_06#GGTCTTTGTTGCTGGG-1
3 Multiome10x_06#GTACTTAAGCATGCAT-1
4 Multiome10x_06#CGCATATAGATGGACA-1
5 Multiome10x_06#CTGTAACAGGGATGAC-1
6 Multiome10x_06#CTCCTGAGTCATTACC-1


2024-06-24 17:23:37.758398 : (Multiome10x_05 : 1 of 2) Finished Constructing Filtered Arrow File!, 13.444 mins elapsed.
2024-06-24 17:23:38.000751 : (Multiome10x_05 : 1 of 2) Adding TileMatrix!, 13.448 mins elapsed.

2024-06-24 17:23:39.65077 : Multiome10x_05 .addTileMat FeatureDF, Class = DFrame
DataFrame with 6062095 rows and 3 columns
           seqnames       idx     start
        <character> <integer> <numeric>
1              chr1         1         0
2              chr1         2       500
3              chr1         3      1000
4              chr1         4      1500
5              chr1         5      2000
...             ...       ...       ...
6062091        chrX    312078 156038500
6062092        chrX    312079 156039000
6062093        chrX    312080 156039500
6062094        chrX    312081 156040000
6062095        chrX    312082 156040500

2024-06-24 17:23:45.971368 : (Multiome10x_06 : 2 of 2) Finished Constructing Filtered Arrow File!, 13.581 mins elapsed.
2024-06-24 17:23:46.14146 : (Multiome10x_06 : 2 of 2) Adding TileMatrix!, 13.583 mins elapsed.

2024-06-24 17:23:47.387984 : Multiome10x_06 .addTileMat FeatureDF, Class = DFrame
DataFrame with 6062095 rows and 3 columns
           seqnames       idx     start
        <character> <integer> <numeric>
1              chr1         1         0
2              chr1         2       500
3              chr1         3      1000
4              chr1         4      1500
5              chr1         5      2000
...             ...       ...       ...
6062091        chrX    312078 156038500
6062092        chrX    312079 156039000
6062093        chrX    312080 156039500
6062094        chrX    312081 156040000
6062095        chrX    312082 156040500

2024-06-24 17:23:50.686047 : Adding TileMatrix to Multiome10x_05 for Chr (1 of 23)!, 0.208 mins elapsed.

2024-06-24 17:23:53.254628 : NTiles_TileMatrix_1_chr1, Class = numeric

NTiles_TileMatrix_1_chr1: length = 1
  chr1 
497913 



2024-06-24 17:23:53.261433 : NCells_TileMatrix_1_chr1, Class = integer

NCells_TileMatrix_1_chr1: length = 1
[1] 9214



2024-06-24 17:23:53.267015 : MinTile_TileMatrix_1_chr1, Class = numeric

MinTile_TileMatrix_1_chr1: length = 1
[1] 21



2024-06-24 17:23:53.289941 : MaxTile_TileMatrix_1_chr1, Class = numeric

MaxTile_TileMatrix_1_chr1: length = 1
[1] 497893



2024-06-24 17:23:53.449488 : MinCell_TileMatrix_1_chr1, Class = integer

MinCell_TileMatrix_1_chr1: length = 1
[1] 1



2024-06-24 17:23:53.478747 : MaxCell_TileMatrix_1_chr1, Class = integer

MaxCell_TileMatrix_1_chr1: length = 1
[1] 9214


2024-06-24 17:23:57.927617 : Adding TileMatrix to Multiome10x_06 for Chr (1 of 23)!, 0.194 mins elapsed.

2024-06-24 17:23:59.784714 : NTiles_TileMatrix_1_chr1, Class = numeric

NTiles_TileMatrix_1_chr1: length = 1
  chr1 
497913 



2024-06-24 17:23:59.791432 : NCells_TileMatrix_1_chr1, Class = integer

NCells_TileMatrix_1_chr1: length = 1
[1] 8931



2024-06-24 17:23:59.796695 : MinTile_TileMatrix_1_chr1, Class = numeric

MinTile_TileMatrix_1_chr1: length = 1
[1] 21



2024-06-24 17:23:59.817162 : MaxTile_TileMatrix_1_chr1, Class = numeric

MaxTile_TileMatrix_1_chr1: length = 1
[1] 497893



2024-06-24 17:23:59.964486 : MinCell_TileMatrix_1_chr1, Class = integer

MinCell_TileMatrix_1_chr1: length = 1
[1] 1



2024-06-24 17:23:59.972327 : MaxCell_TileMatrix_1_chr1, Class = integer

MaxCell_TileMatrix_1_chr1: length = 1
[1] 8931


2024-06-24 17:24:38.679009 : Adding TileMatrix to Multiome10x_05 for Chr (2 of 23)!, 1.008 mins elapsed.

2024-06-24 17:24:40.313689 : NTiles_TileMatrix_2_chr2, Class = numeric

NTiles_TileMatrix_2_chr2: length = 1
  chr2 
484388 



2024-06-24 17:24:40.37644 : NCells_TileMatrix_2_chr2, Class = integer

NCells_TileMatrix_2_chr2: length = 1
[1] 9214



2024-06-24 17:24:40.493464 : MinTile_TileMatrix_2_chr2, Class = numeric

MinTile_TileMatrix_2_chr2: length = 1
[1] 21



2024-06-24 17:24:40.584686 : MaxTile_TileMatrix_2_chr2, Class = numeric

MaxTile_TileMatrix_2_chr2: length = 1
[1] 484367



2024-06-24 17:24:40.764079 : MinCell_TileMatrix_2_chr2, Class = integer

MinCell_TileMatrix_2_chr2: length = 1
[1] 1



2024-06-24 17:24:40.893568 : MaxCell_TileMatrix_2_chr2, Class = integer

MaxCell_TileMatrix_2_chr2: length = 1
[1] 9214


2024-06-24 17:24:45.201768 : Adding TileMatrix to Multiome10x_06 for Chr (2 of 23)!, 0.982 mins elapsed.

2024-06-24 17:24:47.402189 : NTiles_TileMatrix_2_chr2, Class = numeric

NTiles_TileMatrix_2_chr2: length = 1
  chr2 
484388 



2024-06-24 17:24:47.439163 : NCells_TileMatrix_2_chr2, Class = integer

NCells_TileMatrix_2_chr2: length = 1
[1] 8931



2024-06-24 17:24:47.466897 : MinTile_TileMatrix_2_chr2, Class = numeric

MinTile_TileMatrix_2_chr2: length = 1
[1] 21



2024-06-24 17:24:47.516333 : MaxTile_TileMatrix_2_chr2, Class = numeric

MaxTile_TileMatrix_2_chr2: length = 1
[1] 484367



2024-06-24 17:24:47.736846 : MinCell_TileMatrix_2_chr2, Class = integer

MinCell_TileMatrix_2_chr2: length = 1
[1] 1



2024-06-24 17:24:47.782077 : MaxCell_TileMatrix_2_chr2, Class = integer

MaxCell_TileMatrix_2_chr2: length = 1
[1] 8931


2024-06-24 17:25:11.663184 : Adding TileMatrix to Multiome10x_05 for Chr (3 of 23)!, 1.558 mins elapsed.

2024-06-24 17:25:12.942198 : NTiles_TileMatrix_3_chr3, Class = numeric

NTiles_TileMatrix_3_chr3: length = 1
  chr3 
396592 



2024-06-24 17:25:12.954113 : NCells_TileMatrix_3_chr3, Class = integer

NCells_TileMatrix_3_chr3: length = 1
[1] 9214



2024-06-24 17:25:12.995549 : MinTile_TileMatrix_3_chr3, Class = numeric

MinTile_TileMatrix_3_chr3: length = 1
[1] 21



2024-06-24 17:25:13.038661 : MaxTile_TileMatrix_3_chr3, Class = numeric

MaxTile_TileMatrix_3_chr3: length = 1
[1] 396460



2024-06-24 17:25:13.098765 : MinCell_TileMatrix_3_chr3, Class = integer

MinCell_TileMatrix_3_chr3: length = 1
[1] 1



2024-06-24 17:25:13.124604 : MaxCell_TileMatrix_3_chr3, Class = integer

MaxCell_TileMatrix_3_chr3: length = 1
[1] 9214


2024-06-24 17:25:17.766141 : Adding TileMatrix to Multiome10x_06 for Chr (3 of 23)!, 1.524 mins elapsed.

2024-06-24 17:25:18.88072 : NTiles_TileMatrix_3_chr3, Class = numeric

NTiles_TileMatrix_3_chr3: length = 1
  chr3 
396592 



2024-06-24 17:25:19.119741 : NCells_TileMatrix_3_chr3, Class = integer

NCells_TileMatrix_3_chr3: length = 1
[1] 8931



2024-06-24 17:25:19.431545 : MinTile_TileMatrix_3_chr3, Class = numeric

MinTile_TileMatrix_3_chr3: length = 1
[1] 21



2024-06-24 17:25:20.021139 : MaxTile_TileMatrix_3_chr3, Class = numeric

MaxTile_TileMatrix_3_chr3: length = 1
[1] 396382



2024-06-24 17:25:20.214158 : MinCell_TileMatrix_3_chr3, Class = integer

MinCell_TileMatrix_3_chr3: length = 1
[1] 1



2024-06-24 17:25:20.334197 : MaxCell_TileMatrix_3_chr3, Class = integer

MaxCell_TileMatrix_3_chr3: length = 1
[1] 8931


2024-06-24 17:25:38.170237 : Adding TileMatrix to Multiome10x_05 for Chr (4 of 23)!, 1.999 mins elapsed.

2024-06-24 17:25:39.009442 : NTiles_TileMatrix_4_chr4, Class = numeric

NTiles_TileMatrix_4_chr4: length = 1
  chr4 
380430 



2024-06-24 17:25:39.041631 : NCells_TileMatrix_4_chr4, Class = integer

NCells_TileMatrix_4_chr4: length = 1
[1] 9214



2024-06-24 17:25:39.079422 : MinTile_TileMatrix_4_chr4, Class = numeric

MinTile_TileMatrix_4_chr4: length = 1
[1] 21



2024-06-24 17:25:39.111753 : MaxTile_TileMatrix_4_chr4, Class = numeric

MaxTile_TileMatrix_4_chr4: length = 1
[1] 380410



2024-06-24 17:25:39.188765 : MinCell_TileMatrix_4_chr4, Class = integer

MinCell_TileMatrix_4_chr4: length = 1
[1] 1



2024-06-24 17:25:39.204844 : MaxCell_TileMatrix_4_chr4, Class = integer

MaxCell_TileMatrix_4_chr4: length = 1
[1] 9214


2024-06-24 17:25:46.298227 : Adding TileMatrix to Multiome10x_06 for Chr (4 of 23)!, 2 mins elapsed.

2024-06-24 17:25:47.769809 : NTiles_TileMatrix_4_chr4, Class = numeric

NTiles_TileMatrix_4_chr4: length = 1
  chr4 
380430 



2024-06-24 17:25:47.792556 : NCells_TileMatrix_4_chr4, Class = integer

NCells_TileMatrix_4_chr4: length = 1
[1] 8931



2024-06-24 17:25:47.810469 : MinTile_TileMatrix_4_chr4, Class = numeric

MinTile_TileMatrix_4_chr4: length = 1
[1] 21



2024-06-24 17:25:47.842763 : MaxTile_TileMatrix_4_chr4, Class = numeric

MaxTile_TileMatrix_4_chr4: length = 1
[1] 380410



2024-06-24 17:25:47.905818 : MinCell_TileMatrix_4_chr4, Class = integer

MinCell_TileMatrix_4_chr4: length = 1
[1] 1



2024-06-24 17:25:47.920645 : MaxCell_TileMatrix_4_chr4, Class = integer

MaxCell_TileMatrix_4_chr4: length = 1
[1] 8931


2024-06-24 17:25:59.101169 : Adding TileMatrix to Multiome10x_05 for Chr (5 of 23)!, 2.348 mins elapsed.

2024-06-24 17:25:59.978004 : NTiles_TileMatrix_5_chr5, Class = numeric

NTiles_TileMatrix_5_chr5: length = 1
  chr5 
363077 



2024-06-24 17:26:00.012845 : NCells_TileMatrix_5_chr5, Class = integer

NCells_TileMatrix_5_chr5: length = 1
[1] 9214



2024-06-24 17:26:00.044995 : MinTile_TileMatrix_5_chr5, Class = numeric

MinTile_TileMatrix_5_chr5: length = 1
[1] 21



2024-06-24 17:26:00.085927 : MaxTile_TileMatrix_5_chr5, Class = numeric

MaxTile_TileMatrix_5_chr5: length = 1
[1] 362956



2024-06-24 17:26:00.186224 : MinCell_TileMatrix_5_chr5, Class = integer

MinCell_TileMatrix_5_chr5: length = 1
[1] 1



2024-06-24 17:26:00.199792 : MaxCell_TileMatrix_5_chr5, Class = integer

MaxCell_TileMatrix_5_chr5: length = 1
[1] 9214


2024-06-24 17:26:11.418963 : Adding TileMatrix to Multiome10x_06 for Chr (5 of 23)!, 2.419 mins elapsed.

2024-06-24 17:26:12.671644 : NTiles_TileMatrix_5_chr5, Class = numeric

NTiles_TileMatrix_5_chr5: length = 1
  chr5 
363077 



2024-06-24 17:26:12.729229 : NCells_TileMatrix_5_chr5, Class = integer

NCells_TileMatrix_5_chr5: length = 1
[1] 8931



2024-06-24 17:26:12.776806 : MinTile_TileMatrix_5_chr5, Class = numeric

MinTile_TileMatrix_5_chr5: length = 1
[1] 21



2024-06-24 17:26:12.823144 : MaxTile_TileMatrix_5_chr5, Class = numeric

MaxTile_TileMatrix_5_chr5: length = 1
[1] 362921



2024-06-24 17:26:12.917073 : MinCell_TileMatrix_5_chr5, Class = integer

MinCell_TileMatrix_5_chr5: length = 1
[1] 1



2024-06-24 17:26:12.937919 : MaxCell_TileMatrix_5_chr5, Class = integer

MaxCell_TileMatrix_5_chr5: length = 1
[1] 8931


2024-06-24 17:26:23.710824 : Adding TileMatrix to Multiome10x_05 for Chr (6 of 23)!, 2.758 mins elapsed.

2024-06-24 17:26:24.804551 : NTiles_TileMatrix_6_chr6, Class = numeric

NTiles_TileMatrix_6_chr6: length = 1
  chr6 
341612 



2024-06-24 17:26:24.832108 : NCells_TileMatrix_6_chr6, Class = integer

NCells_TileMatrix_6_chr6: length = 1
[1] 9214



2024-06-24 17:26:24.844363 : MinTile_TileMatrix_6_chr6, Class = numeric

MinTile_TileMatrix_6_chr6: length = 1
[1] 180



2024-06-24 17:26:24.875749 : MaxTile_TileMatrix_6_chr6, Class = numeric

MaxTile_TileMatrix_6_chr6: length = 1
[1] 341484



2024-06-24 17:26:25.001675 : MinCell_TileMatrix_6_chr6, Class = integer

MinCell_TileMatrix_6_chr6: length = 1
[1] 1



2024-06-24 17:26:25.062597 : MaxCell_TileMatrix_6_chr6, Class = integer

MaxCell_TileMatrix_6_chr6: length = 1
[1] 9214


2024-06-24 17:26:37.903362 : Adding TileMatrix to Multiome10x_06 for Chr (6 of 23)!, 2.86 mins elapsed.

2024-06-24 17:26:39.32875 : NTiles_TileMatrix_6_chr6, Class = numeric

NTiles_TileMatrix_6_chr6: length = 1
  chr6 
341612 



2024-06-24 17:26:39.341217 : NCells_TileMatrix_6_chr6, Class = integer

NCells_TileMatrix_6_chr6: length = 1
[1] 8931



2024-06-24 17:26:39.361881 : MinTile_TileMatrix_6_chr6, Class = numeric

MinTile_TileMatrix_6_chr6: length = 1
[1] 139



2024-06-24 17:26:39.387007 : MaxTile_TileMatrix_6_chr6, Class = numeric

MaxTile_TileMatrix_6_chr6: length = 1
[1] 341480



2024-06-24 17:26:39.487299 : MinCell_TileMatrix_6_chr6, Class = integer

MinCell_TileMatrix_6_chr6: length = 1
[1] 1



2024-06-24 17:26:39.498258 : MaxCell_TileMatrix_6_chr6, Class = integer

MaxCell_TileMatrix_6_chr6: length = 1
[1] 8931


2024-06-24 17:26:48.809119 : Adding TileMatrix to Multiome10x_05 for Chr (7 of 23)!, 3.177 mins elapsed.

2024-06-24 17:26:49.671498 : NTiles_TileMatrix_7_chr7, Class = numeric

NTiles_TileMatrix_7_chr7: length = 1
  chr7 
318692 



2024-06-24 17:26:49.711677 : NCells_TileMatrix_7_chr7, Class = integer

NCells_TileMatrix_7_chr7: length = 1
[1] 9214



2024-06-24 17:26:49.760199 : MinTile_TileMatrix_7_chr7, Class = numeric

MinTile_TileMatrix_7_chr7: length = 1
[1] 21



2024-06-24 17:26:49.81115 : MaxTile_TileMatrix_7_chr7, Class = numeric

MaxTile_TileMatrix_7_chr7: length = 1
[1] 318672



2024-06-24 17:26:49.894785 : MinCell_TileMatrix_7_chr7, Class = integer

MinCell_TileMatrix_7_chr7: length = 1
[1] 1



2024-06-24 17:26:49.981073 : MaxCell_TileMatrix_7_chr7, Class = integer

MaxCell_TileMatrix_7_chr7: length = 1
[1] 9214


2024-06-24 17:27:01.760724 : Adding TileMatrix to Multiome10x_06 for Chr (7 of 23)!, 3.258 mins elapsed.

2024-06-24 17:27:02.668181 : NTiles_TileMatrix_7_chr7, Class = numeric

NTiles_TileMatrix_7_chr7: length = 1
  chr7 
318692 



2024-06-24 17:27:02.708814 : NCells_TileMatrix_7_chr7, Class = integer

NCells_TileMatrix_7_chr7: length = 1
[1] 8931



2024-06-24 17:27:02.755907 : MinTile_TileMatrix_7_chr7, Class = numeric

MinTile_TileMatrix_7_chr7: length = 1
[1] 21



2024-06-24 17:27:02.80007 : MaxTile_TileMatrix_7_chr7, Class = numeric

MaxTile_TileMatrix_7_chr7: length = 1
[1] 318672



2024-06-24 17:27:02.906577 : MinCell_TileMatrix_7_chr7, Class = integer

MinCell_TileMatrix_7_chr7: length = 1
[1] 1



2024-06-24 17:27:02.939524 : MaxCell_TileMatrix_7_chr7, Class = integer

MaxCell_TileMatrix_7_chr7: length = 1
[1] 8931


2024-06-24 17:27:09.864795 : Adding TileMatrix to Multiome10x_05 for Chr (8 of 23)!, 3.528 mins elapsed.

2024-06-24 17:27:10.90169 : NTiles_TileMatrix_8_chr8, Class = numeric

NTiles_TileMatrix_8_chr8: length = 1
  chr8 
290278 



2024-06-24 17:27:10.938188 : NCells_TileMatrix_8_chr8, Class = integer

NCells_TileMatrix_8_chr8: length = 1
[1] 9214



2024-06-24 17:27:10.973264 : MinTile_TileMatrix_8_chr8, Class = numeric

MinTile_TileMatrix_8_chr8: length = 1
[1] 146



2024-06-24 17:27:11.009382 : MaxTile_TileMatrix_8_chr8, Class = numeric

MaxTile_TileMatrix_8_chr8: length = 1
[1] 290158



2024-06-24 17:27:11.085266 : MinCell_TileMatrix_8_chr8, Class = integer

MinCell_TileMatrix_8_chr8: length = 1
[1] 1



2024-06-24 17:27:11.10219 : MaxCell_TileMatrix_8_chr8, Class = integer

MaxCell_TileMatrix_8_chr8: length = 1
[1] 9214


2024-06-24 17:27:23.591515 : Adding TileMatrix to Multiome10x_06 for Chr (8 of 23)!, 3.621 mins elapsed.

2024-06-24 17:27:24.756313 : NTiles_TileMatrix_8_chr8, Class = numeric

NTiles_TileMatrix_8_chr8: length = 1
  chr8 
290278 



2024-06-24 17:27:24.776589 : NCells_TileMatrix_8_chr8, Class = integer

NCells_TileMatrix_8_chr8: length = 1
[1] 8931



2024-06-24 17:27:24.784339 : MinTile_TileMatrix_8_chr8, Class = numeric

MinTile_TileMatrix_8_chr8: length = 1
[1] 124



2024-06-24 17:27:24.80375 : MaxTile_TileMatrix_8_chr8, Class = numeric

MaxTile_TileMatrix_8_chr8: length = 1
[1] 290158



2024-06-24 17:27:24.864733 : MinCell_TileMatrix_8_chr8, Class = integer

MinCell_TileMatrix_8_chr8: length = 1
[1] 1



2024-06-24 17:27:24.872449 : MaxCell_TileMatrix_8_chr8, Class = integer

MaxCell_TileMatrix_8_chr8: length = 1
[1] 8931


2024-06-24 17:27:29.240811 : Adding TileMatrix to Multiome10x_05 for Chr (9 of 23)!, 3.851 mins elapsed.

2024-06-24 17:27:30.299848 : NTiles_TileMatrix_9_chr9, Class = numeric

NTiles_TileMatrix_9_chr9: length = 1
  chr9 
276790 



2024-06-24 17:27:30.327998 : NCells_TileMatrix_9_chr9, Class = integer

NCells_TileMatrix_9_chr9: length = 1
[1] 9214



2024-06-24 17:27:30.376614 : MinTile_TileMatrix_9_chr9, Class = numeric

MinTile_TileMatrix_9_chr9: length = 1
[1] 21



2024-06-24 17:27:30.402822 : MaxTile_TileMatrix_9_chr9, Class = numeric

MaxTile_TileMatrix_9_chr9: length = 1
[1] 276629



2024-06-24 17:27:30.496017 : MinCell_TileMatrix_9_chr9, Class = integer

MinCell_TileMatrix_9_chr9: length = 1
[1] 1



2024-06-24 17:27:30.527314 : MaxCell_TileMatrix_9_chr9, Class = integer

MaxCell_TileMatrix_9_chr9: length = 1
[1] 9214


2024-06-24 17:27:42.841251 : Adding TileMatrix to Multiome10x_06 for Chr (9 of 23)!, 3.942 mins elapsed.

2024-06-24 17:27:43.665009 : NTiles_TileMatrix_9_chr9, Class = numeric

NTiles_TileMatrix_9_chr9: length = 1
  chr9 
276790 



2024-06-24 17:27:43.677835 : NCells_TileMatrix_9_chr9, Class = integer

NCells_TileMatrix_9_chr9: length = 1
[1] 8931



2024-06-24 17:27:43.689925 : MinTile_TileMatrix_9_chr9, Class = numeric

MinTile_TileMatrix_9_chr9: length = 1
[1] 21



2024-06-24 17:27:43.710456 : MaxTile_TileMatrix_9_chr9, Class = numeric

MaxTile_TileMatrix_9_chr9: length = 1
[1] 276621



2024-06-24 17:27:43.774858 : MinCell_TileMatrix_9_chr9, Class = integer

MinCell_TileMatrix_9_chr9: length = 1
[1] 1



2024-06-24 17:27:43.787752 : MaxCell_TileMatrix_9_chr9, Class = integer

MaxCell_TileMatrix_9_chr9: length = 1
[1] 8931


2024-06-24 17:27:50.258866 : Adding TileMatrix to Multiome10x_05 for Chr (10 of 23)!, 4.201 mins elapsed.

2024-06-24 17:27:51.313928 : NTiles_TileMatrix_10_chr10, Class = numeric

NTiles_TileMatrix_10_chr10: length = 1
 chr10 
267595 



2024-06-24 17:27:51.361939 : NCells_TileMatrix_10_chr10, Class = integer

NCells_TileMatrix_10_chr10: length = 1
[1] 9214



2024-06-24 17:27:51.40195 : MinTile_TileMatrix_10_chr10, Class = numeric

MinTile_TileMatrix_10_chr10: length = 1
[1] 20



2024-06-24 17:27:51.437045 : MaxTile_TileMatrix_10_chr10, Class = numeric

MaxTile_TileMatrix_10_chr10: length = 1
[1] 267575



2024-06-24 17:27:51.521911 : MinCell_TileMatrix_10_chr10, Class = integer

MinCell_TileMatrix_10_chr10: length = 1
[1] 1



2024-06-24 17:27:51.555426 : MaxCell_TileMatrix_10_chr10, Class = integer

MaxCell_TileMatrix_10_chr10: length = 1
[1] 9214


2024-06-24 17:28:06.43238 : Adding TileMatrix to Multiome10x_06 for Chr (10 of 23)!, 4.335 mins elapsed.

2024-06-24 17:28:07.689387 : NTiles_TileMatrix_10_chr10, Class = numeric

NTiles_TileMatrix_10_chr10: length = 1
 chr10 
267595 



2024-06-24 17:28:07.713425 : NCells_TileMatrix_10_chr10, Class = integer

NCells_TileMatrix_10_chr10: length = 1
[1] 8931



2024-06-24 17:28:07.791224 : MinTile_TileMatrix_10_chr10, Class = numeric

MinTile_TileMatrix_10_chr10: length = 1
[1] 21



2024-06-24 17:28:07.909884 : MaxTile_TileMatrix_10_chr10, Class = numeric

MaxTile_TileMatrix_10_chr10: length = 1
[1] 267575



2024-06-24 17:28:08.026904 : MinCell_TileMatrix_10_chr10, Class = integer

MinCell_TileMatrix_10_chr10: length = 1
[1] 1



2024-06-24 17:28:08.069861 : MaxCell_TileMatrix_10_chr10, Class = integer

MaxCell_TileMatrix_10_chr10: length = 1
[1] 8931


2024-06-24 17:28:15.217356 : Adding TileMatrix to Multiome10x_05 for Chr (11 of 23)!, 4.617 mins elapsed.

2024-06-24 17:28:16.390512 : NTiles_TileMatrix_11_chr11, Class = numeric

NTiles_TileMatrix_11_chr11: length = 1
 chr11 
270174 



2024-06-24 17:28:16.443222 : NCells_TileMatrix_11_chr11, Class = integer

NCells_TileMatrix_11_chr11: length = 1
[1] 9214



2024-06-24 17:28:16.499861 : MinTile_TileMatrix_11_chr11, Class = numeric

MinTile_TileMatrix_11_chr11: length = 1
[1] 263



2024-06-24 17:28:16.579395 : MaxTile_TileMatrix_11_chr11, Class = numeric

MaxTile_TileMatrix_11_chr11: length = 1
[1] 270154



2024-06-24 17:28:16.686301 : MinCell_TileMatrix_11_chr11, Class = integer

MinCell_TileMatrix_11_chr11: length = 1
[1] 1



2024-06-24 17:28:16.722147 : MaxCell_TileMatrix_11_chr11, Class = integer

MaxCell_TileMatrix_11_chr11: length = 1
[1] 9214


2024-06-24 17:28:28.457612 : Adding TileMatrix to Multiome10x_06 for Chr (11 of 23)!, 4.703 mins elapsed.

2024-06-24 17:28:29.983853 : NTiles_TileMatrix_11_chr11, Class = numeric

NTiles_TileMatrix_11_chr11: length = 1
 chr11 
270174 



2024-06-24 17:28:29.99843 : NCells_TileMatrix_11_chr11, Class = integer

NCells_TileMatrix_11_chr11: length = 1
[1] 8931



2024-06-24 17:28:30.007801 : MinTile_TileMatrix_11_chr11, Class = numeric

MinTile_TileMatrix_11_chr11: length = 1
[1] 208



2024-06-24 17:28:30.030841 : MaxTile_TileMatrix_11_chr11, Class = numeric

MaxTile_TileMatrix_11_chr11: length = 1
[1] 270154



2024-06-24 17:28:30.12325 : MinCell_TileMatrix_11_chr11, Class = integer

MinCell_TileMatrix_11_chr11: length = 1
[1] 1



2024-06-24 17:28:30.1304 : MaxCell_TileMatrix_11_chr11, Class = integer

MaxCell_TileMatrix_11_chr11: length = 1
[1] 8931


2024-06-24 17:28:39.782697 : Adding TileMatrix to Multiome10x_05 for Chr (12 of 23)!, 5.026 mins elapsed.

2024-06-24 17:28:41.031991 : NTiles_TileMatrix_12_chr12, Class = numeric

NTiles_TileMatrix_12_chr12: length = 1
 chr12 
266551 



2024-06-24 17:28:41.042453 : NCells_TileMatrix_12_chr12, Class = integer

NCells_TileMatrix_12_chr12: length = 1
[1] 9214



2024-06-24 17:28:41.050924 : MinTile_TileMatrix_12_chr12, Class = numeric

MinTile_TileMatrix_12_chr12: length = 1
[1] 21



2024-06-24 17:28:41.074884 : MaxTile_TileMatrix_12_chr12, Class = numeric

MaxTile_TileMatrix_12_chr12: length = 1
[1] 266530



2024-06-24 17:28:41.159332 : MinCell_TileMatrix_12_chr12, Class = integer

MinCell_TileMatrix_12_chr12: length = 1
[1] 1



2024-06-24 17:28:41.166057 : MaxCell_TileMatrix_12_chr12, Class = integer

MaxCell_TileMatrix_12_chr12: length = 1
[1] 9214


2024-06-24 17:28:54.344007 : Adding TileMatrix to Multiome10x_06 for Chr (12 of 23)!, 5.134 mins elapsed.

2024-06-24 17:28:55.44365 : NTiles_TileMatrix_12_chr12, Class = numeric

NTiles_TileMatrix_12_chr12: length = 1
 chr12 
266551 



2024-06-24 17:28:55.450431 : NCells_TileMatrix_12_chr12, Class = integer

NCells_TileMatrix_12_chr12: length = 1
[1] 8931



2024-06-24 17:28:55.456162 : MinTile_TileMatrix_12_chr12, Class = numeric

MinTile_TileMatrix_12_chr12: length = 1
[1] 21



2024-06-24 17:28:55.470274 : MaxTile_TileMatrix_12_chr12, Class = numeric

MaxTile_TileMatrix_12_chr12: length = 1
[1] 266530



2024-06-24 17:28:55.52077 : MinCell_TileMatrix_12_chr12, Class = integer

MinCell_TileMatrix_12_chr12: length = 1
[1] 1



2024-06-24 17:28:55.528342 : MaxCell_TileMatrix_12_chr12, Class = integer

MaxCell_TileMatrix_12_chr12: length = 1
[1] 8931


2024-06-24 17:29:01.555534 : Adding TileMatrix to Multiome10x_05 for Chr (13 of 23)!, 5.389 mins elapsed.

2024-06-24 17:29:01.931017 : NTiles_TileMatrix_13_chr13, Class = numeric

NTiles_TileMatrix_13_chr13: length = 1
 chr13 
228729 



2024-06-24 17:29:01.937664 : NCells_TileMatrix_13_chr13, Class = integer

NCells_TileMatrix_13_chr13: length = 1
[1] 9214



2024-06-24 17:29:01.944191 : MinTile_TileMatrix_13_chr13, Class = numeric

MinTile_TileMatrix_13_chr13: length = 1
[1] 32001



2024-06-24 17:29:01.954039 : MaxTile_TileMatrix_13_chr13, Class = numeric

MaxTile_TileMatrix_13_chr13: length = 1
[1] 228709



2024-06-24 17:29:01.977457 : MinCell_TileMatrix_13_chr13, Class = integer

MinCell_TileMatrix_13_chr13: length = 1
[1] 1



2024-06-24 17:29:01.984062 : MaxCell_TileMatrix_13_chr13, Class = integer

MaxCell_TileMatrix_13_chr13: length = 1
[1] 9214


2024-06-24 17:29:14.707042 : Adding TileMatrix to Multiome10x_06 for Chr (13 of 23)!, 5.473 mins elapsed.
2024-06-24 17:29:14.859747 : Adding TileMatrix to Multiome10x_05 for Chr (14 of 23)!, 5.61 mins elapsed.

2024-06-24 17:29:16.260413 : NTiles_TileMatrix_13_chr13, Class = numeric

NTiles_TileMatrix_13_chr13: length = 1
 chr13 
228729 



2024-06-24 17:29:16.45413 : NCells_TileMatrix_13_chr13, Class = integer

NCells_TileMatrix_13_chr13: length = 1
[1] 8931



2024-06-24 17:29:16.503914 : MinTile_TileMatrix_13_chr13, Class = numeric

MinTile_TileMatrix_13_chr13: length = 1
[1] 32001



2024-06-24 17:29:16.559502 : MaxTile_TileMatrix_13_chr13, Class = numeric

MaxTile_TileMatrix_13_chr13: length = 1
[1] 228709



2024-06-24 17:29:16.678736 : NTiles_TileMatrix_14_chr14, Class = numeric


2024-06-24 17:29:16.76176 : MinCell_TileMatrix_13_chr13, Class = integer
NTiles_TileMatrix_14_chr14: length = 1

 chr14 
214088 
MinCell_TileMatrix_13_chr13: length = 1

[1] 1




2024-06-24 17:29:17.192334 : NCells_TileMatrix_14_chr14, Class = integer


2024-06-24 17:29:17.26405 : MaxCell_TileMatrix_13_chr13, Class = integer
NCells_TileMatrix_14_chr14: length = 1

[1] 9214
MaxCell_TileMatrix_13_chr13: length = 1

[1] 8931




2024-06-24 17:29:17.682283 : MinTile_TileMatrix_14_chr14, Class = numeric

MinTile_TileMatrix_14_chr14: length = 1
[1] 32050



2024-06-24 17:29:17.903728 : MaxTile_TileMatrix_14_chr14, Class = numeric

MaxTile_TileMatrix_14_chr14: length = 1
[1] 213768



2024-06-24 17:29:18.262342 : MinCell_TileMatrix_14_chr14, Class = integer

MinCell_TileMatrix_14_chr14: length = 1
[1] 1



2024-06-24 17:29:18.435216 : MaxCell_TileMatrix_14_chr14, Class = integer

MaxCell_TileMatrix_14_chr14: length = 1
[1] 9214


2024-06-24 17:29:30.223027 : Adding TileMatrix to Multiome10x_06 for Chr (14 of 23)!, 5.732 mins elapsed.

2024-06-24 17:29:31.622804 : NTiles_TileMatrix_14_chr14, Class = numeric

NTiles_TileMatrix_14_chr14: length = 1
 chr14 
214088 



2024-06-24 17:29:31.720405 : NCells_TileMatrix_14_chr14, Class = integer

NCells_TileMatrix_14_chr14: length = 1
[1] 8931



2024-06-24 17:29:31.884893 : MinTile_TileMatrix_14_chr14, Class = numeric

MinTile_TileMatrix_14_chr14: length = 1
[1] 32053



2024-06-24 17:29:31.918002 : MaxTile_TileMatrix_14_chr14, Class = numeric

MaxTile_TileMatrix_14_chr14: length = 1
[1] 213768



2024-06-24 17:29:31.970937 : MinCell_TileMatrix_14_chr14, Class = integer

MinCell_TileMatrix_14_chr14: length = 1
[1] 1



2024-06-24 17:29:32.029495 : MaxCell_TileMatrix_14_chr14, Class = integer

MaxCell_TileMatrix_14_chr14: length = 1
[1] 8931


2024-06-24 17:29:35.531451 : Adding TileMatrix to Multiome10x_05 for Chr (15 of 23)!, 5.955 mins elapsed.

2024-06-24 17:29:36.126977 : NTiles_TileMatrix_15_chr15, Class = numeric

NTiles_TileMatrix_15_chr15: length = 1
 chr15 
203983 



2024-06-24 17:29:36.21068 : NCells_TileMatrix_15_chr15, Class = integer

NCells_TileMatrix_15_chr15: length = 1
[1] 9214



2024-06-24 17:29:36.325863 : MinTile_TileMatrix_15_chr15, Class = numeric

MinTile_TileMatrix_15_chr15: length = 1
[1] 34020



2024-06-24 17:29:36.338636 : MaxTile_TileMatrix_15_chr15, Class = numeric

MaxTile_TileMatrix_15_chr15: length = 1
[1] 203963



2024-06-24 17:29:36.372096 : MinCell_TileMatrix_15_chr15, Class = integer

MinCell_TileMatrix_15_chr15: length = 1
[1] 1



2024-06-24 17:29:36.384223 : MaxCell_TileMatrix_15_chr15, Class = integer

MaxCell_TileMatrix_15_chr15: length = 1
[1] 9214


2024-06-24 17:29:46.333151 : Adding TileMatrix to Multiome10x_06 for Chr (15 of 23)!, 6.001 mins elapsed.

2024-06-24 17:29:46.979081 : NTiles_TileMatrix_15_chr15, Class = numeric

NTiles_TileMatrix_15_chr15: length = 1
 chr15 
203983 



2024-06-24 17:29:46.986784 : NCells_TileMatrix_15_chr15, Class = integer

NCells_TileMatrix_15_chr15: length = 1
[1] 8931



2024-06-24 17:29:47.005383 : MinTile_TileMatrix_15_chr15, Class = numeric

MinTile_TileMatrix_15_chr15: length = 1
[1] 34019



2024-06-24 17:29:47.023354 : MaxTile_TileMatrix_15_chr15, Class = numeric

MaxTile_TileMatrix_15_chr15: length = 1
[1] 203963



2024-06-24 17:29:47.076271 : MinCell_TileMatrix_15_chr15, Class = integer

MinCell_TileMatrix_15_chr15: length = 1
[1] 1



2024-06-24 17:29:47.098665 : MaxCell_TileMatrix_15_chr15, Class = integer

MaxCell_TileMatrix_15_chr15: length = 1
[1] 8931


2024-06-24 17:29:49.511093 : Adding TileMatrix to Multiome10x_05 for Chr (16 of 23)!, 6.188 mins elapsed.

2024-06-24 17:29:50.64962 : NTiles_TileMatrix_16_chr16, Class = numeric

NTiles_TileMatrix_16_chr16: length = 1
 chr16 
180677 



2024-06-24 17:29:50.660557 : NCells_TileMatrix_16_chr16, Class = integer

NCells_TileMatrix_16_chr16: length = 1
[1] 9214



2024-06-24 17:29:50.666029 : MinTile_TileMatrix_16_chr16, Class = numeric

MinTile_TileMatrix_16_chr16: length = 1
[1] 20



2024-06-24 17:29:50.679347 : MaxTile_TileMatrix_16_chr16, Class = numeric

MaxTile_TileMatrix_16_chr16: length = 1
[1] 180457



2024-06-24 17:29:50.732147 : MinCell_TileMatrix_16_chr16, Class = integer

MinCell_TileMatrix_16_chr16: length = 1
[1] 1



2024-06-24 17:29:50.737141 : MaxCell_TileMatrix_16_chr16, Class = integer

MaxCell_TileMatrix_16_chr16: length = 1
[1] 9214


2024-06-24 17:29:59.249798 : Adding TileMatrix to Multiome10x_06 for Chr (16 of 23)!, 6.216 mins elapsed.

2024-06-24 17:30:00.272754 : NTiles_TileMatrix_16_chr16, Class = numeric

NTiles_TileMatrix_16_chr16: length = 1
 chr16 
180677 



2024-06-24 17:30:00.283206 : NCells_TileMatrix_16_chr16, Class = integer

NCells_TileMatrix_16_chr16: length = 1
[1] 8931



2024-06-24 17:30:00.289879 : MinTile_TileMatrix_16_chr16, Class = numeric

MinTile_TileMatrix_16_chr16: length = 1
[1] 21



2024-06-24 17:30:00.303738 : MaxTile_TileMatrix_16_chr16, Class = numeric

MaxTile_TileMatrix_16_chr16: length = 1
[1] 180457



2024-06-24 17:30:00.351093 : MinCell_TileMatrix_16_chr16, Class = integer

MinCell_TileMatrix_16_chr16: length = 1
[1] 1



2024-06-24 17:30:00.357773 : MaxCell_TileMatrix_16_chr16, Class = integer

MaxCell_TileMatrix_16_chr16: length = 1
[1] 8931


2024-06-24 17:30:04.453808 : Adding TileMatrix to Multiome10x_05 for Chr (17 of 23)!, 6.438 mins elapsed.

2024-06-24 17:30:06.020244 : NTiles_TileMatrix_17_chr17, Class = numeric

NTiles_TileMatrix_17_chr17: length = 1
 chr17 
166515 



2024-06-24 17:30:06.034966 : NCells_TileMatrix_17_chr17, Class = integer

NCells_TileMatrix_17_chr17: length = 1
[1] 9214



2024-06-24 17:30:06.044884 : MinTile_TileMatrix_17_chr17, Class = numeric

MinTile_TileMatrix_17_chr17: length = 1
[1] 126



2024-06-24 17:30:06.06343 : MaxTile_TileMatrix_17_chr17, Class = numeric

MaxTile_TileMatrix_17_chr17: length = 1
[1] 166495



2024-06-24 17:30:06.130713 : MinCell_TileMatrix_17_chr17, Class = integer

MinCell_TileMatrix_17_chr17: length = 1
[1] 1



2024-06-24 17:30:06.13916 : MaxCell_TileMatrix_17_chr17, Class = integer

MaxCell_TileMatrix_17_chr17: length = 1
[1] 9214


2024-06-24 17:30:14.710036 : Adding TileMatrix to Multiome10x_06 for Chr (17 of 23)!, 6.473 mins elapsed.

2024-06-24 17:30:16.410761 : NTiles_TileMatrix_17_chr17, Class = numeric

NTiles_TileMatrix_17_chr17: length = 1
 chr17 
166515 



2024-06-24 17:30:16.551344 : NCells_TileMatrix_17_chr17, Class = integer

NCells_TileMatrix_17_chr17: length = 1
[1] 8931



2024-06-24 17:30:16.653848 : MinTile_TileMatrix_17_chr17, Class = numeric

MinTile_TileMatrix_17_chr17: length = 1
[1] 217



2024-06-24 17:30:16.841077 : MaxTile_TileMatrix_17_chr17, Class = numeric

MaxTile_TileMatrix_17_chr17: length = 1
[1] 166495



2024-06-24 17:30:16.997445 : MinCell_TileMatrix_17_chr17, Class = integer

MinCell_TileMatrix_17_chr17: length = 1
[1] 1



2024-06-24 17:30:17.114997 : MaxCell_TileMatrix_17_chr17, Class = integer

MaxCell_TileMatrix_17_chr17: length = 1
[1] 8931


2024-06-24 17:30:23.958356 : Adding TileMatrix to Multiome10x_05 for Chr (18 of 23)!, 6.763 mins elapsed.

2024-06-24 17:30:24.341569 : NTiles_TileMatrix_18_chr18, Class = numeric

NTiles_TileMatrix_18_chr18: length = 1
 chr18 
160747 



2024-06-24 17:30:24.352452 : NCells_TileMatrix_18_chr18, Class = integer

NCells_TileMatrix_18_chr18: length = 1
[1] 9214



2024-06-24 17:30:24.363027 : MinTile_TileMatrix_18_chr18, Class = numeric

MinTile_TileMatrix_18_chr18: length = 1
[1] 21



2024-06-24 17:30:24.40787 : MaxTile_TileMatrix_18_chr18, Class = numeric

MaxTile_TileMatrix_18_chr18: length = 1
[1] 160527



2024-06-24 17:30:24.442826 : MinCell_TileMatrix_18_chr18, Class = integer

MinCell_TileMatrix_18_chr18: length = 1
[1] 1



2024-06-24 17:30:24.501032 : MaxCell_TileMatrix_18_chr18, Class = integer

MaxCell_TileMatrix_18_chr18: length = 1
[1] 9214


2024-06-24 17:30:34.595948 : Adding TileMatrix to Multiome10x_05 for Chr (19 of 23)!, 6.94 mins elapsed.

2024-06-24 17:30:36.292532 : NTiles_TileMatrix_19_chr19, Class = numeric

NTiles_TileMatrix_19_chr19: length = 1
 chr19 
117236 



2024-06-24 17:30:36.29883 : NCells_TileMatrix_19_chr19, Class = integer

NCells_TileMatrix_19_chr19: length = 1
[1] 9214



2024-06-24 17:30:36.30475 : MinTile_TileMatrix_19_chr19, Class = numeric

MinTile_TileMatrix_19_chr19: length = 1
[1] 151



2024-06-24 17:30:36.322685 : MaxTile_TileMatrix_19_chr19, Class = numeric

MaxTile_TileMatrix_19_chr19: length = 1
[1] 117216



2024-06-24 17:30:36.398251 : MinCell_TileMatrix_19_chr19, Class = integer

MinCell_TileMatrix_19_chr19: length = 1
[1] 1



2024-06-24 17:30:36.403796 : MaxCell_TileMatrix_19_chr19, Class = integer

MaxCell_TileMatrix_19_chr19: length = 1
[1] 9214


2024-06-24 17:30:36.970109 : Adding TileMatrix to Multiome10x_06 for Chr (18 of 23)!, 6.844 mins elapsed.

2024-06-24 17:30:37.825367 : NTiles_TileMatrix_18_chr18, Class = numeric

NTiles_TileMatrix_18_chr18: length = 1
 chr18 
160747 



2024-06-24 17:30:37.838614 : NCells_TileMatrix_18_chr18, Class = integer

NCells_TileMatrix_18_chr18: length = 1
[1] 8931



2024-06-24 17:30:37.848847 : MinTile_TileMatrix_18_chr18, Class = numeric

MinTile_TileMatrix_18_chr18: length = 1
[1] 21



2024-06-24 17:30:37.866182 : MaxTile_TileMatrix_18_chr18, Class = numeric

MaxTile_TileMatrix_18_chr18: length = 1
[1] 160527



2024-06-24 17:30:37.908611 : MinCell_TileMatrix_18_chr18, Class = integer

MinCell_TileMatrix_18_chr18: length = 1
[1] 1



2024-06-24 17:30:37.916621 : MaxCell_TileMatrix_18_chr18, Class = integer

MaxCell_TileMatrix_18_chr18: length = 1
[1] 8931


2024-06-24 17:30:47.60561 : Adding TileMatrix to Multiome10x_06 for Chr (19 of 23)!, 7.022 mins elapsed.

2024-06-24 17:30:49.224734 : NTiles_TileMatrix_19_chr19, Class = numeric

NTiles_TileMatrix_19_chr19: length = 1
 chr19 
117236 



2024-06-24 17:30:49.252115 : NCells_TileMatrix_19_chr19, Class = integer

NCells_TileMatrix_19_chr19: length = 1
[1] 8931



2024-06-24 17:30:49.276896 : MinTile_TileMatrix_19_chr19, Class = numeric

MinTile_TileMatrix_19_chr19: length = 1
[1] 141



2024-06-24 17:30:49.325215 : MaxTile_TileMatrix_19_chr19, Class = numeric

MaxTile_TileMatrix_19_chr19: length = 1
[1] 117216



2024-06-24 17:30:49.457942 : MinCell_TileMatrix_19_chr19, Class = integer

MinCell_TileMatrix_19_chr19: length = 1
[1] 1



2024-06-24 17:30:49.493479 : MaxCell_TileMatrix_19_chr19, Class = integer

MaxCell_TileMatrix_19_chr19: length = 1
[1] 8931


2024-06-24 17:30:54.317625 : Adding TileMatrix to Multiome10x_05 for Chr (20 of 23)!, 7.269 mins elapsed.

2024-06-24 17:30:54.87503 : NTiles_TileMatrix_20_chr20, Class = numeric

NTiles_TileMatrix_20_chr20: length = 1
 chr20 
128889 



2024-06-24 17:30:55.062408 : NCells_TileMatrix_20_chr20, Class = integer

NCells_TileMatrix_20_chr20: length = 1
[1] 9214



2024-06-24 17:30:55.111855 : MinTile_TileMatrix_20_chr20, Class = numeric

MinTile_TileMatrix_20_chr20: length = 1
[1] 121



2024-06-24 17:30:55.208728 : MaxTile_TileMatrix_20_chr20, Class = numeric

MaxTile_TileMatrix_20_chr20: length = 1
[1] 128669



2024-06-24 17:30:55.327351 : MinCell_TileMatrix_20_chr20, Class = integer

MinCell_TileMatrix_20_chr20: length = 1
[1] 1



2024-06-24 17:30:55.335564 : MaxCell_TileMatrix_20_chr20, Class = integer

MaxCell_TileMatrix_20_chr20: length = 1
[1] 9214


2024-06-24 17:31:08.932971 : Adding TileMatrix to Multiome10x_05 for Chr (21 of 23)!, 7.512 mins elapsed.

2024-06-24 17:31:09.348033 : NTiles_TileMatrix_21_chr21, Class = numeric

NTiles_TileMatrix_21_chr21: length = 1
chr21 
93420 



2024-06-24 17:31:09.428568 : NCells_TileMatrix_21_chr21, Class = integer

NCells_TileMatrix_21_chr21: length = 1
[1] 9214



2024-06-24 17:31:09.454156 : MinTile_TileMatrix_21_chr21, Class = numeric

MinTile_TileMatrix_21_chr21: length = 1
[1] 10062



2024-06-24 17:31:09.473762 : MaxTile_TileMatrix_21_chr21, Class = numeric

MaxTile_TileMatrix_21_chr21: length = 1
[1] 93400



2024-06-24 17:31:09.497552 : MinCell_TileMatrix_21_chr21, Class = integer

MinCell_TileMatrix_21_chr21: length = 1
[1] 1



2024-06-24 17:31:09.508325 : MaxCell_TileMatrix_21_chr21, Class = integer

MaxCell_TileMatrix_21_chr21: length = 1
[1] 9214


2024-06-24 17:31:09.617222 : Adding TileMatrix to Multiome10x_06 for Chr (20 of 23)!, 7.389 mins elapsed.

2024-06-24 17:31:10.311178 : NTiles_TileMatrix_20_chr20, Class = numeric

NTiles_TileMatrix_20_chr20: length = 1
 chr20 
128889 



2024-06-24 17:31:10.346651 : NCells_TileMatrix_20_chr20, Class = integer

NCells_TileMatrix_20_chr20: length = 1
[1] 8931



2024-06-24 17:31:10.352059 : MinTile_TileMatrix_20_chr20, Class = numeric

MinTile_TileMatrix_20_chr20: length = 1
[1] 121



2024-06-24 17:31:10.364152 : MaxTile_TileMatrix_20_chr20, Class = numeric

MaxTile_TileMatrix_20_chr20: length = 1
[1] 128668



2024-06-24 17:31:10.394903 : MinCell_TileMatrix_20_chr20, Class = integer

MinCell_TileMatrix_20_chr20: length = 1
[1] 1



2024-06-24 17:31:10.400899 : MaxCell_TileMatrix_20_chr20, Class = integer

MaxCell_TileMatrix_20_chr20: length = 1
[1] 8931


2024-06-24 17:31:17.37332 : Adding TileMatrix to Multiome10x_05 for Chr (22 of 23)!, 7.653 mins elapsed.

2024-06-24 17:31:18.135387 : NTiles_TileMatrix_22_chr22, Class = numeric

NTiles_TileMatrix_22_chr22: length = 1
 chr22 
101637 



2024-06-24 17:31:18.153662 : NCells_TileMatrix_22_chr22, Class = integer

NCells_TileMatrix_22_chr22: length = 1
[1] 9214



2024-06-24 17:31:18.166395 : MinTile_TileMatrix_22_chr22, Class = numeric

MinTile_TileMatrix_22_chr22: length = 1
[1] 21122



2024-06-24 17:31:18.193475 : MaxTile_TileMatrix_22_chr22, Class = numeric

MaxTile_TileMatrix_22_chr22: length = 1
[1] 101617



2024-06-24 17:31:18.250021 : MinCell_TileMatrix_22_chr22, Class = integer

MinCell_TileMatrix_22_chr22: length = 1
[1] 1



2024-06-24 17:31:18.26137 : MaxCell_TileMatrix_22_chr22, Class = integer

MaxCell_TileMatrix_22_chr22: length = 1
[1] 9214


2024-06-24 17:31:20.728361 : Adding TileMatrix to Multiome10x_06 for Chr (21 of 23)!, 7.574 mins elapsed.

2024-06-24 17:31:21.120256 : NTiles_TileMatrix_21_chr21, Class = numeric

NTiles_TileMatrix_21_chr21: length = 1
chr21 
93420 



2024-06-24 17:31:21.329529 : NCells_TileMatrix_21_chr21, Class = integer

NCells_TileMatrix_21_chr21: length = 1
[1] 8931



2024-06-24 17:31:21.486846 : MinTile_TileMatrix_21_chr21, Class = numeric

MinTile_TileMatrix_21_chr21: length = 1
[1] 10062



2024-06-24 17:31:21.615242 : MaxTile_TileMatrix_21_chr21, Class = numeric

MaxTile_TileMatrix_21_chr21: length = 1
[1] 93400



2024-06-24 17:31:21.673964 : MinCell_TileMatrix_21_chr21, Class = integer

MinCell_TileMatrix_21_chr21: length = 1
[1] 1



2024-06-24 17:31:21.683345 : MaxCell_TileMatrix_21_chr21, Class = integer

MaxCell_TileMatrix_21_chr21: length = 1
[1] 8931


2024-06-24 17:31:29.571402 : Adding TileMatrix to Multiome10x_05 for Chr (23 of 23)!, 7.856 mins elapsed.

2024-06-24 17:31:30.241218 : NTiles_TileMatrix_23_chrX, Class = numeric

NTiles_TileMatrix_23_chrX: length = 1
  chrX 
312082 



2024-06-24 17:31:30.247398 : NCells_TileMatrix_23_chrX, Class = integer

NCells_TileMatrix_23_chrX: length = 1
[1] 9214



2024-06-24 17:31:30.252884 : MinTile_TileMatrix_23_chrX, Class = numeric

MinTile_TileMatrix_23_chrX: length = 1
[1] 21



2024-06-24 17:31:30.261834 : MaxTile_TileMatrix_23_chrX, Class = numeric

MaxTile_TileMatrix_23_chrX: length = 1
[1] 312062



2024-06-24 17:31:30.285928 : MinCell_TileMatrix_23_chrX, Class = integer

MinCell_TileMatrix_23_chrX: length = 1
[1] 1



2024-06-24 17:31:30.291558 : MaxCell_TileMatrix_23_chrX, Class = integer

MaxCell_TileMatrix_23_chrX: length = 1
[1] 9214


2024-06-24 17:31:31.155374 : Adding TileMatrix to Multiome10x_06 for Chr (22 of 23)!, 7.748 mins elapsed.

2024-06-24 17:31:31.740004 : NTiles_TileMatrix_22_chr22, Class = numeric

NTiles_TileMatrix_22_chr22: length = 1
 chr22 
101637 



2024-06-24 17:31:31.74701 : NCells_TileMatrix_22_chr22, Class = integer

NCells_TileMatrix_22_chr22: length = 1
[1] 8931



2024-06-24 17:31:31.762819 : MinTile_TileMatrix_22_chr22, Class = numeric

MinTile_TileMatrix_22_chr22: length = 1
[1] 21053



2024-06-24 17:31:31.773285 : MaxTile_TileMatrix_22_chr22, Class = numeric

MaxTile_TileMatrix_22_chr22: length = 1
[1] 101617



2024-06-24 17:31:31.821509 : MinCell_TileMatrix_22_chr22, Class = integer

MinCell_TileMatrix_22_chr22: length = 1
[1] 1



2024-06-24 17:31:31.828664 : MaxCell_TileMatrix_22_chr22, Class = integer

MaxCell_TileMatrix_22_chr22: length = 1
[1] 8931


2024-06-24 17:31:43.024338 : Adding TileMatrix to Multiome10x_06 for Chr (23 of 23)!, 7.945 mins elapsed.

2024-06-24 17:31:44.199398 : NTiles_TileMatrix_23_chrX, Class = numeric

NTiles_TileMatrix_23_chrX: length = 1
  chrX 
312082 



2024-06-24 17:31:44.24966 : NCells_TileMatrix_23_chrX, Class = integer

NCells_TileMatrix_23_chrX: length = 1
[1] 8931



2024-06-24 17:31:44.284405 : MinTile_TileMatrix_23_chrX, Class = numeric

MinTile_TileMatrix_23_chrX: length = 1
[1] 21



2024-06-24 17:31:44.313609 : MaxTile_TileMatrix_23_chrX, Class = numeric

MaxTile_TileMatrix_23_chrX: length = 1
[1] 312062



2024-06-24 17:31:44.446464 : MinCell_TileMatrix_23_chrX, Class = integer

MinCell_TileMatrix_23_chrX: length = 1
[1] 1



2024-06-24 17:31:44.487918 : MaxCell_TileMatrix_23_chrX, Class = integer

MaxCell_TileMatrix_23_chrX: length = 1
[1] 8931


2024-06-24 17:31:45.397693 : (Multiome10x_05 : 1 of 2) Finished Adding TileMatrix!, 21.571 mins elapsed.
2024-06-24 17:31:45.417056 : (Multiome10x_05 : 1 of 2) Finished Creating Arrow File, 21.571 mins elapsed.
2024-06-24 17:31:59.221113 : (Multiome10x_06 : 2 of 2) Finished Adding TileMatrix!, 21.802 mins elapsed.
2024-06-24 17:31:59.232223 : (Multiome10x_06 : 2 of 2) Finished Creating Arrow File, 21.802 mins elapsed.

------- Completed

End Time : 2024-06-24 17:31:59.274023
Elapsed Time Minutes = 21.8276456912359
Elapsed Time Hours = 0.363794439898597

-------



