
           ___      .______        ______  __    __  .______      
          /   \     |   _  \      /      ||  |  |  | |   _  \     
         /  ^  \    |  |_)  |    |  ,----'|  |__|  | |  |_)  |    
        /  /_\  \   |      /     |  |     |   __   | |      /     
       /  _____  \  |  |\  \\___ |  `----.|  |  |  | |  |\  \\___.
      /__/     \__\ | _| `._____| \______||__|  |__| | _| `._____|
    
Logging With ArchR!

Start Time : 2024-06-25 13:27:09.125964

------- ArchR Info

ArchRThreads = 16
ArchRGenome = Hg38

------- System Info

Computer OS = unix

------- Session Info

R version 4.3.3 (2024-02-29)
Platform: x86_64-conda-linux-gnu (64-bit)
Running under: Red Hat Enterprise Linux 8.9 (Ootpa)

Matrix products: default
BLAS/LAPACK: /maps/projects/ralab/people/lpm537/software/anaconda3/envs/Notebook_E2G_240505/lib/libopenblasp-r0.3.27.so;  LAPACK version 3.12.0

Random number generation:
 RNG:     L'Ecuyer-CMRG 
 Normal:  Inversion 
 Sample:  Rejection 
 
locale:
 [1] LC_CTYPE=en_US.UTF-8       LC_NUMERIC=C              
 [3] LC_TIME=en_US.UTF-8        LC_COLLATE=en_US.UTF-8    
 [5] LC_MONETARY=en_US.UTF-8    LC_MESSAGES=en_US.UTF-8   
 [7] LC_PAPER=en_US.UTF-8       LC_NAME=C                 
 [9] LC_ADDRESS=C               LC_TELEPHONE=C            
[11] LC_MEASUREMENT=en_US.UTF-8 LC_IDENTIFICATION=C       

time zone: Europe/Copenhagen
tzcode source: system (glibc)

attached base packages:
[1] stats4    grid      stats     graphics  grDevices utils     datasets 
[8] methods   base     

other attached packages:
 [1] BSgenome.Hsapiens.UCSC.hg38_1.4.5 BSgenome_1.68.0                  
 [3] rtracklayer_1.60.1                Biostrings_2.70.1                
 [5] XVector_0.42.0                    genomation_1.34.0                
 [7] Signac_1.13.0                     Seurat_5.0.3                     
 [9] SeuratObject_5.0.1                sp_2.1-4                         
[11] rhdf5_2.44.0                      SummarizedExperiment_1.30.2      
[13] Biobase_2.60.0                    MatrixGenerics_1.12.3            
[15] Rcpp_1.0.12                       Matrix_1.6-5                     
[17] GenomicRanges_1.54.1              GenomeInfoDb_1.38.1              
[19] IRanges_2.36.0                    S4Vectors_0.40.2                 
[21] BiocGenerics_0.48.1               matrixStats_1.3.0                
[23] data.table_1.15.2                 stringr_1.5.1                    
[25] plyr_1.8.9                        magrittr_2.0.3                   
[27] ggplot2_3.5.1                     gtable_0.3.5                     
[29] gtools_3.9.5                      gridExtra_2.3                    
[31] ArchR_1.0.2                      

loaded via a namespace (and not attached):
  [1] RcppAnnoy_0.0.22         splines_4.3.3            later_1.3.2             
  [4] pbdZMQ_0.3-11            BiocIO_1.10.0            bitops_1.0-7            
  [7] tibble_3.2.1             polyclip_1.10-6          XML_3.99-0.16.1         
 [10] fastDummies_1.7.3        lifecycle_1.0.4          vroom_1.6.5             
 [13] globals_0.16.3           lattice_0.22-6           MASS_7.3-60             
 [16] plotly_4.10.4            plotrix_3.8-4            yaml_2.3.8              
 [19] httpuv_1.6.15            sctransform_0.4.1        spam_2.10-0             
 [22] spatstat.sparse_3.0-3    reticulate_1.36.1        cowplot_1.1.3           
 [25] pbapply_1.7-2            RColorBrewer_1.1-3       abind_1.4-5             
 [28] zlibbioc_1.48.0          Rtsne_0.17               purrr_1.0.2             
 [31] RCurl_1.98-1.14          GenomeInfoDbData_1.2.11  ggrepel_0.9.5           
 [34] irlba_2.3.5.1            listenv_0.9.1            spatstat.utils_3.0-4    
 [37] goftest_1.2-3            RSpectra_0.16-1          spatstat.random_3.2-3   
 [40] fitdistrplus_1.1-11      parallelly_1.37.1        leiden_0.4.3.1          
 [43] codetools_0.2-20         DelayedArray_0.26.7      RcppRoll_0.3.0          
 [46] tidyselect_1.2.1         base64enc_0.1-3          spatstat.explore_3.2-6  
 [49] GenomicAlignments_1.36.0 jsonlite_1.8.8           progressr_0.14.0        
 [52] ggridges_0.5.6           survival_3.6-4           tools_4.3.3             
 [55] ica_1.0-3                glue_1.7.0               IRdisplay_1.1           
 [58] dplyr_1.1.4              withr_3.0.0              fastmap_1.1.1           
 [61] rhdf5filters_1.12.1      fansi_1.0.6              digest_0.6.35           
 [64] R6_2.5.1                 mime_0.12                seqPattern_1.34.0       
 [67] colorspace_2.1-0         scattermore_1.2          tensor_1.5              
 [70] spatstat.data_3.0-4      utf8_1.2.4               tidyr_1.3.1             
 [73] generics_0.1.3           httr_1.4.7               htmlwidgets_1.6.4       
 [76] S4Arrays_1.2.1           uwot_0.1.16              pkgconfig_2.0.3         
 [79] impute_1.76.0            lmtest_0.9-40            htmltools_0.5.8.1       
 [82] dotCall64_1.1-1          scales_1.3.0             png_0.1-8               
 [85] tzdb_0.4.0               reshape2_1.4.4           rjson_0.2.21            
 [88] uuid_1.2-0               nlme_3.1-164             repr_1.1.7              
 [91] zoo_1.8-12               KernSmooth_2.23-22       parallel_4.3.3          
 [94] miniUI_0.1.1.1           restfulr_0.0.15          pillar_1.9.0            
 [97] vctrs_0.6.5              RANN_2.6.1               promises_1.3.0          
[100] xtable_1.8-4             cluster_2.1.6            evaluate_0.23           
[103] readr_2.1.5              cli_3.6.2                compiler_4.3.3          
[106] Rsamtools_2.18.0         rlang_1.1.3              crayon_1.5.2            
[109] future.apply_1.11.2      stringi_1.8.3            gridBase_0.4-7          
[112] viridisLite_0.4.2        deldir_2.0-4             BiocParallel_1.36.0     
[115] munsell_0.5.1            lazyeval_0.2.2           spatstat.geom_3.2-9     
[118] IRkernel_1.3.2           RcppHNSW_0.6.0           hms_1.1.3               
[121] patchwork_1.2.0          bit64_4.0.5              future_1.33.2           
[124] Rhdf5lib_1.22.1          shiny_1.8.1.1            ROCR_1.0-11             
[127] igraph_2.0.3             fastmatch_1.1-4          bit_4.0.5               


------- Log Info


2024-06-25 13:27:09.571991 : createArrowFiles Input-Parameters, Class = list

createArrowFiles Input-Parameters$inputFiles: length = 1
[1] "/maps/projects/ralab_nnfc-AUDIT/people/lpm537/project/E2G/processed/10x_multiome_240614/GM12878/cellranger_res/GM12878/outs/atac_fragments.tsv.gz"


createArrowFiles Input-Parameters$sampleNames: length = 1
[1] "GM12878"


createArrowFiles Input-Parameters$outputNames: length = 1
[1] "GM12878"


createArrowFiles Input-Parameters$minTSS: length = 1
[1] 4


createArrowFiles Input-Parameters$minFrags: length = 1
[1] 1000


createArrowFiles Input-Parameters$maxFrags: length = 1
[1] 1e+05


createArrowFiles Input-Parameters$minFragSize: length = 1
[1] 10


createArrowFiles Input-Parameters$maxFragSize: length = 1
[1] 2000


createArrowFiles Input-Parameters$QCDir: length = 1
[1] "QualityControl"


createArrowFiles Input-Parameters$nucLength: length = 1
[1] 147


createArrowFiles Input-Parameters$promoterRegion: length = 2
[1] 2000  100


createArrowFiles Input-Parameters$excludeChr: length = 2
[1] "chrM" "chrY"


createArrowFiles Input-Parameters$nChunk: length = 1
[1] 5


createArrowFiles Input-Parameters$bcTag: length = 1
[1] "qname"


createArrowFiles Input-Parameters$gsubExpression: length = 0
NULL


createArrowFiles Input-Parameters$bamFlag: length = 0
NULL


createArrowFiles Input-Parameters$offsetPlus: length = 1
[1] 4


createArrowFiles Input-Parameters$offsetMinus: length = 1
[1] -5


createArrowFiles Input-Parameters$addTileMat: length = 1
[1] TRUE


createArrowFiles Input-Parameters$addGeneScoreMat: length = 1
[1] FALSE


createArrowFiles Input-Parameters$force: length = 1
[1] TRUE


createArrowFiles Input-Parameters$threads: length = 1
[1] 16


createArrowFiles Input-Parameters$parallelParam: length = 0
NULL


createArrowFiles Input-Parameters$subThreading: length = 1
[1] TRUE


createArrowFiles Input-Parameters$verbose: length = 1
[1] TRUE


createArrowFiles Input-Parameters$cleanTmp: length = 1
[1] TRUE


createArrowFiles Input-Parameters$logFile: length = 1
[1] "ArchRLogs/ArchR-createArrows-35cc641263fc3-Date-2024-06-25_Time-13-27-08.916718.log"


createArrowFiles Input-Parameters$filterFrags: length = 1
[1] 1000


createArrowFiles Input-Parameters$filterTSS: length = 1
[1] 4



2024-06-25 13:27:10.095936 : 
2024-06-25 13:27:10.107429 : Batch Execution w/ safelapply!, 0 mins elapsed.

###########
2024-06-25 13:27:10.110679 : Creating Arrow File GM12878.arrow (GM12878 : 1 of 1)
###########


2024-06-25 13:27:10.114234 : validBC, Class = character

validBC: length = 3050
[1] "AAACAGCCACTAAGAA-1" "AAACAGCCATAATCAC-1" "AAACATGCACTTGTTC-1"
[4] "AAACATGCATAATCAC-1" "AAACCAACATTAGCGC-1" "AAACCGAAGCAAGGAC-1"



2024-06-25 13:27:10.175862 : 
2024-06-25 13:27:10.185683 : (GM12878 : 1 of 1) Arrow Exists! Overriding since force = TRUE!, 0.001 mins elapsed.

2024-06-25 13:27:10.334848 : 
2024-06-25 13:27:10.34846 : (GM12878 : 1 of 1) Reading In Fragments from inputFiles (readMethod = tabix), 0.004 mins elapsed.
2024-06-25 13:27:10.358028 : (GM12878 : 1 of 1) Tabix Bed To Temporary File, 0.004 mins elapsed.

2024-06-25 13:27:10.47086 : tileChromSizes, Class = GRanges
GRanges object with 120 ranges and 1 metadata column:
        seqnames              ranges strand |     chunkName
           <Rle>           <IRanges>  <Rle> |   <character>
    [1]     chr1          1-49791284      * |   chr1#chunk1
    [2]     chr1   49791285-99582568      * |   chr1#chunk2
    [3]     chr1  99582569-149373853      * |   chr1#chunk3
    [4]     chr1 149373854-199165137      * |   chr1#chunk4
    [5]     chr1 199165138-248956422      * |   chr1#chunk5
    ...      ...                 ...    ... .           ...
  [116]     chrY          1-11445483      * | chrY#chunk116
  [117]     chrY   11445484-22890966      * | chrY#chunk117
  [118]     chrY   22890967-34336449      * | chrY#chunk118
  [119]     chrY   34336450-45781932      * | chrY#chunk119
  [120]     chrY   45781933-57227415      * | chrY#chunk120
  -------
  seqinfo: 24 sequences from an unspecified genome; no seqlengths


2024-06-25 13:27:20.692543 : (GM12878 : 1 of 1) .tabixToTmp Fragments-Chunk-(1 of 120)-chr1:1-49791284, Class = data.table
 
2024-06-25 13:27:20.692543 : (GM12878 : 1 of 1) .tabixToTmp Fragments-Chunk-(1 of 120)-chr1:1-49791284, Class = data.frame
(GM12878 : 1 of 1) .tabixToTmp Fragments-Chunk-(1 of 120)-chr1:1-49791284: nRows = 2260409, nCols = 3
      V2    V3                 V4
   <num> <int>             <char>
1: 10078 10247 GGAACCACAGTAATAG-1
2: 10092 10253 AACCTTAAGGCTGTCA-1
3: 10152 10180 CGCTTCTAGCATCCAG-1
4: 10152 10191 GTTCGCGCAGCCGCTA-1
5: 10158 10191 GATGGACAGGAACACA-1
6: 10158 10192 CCAGGATGTGAGGTAG-1



2024-06-25 13:27:20.739434 : (GM12878 : 1 of 1) .tabixToTmp Barcodes-Chunk-(1 of 120)-chr1:1-49791284, Class = character

(GM12878 : 1 of 1) .tabixToTmp Barcodes-Chunk-(1 of 120)-chr1:1-49791284: length = 62658
[1] "GGAACCACAGTAATAG-1" "AACCTTAAGGCTGTCA-1" "CGCTTCTAGCATCCAG-1"
[4] "GTTCGCGCAGCCGCTA-1" "GATGGACAGGAACACA-1" "CCAGGATGTGAGGTAG-1"


2024-06-25 13:27:28.780013 : (GM12878 : 1 of 1) Reading TabixFile 28 Percent, 0.311 mins elapsed.
2024-06-25 13:27:47.996995 : (GM12878 : 1 of 1) Reading TabixFile 55 Percent, 0.631 mins elapsed.
2024-06-25 13:28:04.030172 : (GM12878 : 1 of 1) Reading TabixFile 82 Percent, 0.899 mins elapsed.
2024-06-25 13:28:19.790515 : (GM12878 : 1 of 1) Parallel Hdf5 Linkage Temporary File, 1.161 mins elapsed.
2024-06-25 13:28:21.71892 : (GM12878 : 1 of 1) Successful creation of Temporary File, 1.194 mins elapsed.
2024-06-25 13:28:21.865796 : (GM12878 : 1 of 1) Creating ArrowFile From Temporary File, 1.196 mins elapsed.

2024-06-25 13:28:22.490974 : (GM12878 : 1 of 1) chunkChrNames, Class = data.frame
(GM12878 : 1 of 1) chunkChrNames: nRows = 118, nCols = 1
     chunkNames
1   chr1#chunk1
2   chr1#chunk2
3   chr1#chunk3
4   chr1#chunk4
5   chr1#chunk5
6 chr10#chunk46


2024-06-25 13:28:22.716944 : (GM12878 : 1 of 1) Counting Unique Barcodes From Temporary File, 1.21 mins elapsed.

2024-06-25 13:28:24.487441 : (GM12878 : 1 of 1) BarcodeFrequencyTable, Class = data.table
 
2024-06-25 13:28:24.487441 : (GM12878 : 1 of 1) BarcodeFrequencyTable, Class = data.frame
(GM12878 : 1 of 1) BarcodeFrequencyTable: nRows = 3050, nCols = 2
            values.V1     V1
               <char>  <int>
1: GTCTATGCAGCTACGT-1 220963
2: TTTGACTTCTCAATGA-1 216164
3: CGAGGCAAGCTTATGA-1 167591
4: CCGTGCTGTGCATTTC-1 167350
5: TTGGCTGAGCATCCAG-1 150839
6: TATGGTCAGATAGACG-1 146152



2024-06-25 13:28:24.678723 : (GM12878 : 1 of 1) BarcodesMinMaxFrags, Class = data.frame
(GM12878 : 1 of 1) BarcodesMinMaxFrags: nRows = 3032, nCols = 1
                  bc
1 GACCTGCAGTCATGCG-1
2 CTACCGGCAGCAACAG-1
3 ATGTTTGAGGACGTAA-1
4 GTGCTTCTCAATACGC-1
5 GGTCTTGAGTAAGTGG-1
6 TCATGCCTCAAACCGT-1



2024-06-25 13:28:30.064769 : (GM12878 : 1 of 1) Unique Chromosomes, Class = data.frame
(GM12878 : 1 of 1) Unique Chromosomes: nRows = 24, nCols = 1
   chr
1 chr1
2 chr2
3 chr3
4 chr4
5 chr5
6 chr6


2024-06-25 13:28:30.280716 : (GM12878 : 1 of 1) Adding Chromosome 1 of 24, 1.336 mins elapsed.
2024-06-25 13:28:30.405693 : (GM12878 : 1 of 1) Adding Chromosome 2 of 24, 1.338 mins elapsed.
2024-06-25 13:28:30.537872 : (GM12878 : 1 of 1) Adding Chromosome 3 of 24, 1.341 mins elapsed.
2024-06-25 13:28:30.665477 : (GM12878 : 1 of 1) Adding Chromosome 4 of 24, 1.343 mins elapsed.
2024-06-25 13:28:30.809457 : (GM12878 : 1 of 1) Adding Chromosome 5 of 24, 1.345 mins elapsed.
2024-06-25 13:28:30.941249 : (GM12878 : 1 of 1) Adding Chromosome 6 of 24, 1.347 mins elapsed.
2024-06-25 13:28:31.071733 : (GM12878 : 1 of 1) Adding Chromosome 7 of 24, 1.349 mins elapsed.
2024-06-25 13:28:31.214986 : (GM12878 : 1 of 1) Adding Chromosome 8 of 24, 1.352 mins elapsed.
2024-06-25 13:28:31.3516 : (GM12878 : 1 of 1) Adding Chromosome 9 of 24, 1.354 mins elapsed.
2024-06-25 13:28:31.504986 : (GM12878 : 1 of 1) Adding Chromosome 10 of 24, 1.357 mins elapsed.
2024-06-25 13:28:31.64096 : (GM12878 : 1 of 1) Adding Chromosome 11 of 24, 1.359 mins elapsed.
2024-06-25 13:28:31.76948 : (GM12878 : 1 of 1) Adding Chromosome 12 of 24, 1.361 mins elapsed.
2024-06-25 13:28:31.924179 : (GM12878 : 1 of 1) Adding Chromosome 13 of 24, 1.364 mins elapsed.
2024-06-25 13:28:32.057327 : (GM12878 : 1 of 1) Adding Chromosome 14 of 24, 1.366 mins elapsed.
2024-06-25 13:28:32.184493 : (GM12878 : 1 of 1) Adding Chromosome 15 of 24, 1.368 mins elapsed.
2024-06-25 13:28:32.319528 : (GM12878 : 1 of 1) Adding Chromosome 16 of 24, 1.37 mins elapsed.

2024-06-25 13:28:37.800818 : (GM12878 : 1 of 1) .tmpToArrow Fragments-Chr-(1 of 24)-chr1, Class = IRanges

(GM12878 : 1 of 1) .tmpToArrow Fragments-Chr-(1 of 24)-chr1: length = 5168743
IRanges object with 6 ranges and 1 metadata column:
          start       end     width |                 RG
      <integer> <integer> <integer> |              <Rle>
  [1]    629914    629978        65 | GACCTGCAGTCATGCG-1
  [2]    634017    634068        52 | GACCTGCAGTCATGCG-1
  [3]    778664    778741        78 | GACCTGCAGTCATGCG-1
  [4]    778709    778925       217 | GACCTGCAGTCATGCG-1
  [5]    778809    778955       147 | GACCTGCAGTCATGCG-1
  [6]    790061    790099        39 | GACCTGCAGTCATGCG-1



2024-06-25 13:28:37.821764 : (GM12878 : 1 of 1) .tmpToArrow Barcodes-Chr-(1 of 24)-chr1, Class = data.frame
(GM12878 : 1 of 1) .tmpToArrow Barcodes-Chr-(1 of 24)-chr1: nRows = 3032, nCols = 1
                  bc
1 GACCTGCAGTCATGCG-1
2 CTACCGGCAGCAACAG-1
3 ATGTTTGAGGACGTAA-1
4 GTGCTTCTCAATACGC-1
5 GGTCTTGAGTAAGTGG-1
6 TCATGCCTCAAACCGT-1


2024-06-25 13:28:41.557991 : (GM12878 : 1 of 1) Adding Chromosome 17 of 24, 1.524 mins elapsed.
2024-06-25 13:28:41.734326 : (GM12878 : 1 of 1) Adding Chromosome 18 of 24, 1.527 mins elapsed.
2024-06-25 13:28:41.983256 : (GM12878 : 1 of 1) Adding Chromosome 19 of 24, 1.531 mins elapsed.
2024-06-25 13:28:42.149842 : (GM12878 : 1 of 1) Adding Chromosome 20 of 24, 1.534 mins elapsed.
2024-06-25 13:28:42.281692 : (GM12878 : 1 of 1) Adding Chromosome 21 of 24, 1.536 mins elapsed.
2024-06-25 13:28:42.411385 : (GM12878 : 1 of 1) Adding Chromosome 22 of 24, 1.538 mins elapsed.
2024-06-25 13:28:42.549367 : (GM12878 : 1 of 1) Adding Chromosome 23 of 24, 1.541 mins elapsed.
2024-06-25 13:28:42.668502 : (GM12878 : 1 of 1) Adding Chromosome 24 of 24, 1.543 mins elapsed.
2024-06-25 13:28:52.6411 : (GM12878 : 1 of 1) Parallel Hdf5 Linkage Arrow File, 1.709 mins elapsed.
2024-06-25 13:28:56.645416 : (GM12878 : 1 of 1) Successful creation of Arrow File, 1.776 mins elapsed.
2024-06-25 13:29:00.402823 : (GM12878 : 1 of 1) Adding Fragment Summary, 1.838 mins elapsed.
2024-06-25 13:29:19.754745 : (GM12878 : 1 of 1) Plotting Fragment Size Distribution, 2.161 mins elapsed.
2024-06-25 13:29:21.73665 : Continuing through after error ggplot for Fragment Size Distribution, 2.194 mins elapsed.
2024-06-25 13:29:26.329933 : (GM12878 : 1 of 1) Computing TSS Enrichment Scores, 2.27 mins elapsed.
2024-06-25 13:29:58.755192 : (GM12878 : 1 of 1) Computed TSS Scores!, 0.54 mins elapsed.
2024-06-25 13:29:58.869797 : (GM12878 : 1 of 1) CellStats : Number of Cells Pass Filter = 3032 , 2.813 mins elapsed.
2024-06-25 13:29:58.920068 : (GM12878 : 1 of 1) CellStats : Median Frags = 14044.5 , 2.814 mins elapsed.
2024-06-25 13:29:59.140717 : (GM12878 : 1 of 1) CellStats : Median TSS Enrichment = 15.2195 , 2.817 mins elapsed.
2024-06-25 13:29:59.297503 : (GM12878 : 1 of 1) Plotting TSS Enrichment Scores, 2.82 mins elapsed.
2024-06-25 13:30:00.199195 : Continuing through after error ggplot for TSS by Frags, 2.835 mins elapsed.
2024-06-25 13:30:00.20296 : (GM12878 : 1 of 1) Adding Metadata to Fragments, 2.835 mins elapsed.
2024-06-25 13:30:04.195635 : (GM12878 : 1 of 1) Adding Additional Feature Counts!, 2.901 mins elapsed.
2024-06-25 13:30:31.012809 : (GM12878 : 1 of 1) Finished Adding Additional Feature Counts!, 3.348 mins elapsed.

2024-06-25 13:30:31.018327 : (GM12878 : 1 of 1) Metadata, Class = DFrame
DataFrame with 3032 rows and 12 columns
                  cellNames    nFrags nMonoFrags  nDiFrags nMultiFrags
                <character> <numeric>  <numeric> <numeric>   <numeric>
1    GM12878#GACCTGCAGTCA..     99779      42741     48890        8148
2    GM12878#CTACCGGCAGCA..     98918      41342     49180        8396
3    GM12878#ATGTTTGAGGAC..     97728      47707     42248        7773
4    GM12878#GTGCTTCTCAAT..     97623      41514     48102        8007
5    GM12878#GGTCTTGAGTAA..     97215      44667     45114        7434
...                     ...       ...        ...       ...         ...
3028 GM12878#TTTGAGTCATGC..      1039        508       431         100
3029 GM12878#AGGGCCTTCAGT..      1018        530       414          74
3030 GM12878#ATTATGGTCCTT..      1011        480       456          75
3031 GM12878#CCCATAACATGT..      1006        590       349          67
3032 GM12878#GGTTGACGTGTT..      1002        499       408          95
     TSSEnrichment ReadsInTSS      Keep ReadsInPromoter PromoterRatio
         <numeric>  <numeric> <numeric>       <numeric>     <numeric>
1           11.718      38500         1           37714      0.188988
2           12.062      34196         1           33908      0.171394
3           14.094      47658         1           46263      0.236693
4           13.449      45764         1           44163      0.226192
5           11.684      41520         1           41425      0.213059
...            ...        ...       ...             ...           ...
3028        17.482        874         1             794      0.382098
3029        18.624        743         1             628      0.308448
3030        14.923        520         1             524      0.259149
3031        16.832        680         1             670      0.333002
3032        13.361        668         1             743      0.370758
     ReadsInBlacklist BlacklistRatio
            <numeric>      <numeric>
1                1088     0.00545205
2                1001     0.00505975
3                1134     0.00580182
4                1199     0.00614097
5                1182     0.00607931
...               ...            ...
3028               10     0.00481232
3029                8     0.00392927
3030               18     0.00890208
3031               12     0.00596421
3032               16     0.00798403

2024-06-25 13:30:31.181659 : (GM12878 : 1 of 1) Removing Fragments from Filtered Cells, 3.351 mins elapsed.
2024-06-25 13:30:31.190161 : (GM12878 : 1 of 1) Creating Filtered Arrow File, 3.351 mins elapsed.

2024-06-25 13:30:32.245191 : (GM12878 : 1 of 1) .filterCellsFromArrow Fragments-Chr-(1 of 24)-chr1, Class = GRanges
GRanges object with 5168743 ranges and 1 metadata column:
            seqnames              ranges strand |                     RG
               <Rle>           <IRanges>  <Rle> |                  <Rle>
        [1]     chr1       629914-629978      * | GM12878#GACCTGCAGTCA..
        [2]     chr1       634017-634068      * | GM12878#GACCTGCAGTCA..
        [3]     chr1       778664-778741      * | GM12878#GACCTGCAGTCA..
        [4]     chr1       778709-778925      * | GM12878#GACCTGCAGTCA..
        [5]     chr1       778809-778955      * | GM12878#GACCTGCAGTCA..
        ...      ...                 ...    ... .                    ...
  [5168739]     chr1 236259815-236259974      * | GM12878#GGTTGACGTGTT..
  [5168740]     chr1 243255402-243255461      * | GM12878#GGTTGACGTGTT..
  [5168741]     chr1 246449484-246449658      * | GM12878#GGTTGACGTGTT..
  [5168742]     chr1 247328366-247328562      * | GM12878#GGTTGACGTGTT..
  [5168743]     chr1 248838660-248838766      * | GM12878#GGTTGACGTGTT..
  -------
  seqinfo: 1 sequence from an unspecified genome; no seqlengths


2024-06-25 13:30:32.26689 : (GM12878 : 1 of 1) .filterCellsFromArrow Barcodes-Chr-(1 of 24)-chr1, Class = data.frame
(GM12878 : 1 of 1) .filterCellsFromArrow Barcodes-Chr-(1 of 24)-chr1: nRows = 3032, nCols = 1
                          bc
1 GM12878#GACCTGCAGTCATGCG-1
2 GM12878#CTACCGGCAGCAACAG-1
3 GM12878#ATGTTTGAGGACGTAA-1
4 GM12878#GTGCTTCTCAATACGC-1
5 GM12878#GGTCTTGAGTAAGTGG-1
6 GM12878#TCATGCCTCAAACCGT-1


2024-06-25 13:31:58.727185 : (GM12878 : 1 of 1) Finished Constructing Filtered Arrow File!, 4.81 mins elapsed.
2024-06-25 13:31:58.865717 : (GM12878 : 1 of 1) Adding TileMatrix!, 4.813 mins elapsed.

2024-06-25 13:32:00.25552 : GM12878 .addTileMat FeatureDF, Class = DFrame
DataFrame with 6062095 rows and 3 columns
           seqnames       idx     start
        <character> <integer> <numeric>
1              chr1         1         0
2              chr1         2       500
3              chr1         3      1000
4              chr1         4      1500
5              chr1         5      2000
...             ...       ...       ...
6062091        chrX    312078 156038500
6062092        chrX    312079 156039000
6062093        chrX    312080 156039500
6062094        chrX    312081 156040000
6062095        chrX    312082 156040500

2024-06-25 13:32:08.639053 : Adding TileMatrix to GM12878 for Chr (1 of 23)!, 0.162 mins elapsed.

2024-06-25 13:32:09.203907 : NTiles_TileMatrix_1_chr1, Class = numeric

NTiles_TileMatrix_1_chr1: length = 1
  chr1 
497913 



2024-06-25 13:32:09.210507 : NCells_TileMatrix_1_chr1, Class = integer

NCells_TileMatrix_1_chr1: length = 1
[1] 3032



2024-06-25 13:32:09.215793 : MinTile_TileMatrix_1_chr1, Class = numeric

MinTile_TileMatrix_1_chr1: length = 1
[1] 21



2024-06-25 13:32:09.225675 : MaxTile_TileMatrix_1_chr1, Class = numeric

MaxTile_TileMatrix_1_chr1: length = 1
[1] 497892



2024-06-25 13:32:09.266868 : MinCell_TileMatrix_1_chr1, Class = integer

MinCell_TileMatrix_1_chr1: length = 1
[1] 1



2024-06-25 13:32:09.27295 : MaxCell_TileMatrix_1_chr1, Class = integer

MaxCell_TileMatrix_1_chr1: length = 1
[1] 3032


2024-06-25 13:32:25.885303 : Adding TileMatrix to GM12878 for Chr (2 of 23)!, 0.449 mins elapsed.

2024-06-25 13:32:26.18098 : NTiles_TileMatrix_2_chr2, Class = numeric

NTiles_TileMatrix_2_chr2: length = 1
  chr2 
484388 



2024-06-25 13:32:26.186259 : NCells_TileMatrix_2_chr2, Class = integer

NCells_TileMatrix_2_chr2: length = 1
[1] 3032



2024-06-25 13:32:26.190889 : MinTile_TileMatrix_2_chr2, Class = numeric

MinTile_TileMatrix_2_chr2: length = 1
[1] 21



2024-06-25 13:32:26.198704 : MaxTile_TileMatrix_2_chr2, Class = numeric

MaxTile_TileMatrix_2_chr2: length = 1
[1] 484367



2024-06-25 13:32:26.219431 : MinCell_TileMatrix_2_chr2, Class = integer

MinCell_TileMatrix_2_chr2: length = 1
[1] 1



2024-06-25 13:32:26.224718 : MaxCell_TileMatrix_2_chr2, Class = integer

MaxCell_TileMatrix_2_chr2: length = 1
[1] 3032


2024-06-25 13:32:41.429717 : Adding TileMatrix to GM12878 for Chr (3 of 23)!, 0.708 mins elapsed.

2024-06-25 13:32:42.418828 : NTiles_TileMatrix_3_chr3, Class = numeric

NTiles_TileMatrix_3_chr3: length = 1
  chr3 
396592 



2024-06-25 13:32:42.570489 : NCells_TileMatrix_3_chr3, Class = integer

NCells_TileMatrix_3_chr3: length = 1
[1] 3032



2024-06-25 13:32:42.577199 : MinTile_TileMatrix_3_chr3, Class = numeric

MinTile_TileMatrix_3_chr3: length = 1
[1] 21



2024-06-25 13:32:42.70367 : MaxTile_TileMatrix_3_chr3, Class = numeric

MaxTile_TileMatrix_3_chr3: length = 1
[1] 396381



2024-06-25 13:32:42.90141 : MinCell_TileMatrix_3_chr3, Class = integer

MinCell_TileMatrix_3_chr3: length = 1
[1] 1



2024-06-25 13:32:42.983597 : MaxCell_TileMatrix_3_chr3, Class = integer

MaxCell_TileMatrix_3_chr3: length = 1
[1] 3032


2024-06-25 13:32:55.426082 : Adding TileMatrix to GM12878 for Chr (4 of 23)!, 0.942 mins elapsed.

2024-06-25 13:32:55.664803 : NTiles_TileMatrix_4_chr4, Class = numeric

NTiles_TileMatrix_4_chr4: length = 1
  chr4 
380430 



2024-06-25 13:32:55.682261 : NCells_TileMatrix_4_chr4, Class = integer

NCells_TileMatrix_4_chr4: length = 1
[1] 3032



2024-06-25 13:32:55.688552 : MinTile_TileMatrix_4_chr4, Class = numeric

MinTile_TileMatrix_4_chr4: length = 1
[1] 21



2024-06-25 13:32:55.856435 : MaxTile_TileMatrix_4_chr4, Class = numeric

MaxTile_TileMatrix_4_chr4: length = 1
[1] 380410



2024-06-25 13:32:55.874326 : MinCell_TileMatrix_4_chr4, Class = integer

MinCell_TileMatrix_4_chr4: length = 1
[1] 1



2024-06-25 13:32:55.879788 : MaxCell_TileMatrix_4_chr4, Class = integer

MaxCell_TileMatrix_4_chr4: length = 1
[1] 3032


2024-06-25 13:33:07.189598 : Adding TileMatrix to GM12878 for Chr (5 of 23)!, 1.138 mins elapsed.

2024-06-25 13:33:07.420829 : NTiles_TileMatrix_5_chr5, Class = numeric

NTiles_TileMatrix_5_chr5: length = 1
  chr5 
363077 



2024-06-25 13:33:07.425999 : NCells_TileMatrix_5_chr5, Class = integer

NCells_TileMatrix_5_chr5: length = 1
[1] 3032



2024-06-25 13:33:07.430568 : MinTile_TileMatrix_5_chr5, Class = numeric

MinTile_TileMatrix_5_chr5: length = 1
[1] 24



2024-06-25 13:33:07.43725 : MaxTile_TileMatrix_5_chr5, Class = numeric

MaxTile_TileMatrix_5_chr5: length = 1
[1] 362898



2024-06-25 13:33:07.452527 : MinCell_TileMatrix_5_chr5, Class = integer

MinCell_TileMatrix_5_chr5: length = 1
[1] 1



2024-06-25 13:33:07.457173 : MaxCell_TileMatrix_5_chr5, Class = integer

MaxCell_TileMatrix_5_chr5: length = 1
[1] 3032


2024-06-25 13:33:19.328752 : Adding TileMatrix to GM12878 for Chr (6 of 23)!, 1.34 mins elapsed.

2024-06-25 13:33:19.61273 : NTiles_TileMatrix_6_chr6, Class = numeric

NTiles_TileMatrix_6_chr6: length = 1
  chr6 
341612 



2024-06-25 13:33:19.618482 : NCells_TileMatrix_6_chr6, Class = integer

NCells_TileMatrix_6_chr6: length = 1
[1] 3032



2024-06-25 13:33:19.623748 : MinTile_TileMatrix_6_chr6, Class = numeric

MinTile_TileMatrix_6_chr6: length = 1
[1] 180



2024-06-25 13:33:19.631405 : MaxTile_TileMatrix_6_chr6, Class = numeric

MaxTile_TileMatrix_6_chr6: length = 1
[1] 341476



2024-06-25 13:33:19.65051 : MinCell_TileMatrix_6_chr6, Class = integer

MinCell_TileMatrix_6_chr6: length = 1
[1] 1



2024-06-25 13:33:19.655935 : MaxCell_TileMatrix_6_chr6, Class = integer

MaxCell_TileMatrix_6_chr6: length = 1
[1] 3032


2024-06-25 13:33:32.259276 : Adding TileMatrix to GM12878 for Chr (7 of 23)!, 1.556 mins elapsed.

2024-06-25 13:33:33.238944 : NTiles_TileMatrix_7_chr7, Class = numeric

NTiles_TileMatrix_7_chr7: length = 1
  chr7 
318692 



2024-06-25 13:33:33.382348 : NCells_TileMatrix_7_chr7, Class = integer

NCells_TileMatrix_7_chr7: length = 1
[1] 3032



2024-06-25 13:33:33.622824 : MinTile_TileMatrix_7_chr7, Class = numeric

MinTile_TileMatrix_7_chr7: length = 1
[1] 21



2024-06-25 13:33:33.863832 : MaxTile_TileMatrix_7_chr7, Class = numeric

MaxTile_TileMatrix_7_chr7: length = 1
[1] 318672



2024-06-25 13:33:33.991713 : MinCell_TileMatrix_7_chr7, Class = integer

MinCell_TileMatrix_7_chr7: length = 1
[1] 1



2024-06-25 13:33:34.160536 : MaxCell_TileMatrix_7_chr7, Class = integer

MaxCell_TileMatrix_7_chr7: length = 1
[1] 3032


2024-06-25 13:33:46.967381 : Adding TileMatrix to GM12878 for Chr (8 of 23)!, 1.801 mins elapsed.

2024-06-25 13:33:48.029697 : NTiles_TileMatrix_8_chr8, Class = numeric

NTiles_TileMatrix_8_chr8: length = 1
  chr8 
290278 



2024-06-25 13:33:48.035778 : NCells_TileMatrix_8_chr8, Class = integer

NCells_TileMatrix_8_chr8: length = 1
[1] 3032



2024-06-25 13:33:48.041161 : MinTile_TileMatrix_8_chr8, Class = numeric

MinTile_TileMatrix_8_chr8: length = 1
[1] 124



2024-06-25 13:33:48.048077 : MaxTile_TileMatrix_8_chr8, Class = numeric

MaxTile_TileMatrix_8_chr8: length = 1
[1] 290153



2024-06-25 13:33:48.068158 : MinCell_TileMatrix_8_chr8, Class = integer

MinCell_TileMatrix_8_chr8: length = 1
[1] 1



2024-06-25 13:33:48.074203 : MaxCell_TileMatrix_8_chr8, Class = integer

MaxCell_TileMatrix_8_chr8: length = 1
[1] 3032


2024-06-25 13:33:58.030653 : Adding TileMatrix to GM12878 for Chr (9 of 23)!, 1.985 mins elapsed.

2024-06-25 13:33:58.267228 : NTiles_TileMatrix_9_chr9, Class = numeric

NTiles_TileMatrix_9_chr9: length = 1
  chr9 
276790 



2024-06-25 13:33:58.272796 : NCells_TileMatrix_9_chr9, Class = integer

NCells_TileMatrix_9_chr9: length = 1
[1] 3032



2024-06-25 13:33:58.278817 : MinTile_TileMatrix_9_chr9, Class = numeric

MinTile_TileMatrix_9_chr9: length = 1
[1] 21



2024-06-25 13:33:58.286625 : MaxTile_TileMatrix_9_chr9, Class = numeric

MaxTile_TileMatrix_9_chr9: length = 1
[1] 276513



2024-06-25 13:33:58.30469 : MinCell_TileMatrix_9_chr9, Class = integer

MinCell_TileMatrix_9_chr9: length = 1
[1] 1



2024-06-25 13:33:58.312441 : MaxCell_TileMatrix_9_chr9, Class = integer

MaxCell_TileMatrix_9_chr9: length = 1
[1] 3032


2024-06-25 13:34:08.139283 : Adding TileMatrix to GM12878 for Chr (10 of 23)!, 2.154 mins elapsed.

2024-06-25 13:34:08.35395 : NTiles_TileMatrix_10_chr10, Class = numeric

NTiles_TileMatrix_10_chr10: length = 1
 chr10 
267595 



2024-06-25 13:34:08.359667 : NCells_TileMatrix_10_chr10, Class = integer

NCells_TileMatrix_10_chr10: length = 1
[1] 3032



2024-06-25 13:34:08.364978 : MinTile_TileMatrix_10_chr10, Class = numeric

MinTile_TileMatrix_10_chr10: length = 1
[1] 23



2024-06-25 13:34:08.372003 : MaxTile_TileMatrix_10_chr10, Class = numeric

MaxTile_TileMatrix_10_chr10: length = 1
[1] 267575



2024-06-25 13:34:08.387119 : MinCell_TileMatrix_10_chr10, Class = integer

MinCell_TileMatrix_10_chr10: length = 1
[1] 1



2024-06-25 13:34:08.392564 : MaxCell_TileMatrix_10_chr10, Class = integer

MaxCell_TileMatrix_10_chr10: length = 1
[1] 3032


2024-06-25 13:34:17.216384 : Adding TileMatrix to GM12878 for Chr (11 of 23)!, 2.305 mins elapsed.

2024-06-25 13:34:17.482305 : NTiles_TileMatrix_11_chr11, Class = numeric

NTiles_TileMatrix_11_chr11: length = 1
 chr11 
270174 



2024-06-25 13:34:17.490099 : NCells_TileMatrix_11_chr11, Class = integer

NCells_TileMatrix_11_chr11: length = 1
[1] 3032



2024-06-25 13:34:17.496328 : MinTile_TileMatrix_11_chr11, Class = numeric

MinTile_TileMatrix_11_chr11: length = 1
[1] 251



2024-06-25 13:34:17.506881 : MaxTile_TileMatrix_11_chr11, Class = numeric

MaxTile_TileMatrix_11_chr11: length = 1
[1] 270154



2024-06-25 13:34:17.528261 : MinCell_TileMatrix_11_chr11, Class = integer

MinCell_TileMatrix_11_chr11: length = 1
[1] 1



2024-06-25 13:34:17.535432 : MaxCell_TileMatrix_11_chr11, Class = integer

MaxCell_TileMatrix_11_chr11: length = 1
[1] 3032


2024-06-25 13:34:27.48824 : Adding TileMatrix to GM12878 for Chr (12 of 23)!, 2.476 mins elapsed.

2024-06-25 13:34:27.732112 : NTiles_TileMatrix_12_chr12, Class = numeric

NTiles_TileMatrix_12_chr12: length = 1
 chr12 
266551 



2024-06-25 13:34:27.737635 : NCells_TileMatrix_12_chr12, Class = integer

NCells_TileMatrix_12_chr12: length = 1
[1] 3032



2024-06-25 13:34:27.742841 : MinTile_TileMatrix_12_chr12, Class = numeric

MinTile_TileMatrix_12_chr12: length = 1
[1] 21



2024-06-25 13:34:27.751026 : MaxTile_TileMatrix_12_chr12, Class = numeric

MaxTile_TileMatrix_12_chr12: length = 1
[1] 266530



2024-06-25 13:34:27.768402 : MinCell_TileMatrix_12_chr12, Class = integer

MinCell_TileMatrix_12_chr12: length = 1
[1] 1



2024-06-25 13:34:27.773614 : MaxCell_TileMatrix_12_chr12, Class = integer

MaxCell_TileMatrix_12_chr12: length = 1
[1] 3032


2024-06-25 13:34:38.399933 : Adding TileMatrix to GM12878 for Chr (13 of 23)!, 2.658 mins elapsed.

2024-06-25 13:34:38.584617 : NTiles_TileMatrix_13_chr13, Class = numeric

NTiles_TileMatrix_13_chr13: length = 1
 chr13 
228729 



2024-06-25 13:34:38.590266 : NCells_TileMatrix_13_chr13, Class = integer

NCells_TileMatrix_13_chr13: length = 1
[1] 3032



2024-06-25 13:34:38.595801 : MinTile_TileMatrix_13_chr13, Class = numeric

MinTile_TileMatrix_13_chr13: length = 1
[1] 32010



2024-06-25 13:34:38.602248 : MaxTile_TileMatrix_13_chr13, Class = numeric

MaxTile_TileMatrix_13_chr13: length = 1
[1] 228709



2024-06-25 13:34:38.612969 : MinCell_TileMatrix_13_chr13, Class = integer

MinCell_TileMatrix_13_chr13: length = 1
[1] 1



2024-06-25 13:34:38.618888 : MaxCell_TileMatrix_13_chr13, Class = integer

MaxCell_TileMatrix_13_chr13: length = 1
[1] 3032


2024-06-25 13:34:47.787142 : Adding TileMatrix to GM12878 for Chr (14 of 23)!, 2.814 mins elapsed.

2024-06-25 13:34:47.977421 : NTiles_TileMatrix_14_chr14, Class = numeric

NTiles_TileMatrix_14_chr14: length = 1
 chr14 
214088 



2024-06-25 13:34:47.982635 : NCells_TileMatrix_14_chr14, Class = integer

NCells_TileMatrix_14_chr14: length = 1
[1] 3032



2024-06-25 13:34:47.987597 : MinTile_TileMatrix_14_chr14, Class = numeric

MinTile_TileMatrix_14_chr14: length = 1
[1] 32047



2024-06-25 13:34:47.994496 : MaxTile_TileMatrix_14_chr14, Class = numeric

MaxTile_TileMatrix_14_chr14: length = 1
[1] 213768



2024-06-25 13:34:48.00684 : MinCell_TileMatrix_14_chr14, Class = integer

MinCell_TileMatrix_14_chr14: length = 1
[1] 1



2024-06-25 13:34:48.011798 : MaxCell_TileMatrix_14_chr14, Class = integer

MaxCell_TileMatrix_14_chr14: length = 1
[1] 3032


2024-06-25 13:34:57.160553 : Adding TileMatrix to GM12878 for Chr (15 of 23)!, 2.971 mins elapsed.

2024-06-25 13:34:57.614798 : NTiles_TileMatrix_15_chr15, Class = numeric

NTiles_TileMatrix_15_chr15: length = 1
 chr15 
203983 



2024-06-25 13:34:57.620849 : NCells_TileMatrix_15_chr15, Class = integer

NCells_TileMatrix_15_chr15: length = 1
[1] 3032



2024-06-25 13:34:57.626338 : MinTile_TileMatrix_15_chr15, Class = numeric

MinTile_TileMatrix_15_chr15: length = 1
[1] 34026



2024-06-25 13:34:57.633946 : MaxTile_TileMatrix_15_chr15, Class = numeric

MaxTile_TileMatrix_15_chr15: length = 1
[1] 203963



2024-06-25 13:34:57.650668 : MinCell_TileMatrix_15_chr15, Class = integer

MinCell_TileMatrix_15_chr15: length = 1
[1] 1



2024-06-25 13:34:57.657112 : MaxCell_TileMatrix_15_chr15, Class = integer

MaxCell_TileMatrix_15_chr15: length = 1
[1] 3032


2024-06-25 13:35:06.853202 : Adding TileMatrix to GM12878 for Chr (16 of 23)!, 3.132 mins elapsed.

2024-06-25 13:35:07.070706 : NTiles_TileMatrix_16_chr16, Class = numeric

NTiles_TileMatrix_16_chr16: length = 1
 chr16 
180677 



2024-06-25 13:35:07.07645 : NCells_TileMatrix_16_chr16, Class = integer

NCells_TileMatrix_16_chr16: length = 1
[1] 3032



2024-06-25 13:35:07.081078 : MinTile_TileMatrix_16_chr16, Class = numeric

MinTile_TileMatrix_16_chr16: length = 1
[1] 21



2024-06-25 13:35:07.088053 : MaxTile_TileMatrix_16_chr16, Class = numeric

MaxTile_TileMatrix_16_chr16: length = 1
[1] 180449



2024-06-25 13:35:07.101571 : MinCell_TileMatrix_16_chr16, Class = integer

MinCell_TileMatrix_16_chr16: length = 1
[1] 1



2024-06-25 13:35:07.106887 : MaxCell_TileMatrix_16_chr16, Class = integer

MaxCell_TileMatrix_16_chr16: length = 1
[1] 3032


2024-06-25 13:35:16.031645 : Adding TileMatrix to GM12878 for Chr (17 of 23)!, 3.285 mins elapsed.

2024-06-25 13:35:16.488846 : NTiles_TileMatrix_17_chr17, Class = numeric

NTiles_TileMatrix_17_chr17: length = 1
 chr17 
166515 



2024-06-25 13:35:16.531684 : NCells_TileMatrix_17_chr17, Class = integer

NCells_TileMatrix_17_chr17: length = 1
[1] 3032



2024-06-25 13:35:16.544545 : MinTile_TileMatrix_17_chr17, Class = numeric

MinTile_TileMatrix_17_chr17: length = 1
[1] 206



2024-06-25 13:35:16.555701 : MaxTile_TileMatrix_17_chr17, Class = numeric

MaxTile_TileMatrix_17_chr17: length = 1
[1] 166495



2024-06-25 13:35:16.581542 : MinCell_TileMatrix_17_chr17, Class = integer

MinCell_TileMatrix_17_chr17: length = 1
[1] 1



2024-06-25 13:35:16.58777 : MaxCell_TileMatrix_17_chr17, Class = integer

MaxCell_TileMatrix_17_chr17: length = 1
[1] 3032


2024-06-25 13:35:26.234643 : Adding TileMatrix to GM12878 for Chr (18 of 23)!, 3.455 mins elapsed.

2024-06-25 13:35:26.443283 : NTiles_TileMatrix_18_chr18, Class = numeric

NTiles_TileMatrix_18_chr18: length = 1
 chr18 
160747 



2024-06-25 13:35:26.4707 : NCells_TileMatrix_18_chr18, Class = integer

NCells_TileMatrix_18_chr18: length = 1
[1] 3032



2024-06-25 13:35:26.503175 : MinTile_TileMatrix_18_chr18, Class = numeric

MinTile_TileMatrix_18_chr18: length = 1
[1] 21



2024-06-25 13:35:26.519424 : MaxTile_TileMatrix_18_chr18, Class = numeric

MaxTile_TileMatrix_18_chr18: length = 1
[1] 160527



2024-06-25 13:35:26.540595 : MinCell_TileMatrix_18_chr18, Class = integer

MinCell_TileMatrix_18_chr18: length = 1
[1] 1



2024-06-25 13:35:26.575136 : MaxCell_TileMatrix_18_chr18, Class = integer

MaxCell_TileMatrix_18_chr18: length = 1
[1] 3032


2024-06-25 13:35:35.568043 : Adding TileMatrix to GM12878 for Chr (19 of 23)!, 3.611 mins elapsed.

2024-06-25 13:35:35.855997 : NTiles_TileMatrix_19_chr19, Class = numeric

NTiles_TileMatrix_19_chr19: length = 1
 chr19 
117236 



2024-06-25 13:35:35.862204 : NCells_TileMatrix_19_chr19, Class = integer

NCells_TileMatrix_19_chr19: length = 1
[1] 3032



2024-06-25 13:35:35.867767 : MinTile_TileMatrix_19_chr19, Class = numeric

MinTile_TileMatrix_19_chr19: length = 1
[1] 165



2024-06-25 13:35:35.87556 : MaxTile_TileMatrix_19_chr19, Class = numeric

MaxTile_TileMatrix_19_chr19: length = 1
[1] 117216



2024-06-25 13:35:35.893335 : MinCell_TileMatrix_19_chr19, Class = integer

MinCell_TileMatrix_19_chr19: length = 1
[1] 1



2024-06-25 13:35:35.899225 : MaxCell_TileMatrix_19_chr19, Class = integer

MaxCell_TileMatrix_19_chr19: length = 1
[1] 3032


2024-06-25 13:35:45.049927 : Adding TileMatrix to GM12878 for Chr (20 of 23)!, 3.769 mins elapsed.

2024-06-25 13:35:45.244044 : NTiles_TileMatrix_20_chr20, Class = numeric

NTiles_TileMatrix_20_chr20: length = 1
 chr20 
128889 



2024-06-25 13:35:45.328063 : NCells_TileMatrix_20_chr20, Class = integer

NCells_TileMatrix_20_chr20: length = 1
[1] 3032



2024-06-25 13:35:45.359888 : MinTile_TileMatrix_20_chr20, Class = numeric

MinTile_TileMatrix_20_chr20: length = 1
[1] 121



2024-06-25 13:35:45.382659 : MaxTile_TileMatrix_20_chr20, Class = numeric

MaxTile_TileMatrix_20_chr20: length = 1
[1] 128669



2024-06-25 13:35:45.415074 : MinCell_TileMatrix_20_chr20, Class = integer

MinCell_TileMatrix_20_chr20: length = 1
[1] 1



2024-06-25 13:35:45.431288 : MaxCell_TileMatrix_20_chr20, Class = integer

MaxCell_TileMatrix_20_chr20: length = 1
[1] 3032


2024-06-25 13:35:53.042465 : Adding TileMatrix to GM12878 for Chr (21 of 23)!, 3.902 mins elapsed.

2024-06-25 13:35:53.200555 : NTiles_TileMatrix_21_chr21, Class = numeric

NTiles_TileMatrix_21_chr21: length = 1
chr21 
93420 



2024-06-25 13:35:53.206318 : NCells_TileMatrix_21_chr21, Class = integer

NCells_TileMatrix_21_chr21: length = 1
[1] 3032



2024-06-25 13:35:53.211628 : MinTile_TileMatrix_21_chr21, Class = numeric

MinTile_TileMatrix_21_chr21: length = 1
[1] 10068



2024-06-25 13:35:53.217121 : MaxTile_TileMatrix_21_chr21, Class = numeric

MaxTile_TileMatrix_21_chr21: length = 1
[1] 93399



2024-06-25 13:35:53.224716 : MinCell_TileMatrix_21_chr21, Class = integer

MinCell_TileMatrix_21_chr21: length = 1
[1] 1



2024-06-25 13:35:53.229897 : MaxCell_TileMatrix_21_chr21, Class = integer

MaxCell_TileMatrix_21_chr21: length = 1
[1] 3032


2024-06-25 13:36:02.075726 : Adding TileMatrix to GM12878 for Chr (22 of 23)!, 4.053 mins elapsed.

2024-06-25 13:36:02.30264 : NTiles_TileMatrix_22_chr22, Class = numeric

NTiles_TileMatrix_22_chr22: length = 1
 chr22 
101637 



2024-06-25 13:36:02.310035 : NCells_TileMatrix_22_chr22, Class = integer

NCells_TileMatrix_22_chr22: length = 1
[1] 3032



2024-06-25 13:36:02.316394 : MinTile_TileMatrix_22_chr22, Class = numeric

MinTile_TileMatrix_22_chr22: length = 1
[1] 21145



2024-06-25 13:36:02.325071 : MaxTile_TileMatrix_22_chr22, Class = numeric

MaxTile_TileMatrix_22_chr22: length = 1
[1] 101617



2024-06-25 13:36:02.349272 : MinCell_TileMatrix_22_chr22, Class = integer

MinCell_TileMatrix_22_chr22: length = 1
[1] 1



2024-06-25 13:36:02.356312 : MaxCell_TileMatrix_22_chr22, Class = integer

MaxCell_TileMatrix_22_chr22: length = 1
[1] 3032


2024-06-25 13:36:12.024552 : Adding TileMatrix to GM12878 for Chr (23 of 23)!, 4.218 mins elapsed.

2024-06-25 13:36:12.24025 : NTiles_TileMatrix_23_chrX, Class = numeric

NTiles_TileMatrix_23_chrX: length = 1
  chrX 
312082 



2024-06-25 13:36:12.268552 : NCells_TileMatrix_23_chrX, Class = integer

NCells_TileMatrix_23_chrX: length = 1
[1] 3032



2024-06-25 13:36:12.286017 : MinTile_TileMatrix_23_chrX, Class = numeric

MinTile_TileMatrix_23_chrX: length = 1
[1] 21



2024-06-25 13:36:12.308815 : MaxTile_TileMatrix_23_chrX, Class = numeric

MaxTile_TileMatrix_23_chrX: length = 1
[1] 312062



2024-06-25 13:36:12.350073 : MinCell_TileMatrix_23_chrX, Class = integer

MinCell_TileMatrix_23_chrX: length = 1
[1] 1



2024-06-25 13:36:12.369416 : MaxCell_TileMatrix_23_chrX, Class = integer

MaxCell_TileMatrix_23_chrX: length = 1
[1] 3032


2024-06-25 13:36:23.731321 : (GM12878 : 1 of 1) Finished Adding TileMatrix!, 9.227 mins elapsed.
2024-06-25 13:36:23.742005 : (GM12878 : 1 of 1) Finished Creating Arrow File, 9.227 mins elapsed.

------- Completed

End Time : 2024-06-25 13:36:23.766436
Elapsed Time Minutes = 9.24383302529653
Elapsed Time Hours = 0.154064009255833

-------



