
           ___      .______        ______  __    __  .______      
          /   \     |   _  \      /      ||  |  |  | |   _  \     
         /  ^  \    |  |_)  |    |  ,----'|  |__|  | |  |_)  |    
        /  /_\  \   |      /     |  |     |   __   | |      /     
       /  _____  \  |  |\  \\___ |  `----.|  |  |  | |  |\  \\___.
      /__/     \__\ | _| `._____| \______||__|  |__| | _| `._____|
    
Logging With ArchR!

Start Time : 2024-06-25 13:41:54.71955

------- ArchR Info

ArchRThreads = 16
ArchRGenome = Hg38

------- System Info

Computer OS = unix
Total Cores = 192

------- Session Info

R version 4.3.3 (2024-02-29)
Platform: x86_64-conda-linux-gnu (64-bit)
Running under: Red Hat Enterprise Linux 8.9 (Ootpa)

Matrix products: default
BLAS/LAPACK: /maps/projects/ralab/people/lpm537/software/anaconda3/envs/Notebook_E2G_240505/lib/libopenblasp-r0.3.27.so;  LAPACK version 3.12.0

Random number generation:
 RNG:     L'Ecuyer-CMRG 
 Normal:  Inversion 
 Sample:  Rejection 
 
locale:
 [1] LC_CTYPE=en_US.UTF-8       LC_NUMERIC=C              
 [3] LC_TIME=en_US.UTF-8        LC_COLLATE=en_US.UTF-8    
 [5] LC_MONETARY=en_US.UTF-8    LC_MESSAGES=en_US.UTF-8   
 [7] LC_PAPER=en_US.UTF-8       LC_NAME=C                 
 [9] LC_ADDRESS=C               LC_TELEPHONE=C            
[11] LC_MEASUREMENT=en_US.UTF-8 LC_IDENTIFICATION=C       

time zone: Europe/Copenhagen
tzcode source: system (glibc)

attached base packages:
 [1] parallel  stats4    grid      stats     graphics  grDevices utils    
 [8] datasets  methods   base     

other attached packages:
 [1] uwot_0.1.16                       Rsamtools_2.18.0                 
 [3] BSgenome.Hsapiens.UCSC.hg38_1.4.5 BSgenome_1.68.0                  
 [5] rtracklayer_1.60.1                Biostrings_2.70.1                
 [7] XVector_0.42.0                    genomation_1.34.0                
 [9] Signac_1.13.0                     Seurat_5.0.3                     
[11] SeuratObject_5.0.1                sp_2.1-4                         
[13] rhdf5_2.44.0                      SummarizedExperiment_1.30.2      
[15] Biobase_2.60.0                    MatrixGenerics_1.12.3            
[17] Rcpp_1.0.12                       Matrix_1.6-5                     
[19] GenomicRanges_1.54.1              GenomeInfoDb_1.38.1              
[21] IRanges_2.36.0                    S4Vectors_0.40.2                 
[23] BiocGenerics_0.48.1               matrixStats_1.3.0                
[25] data.table_1.15.2                 stringr_1.5.1                    
[27] plyr_1.8.9                        magrittr_2.0.3                   
[29] ggplot2_3.5.1                     gtable_0.3.5                     
[31] gtools_3.9.5                      gridExtra_2.3                    
[33] ArchR_1.0.2                      

loaded via a namespace (and not attached):
  [1] RcppAnnoy_0.0.22         splines_4.3.3            later_1.3.2             
  [4] pbdZMQ_0.3-11            BiocIO_1.10.0            bitops_1.0-7            
  [7] tibble_3.2.1             polyclip_1.10-6          XML_3.99-0.16.1         
 [10] fastDummies_1.7.3        lifecycle_1.0.4          vroom_1.6.5             
 [13] globals_0.16.3           lattice_0.22-6           MASS_7.3-60             
 [16] plotly_4.10.4            plotrix_3.8-4            yaml_2.3.8              
 [19] httpuv_1.6.15            sctransform_0.4.1        spam_2.10-0             
 [22] spatstat.sparse_3.0-3    reticulate_1.36.1        cowplot_1.1.3           
 [25] pbapply_1.7-2            RColorBrewer_1.1-3       abind_1.4-5             
 [28] zlibbioc_1.48.0          Rtsne_0.17               purrr_1.0.2             
 [31] RCurl_1.98-1.14          GenomeInfoDbData_1.2.11  ggrepel_0.9.5           
 [34] irlba_2.3.5.1            listenv_0.9.1            spatstat.utils_3.0-4    
 [37] goftest_1.2-3            RSpectra_0.16-1          spatstat.random_3.2-3   
 [40] fitdistrplus_1.1-11      parallelly_1.37.1        leiden_0.4.3.1          
 [43] codetools_0.2-20         DelayedArray_0.26.7      RcppRoll_0.3.0          
 [46] tidyselect_1.2.1         farver_2.1.1             base64enc_0.1-3         
 [49] spatstat.explore_3.2-6   GenomicAlignments_1.36.0 jsonlite_1.8.8          
 [52] progressr_0.14.0         ggridges_0.5.6           survival_3.6-4          
 [55] tools_4.3.3              ica_1.0-3                glue_1.7.0              
 [58] IRdisplay_1.1            dplyr_1.1.4              withr_3.0.0             
 [61] fastmap_1.1.1            rhdf5filters_1.12.1      fansi_1.0.6             
 [64] digest_0.6.35            R6_2.5.1                 mime_0.12               
 [67] seqPattern_1.34.0        colorspace_2.1-0         Cairo_1.6-2             
 [70] scattermore_1.2          tensor_1.5               spatstat.data_3.0-4     
 [73] utf8_1.2.4               tidyr_1.3.1              generics_0.1.3          
 [76] httr_1.4.7               htmlwidgets_1.6.4        S4Arrays_1.2.1          
 [79] pkgconfig_2.0.3          impute_1.76.0            lmtest_0.9-40           
 [82] htmltools_0.5.8.1        dotCall64_1.1-1          scales_1.3.0            
 [85] png_0.1-8                tzdb_0.4.0               reshape2_1.4.4          
 [88] rjson_0.2.21             uuid_1.2-0               nlme_3.1-164            
 [91] repr_1.1.7               zoo_1.8-12               KernSmooth_2.23-22      
 [94] miniUI_0.1.1.1           restfulr_0.0.15          pillar_1.9.0            
 [97] vctrs_0.6.5              RANN_2.6.1               promises_1.3.0          
[100] xtable_1.8-4             cluster_2.1.6            evaluate_0.23           
[103] readr_2.1.5              cli_3.6.2                compiler_4.3.3          
[106] rlang_1.1.3              crayon_1.5.2             future.apply_1.11.2     
[109] labeling_0.4.3           stringi_1.8.3            gridBase_0.4-7          
[112] viridisLite_0.4.2        deldir_2.0-4             BiocParallel_1.36.0     
[115] munsell_0.5.1            lazyeval_0.2.2           spatstat.geom_3.2-9     
[118] IRkernel_1.3.2           RcppHNSW_0.6.0           hms_1.1.3               
[121] patchwork_1.2.0          bit64_4.0.5              future_1.33.2           
[124] Rhdf5lib_1.22.1          shiny_1.8.1.1            ROCR_1.0-11             
[127] igraph_2.0.3             fastmatch_1.1-4          bit_4.0.5               


------- Log Info


2024-06-25 13:41:54.989245 : addGeneExpressionMatrix Input-Parameters, Class = list

addGeneExpressionMatrix Input-Parameters$input: length = 1

addGeneExpressionMatrix Input-Parameters$seRNA: length = 61214
class: RangedSummarizedExperiment 
dim: 6 3050 
metadata(0):
assays(1): counts
rownames(6): DDX11L1 MIR6859-1 ... MIR1302-2 FAM138A
rowData names(5): feature_type genome id interval name
colnames(3050): GM12878#AAACAGCCACTAAGAA-1 GM12878#AAACAGCCATAATCAC-1
  ... GM12878#TTTGTTGGTCACAAAT-1 GM12878#TTTGTTGGTTGGTGAC-1
colData names(0):


addGeneExpressionMatrix Input-Parameters$chromSizes: length = 24
GRanges object with 6 ranges and 0 metadata columns:
      seqnames      ranges strand
         <Rle>   <IRanges>  <Rle>
  [1]     chr1 1-248956422      *
  [2]     chr2 1-242193529      *
  [3]     chr3 1-198295559      *
  [4]     chr4 1-190214555      *
  [5]     chr5 1-181538259      *
  [6]     chr6 1-170805979      *
  -------
  seqinfo: 24 sequences from an unspecified genome


addGeneExpressionMatrix Input-Parameters$excludeChr: length = 2
[1] "chrM" "chrY"


addGeneExpressionMatrix Input-Parameters$scaleTo: length = 1
[1] 10000


addGeneExpressionMatrix Input-Parameters$verbose: length = 1
[1] TRUE


addGeneExpressionMatrix Input-Parameters$threads: length = 1
[1] 16


addGeneExpressionMatrix Input-Parameters$parallelParam: length = 0
NULL


addGeneExpressionMatrix Input-Parameters$strictMatch: length = 1
[1] TRUE


addGeneExpressionMatrix Input-Parameters$force: length = 1
[1] TRUE


addGeneExpressionMatrix Input-Parameters$logFile: length = 1
[1] "ArchRLogs/ArchR-addGeneExpressionMatrix-35cc6458b2b020-Date-2024-06-25_Time-13-41-54.528176.log"



2024-06-25 13:41:55.183438 : 

2024-06-25 13:41:55.194718 : 

2024-06-25 13:41:57.065897 : qcInfo, Class = DFrame
DataFrame with 3050 rows and 4 columns
                            Gex_nUMI Gex_nGenes Gex_MitoRatio Gex_RiboRatio
                           <numeric>  <numeric>     <numeric>     <numeric>
GM12878#AAACAGCCACTAAGAA-1      9947       3844    0.00573037     0.0740927
GM12878#AAACAGCCATAATCAC-1      6092       2939    0.00886408     0.0387393
GM12878#AAACATGCACTTGTTC-1     32757       6933    0.00613609     0.0363892
GM12878#AAACATGCATAATCAC-1     17834       5587    0.00426152     0.0615117
GM12878#AAACCAACATTAGCGC-1     12070       4313    0.00455675     0.0527755
...                              ...        ...           ...           ...
GM12878#TTTGTGTTCCAAGTTA-1     24807       6758    0.00499859     0.0613940
GM12878#TTTGTGTTCCTCAGCT-1     34004       7368    0.00576403     0.0499941
GM12878#TTTGTGTTCGCCTAAG-1     21143       5486    0.00430402     0.0474862
GM12878#TTTGTTGGTCACAAAT-1      9270       3884    0.00776699     0.0711974
GM12878#TTTGTTGGTTGGTGAC-1     31286       7603    0.00418718     0.0223423

2024-06-25 13:41:57.080526 : Batch Execution w/ safelapply!, 0 mins elapsed.

2024-06-25 13:41:57.473937 : featureDF, Class = data.frame
featureDF: nRows = 60637, nCols = 6
  seqnames idx start   end        name strand
1     chr1   1 12009 12010     DDX11L1      3
2     chr1   2 17435 17436   MIR6859-1      3
3     chr1   3 29553 30267 MIR1302-2HG      3
4     chr1   4 29569 29570      WASH7P      3
5     chr1   5 30365 30366   MIR1302-2      3
6     chr1   6 36080 36081     FAM138A      3


2024-06-25 13:41:58.79862 : Adding GM12878 to GeneExpressionMatrix for Chr (1 of 23)!, 0.029 mins elapsed.
2024-06-25 13:42:07.14844 : Adding GM12878 to GeneExpressionMatrix for Chr (2 of 23)!, 0.168 mins elapsed.
2024-06-25 13:42:13.007644 : Adding GM12878 to GeneExpressionMatrix for Chr (3 of 23)!, 0.265 mins elapsed.
2024-06-25 13:42:22.006467 : Adding GM12878 to GeneExpressionMatrix for Chr (4 of 23)!, 0.415 mins elapsed.
2024-06-25 13:42:27.18328 : Adding GM12878 to GeneExpressionMatrix for Chr (5 of 23)!, 0.502 mins elapsed.
2024-06-25 13:42:32.80566 : Adding GM12878 to GeneExpressionMatrix for Chr (6 of 23)!, 0.595 mins elapsed.
2024-06-25 13:42:41.553169 : Adding GM12878 to GeneExpressionMatrix for Chr (7 of 23)!, 0.741 mins elapsed.
2024-06-25 13:42:48.576175 : Adding GM12878 to GeneExpressionMatrix for Chr (8 of 23)!, 0.858 mins elapsed.
2024-06-25 13:42:57.300011 : Adding GM12878 to GeneExpressionMatrix for Chr (9 of 23)!, 1.004 mins elapsed.
2024-06-25 13:43:04.823364 : Adding GM12878 to GeneExpressionMatrix for Chr (10 of 23)!, 1.129 mins elapsed.
2024-06-25 13:43:10.442047 : Adding GM12878 to GeneExpressionMatrix for Chr (11 of 23)!, 1.223 mins elapsed.
2024-06-25 13:43:15.566609 : Adding GM12878 to GeneExpressionMatrix for Chr (12 of 23)!, 1.308 mins elapsed.
2024-06-25 13:43:23.701675 : Adding GM12878 to GeneExpressionMatrix for Chr (13 of 23)!, 1.444 mins elapsed.
2024-06-25 13:43:29.591675 : Adding GM12878 to GeneExpressionMatrix for Chr (14 of 23)!, 1.542 mins elapsed.
2024-06-25 13:43:36.314994 : Adding GM12878 to GeneExpressionMatrix for Chr (15 of 23)!, 1.654 mins elapsed.
2024-06-25 13:43:44.338267 : Adding GM12878 to GeneExpressionMatrix for Chr (16 of 23)!, 1.788 mins elapsed.
2024-06-25 13:43:49.777241 : Adding GM12878 to GeneExpressionMatrix for Chr (17 of 23)!, 1.878 mins elapsed.
2024-06-25 13:43:55.219301 : Adding GM12878 to GeneExpressionMatrix for Chr (18 of 23)!, 1.969 mins elapsed.
2024-06-25 13:44:01.98133 : Adding GM12878 to GeneExpressionMatrix for Chr (19 of 23)!, 2.082 mins elapsed.
2024-06-25 13:44:06.605525 : Adding GM12878 to GeneExpressionMatrix for Chr (20 of 23)!, 2.159 mins elapsed.
2024-06-25 13:44:11.479124 : Adding GM12878 to GeneExpressionMatrix for Chr (21 of 23)!, 2.24 mins elapsed.
2024-06-25 13:44:18.203324 : Adding GM12878 to GeneExpressionMatrix for Chr (22 of 23)!, 2.352 mins elapsed.
2024-06-25 13:44:22.681272 : Adding GM12878 to GeneExpressionMatrix for Chr (23 of 23)!, 2.427 mins elapsed.

------- Completed

End Time : 2024-06-25 13:44:30.768244
Elapsed Time Minutes = 2.59930717547735
Elapsed Time Hours = 0.0433218591743045

-------



