
           ___      .______        ______  __    __  .______      
          /   \     |   _  \      /      ||  |  |  | |   _  \     
         /  ^  \    |  |_)  |    |  ,----'|  |__|  | |  |_)  |    
        /  /_\  \   |      /     |  |     |   __   | |      /     
       /  _____  \  |  |\  \\___ |  `----.|  |  |  | |  |\  \\___.
      /__/     \__\ | _| `._____| \______||__|  |__| | _| `._____|
    
Logging With ArchR!

Start Time : 2024-05-31 16:19:41.850354

------- ArchR Info

ArchRThreads = 16
ArchRGenome = Hg38

------- System Info

Computer OS = unix
Total Cores = 192

------- Session Info

R version 4.3.3 (2024-02-29)
Platform: x86_64-conda-linux-gnu (64-bit)
Running under: Red Hat Enterprise Linux 8.9 (Ootpa)

Matrix products: default
BLAS/LAPACK: /maps/projects/ralab/people/lpm537/software/anaconda3/envs/Notebook_E2G_240505/lib/libopenblasp-r0.3.27.so;  LAPACK version 3.12.0

Random number generation:
 RNG:     L'Ecuyer-CMRG 
 Normal:  Inversion 
 Sample:  Rejection 
 
locale:
 [1] LC_CTYPE=en_US.UTF-8       LC_NUMERIC=C              
 [3] LC_TIME=en_US.UTF-8        LC_COLLATE=en_US.UTF-8    
 [5] LC_MONETARY=en_US.UTF-8    LC_MESSAGES=en_US.UTF-8   
 [7] LC_PAPER=en_US.UTF-8       LC_NAME=C                 
 [9] LC_ADDRESS=C               LC_TELEPHONE=C            
[11] LC_MEASUREMENT=en_US.UTF-8 LC_IDENTIFICATION=C       

time zone: Europe/Copenhagen
tzcode source: system (glibc)

attached base packages:
 [1] parallel  stats4    grid      stats     graphics  grDevices utils    
 [8] datasets  methods   base     

other attached packages:
 [1] uwot_0.1.16                       BSgenome.Hsapiens.UCSC.hg38_1.4.5
 [3] BSgenome_1.68.0                   rtracklayer_1.60.1               
 [5] Biostrings_2.70.1                 XVector_0.42.0                   
 [7] genomation_1.34.0                 Signac_1.13.0                    
 [9] Seurat_5.0.3                      SeuratObject_5.0.1               
[11] sp_2.1-4                          rhdf5_2.44.0                     
[13] SummarizedExperiment_1.30.2       Biobase_2.60.0                   
[15] MatrixGenerics_1.12.3             Rcpp_1.0.12                      
[17] Matrix_1.6-5                      GenomicRanges_1.54.1             
[19] GenomeInfoDb_1.38.1               IRanges_2.36.0                   
[21] S4Vectors_0.40.2                  BiocGenerics_0.48.1              
[23] matrixStats_1.3.0                 data.table_1.15.2                
[25] stringr_1.5.1                     plyr_1.8.9                       
[27] magrittr_2.0.3                    ggplot2_3.5.1                    
[29] gtable_0.3.5                      gtools_3.9.5                     
[31] gridExtra_2.3                     ArchR_1.0.2                      

loaded via a namespace (and not attached):
  [1] RcppAnnoy_0.0.22         splines_4.3.3            later_1.3.2             
  [4] pbdZMQ_0.3-11            BiocIO_1.10.0            bitops_1.0-7            
  [7] tibble_3.2.1             polyclip_1.10-6          XML_3.99-0.16.1         
 [10] fastDummies_1.7.3        lifecycle_1.0.4          vroom_1.6.5             
 [13] globals_0.16.3           lattice_0.22-6           MASS_7.3-60             
 [16] plotly_4.10.4            plotrix_3.8-4            yaml_2.3.8              
 [19] httpuv_1.6.15            sctransform_0.4.1        spam_2.10-0             
 [22] spatstat.sparse_3.0-3    reticulate_1.36.1        cowplot_1.1.3           
 [25] pbapply_1.7-2            RColorBrewer_1.1-3       abind_1.4-5             
 [28] zlibbioc_1.48.0          Rtsne_0.17               purrr_1.0.2             
 [31] RCurl_1.98-1.14          GenomeInfoDbData_1.2.11  ggrepel_0.9.5           
 [34] irlba_2.3.5.1            listenv_0.9.1            spatstat.utils_3.0-4    
 [37] goftest_1.2-3            RSpectra_0.16-1          spatstat.random_3.2-3   
 [40] fitdistrplus_1.1-11      parallelly_1.37.1        leiden_0.4.3.1          
 [43] codetools_0.2-20         DelayedArray_0.26.7      RcppRoll_0.3.0          
 [46] tidyselect_1.2.1         farver_2.1.1             base64enc_0.1-3         
 [49] spatstat.explore_3.2-6   GenomicAlignments_1.36.0 jsonlite_1.8.8          
 [52] progressr_0.14.0         ggridges_0.5.6           survival_3.6-4          
 [55] tools_4.3.3              ica_1.0-3                glue_1.7.0              
 [58] IRdisplay_1.1            dplyr_1.1.4              withr_3.0.0             
 [61] fastmap_1.1.1            rhdf5filters_1.12.1      fansi_1.0.6             
 [64] digest_0.6.35            R6_2.5.1                 mime_0.12               
 [67] seqPattern_1.34.0        colorspace_2.1-0         Cairo_1.6-2             
 [70] scattermore_1.2          tensor_1.5               spatstat.data_3.0-4     
 [73] utf8_1.2.4               tidyr_1.3.1              generics_0.1.3          
 [76] httr_1.4.7               htmlwidgets_1.6.4        S4Arrays_1.2.1          
 [79] pkgconfig_2.0.3          impute_1.76.0            lmtest_0.9-40           
 [82] htmltools_0.5.8.1        dotCall64_1.1-1          scales_1.3.0            
 [85] png_0.1-8                tzdb_0.4.0               reshape2_1.4.4          
 [88] rjson_0.2.21             uuid_1.2-0               nlme_3.1-164            
 [91] repr_1.1.7               zoo_1.8-12               KernSmooth_2.23-22      
 [94] miniUI_0.1.1.1           restfulr_0.0.15          pillar_1.9.0            
 [97] vctrs_0.6.5              RANN_2.6.1               promises_1.3.0          
[100] xtable_1.8-4             cluster_2.1.6            evaluate_0.23           
[103] readr_2.1.5              cli_3.6.2                compiler_4.3.3          
[106] Rsamtools_2.18.0         rlang_1.1.3              crayon_1.5.2            
[109] future.apply_1.11.2      labeling_0.4.3           stringi_1.8.3           
[112] gridBase_0.4-7           viridisLite_0.4.2        deldir_2.0-4            
[115] BiocParallel_1.36.0      munsell_0.5.1            lazyeval_0.2.2          
[118] spatstat.geom_3.2-9      IRkernel_1.3.2           RcppHNSW_0.6.0          
[121] hms_1.1.3                patchwork_1.2.0          bit64_4.0.5             
[124] future_1.33.2            Rhdf5lib_1.22.1          shiny_1.8.1.1           
[127] ROCR_1.0-11              igraph_2.0.3             fastmatch_1.1-4         
[130] bit_4.0.5               


------- Log Info


2024-05-31 16:19:42.092169 : addGeneExpressionMatrix Input-Parameters, Class = list

addGeneExpressionMatrix Input-Parameters$input: length = 1

addGeneExpressionMatrix Input-Parameters$seRNA: length = 39032
class: RangedSummarizedExperiment 
dim: 6 6266 
metadata(0):
assays(1): counts
rownames(6): MIR1302-2HG WASH7P ... ENSG00000238009 CICP27
rowData names(5): feature_type genome id interval name
colnames(6266): e10l1#AAACCAGGTCACAGGG-1 e10l1#AAACCGCCAAGGAATA-1 ...
  e10l2#TTTGTGAGTTAGCGTT-1 e10l2#TTTGTGAGTTCCGGAC-1
colData names(0):


addGeneExpressionMatrix Input-Parameters$chromSizes: length = 24
GRanges object with 6 ranges and 0 metadata columns:
      seqnames      ranges strand
         <Rle>   <IRanges>  <Rle>
  [1]     chr1 1-248956422      *
  [2]     chr2 1-242193529      *
  [3]     chr3 1-198295559      *
  [4]     chr4 1-190214555      *
  [5]     chr5 1-181538259      *
  [6]     chr6 1-170805979      *
  -------
  seqinfo: 24 sequences from an unspecified genome


addGeneExpressionMatrix Input-Parameters$excludeChr: length = 2
[1] "chrM" "chrY"


addGeneExpressionMatrix Input-Parameters$scaleTo: length = 1
[1] 10000


addGeneExpressionMatrix Input-Parameters$verbose: length = 1
[1] TRUE


addGeneExpressionMatrix Input-Parameters$threads: length = 1
[1] 16


addGeneExpressionMatrix Input-Parameters$parallelParam: length = 0
NULL


addGeneExpressionMatrix Input-Parameters$strictMatch: length = 1
[1] TRUE


addGeneExpressionMatrix Input-Parameters$force: length = 1
[1] TRUE


addGeneExpressionMatrix Input-Parameters$logFile: length = 1
[1] "ArchRLogs/ArchR-addGeneExpressionMatrix-3bfa666ae6e2d6-Date-2024-05-31_Time-16-19-41.789664.log"



2024-05-31 16:19:42.378892 : 

2024-05-31 16:19:42.401187 : 

2024-05-31 16:19:45.63224 : qcInfo, Class = DFrame
DataFrame with 6266 rows and 4 columns
                          Gex_nUMI Gex_nGenes Gex_MitoRatio Gex_RiboRatio
                         <numeric>  <numeric>     <numeric>     <numeric>
e10l1#AAACCAGGTCACAGGG-1      9464       4187    0.00877008     0.0392012
e10l1#AAACCGCCAAGGAATA-1     14106       4958    0.00680561     0.0258046
e10l1#AAACCGCCAGCCGGTA-1      7293       3635    0.00795283     0.0311257
e10l1#AAACCGGTCAAGGAAG-1      6639       3312    0.00602500     0.0290706
e10l1#AAACGAACAACGTGGT-1     17774       5615    0.00742658     0.0447845
...                            ...        ...           ...           ...
e10l2#TTTGTCGAGGATGCGC-1     12660       4775    0.00624013     0.0438389
e10l2#TTTGTCGAGTCCCGCA-1      1024        785    0.00585938     0.0205078
e10l2#TTTGTGAGTATAGCTC-1      8082       3757    0.00804256     0.0562979
e10l2#TTTGTGAGTTAGCGTT-1      4023       2252    0.00546856     0.0221228
e10l2#TTTGTGAGTTCCGGAC-1     12723       4603    0.00392989     0.0425214

2024-05-31 16:19:45.655693 : Batch Execution w/ safelapply!, 0 mins elapsed.

2024-05-31 16:19:47.94249 : featureDF, Class = data.frame
featureDF: nRows = 38942, nCols = 6
  seqnames idx  start    end            name strand
1     chr1   1  29553  30267     MIR1302-2HG      3
2     chr1   2  29569  29570          WASH7P      3
3     chr1   3  57597  57598 ENSG00000290826      3
4     chr1   4  65418  65419           OR4F5      3
5     chr1   5 120931 133723 ENSG00000238009      3
6     chr1   6 131024 131025          CICP27      3



2024-05-31 16:19:49.267037 : featureDF, Class = data.frame
featureDF: nRows = 38942, nCols = 6
  seqnames idx  start    end            name strand
1     chr1   1  29553  30267     MIR1302-2HG      3
2     chr1   2  29569  29570          WASH7P      3
3     chr1   3  57597  57598 ENSG00000290826      3
4     chr1   4  65418  65419           OR4F5      3
5     chr1   5 120931 133723 ENSG00000238009      3
6     chr1   6 131024 131025          CICP27      3


2024-05-31 16:19:50.048119 : Adding e10l1 to GeneExpressionMatrix for Chr (1 of 23)!, 0.073 mins elapsed.
2024-05-31 16:19:50.776067 : Adding e10l2 to GeneExpressionMatrix for Chr (1 of 23)!, 0.085 mins elapsed.
2024-05-31 16:20:01.425859 : Adding e10l2 to GeneExpressionMatrix for Chr (2 of 23)!, 0.263 mins elapsed.
2024-05-31 16:20:02.921522 : Adding e10l1 to GeneExpressionMatrix for Chr (2 of 23)!, 0.288 mins elapsed.
2024-05-31 16:20:08.74939 : Adding e10l2 to GeneExpressionMatrix for Chr (3 of 23)!, 0.385 mins elapsed.
2024-05-31 16:20:10.629968 : Adding e10l1 to GeneExpressionMatrix for Chr (3 of 23)!, 0.416 mins elapsed.
2024-05-31 16:20:17.528587 : Adding e10l2 to GeneExpressionMatrix for Chr (4 of 23)!, 0.531 mins elapsed.
2024-05-31 16:20:22.336016 : Adding e10l1 to GeneExpressionMatrix for Chr (4 of 23)!, 0.611 mins elapsed.
2024-05-31 16:20:24.405509 : Adding e10l2 to GeneExpressionMatrix for Chr (5 of 23)!, 0.646 mins elapsed.
2024-05-31 16:20:31.506582 : Adding e10l2 to GeneExpressionMatrix for Chr (6 of 23)!, 0.764 mins elapsed.
2024-05-31 16:20:32.27019 : Adding e10l1 to GeneExpressionMatrix for Chr (5 of 23)!, 0.777 mins elapsed.
2024-05-31 16:20:42.2629 : Adding e10l1 to GeneExpressionMatrix for Chr (6 of 23)!, 0.943 mins elapsed.
2024-05-31 16:20:45.139689 : Adding e10l2 to GeneExpressionMatrix for Chr (7 of 23)!, 0.991 mins elapsed.
2024-05-31 16:20:51.965189 : Adding e10l2 to GeneExpressionMatrix for Chr (8 of 23)!, 1.105 mins elapsed.
2024-05-31 16:20:51.989936 : Adding e10l1 to GeneExpressionMatrix for Chr (7 of 23)!, 1.106 mins elapsed.
2024-05-31 16:20:59.170814 : Adding e10l2 to GeneExpressionMatrix for Chr (9 of 23)!, 1.225 mins elapsed.
2024-05-31 16:21:00.780668 : Adding e10l1 to GeneExpressionMatrix for Chr (8 of 23)!, 1.252 mins elapsed.
2024-05-31 16:21:08.223041 : Adding e10l1 to GeneExpressionMatrix for Chr (9 of 23)!, 1.376 mins elapsed.
2024-05-31 16:21:10.143149 : Adding e10l2 to GeneExpressionMatrix for Chr (10 of 23)!, 1.408 mins elapsed.
2024-05-31 16:21:17.690597 : Adding e10l2 to GeneExpressionMatrix for Chr (11 of 23)!, 1.534 mins elapsed.
2024-05-31 16:21:18.257251 : Adding e10l1 to GeneExpressionMatrix for Chr (10 of 23)!, 1.543 mins elapsed.
2024-05-31 16:21:25.320341 : Adding e10l2 to GeneExpressionMatrix for Chr (12 of 23)!, 1.661 mins elapsed.
2024-05-31 16:21:25.321021 : Adding e10l1 to GeneExpressionMatrix for Chr (11 of 23)!, 1.661 mins elapsed.
2024-05-31 16:21:32.45179 : Adding e10l1 to GeneExpressionMatrix for Chr (12 of 23)!, 1.78 mins elapsed.
2024-05-31 16:21:34.923959 : Adding e10l2 to GeneExpressionMatrix for Chr (13 of 23)!, 1.821 mins elapsed.
2024-05-31 16:21:41.040823 : Adding e10l2 to GeneExpressionMatrix for Chr (14 of 23)!, 1.923 mins elapsed.
2024-05-31 16:21:42.6041 : Adding e10l1 to GeneExpressionMatrix for Chr (13 of 23)!, 1.949 mins elapsed.
2024-05-31 16:21:48.020667 : Adding e10l2 to GeneExpressionMatrix for Chr (15 of 23)!, 2.039 mins elapsed.
2024-05-31 16:21:49.587015 : Adding e10l1 to GeneExpressionMatrix for Chr (14 of 23)!, 2.066 mins elapsed.
2024-05-31 16:21:56.435354 : Adding e10l1 to GeneExpressionMatrix for Chr (15 of 23)!, 2.18 mins elapsed.
2024-05-31 16:21:58.684121 : Adding e10l2 to GeneExpressionMatrix for Chr (16 of 23)!, 2.217 mins elapsed.
2024-05-31 16:22:05.813432 : Adding e10l1 to GeneExpressionMatrix for Chr (16 of 23)!, 2.336 mins elapsed.
2024-05-31 16:22:05.923795 : Adding e10l2 to GeneExpressionMatrix for Chr (17 of 23)!, 2.338 mins elapsed.
2024-05-31 16:22:12.290076 : Adding e10l1 to GeneExpressionMatrix for Chr (17 of 23)!, 2.444 mins elapsed.
2024-05-31 16:22:12.529145 : Adding e10l2 to GeneExpressionMatrix for Chr (18 of 23)!, 2.448 mins elapsed.
2024-05-31 16:22:19.746083 : Adding e10l1 to GeneExpressionMatrix for Chr (18 of 23)!, 2.568 mins elapsed.
2024-05-31 16:22:21.12291 : Adding e10l2 to GeneExpressionMatrix for Chr (19 of 23)!, 2.591 mins elapsed.
2024-05-31 16:22:27.759673 : Adding e10l2 to GeneExpressionMatrix for Chr (20 of 23)!, 2.702 mins elapsed.
2024-05-31 16:22:28.994502 : Adding e10l1 to GeneExpressionMatrix for Chr (19 of 23)!, 2.722 mins elapsed.
2024-05-31 16:22:35.356288 : Adding e10l2 to GeneExpressionMatrix for Chr (21 of 23)!, 2.828 mins elapsed.
2024-05-31 16:22:35.679474 : Adding e10l1 to GeneExpressionMatrix for Chr (20 of 23)!, 2.834 mins elapsed.
2024-05-31 16:22:44.069312 : Adding e10l1 to GeneExpressionMatrix for Chr (21 of 23)!, 2.974 mins elapsed.
2024-05-31 16:22:45.072508 : Adding e10l2 to GeneExpressionMatrix for Chr (22 of 23)!, 2.99 mins elapsed.
2024-05-31 16:22:51.404578 : Adding e10l2 to GeneExpressionMatrix for Chr (23 of 23)!, 3.096 mins elapsed.
2024-05-31 16:22:55.376283 : Adding e10l1 to GeneExpressionMatrix for Chr (22 of 23)!, 3.162 mins elapsed.
2024-05-31 16:23:03.580053 : Adding e10l1 to GeneExpressionMatrix for Chr (23 of 23)!, 3.299 mins elapsed.

------- Completed

End Time : 2024-05-31 16:23:14.783004
Elapsed Time Minutes = 3.54814471801122
Elapsed Time Hours = 0.0591359360350503

-------



