
           ___      .______        ______  __    __  .______      
          /   \     |   _  \      /      ||  |  |  | |   _  \     
         /  ^  \    |  |_)  |    |  ,----'|  |__|  | |  |_)  |    
        /  /_\  \   |      /     |  |     |   __   | |      /     
       /  _____  \  |  |\  \\___ |  `----.|  |  |  | |  |\  \\___.
      /__/     \__\ | _| `._____| \______||__|  |__| | _| `._____|
    
Logging With ArchR!

Start Time : 2024-05-28 18:48:40.188865

------- ArchR Info

ArchRThreads = 16
ArchRGenome = Hg38

------- System Info

Computer OS = unix
Total Cores = 192

------- Session Info

R version 4.3.3 (2024-02-29)
Platform: x86_64-conda-linux-gnu (64-bit)
Running under: Red Hat Enterprise Linux 8.9 (Ootpa)

Matrix products: default
BLAS/LAPACK: /maps/projects/ralab/people/lpm537/software/anaconda3/envs/Notebook_E2G_240505/lib/libopenblasp-r0.3.27.so;  LAPACK version 3.12.0

Random number generation:
 RNG:     L'Ecuyer-CMRG 
 Normal:  Inversion 
 Sample:  Rejection 
 
locale:
 [1] LC_CTYPE=en_US.UTF-8       LC_NUMERIC=C              
 [3] LC_TIME=en_US.UTF-8        LC_COLLATE=en_US.UTF-8    
 [5] LC_MONETARY=en_US.UTF-8    LC_MESSAGES=en_US.UTF-8   
 [7] LC_PAPER=en_US.UTF-8       LC_NAME=C                 
 [9] LC_ADDRESS=C               LC_TELEPHONE=C            
[11] LC_MEASUREMENT=en_US.UTF-8 LC_IDENTIFICATION=C       

time zone: Europe/Copenhagen
tzcode source: system (glibc)

attached base packages:
 [1] parallel  stats4    grid      stats     graphics  grDevices utils    
 [8] datasets  methods   base     

other attached packages:
 [1] BSgenome.Hsapiens.UCSC.hg38_1.4.5 BSgenome_1.68.0                  
 [3] rtracklayer_1.60.1                Biostrings_2.70.1                
 [5] XVector_0.42.0                    genomation_1.34.0                
 [7] Signac_1.13.0                     Seurat_5.0.3                     
 [9] SeuratObject_5.0.1                sp_2.1-4                         
[11] rhdf5_2.44.0                      SummarizedExperiment_1.30.2      
[13] Biobase_2.60.0                    MatrixGenerics_1.12.3            
[15] Rcpp_1.0.12                       Matrix_1.6-5                     
[17] GenomicRanges_1.54.1              GenomeInfoDb_1.38.1              
[19] IRanges_2.36.0                    S4Vectors_0.40.2                 
[21] BiocGenerics_0.48.1               matrixStats_1.3.0                
[23] data.table_1.15.2                 stringr_1.5.1                    
[25] plyr_1.8.9                        magrittr_2.0.3                   
[27] ggplot2_3.5.1                     gtable_0.3.5                     
[29] gtools_3.9.5                      gridExtra_2.3                    
[31] ArchR_1.0.2                      

loaded via a namespace (and not attached):
  [1] RcppAnnoy_0.0.22         splines_4.3.3            later_1.3.2             
  [4] pbdZMQ_0.3-11            BiocIO_1.10.0            bitops_1.0-7            
  [7] tibble_3.2.1             polyclip_1.10-6          XML_3.99-0.16.1         
 [10] fastDummies_1.7.3        lifecycle_1.0.4          vroom_1.6.5             
 [13] globals_0.16.3           lattice_0.22-6           MASS_7.3-60             
 [16] plotly_4.10.4            plotrix_3.8-4            yaml_2.3.8              
 [19] httpuv_1.6.15            sctransform_0.4.1        spam_2.10-0             
 [22] spatstat.sparse_3.0-3    reticulate_1.36.1        cowplot_1.1.3           
 [25] pbapply_1.7-2            RColorBrewer_1.1-3       abind_1.4-5             
 [28] zlibbioc_1.48.0          Rtsne_0.17               purrr_1.0.2             
 [31] RCurl_1.98-1.14          GenomeInfoDbData_1.2.11  ggrepel_0.9.5           
 [34] irlba_2.3.5.1            listenv_0.9.1            spatstat.utils_3.0-4    
 [37] goftest_1.2-3            RSpectra_0.16-1          spatstat.random_3.2-3   
 [40] fitdistrplus_1.1-11      parallelly_1.37.1        leiden_0.4.3.1          
 [43] codetools_0.2-20         DelayedArray_0.26.7      RcppRoll_0.3.0          
 [46] tidyselect_1.2.1         base64enc_0.1-3          spatstat.explore_3.2-6  
 [49] GenomicAlignments_1.36.0 jsonlite_1.8.8           progressr_0.14.0        
 [52] ggridges_0.5.6           survival_3.6-4           tools_4.3.3             
 [55] ica_1.0-3                glue_1.7.0               IRdisplay_1.1           
 [58] dplyr_1.1.4              withr_3.0.0              fastmap_1.1.1           
 [61] rhdf5filters_1.12.1      fansi_1.0.6              digest_0.6.35           
 [64] R6_2.5.1                 mime_0.12                seqPattern_1.34.0       
 [67] colorspace_2.1-0         scattermore_1.2          tensor_1.5              
 [70] spatstat.data_3.0-4      utf8_1.2.4               tidyr_1.3.1             
 [73] generics_0.1.3           httr_1.4.7               htmlwidgets_1.6.4       
 [76] S4Arrays_1.2.1           uwot_0.1.16              pkgconfig_2.0.3         
 [79] impute_1.76.0            lmtest_0.9-40            htmltools_0.5.8.1       
 [82] dotCall64_1.1-1          scales_1.3.0             png_0.1-8               
 [85] tzdb_0.4.0               reshape2_1.4.4           rjson_0.2.21            
 [88] uuid_1.2-0               nlme_3.1-164             repr_1.1.7              
 [91] zoo_1.8-12               KernSmooth_2.23-22       miniUI_0.1.1.1          
 [94] restfulr_0.0.15          pillar_1.9.0             vctrs_0.6.5             
 [97] RANN_2.6.1               promises_1.3.0           xtable_1.8-4            
[100] cluster_2.1.6            evaluate_0.23            readr_2.1.5             
[103] cli_3.6.2                compiler_4.3.3           Rsamtools_2.18.0        
[106] rlang_1.1.3              crayon_1.5.2             future.apply_1.11.2     
[109] stringi_1.8.3            gridBase_0.4-7           viridisLite_0.4.2       
[112] deldir_2.0-4             BiocParallel_1.36.0      munsell_0.5.1           
[115] lazyeval_0.2.2           spatstat.geom_3.2-9      IRkernel_1.3.2          
[118] RcppHNSW_0.6.0           hms_1.1.3                patchwork_1.2.0         
[121] bit64_4.0.5              future_1.33.2            Rhdf5lib_1.22.1         
[124] shiny_1.8.1.1            ROCR_1.0-11              igraph_2.0.3            
[127] fastmatch_1.1-4          bit_4.0.5               


------- Log Info


2024-05-28 18:48:40.517342 : createArrowFiles Input-Parameters, Class = list

createArrowFiles Input-Parameters$inputFiles: length = 2
[1] "/maps/projects/ralab_nnfc-AUDIT/people/lpm537/project/E2G/processed/IGVF_240503/230707_IGVF10_McGinnis/ATAC/CELLRANGER/crE10L1_atac/outs/fragments.tsv.gz"
[2] "/maps/projects/ralab_nnfc-AUDIT/people/lpm537/project/E2G/processed/IGVF_240503/230707_IGVF10_McGinnis/ATAC/CELLRANGER/crE10L2_atac/outs/fragments.tsv.gz"


createArrowFiles Input-Parameters$sampleNames: length = 2
[1] "e10l1" "e10l2"


createArrowFiles Input-Parameters$outputNames: length = 2
[1] "e10l1" "e10l2"


createArrowFiles Input-Parameters$minTSS: length = 1
[1] 4


createArrowFiles Input-Parameters$minFrags: length = 1
[1] 1000


createArrowFiles Input-Parameters$maxFrags: length = 1
[1] 1e+05


createArrowFiles Input-Parameters$minFragSize: length = 1
[1] 10


createArrowFiles Input-Parameters$maxFragSize: length = 1
[1] 2000


createArrowFiles Input-Parameters$QCDir: length = 1
[1] "QualityControl"


createArrowFiles Input-Parameters$nucLength: length = 1
[1] 147


createArrowFiles Input-Parameters$promoterRegion: length = 2
[1] 2000  100


createArrowFiles Input-Parameters$excludeChr: length = 2
[1] "chrM" "chrY"


createArrowFiles Input-Parameters$nChunk: length = 1
[1] 5


createArrowFiles Input-Parameters$bcTag: length = 1
[1] "qname"


createArrowFiles Input-Parameters$gsubExpression: length = 0
NULL


createArrowFiles Input-Parameters$bamFlag: length = 0
NULL


createArrowFiles Input-Parameters$offsetPlus: length = 1
[1] 4


createArrowFiles Input-Parameters$offsetMinus: length = 1
[1] -5


createArrowFiles Input-Parameters$addTileMat: length = 1
[1] TRUE


createArrowFiles Input-Parameters$addGeneScoreMat: length = 1
[1] FALSE


createArrowFiles Input-Parameters$force: length = 1
[1] TRUE


createArrowFiles Input-Parameters$threads: length = 1
[1] 16


createArrowFiles Input-Parameters$parallelParam: length = 0
NULL


createArrowFiles Input-Parameters$subThreading: length = 1
[1] TRUE


createArrowFiles Input-Parameters$verbose: length = 1
[1] TRUE


createArrowFiles Input-Parameters$cleanTmp: length = 1
[1] TRUE


createArrowFiles Input-Parameters$logFile: length = 1
[1] "ArchRLogs/ArchR-createArrows-3bfa66490e3418-Date-2024-05-28_Time-18-48-40.121602.log"


createArrowFiles Input-Parameters$filterFrags: length = 1
[1] 1000


createArrowFiles Input-Parameters$filterTSS: length = 1
[1] 4



2024-05-28 18:48:42.222509 : 
2024-05-28 18:48:42.257524 : Batch Execution w/ safelapply!, 0 mins elapsed.

###########
2024-05-28 18:48:42.520856 : Creating Arrow File e10l2.arrow (e10l2 : 1 of 2)
###########


2024-05-28 18:48:42.54016 : validBC, Class = character

validBC: length = 3543
[1] "AAACAAGCATGAGGGA-1" "AAACGAACAACGTGGT-1" "AAACGAACATCAATCC-1"
[4] "AAACGGGCATTTCGCG-1" "AAACGGTTCCTAGTGC-1" "AAACTAGTCGCTTGAC-1"



###########
2024-05-28 18:48:42.741516 : Creating Arrow File e10l1.arrow (e10l1 : 2 of 2)
###########


2024-05-28 18:48:42.780046 : validBC, Class = character

2024-05-28 18:48:42.832358 : 

validBC: length = 2723
2024-05-28 18:48:42.954747 : (e10l2 : 1 of 2) Reading In Fragments from inputFiles (readMethod = tabix), 0.011 mins elapsed.
[1] "AAACCAGGTCACAGGG-1" "AAACCGCCAAGGAATA-1" "AAACCGCCAGCCGGTA-1"
[4] "AAACCGGTCAAGGAAG-1" "AAACGAACAACGTGGT-1" "AAACGGGCAAGGGAGC-1"

2024-05-28 18:48:43.051744 : (e10l2 : 1 of 2) Tabix Bed To Temporary File, 0.013 mins elapsed.


2024-05-28 18:48:43.363798 : 
2024-05-28 18:48:43.434431 : (e10l1 : 2 of 2) Reading In Fragments from inputFiles (readMethod = tabix), 0.02 mins elapsed.
2024-05-28 18:48:43.49226 : (e10l1 : 2 of 2) Tabix Bed To Temporary File, 0.021 mins elapsed.

2024-05-28 18:48:43.973431 : tileChromSizes, Class = GRanges
GRanges object with 120 ranges and 1 metadata column:
        seqnames              ranges strand |     chunkName
           <Rle>           <IRanges>  <Rle> |   <character>
    [1]     chr1          1-49791284      * |   chr1#chunk1
    [2]     chr1   49791285-99582568      * |   chr1#chunk2
    [3]     chr1  99582569-149373853      * |   chr1#chunk3
    [4]     chr1 149373854-199165137      * |   chr1#chunk4
    [5]     chr1 199165138-248956422      * |   chr1#chunk5
    ...      ...                 ...    ... .           ...
  [116]     chrY          1-11445483      * | chrY#chunk116
  [117]     chrY   11445484-22890966      * | chrY#chunk117
  [118]     chrY   22890967-34336449      * | chrY#chunk118
  [119]     chrY   34336450-45781932      * | chrY#chunk119
  [120]     chrY   45781933-57227415      * | chrY#chunk120
  -------
  seqinfo: 24 sequences from an unspecified genome; no seqlengths


2024-05-28 18:48:44.217165 : tileChromSizes, Class = GRanges
GRanges object with 120 ranges and 1 metadata column:
        seqnames              ranges strand |     chunkName
           <Rle>           <IRanges>  <Rle> |   <character>
    [1]     chr1          1-49791284      * |   chr1#chunk1
    [2]     chr1   49791285-99582568      * |   chr1#chunk2
    [3]     chr1  99582569-149373853      * |   chr1#chunk3
    [4]     chr1 149373854-199165137      * |   chr1#chunk4
    [5]     chr1 199165138-248956422      * |   chr1#chunk5
    ...      ...                 ...    ... .           ...
  [116]     chrY          1-11445483      * | chrY#chunk116
  [117]     chrY   11445484-22890966      * | chrY#chunk117
  [118]     chrY   22890967-34336449      * | chrY#chunk118
  [119]     chrY   34336450-45781932      * | chrY#chunk119
  [120]     chrY   45781933-57227415      * | chrY#chunk120
  -------
  seqinfo: 24 sequences from an unspecified genome; no seqlengths

2024-05-28 18:53:29.069812 : (e10l1 : 2 of 2) Reading TabixFile 14 Percent, 4.78 mins elapsed.

2024-05-28 18:53:52.956192 : (e10l2 : 1 of 2) .tabixToTmp Fragments-Chunk-(1 of 120)-chr1:1-49791284, Class = data.table
 
2024-05-28 18:53:52.956192 : (e10l2 : 1 of 2) .tabixToTmp Fragments-Chunk-(1 of 120)-chr1:1-49791284, Class = data.frame
(e10l2 : 1 of 2) .tabixToTmp Fragments-Chunk-(1 of 120)-chr1:1-49791284: nRows = 28894896, nCols = 3
      V2    V3                 V4
   <num> <int>             <char>
1: 10066 10345 CGATTTAGTATTTGGC-1
2: 10067 10197 CGCAATTGTCTATCTT-1
3: 10067 10198 AAAGCCAGTAATCACC-1
4: 10068 10192 CTGATATTCAGCCTGT-1
5: 10068 10192 GTATCCGGTTTAATCG-1
6: 10068 10197 TGACTATTCGTCCTTT-1


2024-05-28 18:54:01.750581 : (e10l2 : 1 of 2) Reading TabixFile 14 Percent, 5.325 mins elapsed.

2024-05-28 18:53:52.990006 : (e10l2 : 1 of 2) .tabixToTmp Barcodes-Chunk-(1 of 120)-chr1:1-49791284, Class = character

(e10l2 : 1 of 2) .tabixToTmp Barcodes-Chunk-(1 of 120)-chr1:1-49791284: length = 258055
[1] "CGATTTAGTATTTGGC-1" "CGCAATTGTCTATCTT-1" "AAAGCCAGTAATCACC-1"
[4] "CTGATATTCAGCCTGT-1" "GTATCCGGTTTAATCG-1" "TGACTATTCGTCCTTT-1"



2024-05-28 18:54:21.341293 : (e10l1 : 2 of 2) .tabixToTmp Fragments-Chunk-(1 of 120)-chr1:1-49791284, Class = data.table
 
2024-05-28 18:54:21.341293 : (e10l1 : 2 of 2) .tabixToTmp Fragments-Chunk-(1 of 120)-chr1:1-49791284, Class = data.frame
(e10l1 : 2 of 2) .tabixToTmp Fragments-Chunk-(1 of 120)-chr1:1-49791284: nRows = 26207698, nCols = 3
      V2    V3                 V4
   <num> <int>             <char>
1:  9972 10132 CAAGGCTCAGGTTACA-1
2:  9989 10192 AGTAATGTCGATTATC-1
3:  9989 10198 CGCCTTTGTGCGTACC-1
4:  9990 10202 CTGTTCAAGCCGATAG-1
5: 10066 10344 ATGACTAAGGCGCATA-1
6: 10067 10198 GGTGCATCATTTCATG-1



2024-05-28 18:54:21.421884 : (e10l1 : 2 of 2) .tabixToTmp Barcodes-Chunk-(1 of 120)-chr1:1-49791284, Class = character

(e10l1 : 2 of 2) .tabixToTmp Barcodes-Chunk-(1 of 120)-chr1:1-49791284: length = 249925
[1] "CAAGGCTCAGGTTACA-1" "AGTAATGTCGATTATC-1" "CGCCTTTGTGCGTACC-1"
[4] "CTGTTCAAGCCGATAG-1" "ATGACTAAGGCGCATA-1" "GGTGCATCATTTCATG-1"


2024-05-28 18:56:33.525504 : (e10l1 : 2 of 2) Reading TabixFile 28 Percent, 7.854 mins elapsed.
2024-05-28 18:57:55.044621 : (e10l2 : 1 of 2) Reading TabixFile 28 Percent, 9.213 mins elapsed.
2024-05-28 18:59:22.201059 : (e10l1 : 2 of 2) Reading TabixFile 42 Percent, 10.666 mins elapsed.
2024-05-28 19:01:07.138221 : (e10l2 : 1 of 2) Reading TabixFile 42 Percent, 12.414 mins elapsed.
2024-05-28 19:01:39.711723 : (e10l1 : 2 of 2) Reading TabixFile 57 Percent, 12.957 mins elapsed.
2024-05-28 19:03:16.231888 : (e10l1 : 2 of 2) Reading TabixFile 71 Percent, 14.566 mins elapsed.
2024-05-28 19:03:35.301977 : (e10l2 : 1 of 2) Reading TabixFile 57 Percent, 14.884 mins elapsed.
2024-05-28 19:04:57.458558 : (e10l1 : 2 of 2) Reading TabixFile 85 Percent, 16.253 mins elapsed.
2024-05-28 19:05:46.947479 : (e10l2 : 1 of 2) Reading TabixFile 71 Percent, 17.078 mins elapsed.
2024-05-28 19:06:09.687453 : (e10l1 : 2 of 2) Reading TabixFile 99 Percent, 17.457 mins elapsed.
2024-05-28 19:06:32.054327 : (e10l1 : 2 of 2) Parallel Hdf5 Linkage Temporary File, 17.83 mins elapsed.
2024-05-28 19:06:35.408298 : (e10l1 : 2 of 2) Successful creation of Temporary File, 17.886 mins elapsed.
2024-05-28 19:06:35.427637 : (e10l1 : 2 of 2) Creating ArrowFile From Temporary File, 17.886 mins elapsed.

2024-05-28 19:06:36.234683 : (e10l1 : 2 of 2) chunkChrNames, Class = data.frame
(e10l1 : 2 of 2) chunkChrNames: nRows = 118, nCols = 1
     chunkNames
1   chr1#chunk1
2   chr1#chunk2
3   chr1#chunk3
4   chr1#chunk4
5   chr1#chunk5
6 chr10#chunk46


2024-05-28 19:06:36.252482 : (e10l1 : 2 of 2) Counting Unique Barcodes From Temporary File, 17.9 mins elapsed.

2024-05-28 19:06:39.151807 : (e10l1 : 2 of 2) BarcodeFrequencyTable, Class = data.table
 
2024-05-28 19:06:39.151807 : (e10l1 : 2 of 2) BarcodeFrequencyTable, Class = data.frame
(e10l1 : 2 of 2) BarcodeFrequencyTable: nRows = 2723, nCols = 2
            values.V1     V1
               <char>  <int>
1: ACGGATCCACCTCAGC-1 139944
2: CGTGAGTCAAACCCAA-1 119848
3: TAGGGTTAGTTTCTCC-1 118316
4: GGCGATTCACTAGCTT-1 104561
5: AACGTAATCTATCGGC-1  89363
6: GTCCTAATCACCTGGT-1  88818



2024-05-28 19:06:39.207227 : (e10l1 : 2 of 2) BarcodesMinMaxFrags, Class = data.frame
(e10l1 : 2 of 2) BarcodesMinMaxFrags: nRows = 2719, nCols = 1
                  bc
1 AACGTAATCTATCGGC-1
2 GTCCTAATCACCTGGT-1
3 CAATAAGTCAATATCC-1
4 ATGCTAAAGTATTTGC-1
5 CTGATGACATTAGCGA-1
6 ATAGTCAAGGGAGCAG-1



2024-05-28 19:06:46.807341 : (e10l1 : 2 of 2) Unique Chromosomes, Class = data.frame
(e10l1 : 2 of 2) Unique Chromosomes: nRows = 24, nCols = 1
   chr
1 chr1
2 chr2
3 chr3
4 chr4
5 chr5
6 chr6


2024-05-28 19:06:47.07218 : (e10l1 : 2 of 2) Adding Chromosome 1 of 24, 18.08 mins elapsed.
2024-05-28 19:06:47.256352 : (e10l1 : 2 of 2) Adding Chromosome 2 of 24, 18.083 mins elapsed.
2024-05-28 19:06:47.430368 : (e10l1 : 2 of 2) Adding Chromosome 3 of 24, 18.086 mins elapsed.
2024-05-28 19:06:47.603472 : (e10l1 : 2 of 2) Adding Chromosome 4 of 24, 18.089 mins elapsed.
2024-05-28 19:06:47.778861 : (e10l1 : 2 of 2) Adding Chromosome 5 of 24, 18.092 mins elapsed.
2024-05-28 19:06:47.950915 : (e10l1 : 2 of 2) Adding Chromosome 6 of 24, 18.095 mins elapsed.
2024-05-28 19:06:48.10981 : (e10l1 : 2 of 2) Adding Chromosome 7 of 24, 18.098 mins elapsed.
2024-05-28 19:06:48.332438 : (e10l1 : 2 of 2) Adding Chromosome 8 of 24, 18.101 mins elapsed.

2024-05-28 19:06:56.640219 : (e10l1 : 2 of 2) .tmpToArrow Fragments-Chr-(1 of 24)-chr1, Class = IRanges

(e10l1 : 2 of 2) .tmpToArrow Fragments-Chr-(1 of 24)-chr1: length = 5778333
IRanges object with 6 ranges and 1 metadata column:
          start       end     width |                 RG
      <integer> <integer> <integer> |              <Rle>
  [1]    268001    268033        33 | AACGTAATCTATCGGC-1
  [2]    778828    778897        70 | AACGTAATCTATCGGC-1
  [3]    820353    820522       170 | AACGTAATCTATCGGC-1
  [4]    827592    827626        35 | AACGTAATCTATCGGC-1
  [5]    869772    869832        61 | AACGTAATCTATCGGC-1
  [6]    906929    907017        89 | AACGTAATCTATCGGC-1



2024-05-28 19:06:56.682468 : (e10l1 : 2 of 2) .tmpToArrow Barcodes-Chr-(1 of 24)-chr1, Class = data.frame
(e10l1 : 2 of 2) .tmpToArrow Barcodes-Chr-(1 of 24)-chr1: nRows = 2719, nCols = 1
                  bc
1 AACGTAATCTATCGGC-1
2 GTCCTAATCACCTGGT-1
3 CAATAAGTCAATATCC-1
4 ATGCTAAAGTATTTGC-1
5 CTGATGACATTAGCGA-1
6 ATAGTCAAGGGAGCAG-1


2024-05-28 19:07:00.969341 : (e10l1 : 2 of 2) Adding Chromosome 9 of 24, 18.312 mins elapsed.
2024-05-28 19:07:01.746121 : (e10l1 : 2 of 2) Adding Chromosome 10 of 24, 18.325 mins elapsed.
2024-05-28 19:07:02.806697 : (e10l1 : 2 of 2) Adding Chromosome 11 of 24, 18.343 mins elapsed.
2024-05-28 19:07:04.0135 : (e10l1 : 2 of 2) Adding Chromosome 12 of 24, 18.363 mins elapsed.
2024-05-28 19:07:04.462437 : (e10l1 : 2 of 2) Adding Chromosome 13 of 24, 18.37 mins elapsed.
2024-05-28 19:07:06.058258 : (e10l1 : 2 of 2) Adding Chromosome 14 of 24, 18.397 mins elapsed.
2024-05-28 19:07:06.310899 : (e10l1 : 2 of 2) Adding Chromosome 15 of 24, 18.401 mins elapsed.
2024-05-28 19:07:06.557688 : (e10l1 : 2 of 2) Adding Chromosome 16 of 24, 18.405 mins elapsed.
2024-05-28 19:07:13.580915 : (e10l1 : 2 of 2) Adding Chromosome 17 of 24, 18.522 mins elapsed.
2024-05-28 19:07:14.284914 : (e10l1 : 2 of 2) Adding Chromosome 18 of 24, 18.534 mins elapsed.
2024-05-28 19:07:18.470369 : (e10l1 : 2 of 2) Adding Chromosome 19 of 24, 18.604 mins elapsed.
2024-05-28 19:07:20.26568 : (e10l1 : 2 of 2) Adding Chromosome 20 of 24, 18.634 mins elapsed.
2024-05-28 19:07:20.876579 : (e10l1 : 2 of 2) Adding Chromosome 21 of 24, 18.644 mins elapsed.
2024-05-28 19:07:21.179217 : (e10l1 : 2 of 2) Adding Chromosome 22 of 24, 18.649 mins elapsed.
2024-05-28 19:07:21.88472 : (e10l1 : 2 of 2) Adding Chromosome 23 of 24, 18.661 mins elapsed.
2024-05-28 19:07:22.614948 : (e10l1 : 2 of 2) Adding Chromosome 24 of 24, 18.673 mins elapsed.
2024-05-28 19:07:37.735026 : (e10l1 : 2 of 2) Parallel Hdf5 Linkage Arrow File, 18.925 mins elapsed.
2024-05-28 19:07:40.205291 : (e10l2 : 1 of 2) Reading TabixFile 85 Percent, 18.966 mins elapsed.
2024-05-28 19:07:47.87503 : (e10l1 : 2 of 2) Successful creation of Arrow File, 19.094 mins elapsed.
2024-05-28 19:07:54.389798 : (e10l1 : 2 of 2) Adding Fragment Summary, 19.202 mins elapsed.
2024-05-28 19:08:13.89768 : (e10l1 : 2 of 2) Plotting Fragment Size Distribution, 19.528 mins elapsed.
2024-05-28 19:08:14.30857 : Continuing through after error ggplot for Fragment Size Distribution, 19.534 mins elapsed.
2024-05-28 19:08:24.342291 : (e10l1 : 2 of 2) Computing TSS Enrichment Scores, 19.702 mins elapsed.
2024-05-28 19:08:53.915792 : (e10l2 : 1 of 2) Reading TabixFile 99 Percent, 20.194 mins elapsed.
2024-05-28 19:09:12.305631 : (e10l2 : 1 of 2) Parallel Hdf5 Linkage Temporary File, 20.501 mins elapsed.
2024-05-28 19:09:14.834337 : (e10l2 : 1 of 2) Successful creation of Temporary File, 20.543 mins elapsed.
2024-05-28 19:09:14.851316 : (e10l2 : 1 of 2) Creating ArrowFile From Temporary File, 20.543 mins elapsed.

2024-05-28 19:09:15.459192 : (e10l2 : 1 of 2) chunkChrNames, Class = data.frame
(e10l2 : 1 of 2) chunkChrNames: nRows = 118, nCols = 1
     chunkNames
1   chr1#chunk1
2   chr1#chunk2
3   chr1#chunk3
4   chr1#chunk4
5   chr1#chunk5
6 chr10#chunk46


2024-05-28 19:09:15.489041 : (e10l2 : 1 of 2) Counting Unique Barcodes From Temporary File, 20.554 mins elapsed.

2024-05-28 19:09:18.19778 : (e10l2 : 1 of 2) BarcodeFrequencyTable, Class = data.table
 
2024-05-28 19:09:18.19778 : (e10l2 : 1 of 2) BarcodeFrequencyTable, Class = data.frame
(e10l2 : 1 of 2) BarcodeFrequencyTable: nRows = 3543, nCols = 2
            values.V1     V1
               <char>  <int>
1: AGGGAGTAGCCTAATT-1 117536
2: GGTGTGATCTTAGCCA-1 112808
3: GCTATTAGTTCTCACC-1 109169
4: GATCCTTCAGCAAATT-1  77467
5: TTTAACGGTGTCCACA-1  76006
6: GGTTACCTCTGGCTGT-1  67369



2024-05-28 19:09:18.2358 : (e10l2 : 1 of 2) BarcodesMinMaxFrags, Class = data.frame
(e10l2 : 1 of 2) BarcodesMinMaxFrags: nRows = 3540, nCols = 1
                  bc
1 GATCCTTCAGCAAATT-1
2 TTTAACGGTGTCCACA-1
3 GGTTACCTCTGGCTGT-1
4 ACTTGCTCATCCTGGC-1
5 CGAAGAAAGGGTTAAC-1
6 CAAACCCTCTGTTGGC-1



2024-05-28 19:09:26.564866 : (e10l2 : 1 of 2) Unique Chromosomes, Class = data.frame
(e10l2 : 1 of 2) Unique Chromosomes: nRows = 24, nCols = 1
   chr
1 chr1
2 chr2
3 chr3
4 chr4
5 chr5
6 chr6


2024-05-28 19:09:26.698973 : (e10l2 : 1 of 2) Adding Chromosome 1 of 24, 20.741 mins elapsed.
2024-05-28 19:09:26.793936 : (e10l2 : 1 of 2) Adding Chromosome 2 of 24, 20.742 mins elapsed.
2024-05-28 19:09:26.941593 : (e10l2 : 1 of 2) Adding Chromosome 3 of 24, 20.745 mins elapsed.
2024-05-28 19:09:27.003566 : (e10l2 : 1 of 2) Adding Chromosome 4 of 24, 20.746 mins elapsed.
2024-05-28 19:09:27.137994 : (e10l2 : 1 of 2) Adding Chromosome 5 of 24, 20.748 mins elapsed.
2024-05-28 19:09:27.275645 : (e10l2 : 1 of 2) Adding Chromosome 6 of 24, 20.75 mins elapsed.
2024-05-28 19:09:27.398006 : (e10l2 : 1 of 2) Adding Chromosome 7 of 24, 20.753 mins elapsed.
2024-05-28 19:09:27.487116 : (e10l2 : 1 of 2) Adding Chromosome 8 of 24, 20.754 mins elapsed.

2024-05-28 19:09:33.559451 : (e10l2 : 1 of 2) .tmpToArrow Fragments-Chr-(1 of 24)-chr1, Class = IRanges

(e10l2 : 1 of 2) .tmpToArrow Fragments-Chr-(1 of 24)-chr1: length = 4789358
IRanges object with 6 ranges and 1 metadata column:
          start       end     width |                 RG
      <integer> <integer> <integer> |              <Rle>
  [1]    778663    778806       144 | GATCCTTCAGCAAATT-1
  [2]    778849    778909        61 | GATCCTTCAGCAAATT-1
  [3]    778979    779230       252 | GATCCTTCAGCAAATT-1
  [4]    831537    831785       249 | GATCCTTCAGCAAATT-1
  [5]    869525    869841       317 | GATCCTTCAGCAAATT-1
  [6]    869627    869828       202 | GATCCTTCAGCAAATT-1



2024-05-28 19:09:33.728312 : (e10l2 : 1 of 2) .tmpToArrow Barcodes-Chr-(1 of 24)-chr1, Class = data.frame
(e10l2 : 1 of 2) .tmpToArrow Barcodes-Chr-(1 of 24)-chr1: nRows = 3540, nCols = 1
                  bc
1 GATCCTTCAGCAAATT-1
2 TTTAACGGTGTCCACA-1
3 GGTTACCTCTGGCTGT-1
4 ACTTGCTCATCCTGGC-1
5 CGAAGAAAGGGTTAAC-1
6 CAAACCCTCTGTTGGC-1


2024-05-28 19:09:38.072895 : (e10l2 : 1 of 2) Adding Chromosome 9 of 24, 20.93 mins elapsed.
2024-05-28 19:09:38.342872 : (e10l2 : 1 of 2) Adding Chromosome 10 of 24, 20.935 mins elapsed.
2024-05-28 19:09:38.815515 : (e10l2 : 1 of 2) Adding Chromosome 11 of 24, 20.943 mins elapsed.
2024-05-28 19:09:39.162105 : (e10l2 : 1 of 2) Adding Chromosome 12 of 24, 20.949 mins elapsed.
2024-05-28 19:09:40.109011 : (e10l2 : 1 of 2) Adding Chromosome 13 of 24, 20.964 mins elapsed.
2024-05-28 19:09:40.305249 : (e10l2 : 1 of 2) Adding Chromosome 14 of 24, 20.968 mins elapsed.
2024-05-28 19:09:42.108832 : (e10l2 : 1 of 2) Adding Chromosome 15 of 24, 20.998 mins elapsed.
2024-05-28 19:09:43.286957 : (e10l2 : 1 of 2) Adding Chromosome 16 of 24, 21.017 mins elapsed.
2024-05-28 19:09:46.959753 : (e10l1 : 2 of 2) Computed TSS Scores!, 1.376 mins elapsed.
2024-05-28 19:09:46.985906 : (e10l1 : 2 of 2) CellStats : Number of Cells Pass Filter = 2719 , 21.079 mins elapsed.
2024-05-28 19:09:46.994642 : (e10l1 : 2 of 2) CellStats : Median Frags = 15058 , 21.079 mins elapsed.
2024-05-28 19:09:47.003917 : (e10l1 : 2 of 2) CellStats : Median TSS Enrichment = 13.719 , 21.079 mins elapsed.
2024-05-28 19:09:47.005932 : (e10l1 : 2 of 2) Plotting TSS Enrichment Scores, 21.079 mins elapsed.
2024-05-28 19:09:47.737325 : Continuing through after error ggplot for TSS by Frags, 21.091 mins elapsed.
2024-05-28 19:09:47.7427 : (e10l1 : 2 of 2) Adding Metadata to Fragments, 21.092 mins elapsed.
2024-05-28 19:09:49.383657 : (e10l2 : 1 of 2) Adding Chromosome 17 of 24, 21.119 mins elapsed.
2024-05-28 19:09:49.547857 : (e10l2 : 1 of 2) Adding Chromosome 18 of 24, 21.122 mins elapsed.
2024-05-28 19:09:49.676425 : (e10l2 : 1 of 2) Adding Chromosome 19 of 24, 21.124 mins elapsed.
2024-05-28 19:09:50.51979 : (e10l2 : 1 of 2) Adding Chromosome 20 of 24, 21.138 mins elapsed.
2024-05-28 19:09:50.977799 : (e10l2 : 1 of 2) Adding Chromosome 21 of 24, 21.146 mins elapsed.
2024-05-28 19:09:51.824899 : (e10l2 : 1 of 2) Adding Chromosome 22 of 24, 21.16 mins elapsed.
2024-05-28 19:09:52.329206 : (e10l1 : 2 of 2) Adding Additional Feature Counts!, 21.168 mins elapsed.
2024-05-28 19:09:52.588758 : (e10l2 : 1 of 2) Adding Chromosome 23 of 24, 21.172 mins elapsed.
2024-05-28 19:09:57.825552 : (e10l2 : 1 of 2) Adding Chromosome 24 of 24, 21.26 mins elapsed.
2024-05-28 19:10:07.953438 : (e10l2 : 1 of 2) Parallel Hdf5 Linkage Arrow File, 21.428 mins elapsed.
2024-05-28 19:10:10.177324 : (e10l2 : 1 of 2) Successful creation of Arrow File, 21.465 mins elapsed.
2024-05-28 19:10:15.595615 : (e10l2 : 1 of 2) Adding Fragment Summary, 21.556 mins elapsed.
2024-05-28 19:10:28.410655 : (e10l2 : 1 of 2) Plotting Fragment Size Distribution, 21.769 mins elapsed.
2024-05-28 19:10:28.828214 : Continuing through after error ggplot for Fragment Size Distribution, 21.776 mins elapsed.
2024-05-28 19:10:33.841186 : (e10l2 : 1 of 2) Computing TSS Enrichment Scores, 21.86 mins elapsed.
2024-05-28 19:11:02.260898 : (e10l1 : 2 of 2) Finished Adding Additional Feature Counts!, 22.334 mins elapsed.

2024-05-28 19:11:02.26441 : (e10l1 : 2 of 2) Metadata, Class = DFrame
DataFrame with 2719 rows and 12 columns
                  cellNames    nFrags nMonoFrags  nDiFrags nMultiFrags
                <character> <numeric>  <numeric> <numeric>   <numeric>
1    e10l1#AACGTAATCTATCG..     89363      50543     31456        7364
2    e10l1#GTCCTAATCACCTG..     88818      43075     37390        8353
3    e10l1#CAATAAGTCAATAT..     87757      44091     36504        7162
4    e10l1#ATGCTAAAGTATTT..     87211      45529     34784        6898
5    e10l1#CTGATGACATTAGC..     86820      42699     36564        7557
...                     ...       ...        ...       ...         ...
2715 e10l1#GTTCTGTCACGTTA..      1024        520       413          91
2716 e10l1#ATGCAATCAGTGCA..      1023        592       345          86
2717 e10l1#CTAACCTCATGCGC..      1018        570       361          87
2718 e10l1#TGTTGCTCATGGAT..      1011        555       356         100
2719 e10l1#CCCACATAGAACCT..      1008        613       331          64
     TSSEnrichment ReadsInTSS      Keep ReadsInPromoter PromoterRatio
         <numeric>  <numeric> <numeric>       <numeric>     <numeric>
1            8.292      18450         1           21283      0.119082
2           10.761      28906         1           31542      0.177565
3            8.620      17116         1           19840      0.113039
4            8.212      16170         1           19297      0.110634
5           13.799      35212         1           36177      0.208345
...            ...        ...       ...             ...           ...
2715        12.029        571         1             552      0.269531
2716        16.898        512         1             531      0.259531
2717        13.232        568         1             582      0.285855
2718        13.517        471         1             467      0.230959
2719         6.551        354         1             389      0.192956
     ReadsInBlacklist BlacklistRatio
            <numeric>      <numeric>
1                 848     0.00474469
2                 902     0.00507780
3                1053     0.00599952
4                 977     0.00560136
5                1069     0.00615642
...               ...            ...
2715               16     0.00781250
2716                8     0.00391007
2717                9     0.00442043
2718               10     0.00494560
2719               16     0.00793651

2024-05-28 19:11:02.414923 : (e10l1 : 2 of 2) Removing Fragments from Filtered Cells, 22.336 mins elapsed.
2024-05-28 19:11:02.430974 : (e10l1 : 2 of 2) Creating Filtered Arrow File, 22.336 mins elapsed.

2024-05-28 19:11:04.197224 : (e10l1 : 2 of 2) .filterCellsFromArrow Fragments-Chr-(1 of 24)-chr1, Class = GRanges
GRanges object with 5778333 ranges and 1 metadata column:
            seqnames              ranges strand |                     RG
               <Rle>           <IRanges>  <Rle> |                  <Rle>
        [1]     chr1       268001-268033      * | e10l1#AACGTAATCTATCG..
        [2]     chr1       778828-778897      * | e10l1#AACGTAATCTATCG..
        [3]     chr1       820353-820522      * | e10l1#AACGTAATCTATCG..
        [4]     chr1       827592-827626      * | e10l1#AACGTAATCTATCG..
        [5]     chr1       869772-869832      * | e10l1#AACGTAATCTATCG..
        ...      ...                 ...    ... .                    ...
  [5778329]     chr1 235012137-235012201      * | e10l1#CCCACATAGAACCT..
  [5778330]     chr1 238151417-238151468      * | e10l1#CCCACATAGAACCT..
  [5778331]     chr1 239742523-239742568      * | e10l1#CCCACATAGAACCT..
  [5778332]     chr1 239785546-239785722      * | e10l1#CCCACATAGAACCT..
  [5778333]     chr1 246699293-246699370      * | e10l1#CCCACATAGAACCT..
  -------
  seqinfo: 1 sequence from an unspecified genome; no seqlengths


2024-05-28 19:11:04.23273 : (e10l1 : 2 of 2) .filterCellsFromArrow Barcodes-Chr-(1 of 24)-chr1, Class = data.frame
(e10l1 : 2 of 2) .filterCellsFromArrow Barcodes-Chr-(1 of 24)-chr1: nRows = 2719, nCols = 1
                        bc
1 e10l1#AACGTAATCTATCGGC-1
2 e10l1#GTCCTAATCACCTGGT-1
3 e10l1#CAATAAGTCAATATCC-1
4 e10l1#ATGCTAAAGTATTTGC-1
5 e10l1#CTGATGACATTAGCGA-1
6 e10l1#ATAGTCAAGGGAGCAG-1


2024-05-28 19:11:44.219157 : (e10l2 : 1 of 2) Computed TSS Scores!, 1.173 mins elapsed.
2024-05-28 19:11:44.248858 : (e10l2 : 1 of 2) CellStats : Number of Cells Pass Filter = 3539 , 23.033 mins elapsed.
2024-05-28 19:11:44.25855 : (e10l2 : 1 of 2) CellStats : Median Frags = 8580 , 23.033 mins elapsed.
2024-05-28 19:11:44.268785 : (e10l2 : 1 of 2) CellStats : Median TSS Enrichment = 13.878 , 23.034 mins elapsed.
2024-05-28 19:11:44.272765 : (e10l2 : 1 of 2) Plotting TSS Enrichment Scores, 23.034 mins elapsed.
2024-05-28 19:11:44.943541 : Continuing through after error ggplot for TSS by Frags, 23.045 mins elapsed.
2024-05-28 19:11:44.949234 : (e10l2 : 1 of 2) Adding Metadata to Fragments, 23.045 mins elapsed.
2024-05-28 19:11:49.313592 : (e10l2 : 1 of 2) Adding Additional Feature Counts!, 23.118 mins elapsed.
2024-05-28 19:13:01.379782 : (e10l2 : 1 of 2) Finished Adding Additional Feature Counts!, 24.319 mins elapsed.

2024-05-28 19:13:01.418009 : (e10l2 : 1 of 2) Metadata, Class = DFrame
DataFrame with 3540 rows and 12 columns
                  cellNames    nFrags nMonoFrags  nDiFrags nMultiFrags
                <character> <numeric>  <numeric> <numeric>   <numeric>
1    e10l2#GATCCTTCAGCAAA..     77466      38326     29896        9244
2    e10l2#TTTAACGGTGTCCA..     76006      44593     24828        6585
3    e10l2#GGTTACCTCTGGCT..     67366      39072     22577        5717
4    e10l2#ACTTGCTCATCCTG..     64763      31357     26448        6958
5    e10l2#CGAAGAAAGGGTTA..     63049      28675     28165        6209
...                     ...       ...        ...       ...         ...
3536 e10l2#CTCCACCTCAAACA..      1007        625       310          72
3537 e10l2#ACCTTAAGTTGTTT..      1004        510       405          89
3538 e10l2#CGCTCAGTCATTAA..      1004        527       390          87
3539 e10l2#GCAACATAGGTGTT..      1004        591       341          72
3540 e10l2#CTGTGAGAGGCATG..      1000        533       387          80
     TSSEnrichment ReadsInTSS      Keep ReadsInPromoter PromoterRatio
         <numeric>  <numeric> <numeric>       <numeric>     <numeric>
1            7.973      21365         1           26244      0.169390
2            9.499      24953         1           28891      0.190057
3           12.093      26462         1           28481      0.211390
4           13.528      24580         1           24569      0.189684
5           10.616      17353         1           19196      0.152231
...            ...        ...       ...             ...           ...
3536        11.147        349         1             415      0.206058
3537        14.378        501         1             511      0.254482
3538         8.490        343         1             371      0.184761
3539        20.772        514         1             536      0.266932
3540        11.917        331         1             367      0.183500
     ReadsInBlacklist BlacklistRatio
            <numeric>      <numeric>
1                 932     0.00601554
2                 943     0.00620346
3                 892     0.00662055
4                 776     0.00599108
5                 704     0.00558296
...               ...            ...
3536               20     0.00993049
3537                6     0.00298805
3538                8     0.00398406
3539               12     0.00597610
3540               18     0.00900000

2024-05-28 19:13:01.692055 : (e10l2 : 1 of 2) Removing Fragments from Filtered Cells, 24.324 mins elapsed.
2024-05-28 19:13:01.716858 : (e10l2 : 1 of 2) Creating Filtered Arrow File, 24.324 mins elapsed.

2024-05-28 19:13:03.284588 : (e10l2 : 1 of 2) .filterCellsFromArrow Fragments-Chr-(1 of 24)-chr1, Class = GRanges
GRanges object with 4788889 ranges and 1 metadata column:
            seqnames              ranges strand |                     RG
               <Rle>           <IRanges>  <Rle> |                  <Rle>
        [1]     chr1       778663-778806      * | e10l2#GATCCTTCAGCAAA..
        [2]     chr1       778849-778909      * | e10l2#GATCCTTCAGCAAA..
        [3]     chr1       778979-779230      * | e10l2#GATCCTTCAGCAAA..
        [4]     chr1       831537-831785      * | e10l2#GATCCTTCAGCAAA..
        [5]     chr1       869525-869841      * | e10l2#GATCCTTCAGCAAA..
        ...      ...                 ...    ... .                    ...
  [4788885]     chr1 241640393-241640418      * | e10l2#CTGTGAGAGGCATG..
  [4788886]     chr1 244048890-244048925      * | e10l2#CTGTGAGAGGCATG..
  [4788887]     chr1 244964254-244964290      * | e10l2#CTGTGAGAGGCATG..
  [4788888]     chr1 247007808-247008073      * | e10l2#CTGTGAGAGGCATG..
  [4788889]     chr1 247008102-247008155      * | e10l2#CTGTGAGAGGCATG..
  -------
  seqinfo: 1 sequence from an unspecified genome; no seqlengths


2024-05-28 19:13:03.704972 : (e10l2 : 1 of 2) .filterCellsFromArrow Barcodes-Chr-(1 of 24)-chr1, Class = data.frame
(e10l2 : 1 of 2) .filterCellsFromArrow Barcodes-Chr-(1 of 24)-chr1: nRows = 3539, nCols = 1
                        bc
1 e10l2#GATCCTTCAGCAAATT-1
2 e10l2#TTTAACGGTGTCCACA-1
3 e10l2#GGTTACCTCTGGCTGT-1
4 e10l2#ACTTGCTCATCCTGGC-1
5 e10l2#CGAAGAAAGGGTTAAC-1
6 e10l2#CAAACCCTCTGTTGGC-1


2024-05-28 19:13:56.167635 : (e10l1 : 2 of 2) Finished Constructing Filtered Arrow File!, 25.232 mins elapsed.
2024-05-28 19:13:57.041616 : (e10l1 : 2 of 2) Adding TileMatrix!, 25.246 mins elapsed.

2024-05-28 19:14:01.246353 : e10l1 .addTileMat FeatureDF, Class = DFrame
DataFrame with 6062095 rows and 3 columns
           seqnames       idx     start
        <character> <integer> <numeric>
1              chr1         1         0
2              chr1         2       500
3              chr1         3      1000
4              chr1         4      1500
5              chr1         5      2000
...             ...       ...       ...
6062091        chrX    312078 156038500
6062092        chrX    312079 156039000
6062093        chrX    312080 156039500
6062094        chrX    312081 156040000
6062095        chrX    312082 156040500

2024-05-28 19:14:12.79572 : Adding TileMatrix to e10l1 for Chr (1 of 23)!, 0.233 mins elapsed.

2024-05-28 19:14:13.485765 : NTiles_TileMatrix_1_chr1, Class = numeric

NTiles_TileMatrix_1_chr1: length = 1
  chr1 
497913 



2024-05-28 19:14:13.51187 : NCells_TileMatrix_1_chr1, Class = integer

NCells_TileMatrix_1_chr1: length = 1
[1] 2719



2024-05-28 19:14:13.529251 : MinTile_TileMatrix_1_chr1, Class = numeric

MinTile_TileMatrix_1_chr1: length = 1
[1] 21



2024-05-28 19:14:13.545241 : MaxTile_TileMatrix_1_chr1, Class = numeric

MaxTile_TileMatrix_1_chr1: length = 1
[1] 497893



2024-05-28 19:14:13.593757 : MinCell_TileMatrix_1_chr1, Class = integer

MinCell_TileMatrix_1_chr1: length = 1
[1] 1



2024-05-28 19:14:13.606721 : MaxCell_TileMatrix_1_chr1, Class = integer

MaxCell_TileMatrix_1_chr1: length = 1
[1] 2719


2024-05-28 19:14:32.599556 : Adding TileMatrix to e10l1 for Chr (2 of 23)!, 0.564 mins elapsed.

2024-05-28 19:14:39.644336 : NTiles_TileMatrix_2_chr2, Class = numeric

NTiles_TileMatrix_2_chr2: length = 1
  chr2 
484388 



2024-05-28 19:14:39.65088 : NCells_TileMatrix_2_chr2, Class = integer

NCells_TileMatrix_2_chr2: length = 1
[1] 2719



2024-05-28 19:14:39.657079 : MinTile_TileMatrix_2_chr2, Class = numeric

MinTile_TileMatrix_2_chr2: length = 1
[1] 21



2024-05-28 19:14:39.665596 : MaxTile_TileMatrix_2_chr2, Class = numeric

MaxTile_TileMatrix_2_chr2: length = 1
[1] 484367



2024-05-28 19:14:39.687617 : MinCell_TileMatrix_2_chr2, Class = integer

MinCell_TileMatrix_2_chr2: length = 1
[1] 1



2024-05-28 19:14:39.69571 : MaxCell_TileMatrix_2_chr2, Class = integer

MaxCell_TileMatrix_2_chr2: length = 1
[1] 2719


2024-05-28 19:15:00.702567 : Adding TileMatrix to e10l1 for Chr (3 of 23)!, 1.032 mins elapsed.

2024-05-28 19:15:01.157796 : NTiles_TileMatrix_3_chr3, Class = numeric

NTiles_TileMatrix_3_chr3: length = 1
  chr3 
396592 



2024-05-28 19:15:01.167833 : NCells_TileMatrix_3_chr3, Class = integer

NCells_TileMatrix_3_chr3: length = 1
[1] 2719



2024-05-28 19:15:01.179064 : MinTile_TileMatrix_3_chr3, Class = numeric

MinTile_TileMatrix_3_chr3: length = 1
[1] 21



2024-05-28 19:15:01.191156 : MaxTile_TileMatrix_3_chr3, Class = numeric

MaxTile_TileMatrix_3_chr3: length = 1
[1] 396441



2024-05-28 19:15:01.225241 : MinCell_TileMatrix_3_chr3, Class = integer

MinCell_TileMatrix_3_chr3: length = 1
[1] 1



2024-05-28 19:15:01.241409 : MaxCell_TileMatrix_3_chr3, Class = integer

MaxCell_TileMatrix_3_chr3: length = 1
[1] 2719


2024-05-28 19:15:17.29595 : (e10l2 : 1 of 2) Finished Constructing Filtered Arrow File!, 26.584 mins elapsed.
2024-05-28 19:15:17.460511 : (e10l2 : 1 of 2) Adding TileMatrix!, 26.587 mins elapsed.
2024-05-28 19:15:17.974819 : Adding TileMatrix to e10l1 for Chr (4 of 23)!, 1.32 mins elapsed.

2024-05-28 19:15:18.239655 : NTiles_TileMatrix_4_chr4, Class = numeric

NTiles_TileMatrix_4_chr4: length = 1
  chr4 
380430 



2024-05-28 19:15:18.246074 : NCells_TileMatrix_4_chr4, Class = integer

NCells_TileMatrix_4_chr4: length = 1
[1] 2719



2024-05-28 19:15:18.252215 : MinTile_TileMatrix_4_chr4, Class = numeric

MinTile_TileMatrix_4_chr4: length = 1
[1] 21



2024-05-28 19:15:18.260246 : MaxTile_TileMatrix_4_chr4, Class = numeric

MaxTile_TileMatrix_4_chr4: length = 1
[1] 380410



2024-05-28 19:15:18.274171 : MinCell_TileMatrix_4_chr4, Class = integer

MinCell_TileMatrix_4_chr4: length = 1
[1] 1



2024-05-28 19:15:18.279777 : MaxCell_TileMatrix_4_chr4, Class = integer

MaxCell_TileMatrix_4_chr4: length = 1
[1] 2719



2024-05-28 19:15:18.947454 : e10l2 .addTileMat FeatureDF, Class = DFrame
DataFrame with 6062095 rows and 3 columns
           seqnames       idx     start
        <character> <integer> <numeric>
1              chr1         1         0
2              chr1         2       500
3              chr1         3      1000
4              chr1         4      1500
5              chr1         5      2000
...             ...       ...       ...
6062091        chrX    312078 156038500
6062092        chrX    312079 156039000
6062093        chrX    312080 156039500
6062094        chrX    312081 156040000
6062095        chrX    312082 156040500

2024-05-28 19:15:30.25122 : Adding TileMatrix to e10l2 for Chr (1 of 23)!, 0.212 mins elapsed.

2024-05-28 19:15:32.801175 : NTiles_TileMatrix_1_chr1, Class = numeric

NTiles_TileMatrix_1_chr1: length = 1
  chr1 
497913 



2024-05-28 19:15:32.940118 : NCells_TileMatrix_1_chr1, Class = integer

NCells_TileMatrix_1_chr1: length = 1
[1] 3539



2024-05-28 19:15:33.107119 : MinTile_TileMatrix_1_chr1, Class = numeric

MinTile_TileMatrix_1_chr1: length = 1
[1] 21



2024-05-28 19:15:33.240116 : MaxTile_TileMatrix_1_chr1, Class = numeric

MaxTile_TileMatrix_1_chr1: length = 1
[1] 497893



2024-05-28 19:15:33.431121 : MinCell_TileMatrix_1_chr1, Class = integer

MinCell_TileMatrix_1_chr1: length = 1
[1] 1



2024-05-28 19:15:33.569158 : MaxCell_TileMatrix_1_chr1, Class = integer

MaxCell_TileMatrix_1_chr1: length = 1
[1] 3539


2024-05-28 19:15:36.296786 : Adding TileMatrix to e10l1 for Chr (5 of 23)!, 1.625 mins elapsed.

2024-05-28 19:15:39.989387 : NTiles_TileMatrix_5_chr5, Class = numeric

NTiles_TileMatrix_5_chr5: length = 1
  chr5 
363077 



2024-05-28 19:15:40.152239 : NCells_TileMatrix_5_chr5, Class = integer

NCells_TileMatrix_5_chr5: length = 1
[1] 2719



2024-05-28 19:15:40.317313 : MinTile_TileMatrix_5_chr5, Class = numeric

MinTile_TileMatrix_5_chr5: length = 1
[1] 21



2024-05-28 19:15:40.498254 : MaxTile_TileMatrix_5_chr5, Class = numeric

MaxTile_TileMatrix_5_chr5: length = 1
[1] 362956



2024-05-28 19:15:40.698299 : MinCell_TileMatrix_5_chr5, Class = integer

MinCell_TileMatrix_5_chr5: length = 1
[1] 1



2024-05-28 19:15:40.886262 : MaxCell_TileMatrix_5_chr5, Class = integer

MaxCell_TileMatrix_5_chr5: length = 1
[1] 2719


2024-05-28 19:15:57.14427 : Adding TileMatrix to e10l2 for Chr (2 of 23)!, 0.66 mins elapsed.

2024-05-28 19:15:59.923138 : NTiles_TileMatrix_2_chr2, Class = numeric

NTiles_TileMatrix_2_chr2: length = 1
  chr2 
484388 



2024-05-28 19:16:00.058123 : NCells_TileMatrix_2_chr2, Class = integer

NCells_TileMatrix_2_chr2: length = 1
[1] 3539



2024-05-28 19:16:00.187119 : MinTile_TileMatrix_2_chr2, Class = numeric

MinTile_TileMatrix_2_chr2: length = 1
[1] 21



2024-05-28 19:16:00.31117 : MaxTile_TileMatrix_2_chr2, Class = numeric

MaxTile_TileMatrix_2_chr2: length = 1
[1] 484367



2024-05-28 19:16:00.486118 : MinCell_TileMatrix_2_chr2, Class = integer

MinCell_TileMatrix_2_chr2: length = 1
[1] 1



2024-05-28 19:16:00.617115 : MaxCell_TileMatrix_2_chr2, Class = integer

MaxCell_TileMatrix_2_chr2: length = 1
[1] 3539


2024-05-28 19:16:22.263274 : Adding TileMatrix to e10l1 for Chr (6 of 23)!, 2.391 mins elapsed.

2024-05-28 19:16:22.765775 : NTiles_TileMatrix_6_chr6, Class = numeric

NTiles_TileMatrix_6_chr6: length = 1
  chr6 
341612 



2024-05-28 19:16:22.773482 : NCells_TileMatrix_6_chr6, Class = integer

NCells_TileMatrix_6_chr6: length = 1
[1] 2719



2024-05-28 19:16:22.780352 : MinTile_TileMatrix_6_chr6, Class = numeric

MinTile_TileMatrix_6_chr6: length = 1
[1] 182



2024-05-28 19:16:22.788895 : MaxTile_TileMatrix_6_chr6, Class = numeric

MaxTile_TileMatrix_6_chr6: length = 1
[1] 341485



2024-05-28 19:16:22.814847 : MinCell_TileMatrix_6_chr6, Class = integer

MinCell_TileMatrix_6_chr6: length = 1
[1] 1



2024-05-28 19:16:22.821897 : MaxCell_TileMatrix_6_chr6, Class = integer

MaxCell_TileMatrix_6_chr6: length = 1
[1] 2719


2024-05-28 19:16:26.351393 : Adding TileMatrix to e10l2 for Chr (3 of 23)!, 1.147 mins elapsed.

2024-05-28 19:16:26.613525 : NTiles_TileMatrix_3_chr3, Class = numeric

NTiles_TileMatrix_3_chr3: length = 1
  chr3 
396592 



2024-05-28 19:16:26.620214 : NCells_TileMatrix_3_chr3, Class = integer

NCells_TileMatrix_3_chr3: length = 1
[1] 3539



2024-05-28 19:16:26.62702 : MinTile_TileMatrix_3_chr3, Class = numeric

MinTile_TileMatrix_3_chr3: length = 1
[1] 21



2024-05-28 19:16:26.635303 : MaxTile_TileMatrix_3_chr3, Class = numeric

MaxTile_TileMatrix_3_chr3: length = 1
[1] 396466



2024-05-28 19:16:26.652781 : MinCell_TileMatrix_3_chr3, Class = integer

MinCell_TileMatrix_3_chr3: length = 1
[1] 1



2024-05-28 19:16:26.659306 : MaxCell_TileMatrix_3_chr3, Class = integer

MaxCell_TileMatrix_3_chr3: length = 1
[1] 3539


2024-05-28 19:16:36.597337 : Adding TileMatrix to e10l2 for Chr (4 of 23)!, 1.318 mins elapsed.

2024-05-28 19:16:36.779505 : NTiles_TileMatrix_4_chr4, Class = numeric

NTiles_TileMatrix_4_chr4: length = 1
  chr4 
380430 



2024-05-28 19:16:36.785599 : NCells_TileMatrix_4_chr4, Class = integer

NCells_TileMatrix_4_chr4: length = 1
[1] 3539



2024-05-28 19:16:36.792051 : MinTile_TileMatrix_4_chr4, Class = numeric

MinTile_TileMatrix_4_chr4: length = 1
[1] 21



2024-05-28 19:16:36.799526 : MaxTile_TileMatrix_4_chr4, Class = numeric

MaxTile_TileMatrix_4_chr4: length = 1
[1] 380410



2024-05-28 19:16:36.812148 : MinCell_TileMatrix_4_chr4, Class = integer

MinCell_TileMatrix_4_chr4: length = 1
[1] 1



2024-05-28 19:16:36.817915 : MaxCell_TileMatrix_4_chr4, Class = integer

MaxCell_TileMatrix_4_chr4: length = 1
[1] 3539


2024-05-28 19:16:38.459628 : Adding TileMatrix to e10l1 for Chr (7 of 23)!, 2.661 mins elapsed.

2024-05-28 19:16:38.816102 : NTiles_TileMatrix_7_chr7, Class = numeric

NTiles_TileMatrix_7_chr7: length = 1
  chr7 
318692 



2024-05-28 19:16:38.824393 : NCells_TileMatrix_7_chr7, Class = integer

NCells_TileMatrix_7_chr7: length = 1
[1] 2719



2024-05-28 19:16:38.832576 : MinTile_TileMatrix_7_chr7, Class = numeric

MinTile_TileMatrix_7_chr7: length = 1
[1] 21



2024-05-28 19:16:38.844662 : MaxTile_TileMatrix_7_chr7, Class = numeric

MaxTile_TileMatrix_7_chr7: length = 1
[1] 318672



2024-05-28 19:16:38.874192 : MinCell_TileMatrix_7_chr7, Class = integer

MinCell_TileMatrix_7_chr7: length = 1
[1] 1



2024-05-28 19:16:38.887264 : MaxCell_TileMatrix_7_chr7, Class = integer

MaxCell_TileMatrix_7_chr7: length = 1
[1] 2719


2024-05-28 19:16:46.393852 : Adding TileMatrix to e10l2 for Chr (5 of 23)!, 1.481 mins elapsed.

2024-05-28 19:16:46.637363 : NTiles_TileMatrix_5_chr5, Class = numeric

NTiles_TileMatrix_5_chr5: length = 1
  chr5 
363077 



2024-05-28 19:16:46.64457 : NCells_TileMatrix_5_chr5, Class = integer

NCells_TileMatrix_5_chr5: length = 1
[1] 3539



2024-05-28 19:16:46.652856 : MinTile_TileMatrix_5_chr5, Class = numeric

MinTile_TileMatrix_5_chr5: length = 1
[1] 21



2024-05-28 19:16:46.66142 : MaxTile_TileMatrix_5_chr5, Class = numeric

MaxTile_TileMatrix_5_chr5: length = 1
[1] 362956



2024-05-28 19:16:46.677183 : MinCell_TileMatrix_5_chr5, Class = integer

MinCell_TileMatrix_5_chr5: length = 1
[1] 1



2024-05-28 19:16:46.683793 : MaxCell_TileMatrix_5_chr5, Class = integer

MaxCell_TileMatrix_5_chr5: length = 1
[1] 3539


2024-05-28 19:16:51.092627 : Adding TileMatrix to e10l1 for Chr (8 of 23)!, 2.872 mins elapsed.

2024-05-28 19:16:51.352668 : NTiles_TileMatrix_8_chr8, Class = numeric

NTiles_TileMatrix_8_chr8: length = 1
  chr8 
290278 



2024-05-28 19:16:51.36008 : NCells_TileMatrix_8_chr8, Class = integer

NCells_TileMatrix_8_chr8: length = 1
[1] 2719



2024-05-28 19:16:51.367501 : MinTile_TileMatrix_8_chr8, Class = numeric

MinTile_TileMatrix_8_chr8: length = 1
[1] 152



2024-05-28 19:16:51.376976 : MaxTile_TileMatrix_8_chr8, Class = numeric

MaxTile_TileMatrix_8_chr8: length = 1
[1] 290157



2024-05-28 19:16:51.398229 : MinCell_TileMatrix_8_chr8, Class = integer

MinCell_TileMatrix_8_chr8: length = 1
[1] 1



2024-05-28 19:16:51.409078 : MaxCell_TileMatrix_8_chr8, Class = integer

MaxCell_TileMatrix_8_chr8: length = 1
[1] 2719


2024-05-28 19:16:58.26656 : Adding TileMatrix to e10l2 for Chr (6 of 23)!, 1.679 mins elapsed.

2024-05-28 19:16:58.564607 : NTiles_TileMatrix_6_chr6, Class = numeric

NTiles_TileMatrix_6_chr6: length = 1
  chr6 
341612 



2024-05-28 19:16:58.573912 : NCells_TileMatrix_6_chr6, Class = integer

NCells_TileMatrix_6_chr6: length = 1
[1] 3539



2024-05-28 19:16:58.580797 : MinTile_TileMatrix_6_chr6, Class = numeric

MinTile_TileMatrix_6_chr6: length = 1
[1] 128



2024-05-28 19:16:58.591434 : MaxTile_TileMatrix_6_chr6, Class = numeric

MaxTile_TileMatrix_6_chr6: length = 1
[1] 341485



2024-05-28 19:16:58.614566 : MinCell_TileMatrix_6_chr6, Class = integer

MinCell_TileMatrix_6_chr6: length = 1
[1] 1



2024-05-28 19:16:58.6225 : MaxCell_TileMatrix_6_chr6, Class = integer

MaxCell_TileMatrix_6_chr6: length = 1
[1] 3539


2024-05-28 19:17:03.892129 : Adding TileMatrix to e10l1 for Chr (9 of 23)!, 3.085 mins elapsed.

2024-05-28 19:17:06.906505 : NTiles_TileMatrix_9_chr9, Class = numeric

NTiles_TileMatrix_9_chr9: length = 1
  chr9 
276790 



2024-05-28 19:17:07.079648 : NCells_TileMatrix_9_chr9, Class = integer

NCells_TileMatrix_9_chr9: length = 1
[1] 2719



2024-05-28 19:17:07.301113 : MinTile_TileMatrix_9_chr9, Class = numeric

MinTile_TileMatrix_9_chr9: length = 1
[1] 21



2024-05-28 19:17:07.565248 : MaxTile_TileMatrix_9_chr9, Class = numeric

MaxTile_TileMatrix_9_chr9: length = 1
[1] 276563



2024-05-28 19:17:07.824511 : MinCell_TileMatrix_9_chr9, Class = integer

MinCell_TileMatrix_9_chr9: length = 1
[1] 1



2024-05-28 19:17:08.03635 : MaxCell_TileMatrix_9_chr9, Class = integer

MaxCell_TileMatrix_9_chr9: length = 1
[1] 2719


2024-05-28 19:17:16.811463 : Adding TileMatrix to e10l2 for Chr (7 of 23)!, 1.988 mins elapsed.

2024-05-28 19:17:19.807628 : NTiles_TileMatrix_7_chr7, Class = numeric

NTiles_TileMatrix_7_chr7: length = 1
  chr7 
318692 



2024-05-28 19:17:19.83907 : NCells_TileMatrix_7_chr7, Class = integer

NCells_TileMatrix_7_chr7: length = 1
[1] 3539



2024-05-28 19:17:19.955062 : MinTile_TileMatrix_7_chr7, Class = numeric

MinTile_TileMatrix_7_chr7: length = 1
[1] 21



2024-05-28 19:17:20.088778 : MaxTile_TileMatrix_7_chr7, Class = numeric

MaxTile_TileMatrix_7_chr7: length = 1
[1] 318672



2024-05-28 19:17:20.16579 : MinCell_TileMatrix_7_chr7, Class = integer

MinCell_TileMatrix_7_chr7: length = 1
[1] 1



2024-05-28 19:17:20.305213 : MaxCell_TileMatrix_7_chr7, Class = integer

MaxCell_TileMatrix_7_chr7: length = 1
[1] 3539


2024-05-28 19:17:26.826503 : Adding TileMatrix to e10l1 for Chr (10 of 23)!, 3.467 mins elapsed.

2024-05-28 19:17:27.153979 : NTiles_TileMatrix_10_chr10, Class = numeric

NTiles_TileMatrix_10_chr10: length = 1
 chr10 
267595 



2024-05-28 19:17:27.164155 : NCells_TileMatrix_10_chr10, Class = integer

NCells_TileMatrix_10_chr10: length = 1
[1] 2719



2024-05-28 19:17:27.172051 : MinTile_TileMatrix_10_chr10, Class = numeric

MinTile_TileMatrix_10_chr10: length = 1
[1] 21



2024-05-28 19:17:27.181895 : MaxTile_TileMatrix_10_chr10, Class = numeric

MaxTile_TileMatrix_10_chr10: length = 1
[1] 267575



2024-05-28 19:17:27.199058 : MinCell_TileMatrix_10_chr10, Class = integer

MinCell_TileMatrix_10_chr10: length = 1
[1] 1



2024-05-28 19:17:27.206263 : MaxCell_TileMatrix_10_chr10, Class = integer

MaxCell_TileMatrix_10_chr10: length = 1
[1] 2719


2024-05-28 19:17:35.349913 : Adding TileMatrix to e10l2 for Chr (8 of 23)!, 2.297 mins elapsed.

2024-05-28 19:17:35.887952 : NTiles_TileMatrix_8_chr8, Class = numeric

NTiles_TileMatrix_8_chr8: length = 1
  chr8 
290278 



2024-05-28 19:17:35.898411 : NCells_TileMatrix_8_chr8, Class = integer

NCells_TileMatrix_8_chr8: length = 1
[1] 3539



2024-05-28 19:17:35.907838 : MinTile_TileMatrix_8_chr8, Class = numeric

MinTile_TileMatrix_8_chr8: length = 1
[1] 152



2024-05-28 19:17:35.920276 : MaxTile_TileMatrix_8_chr8, Class = numeric

MaxTile_TileMatrix_8_chr8: length = 1
[1] 290158



2024-05-28 19:17:35.999912 : MinCell_TileMatrix_8_chr8, Class = integer

MinCell_TileMatrix_8_chr8: length = 1
[1] 1



2024-05-28 19:17:36.008505 : MaxCell_TileMatrix_8_chr8, Class = integer

MaxCell_TileMatrix_8_chr8: length = 1
[1] 3539


2024-05-28 19:17:41.777049 : Adding TileMatrix to e10l1 for Chr (11 of 23)!, 3.717 mins elapsed.

2024-05-28 19:17:47.079103 : NTiles_TileMatrix_11_chr11, Class = numeric

NTiles_TileMatrix_11_chr11: length = 1
 chr11 
270174 



2024-05-28 19:17:47.232049 : NCells_TileMatrix_11_chr11, Class = integer

NCells_TileMatrix_11_chr11: length = 1
[1] 2719



2024-05-28 19:17:47.328705 : MinTile_TileMatrix_11_chr11, Class = numeric

MinTile_TileMatrix_11_chr11: length = 1
[1] 217



2024-05-28 19:17:47.4409 : MaxTile_TileMatrix_11_chr11, Class = numeric

MaxTile_TileMatrix_11_chr11: length = 1
[1] 270154



2024-05-28 19:17:47.533624 : MinCell_TileMatrix_11_chr11, Class = integer

MinCell_TileMatrix_11_chr11: length = 1
[1] 1



2024-05-28 19:17:47.640195 : MaxCell_TileMatrix_11_chr11, Class = integer

MaxCell_TileMatrix_11_chr11: length = 1
[1] 2719


2024-05-28 19:17:55.162221 : Adding TileMatrix to e10l2 for Chr (9 of 23)!, 2.627 mins elapsed.

2024-05-28 19:17:59.427791 : NTiles_TileMatrix_9_chr9, Class = numeric

NTiles_TileMatrix_9_chr9: length = 1
  chr9 
276790 



2024-05-28 19:17:59.444181 : NCells_TileMatrix_9_chr9, Class = integer

NCells_TileMatrix_9_chr9: length = 1
[1] 3539



2024-05-28 19:17:59.456473 : MinTile_TileMatrix_9_chr9, Class = numeric

MinTile_TileMatrix_9_chr9: length = 1
[1] 21



2024-05-28 19:17:59.467576 : MaxTile_TileMatrix_9_chr9, Class = numeric

MaxTile_TileMatrix_9_chr9: length = 1
[1] 276638



2024-05-28 19:17:59.487341 : MinCell_TileMatrix_9_chr9, Class = integer

MinCell_TileMatrix_9_chr9: length = 1
[1] 1



2024-05-28 19:17:59.494194 : MaxCell_TileMatrix_9_chr9, Class = integer

MaxCell_TileMatrix_9_chr9: length = 1
[1] 3539


2024-05-28 19:18:07.8349 : Adding TileMatrix to e10l1 for Chr (12 of 23)!, 4.151 mins elapsed.

2024-05-28 19:18:08.206739 : NTiles_TileMatrix_12_chr12, Class = numeric

NTiles_TileMatrix_12_chr12: length = 1
 chr12 
266551 



2024-05-28 19:18:08.215215 : NCells_TileMatrix_12_chr12, Class = integer

NCells_TileMatrix_12_chr12: length = 1
[1] 2719



2024-05-28 19:18:08.242037 : MinTile_TileMatrix_12_chr12, Class = numeric

MinTile_TileMatrix_12_chr12: length = 1
[1] 21



2024-05-28 19:18:08.260784 : MaxTile_TileMatrix_12_chr12, Class = numeric

MaxTile_TileMatrix_12_chr12: length = 1
[1] 266530



2024-05-28 19:18:08.299039 : MinCell_TileMatrix_12_chr12, Class = integer

MinCell_TileMatrix_12_chr12: length = 1
[1] 1



2024-05-28 19:18:08.318964 : MaxCell_TileMatrix_12_chr12, Class = integer

MaxCell_TileMatrix_12_chr12: length = 1
[1] 2719


2024-05-28 19:18:15.59826 : Adding TileMatrix to e10l2 for Chr (10 of 23)!, 2.968 mins elapsed.

2024-05-28 19:18:15.962137 : NTiles_TileMatrix_10_chr10, Class = numeric

NTiles_TileMatrix_10_chr10: length = 1
 chr10 
267595 



2024-05-28 19:18:15.975359 : NCells_TileMatrix_10_chr10, Class = integer

NCells_TileMatrix_10_chr10: length = 1
[1] 3539



2024-05-28 19:18:15.985744 : MinTile_TileMatrix_10_chr10, Class = numeric

MinTile_TileMatrix_10_chr10: length = 1
[1] 23



2024-05-28 19:18:16.001588 : MaxTile_TileMatrix_10_chr10, Class = numeric

MaxTile_TileMatrix_10_chr10: length = 1
[1] 267575



2024-05-28 19:18:16.027888 : MinCell_TileMatrix_10_chr10, Class = integer

MinCell_TileMatrix_10_chr10: length = 1
[1] 1



2024-05-28 19:18:16.039873 : MaxCell_TileMatrix_10_chr10, Class = integer

MaxCell_TileMatrix_10_chr10: length = 1
[1] 3539


2024-05-28 19:18:23.076727 : Adding TileMatrix to e10l1 for Chr (13 of 23)!, 4.405 mins elapsed.

2024-05-28 19:18:31.85255 : NTiles_TileMatrix_13_chr13, Class = numeric

NTiles_TileMatrix_13_chr13: length = 1
 chr13 
228729 



2024-05-28 19:18:32.112559 : NCells_TileMatrix_13_chr13, Class = integer

NCells_TileMatrix_13_chr13: length = 1
[1] 2719



2024-05-28 19:18:32.304248 : MinTile_TileMatrix_13_chr13, Class = numeric

MinTile_TileMatrix_13_chr13: length = 1
[1] 36345



2024-05-28 19:18:32.552236 : MaxTile_TileMatrix_13_chr13, Class = numeric

MaxTile_TileMatrix_13_chr13: length = 1
[1] 228709



2024-05-28 19:18:32.747641 : MinCell_TileMatrix_13_chr13, Class = integer

MinCell_TileMatrix_13_chr13: length = 1
[1] 1



2024-05-28 19:18:32.942001 : MaxCell_TileMatrix_13_chr13, Class = integer

MaxCell_TileMatrix_13_chr13: length = 1
[1] 2719


2024-05-28 19:18:37.120588 : Adding TileMatrix to e10l2 for Chr (11 of 23)!, 3.327 mins elapsed.

2024-05-28 19:18:40.025345 : NTiles_TileMatrix_11_chr11, Class = numeric

NTiles_TileMatrix_11_chr11: length = 1
 chr11 
270174 



2024-05-28 19:18:40.035275 : NCells_TileMatrix_11_chr11, Class = integer

NCells_TileMatrix_11_chr11: length = 1
[1] 3539



2024-05-28 19:18:40.042436 : MinTile_TileMatrix_11_chr11, Class = numeric

MinTile_TileMatrix_11_chr11: length = 1
[1] 227



2024-05-28 19:18:40.051694 : MaxTile_TileMatrix_11_chr11, Class = numeric

MaxTile_TileMatrix_11_chr11: length = 1
[1] 270154



2024-05-28 19:18:40.086225 : MinCell_TileMatrix_11_chr11, Class = integer

MinCell_TileMatrix_11_chr11: length = 1
[1] 1



2024-05-28 19:18:40.114382 : MaxCell_TileMatrix_11_chr11, Class = integer

MaxCell_TileMatrix_11_chr11: length = 1
[1] 3539


2024-05-28 19:18:48.300345 : Adding TileMatrix to e10l1 for Chr (14 of 23)!, 4.825 mins elapsed.

2024-05-28 19:18:48.740111 : NTiles_TileMatrix_14_chr14, Class = numeric

NTiles_TileMatrix_14_chr14: length = 1
 chr14 
214088 



2024-05-28 19:18:48.758555 : NCells_TileMatrix_14_chr14, Class = integer

NCells_TileMatrix_14_chr14: length = 1
[1] 2719



2024-05-28 19:18:48.782422 : MinTile_TileMatrix_14_chr14, Class = numeric

MinTile_TileMatrix_14_chr14: length = 1
[1] 32050



2024-05-28 19:18:48.841412 : MaxTile_TileMatrix_14_chr14, Class = numeric

MaxTile_TileMatrix_14_chr14: length = 1
[1] 213768



2024-05-28 19:18:48.8689 : MinCell_TileMatrix_14_chr14, Class = integer

MinCell_TileMatrix_14_chr14: length = 1
[1] 1



2024-05-28 19:18:48.914079 : MaxCell_TileMatrix_14_chr14, Class = integer

MaxCell_TileMatrix_14_chr14: length = 1
[1] 2719


2024-05-28 19:18:54.60778 : Adding TileMatrix to e10l2 for Chr (12 of 23)!, 3.618 mins elapsed.

2024-05-28 19:18:55.289954 : NTiles_TileMatrix_12_chr12, Class = numeric

NTiles_TileMatrix_12_chr12: length = 1
 chr12 
266551 



2024-05-28 19:18:55.375643 : NCells_TileMatrix_12_chr12, Class = integer

NCells_TileMatrix_12_chr12: length = 1
[1] 3539



2024-05-28 19:18:55.397795 : MinTile_TileMatrix_12_chr12, Class = numeric

MinTile_TileMatrix_12_chr12: length = 1
[1] 21



2024-05-28 19:18:55.422195 : MaxTile_TileMatrix_12_chr12, Class = numeric

MaxTile_TileMatrix_12_chr12: length = 1
[1] 266530



2024-05-28 19:18:55.478346 : MinCell_TileMatrix_12_chr12, Class = integer

MinCell_TileMatrix_12_chr12: length = 1
[1] 1



2024-05-28 19:18:55.512142 : MaxCell_TileMatrix_12_chr12, Class = integer

MaxCell_TileMatrix_12_chr12: length = 1
[1] 3539


2024-05-28 19:19:02.059671 : Adding TileMatrix to e10l1 for Chr (15 of 23)!, 5.055 mins elapsed.

2024-05-28 19:19:02.327546 : NTiles_TileMatrix_15_chr15, Class = numeric

NTiles_TileMatrix_15_chr15: length = 1
 chr15 
203983 



2024-05-28 19:19:02.336201 : NCells_TileMatrix_15_chr15, Class = integer

NCells_TileMatrix_15_chr15: length = 1
[1] 2719



2024-05-28 19:19:02.343459 : MinTile_TileMatrix_15_chr15, Class = numeric

MinTile_TileMatrix_15_chr15: length = 1
[1] 34025



2024-05-28 19:19:02.352224 : MaxTile_TileMatrix_15_chr15, Class = numeric

MaxTile_TileMatrix_15_chr15: length = 1
[1] 203963



2024-05-28 19:19:02.366203 : MinCell_TileMatrix_15_chr15, Class = integer

MinCell_TileMatrix_15_chr15: length = 1
[1] 1



2024-05-28 19:19:02.375683 : MaxCell_TileMatrix_15_chr15, Class = integer

MaxCell_TileMatrix_15_chr15: length = 1
[1] 2719


2024-05-28 19:19:09.24569 : Adding TileMatrix to e10l2 for Chr (13 of 23)!, 3.862 mins elapsed.

2024-05-28 19:19:09.63953 : NTiles_TileMatrix_13_chr13, Class = numeric

NTiles_TileMatrix_13_chr13: length = 1
 chr13 
228729 



2024-05-28 19:19:09.654342 : NCells_TileMatrix_13_chr13, Class = integer

NCells_TileMatrix_13_chr13: length = 1
[1] 3539



2024-05-28 19:19:09.662861 : MinTile_TileMatrix_13_chr13, Class = numeric

MinTile_TileMatrix_13_chr13: length = 1
[1] 36344



2024-05-28 19:19:09.672611 : MaxTile_TileMatrix_13_chr13, Class = numeric

MaxTile_TileMatrix_13_chr13: length = 1
[1] 228709



2024-05-28 19:19:09.683987 : MinCell_TileMatrix_13_chr13, Class = integer

MinCell_TileMatrix_13_chr13: length = 1
[1] 1



2024-05-28 19:19:09.69128 : MaxCell_TileMatrix_13_chr13, Class = integer

MaxCell_TileMatrix_13_chr13: length = 1
[1] 3539


2024-05-28 19:19:14.830383 : Adding TileMatrix to e10l1 for Chr (16 of 23)!, 5.267 mins elapsed.

2024-05-28 19:19:15.36615 : NTiles_TileMatrix_16_chr16, Class = numeric

NTiles_TileMatrix_16_chr16: length = 1
 chr16 
180677 



2024-05-28 19:19:15.373685 : NCells_TileMatrix_16_chr16, Class = integer

NCells_TileMatrix_16_chr16: length = 1
[1] 2719



2024-05-28 19:19:15.379869 : MinTile_TileMatrix_16_chr16, Class = numeric

MinTile_TileMatrix_16_chr16: length = 1
[1] 21



2024-05-28 19:19:15.389968 : MaxTile_TileMatrix_16_chr16, Class = numeric

MaxTile_TileMatrix_16_chr16: length = 1
[1] 180453



2024-05-28 19:19:15.408783 : MinCell_TileMatrix_16_chr16, Class = integer

MinCell_TileMatrix_16_chr16: length = 1
[1] 1



2024-05-28 19:19:15.414897 : MaxCell_TileMatrix_16_chr16, Class = integer

MaxCell_TileMatrix_16_chr16: length = 1
[1] 2719


2024-05-28 19:19:21.615245 : Adding TileMatrix to e10l2 for Chr (14 of 23)!, 4.068 mins elapsed.

2024-05-28 19:19:21.818333 : NTiles_TileMatrix_14_chr14, Class = numeric

NTiles_TileMatrix_14_chr14: length = 1
 chr14 
214088 



2024-05-28 19:19:21.825174 : NCells_TileMatrix_14_chr14, Class = integer

NCells_TileMatrix_14_chr14: length = 1
[1] 3539



2024-05-28 19:19:21.831542 : MinTile_TileMatrix_14_chr14, Class = numeric

MinTile_TileMatrix_14_chr14: length = 1
[1] 32062



2024-05-28 19:19:21.838421 : MaxTile_TileMatrix_14_chr14, Class = numeric

MaxTile_TileMatrix_14_chr14: length = 1
[1] 213768



2024-05-28 19:19:21.85367 : MinCell_TileMatrix_14_chr14, Class = integer

MinCell_TileMatrix_14_chr14: length = 1
[1] 1



2024-05-28 19:19:21.859408 : MaxCell_TileMatrix_14_chr14, Class = integer

MaxCell_TileMatrix_14_chr14: length = 1
[1] 3539


2024-05-28 19:19:28.393929 : Adding TileMatrix to e10l1 for Chr (17 of 23)!, 5.493 mins elapsed.

2024-05-28 19:19:28.711674 : NTiles_TileMatrix_17_chr17, Class = numeric

NTiles_TileMatrix_17_chr17: length = 1
 chr17 
166515 



2024-05-28 19:19:28.719455 : NCells_TileMatrix_17_chr17, Class = integer

NCells_TileMatrix_17_chr17: length = 1
[1] 2719



2024-05-28 19:19:28.725106 : MinTile_TileMatrix_17_chr17, Class = numeric

MinTile_TileMatrix_17_chr17: length = 1
[1] 126



2024-05-28 19:19:28.733467 : MaxTile_TileMatrix_17_chr17, Class = numeric

MaxTile_TileMatrix_17_chr17: length = 1
[1] 166495



2024-05-28 19:19:28.751075 : MinCell_TileMatrix_17_chr17, Class = integer

MinCell_TileMatrix_17_chr17: length = 1
[1] 1



2024-05-28 19:19:28.757093 : MaxCell_TileMatrix_17_chr17, Class = integer

MaxCell_TileMatrix_17_chr17: length = 1
[1] 2719


2024-05-28 19:19:32.744729 : Adding TileMatrix to e10l2 for Chr (15 of 23)!, 4.254 mins elapsed.

2024-05-28 19:19:32.962953 : NTiles_TileMatrix_15_chr15, Class = numeric

NTiles_TileMatrix_15_chr15: length = 1
 chr15 
203983 



2024-05-28 19:19:32.974441 : NCells_TileMatrix_15_chr15, Class = integer

NCells_TileMatrix_15_chr15: length = 1
[1] 3539



2024-05-28 19:19:32.982145 : MinTile_TileMatrix_15_chr15, Class = numeric

MinTile_TileMatrix_15_chr15: length = 1
[1] 34028



2024-05-28 19:19:33.030569 : MaxTile_TileMatrix_15_chr15, Class = numeric

MaxTile_TileMatrix_15_chr15: length = 1
[1] 203963



2024-05-28 19:19:33.041746 : MinCell_TileMatrix_15_chr15, Class = integer

MinCell_TileMatrix_15_chr15: length = 1
[1] 1



2024-05-28 19:19:33.048345 : MaxCell_TileMatrix_15_chr15, Class = integer

MaxCell_TileMatrix_15_chr15: length = 1
[1] 3539


2024-05-28 19:19:40.672326 : Adding TileMatrix to e10l1 for Chr (18 of 23)!, 5.698 mins elapsed.

2024-05-28 19:19:40.933038 : NTiles_TileMatrix_18_chr18, Class = numeric

NTiles_TileMatrix_18_chr18: length = 1
 chr18 
160747 



2024-05-28 19:19:40.948253 : NCells_TileMatrix_18_chr18, Class = integer

NCells_TileMatrix_18_chr18: length = 1
[1] 2719



2024-05-28 19:19:40.955134 : MinTile_TileMatrix_18_chr18, Class = numeric

MinTile_TileMatrix_18_chr18: length = 1
[1] 21



2024-05-28 19:19:40.962765 : MaxTile_TileMatrix_18_chr18, Class = numeric

MaxTile_TileMatrix_18_chr18: length = 1
[1] 160527



2024-05-28 19:19:40.979788 : MinCell_TileMatrix_18_chr18, Class = integer

MinCell_TileMatrix_18_chr18: length = 1
[1] 1



2024-05-28 19:19:41.004853 : MaxCell_TileMatrix_18_chr18, Class = integer

MaxCell_TileMatrix_18_chr18: length = 1
[1] 2719


2024-05-28 19:19:43.396708 : Adding TileMatrix to e10l2 for Chr (16 of 23)!, 4.431 mins elapsed.

2024-05-28 19:19:43.762639 : NTiles_TileMatrix_16_chr16, Class = numeric

NTiles_TileMatrix_16_chr16: length = 1
 chr16 
180677 



2024-05-28 19:19:43.796241 : NCells_TileMatrix_16_chr16, Class = integer

NCells_TileMatrix_16_chr16: length = 1
[1] 3539



2024-05-28 19:19:43.811555 : MinTile_TileMatrix_16_chr16, Class = numeric

MinTile_TileMatrix_16_chr16: length = 1
[1] 21



2024-05-28 19:19:43.823586 : MaxTile_TileMatrix_16_chr16, Class = numeric

MaxTile_TileMatrix_16_chr16: length = 1
[1] 180450



2024-05-28 19:19:43.847988 : MinCell_TileMatrix_16_chr16, Class = integer

MinCell_TileMatrix_16_chr16: length = 1
[1] 1



2024-05-28 19:19:43.862484 : MaxCell_TileMatrix_16_chr16, Class = integer

MaxCell_TileMatrix_16_chr16: length = 1
[1] 3539


2024-05-28 19:19:51.622342 : Adding TileMatrix to e10l1 for Chr (19 of 23)!, 5.881 mins elapsed.

2024-05-28 19:19:52.251572 : NTiles_TileMatrix_19_chr19, Class = numeric

NTiles_TileMatrix_19_chr19: length = 1
 chr19 
117236 



2024-05-28 19:19:52.266372 : NCells_TileMatrix_19_chr19, Class = integer

NCells_TileMatrix_19_chr19: length = 1
[1] 2719



2024-05-28 19:19:52.285935 : MinTile_TileMatrix_19_chr19, Class = numeric

MinTile_TileMatrix_19_chr19: length = 1
[1] 123



2024-05-28 19:19:52.300653 : MaxTile_TileMatrix_19_chr19, Class = numeric

MaxTile_TileMatrix_19_chr19: length = 1
[1] 117216



2024-05-28 19:19:52.330252 : MinCell_TileMatrix_19_chr19, Class = integer

MinCell_TileMatrix_19_chr19: length = 1
[1] 1



2024-05-28 19:19:52.351723 : MaxCell_TileMatrix_19_chr19, Class = integer

MaxCell_TileMatrix_19_chr19: length = 1
[1] 2719


2024-05-28 19:19:54.540743 : Adding TileMatrix to e10l2 for Chr (17 of 23)!, 4.617 mins elapsed.

2024-05-28 19:19:55.077032 : NTiles_TileMatrix_17_chr17, Class = numeric

NTiles_TileMatrix_17_chr17: length = 1
 chr17 
166515 



2024-05-28 19:19:55.134336 : NCells_TileMatrix_17_chr17, Class = integer

NCells_TileMatrix_17_chr17: length = 1
[1] 3539



2024-05-28 19:19:55.169698 : MinTile_TileMatrix_17_chr17, Class = numeric

MinTile_TileMatrix_17_chr17: length = 1
[1] 126



2024-05-28 19:19:55.212747 : MaxTile_TileMatrix_17_chr17, Class = numeric

MaxTile_TileMatrix_17_chr17: length = 1
[1] 166495



2024-05-28 19:19:55.236892 : MinCell_TileMatrix_17_chr17, Class = integer

MinCell_TileMatrix_17_chr17: length = 1
[1] 1



2024-05-28 19:19:55.249614 : MaxCell_TileMatrix_17_chr17, Class = integer

MaxCell_TileMatrix_17_chr17: length = 1
[1] 3539


2024-05-28 19:20:03.398933 : Adding TileMatrix to e10l1 for Chr (20 of 23)!, 6.077 mins elapsed.

2024-05-28 19:20:03.659386 : NTiles_TileMatrix_20_chr20, Class = numeric

NTiles_TileMatrix_20_chr20: length = 1
 chr20 
128889 



2024-05-28 19:20:03.665713 : NCells_TileMatrix_20_chr20, Class = integer

NCells_TileMatrix_20_chr20: length = 1
[1] 2719



2024-05-28 19:20:03.672681 : MinTile_TileMatrix_20_chr20, Class = numeric

MinTile_TileMatrix_20_chr20: length = 1
[1] 121



2024-05-28 19:20:03.681446 : MaxTile_TileMatrix_20_chr20, Class = numeric

MaxTile_TileMatrix_20_chr20: length = 1
[1] 128668



2024-05-28 19:20:03.693648 : MinCell_TileMatrix_20_chr20, Class = integer

MinCell_TileMatrix_20_chr20: length = 1
[1] 1



2024-05-28 19:20:03.700356 : MaxCell_TileMatrix_20_chr20, Class = integer

MaxCell_TileMatrix_20_chr20: length = 1
[1] 2719


2024-05-28 19:20:05.112629 : Adding TileMatrix to e10l2 for Chr (18 of 23)!, 4.793 mins elapsed.

2024-05-28 19:20:05.874932 : NTiles_TileMatrix_18_chr18, Class = numeric

NTiles_TileMatrix_18_chr18: length = 1
 chr18 
160747 



2024-05-28 19:20:05.902027 : NCells_TileMatrix_18_chr18, Class = integer

NCells_TileMatrix_18_chr18: length = 1
[1] 3539



2024-05-28 19:20:05.936572 : MinTile_TileMatrix_18_chr18, Class = numeric

MinTile_TileMatrix_18_chr18: length = 1
[1] 21



2024-05-28 19:20:05.959267 : MaxTile_TileMatrix_18_chr18, Class = numeric

MaxTile_TileMatrix_18_chr18: length = 1
[1] 160527



2024-05-28 19:20:05.990852 : MinCell_TileMatrix_18_chr18, Class = integer

MinCell_TileMatrix_18_chr18: length = 1
[1] 1



2024-05-28 19:20:06.015108 : MaxCell_TileMatrix_18_chr18, Class = integer

MaxCell_TileMatrix_18_chr18: length = 1
[1] 3539


2024-05-28 19:20:12.599776 : Adding TileMatrix to e10l1 for Chr (21 of 23)!, 6.23 mins elapsed.

2024-05-28 19:20:12.790126 : NTiles_TileMatrix_21_chr21, Class = numeric

NTiles_TileMatrix_21_chr21: length = 1
chr21 
93420 



2024-05-28 19:20:12.805193 : NCells_TileMatrix_21_chr21, Class = integer

NCells_TileMatrix_21_chr21: length = 1
[1] 2719



2024-05-28 19:20:12.82278 : MinTile_TileMatrix_21_chr21, Class = numeric

MinTile_TileMatrix_21_chr21: length = 1
[1] 10064



2024-05-28 19:20:12.851699 : MaxTile_TileMatrix_21_chr21, Class = numeric

MaxTile_TileMatrix_21_chr21: length = 1
[1] 93400



2024-05-28 19:20:12.88362 : MinCell_TileMatrix_21_chr21, Class = integer

MinCell_TileMatrix_21_chr21: length = 1
[1] 1



2024-05-28 19:20:12.895969 : MaxCell_TileMatrix_21_chr21, Class = integer

MaxCell_TileMatrix_21_chr21: length = 1
[1] 2719


2024-05-28 19:20:14.605892 : Adding TileMatrix to e10l2 for Chr (19 of 23)!, 4.951 mins elapsed.

2024-05-28 19:20:16.451706 : NTiles_TileMatrix_19_chr19, Class = numeric

NTiles_TileMatrix_19_chr19: length = 1
 chr19 
117236 



2024-05-28 19:20:16.467258 : NCells_TileMatrix_19_chr19, Class = integer

NCells_TileMatrix_19_chr19: length = 1
[1] 3539



2024-05-28 19:20:16.482462 : MinTile_TileMatrix_19_chr19, Class = numeric

MinTile_TileMatrix_19_chr19: length = 1
[1] 126



2024-05-28 19:20:16.505091 : MaxTile_TileMatrix_19_chr19, Class = numeric

MaxTile_TileMatrix_19_chr19: length = 1
[1] 117216



2024-05-28 19:20:16.530171 : MinCell_TileMatrix_19_chr19, Class = integer

MinCell_TileMatrix_19_chr19: length = 1
[1] 1



2024-05-28 19:20:16.546216 : MaxCell_TileMatrix_19_chr19, Class = integer

MaxCell_TileMatrix_19_chr19: length = 1
[1] 3539


2024-05-28 19:20:21.666157 : Adding TileMatrix to e10l1 for Chr (22 of 23)!, 6.381 mins elapsed.
2024-05-28 19:20:31.072971 : Adding TileMatrix to e10l2 for Chr (20 of 23)!, 5.226 mins elapsed.

2024-05-28 19:20:37.188591 : NTiles_TileMatrix_22_chr22, Class = numeric

NTiles_TileMatrix_22_chr22: length = 1
 chr22 
101637 



2024-05-28 19:20:37.906284 : NCells_TileMatrix_22_chr22, Class = integer

NCells_TileMatrix_22_chr22: length = 1
[1] 2719



2024-05-28 19:20:38.917418 : MinTile_TileMatrix_22_chr22, Class = numeric

MinTile_TileMatrix_22_chr22: length = 1
[1] 21064



2024-05-28 19:20:39.259236 : MaxTile_TileMatrix_22_chr22, Class = numeric

MaxTile_TileMatrix_22_chr22: length = 1
[1] 101617



2024-05-28 19:20:39.638414 : MinCell_TileMatrix_22_chr22, Class = integer

MinCell_TileMatrix_22_chr22: length = 1
[1] 1



2024-05-28 19:20:39.702465 : MaxCell_TileMatrix_22_chr22, Class = integer

MaxCell_TileMatrix_22_chr22: length = 1
[1] 2719



2024-05-28 19:20:39.937692 : NTiles_TileMatrix_20_chr20, Class = numeric

NTiles_TileMatrix_20_chr20: length = 1
 chr20 
128889 



2024-05-28 19:20:39.950859 : NCells_TileMatrix_20_chr20, Class = integer

NCells_TileMatrix_20_chr20: length = 1
[1] 3539



2024-05-28 19:20:39.964333 : MinTile_TileMatrix_20_chr20, Class = numeric

MinTile_TileMatrix_20_chr20: length = 1
[1] 121



2024-05-28 19:20:39.975344 : MaxTile_TileMatrix_20_chr20, Class = numeric

MaxTile_TileMatrix_20_chr20: length = 1
[1] 128668



2024-05-28 19:20:39.98786 : MinCell_TileMatrix_20_chr20, Class = integer

MinCell_TileMatrix_20_chr20: length = 1
[1] 1



2024-05-28 19:20:39.993824 : MaxCell_TileMatrix_20_chr20, Class = integer

MaxCell_TileMatrix_20_chr20: length = 1
[1] 3539


2024-05-28 19:20:47.773867 : Adding TileMatrix to e10l1 for Chr (23 of 23)!, 6.816 mins elapsed.
2024-05-28 19:20:47.861923 : Adding TileMatrix to e10l2 for Chr (21 of 23)!, 5.506 mins elapsed.

2024-05-28 19:20:48.311718 : NTiles_TileMatrix_21_chr21, Class = numeric

NTiles_TileMatrix_21_chr21: length = 1

2024-05-28 19:20:48.318146 : NTiles_TileMatrix_23_chrX, Class = numeric
chr21 
93420 


NTiles_TileMatrix_23_chrX: length = 1

  chrX 
312082 


2024-05-28 19:20:48.329473 : NCells_TileMatrix_21_chr21, Class = integer


NCells_TileMatrix_21_chr21: length = 1

2024-05-28 19:20:48.334969 : NCells_TileMatrix_23_chrX, Class = integer
[1] 3539


NCells_TileMatrix_23_chrX: length = 1

[1] 2719



2024-05-28 19:20:48.36423 : MinTile_TileMatrix_21_chr21, Class = numeric


2024-05-28 19:20:48.36668 : MinTile_TileMatrix_23_chrX, Class = numeric
MinTile_TileMatrix_21_chr21: length = 1

[1] 10062
MinTile_TileMatrix_23_chrX: length = 1

[1] 28




2024-05-28 19:20:48.378399 : MaxTile_TileMatrix_21_chr21, Class = numeric

MaxTile_TileMatrix_21_chr21: length = 1

2024-05-28 19:20:48.378872 : MaxTile_TileMatrix_23_chrX, Class = numeric
[1] 93400


MaxTile_TileMatrix_23_chrX: length = 1

[1] 312062



2024-05-28 19:20:48.390611 : MinCell_TileMatrix_21_chr21, Class = integer

2024-05-28 19:20:48.392177 : MinCell_TileMatrix_23_chrX, Class = integer

MinCell_TileMatrix_21_chr21: length = 1

[1] 1
MinCell_TileMatrix_23_chrX: length = 1

[1] 1




2024-05-28 19:20:48.39986 : MaxCell_TileMatrix_21_chr21, Class = integer

2024-05-28 19:20:48.400817 : MaxCell_TileMatrix_23_chrX, Class = integer


MaxCell_TileMatrix_21_chr21: length = 1
MaxCell_TileMatrix_23_chrX: length = 1
[1] 3539
[1] 2719




2024-05-28 19:20:55.584094 : Adding TileMatrix to e10l2 for Chr (22 of 23)!, 5.634 mins elapsed.

2024-05-28 19:20:55.854817 : NTiles_TileMatrix_22_chr22, Class = numeric

NTiles_TileMatrix_22_chr22: length = 1
 chr22 
101637 



2024-05-28 19:20:56.097014 : NCells_TileMatrix_22_chr22, Class = integer

NCells_TileMatrix_22_chr22: length = 1
[1] 3539



2024-05-28 19:20:56.119634 : MinTile_TileMatrix_22_chr22, Class = numeric

MinTile_TileMatrix_22_chr22: length = 1
[1] 21144



2024-05-28 19:20:56.139832 : MaxTile_TileMatrix_22_chr22, Class = numeric

MaxTile_TileMatrix_22_chr22: length = 1
[1] 101617



2024-05-28 19:20:56.160614 : MinCell_TileMatrix_22_chr22, Class = integer

MinCell_TileMatrix_22_chr22: length = 1
[1] 1



2024-05-28 19:20:56.169335 : MaxCell_TileMatrix_22_chr22, Class = integer

MaxCell_TileMatrix_22_chr22: length = 1
[1] 3539


2024-05-28 19:20:58.369631 : (e10l1 : 2 of 2) Finished Adding TileMatrix!, 32.269 mins elapsed.
2024-05-28 19:20:58.377173 : (e10l1 : 2 of 2) Finished Creating Arrow File, 32.269 mins elapsed.
2024-05-28 19:21:03.222611 : Adding TileMatrix to e10l2 for Chr (23 of 23)!, 5.762 mins elapsed.

2024-05-28 19:21:03.718507 : NTiles_TileMatrix_23_chrX, Class = numeric

NTiles_TileMatrix_23_chrX: length = 1
  chrX 
312082 



2024-05-28 19:21:03.751924 : NCells_TileMatrix_23_chrX, Class = integer

NCells_TileMatrix_23_chrX: length = 1
[1] 3539



2024-05-28 19:21:03.777583 : MinTile_TileMatrix_23_chrX, Class = numeric

MinTile_TileMatrix_23_chrX: length = 1
[1] 25



2024-05-28 19:21:03.791714 : MaxTile_TileMatrix_23_chrX, Class = numeric

MaxTile_TileMatrix_23_chrX: length = 1
[1] 312062



2024-05-28 19:21:03.812574 : MinCell_TileMatrix_23_chrX, Class = integer

MinCell_TileMatrix_23_chrX: length = 1
[1] 1



2024-05-28 19:21:03.852447 : MaxCell_TileMatrix_23_chrX, Class = integer

MaxCell_TileMatrix_23_chrX: length = 1
[1] 3539


2024-05-28 19:21:14.219883 : (e10l2 : 1 of 2) Finished Adding TileMatrix!, 32.533 mins elapsed.
2024-05-28 19:21:14.230029 : (e10l2 : 1 of 2) Finished Creating Arrow File, 32.533 mins elapsed.

------- Completed

End Time : 2024-05-28 19:21:14.259573
Elapsed Time Minutes = 32.5677902738253
Elapsed Time Hours = 0.542796613110436

-------



