
           ___      .______        ______  __    __  .______      
          /   \     |   _  \      /      ||  |  |  | |   _  \     
         /  ^  \    |  |_)  |    |  ,----'|  |__|  | |  |_)  |    
        /  /_\  \   |      /     |  |     |   __   | |      /     
       /  _____  \  |  |\  \\___ |  `----.|  |  |  | |  |\  \\___.
      /__/     \__\ | _| `._____| \______||__|  |__| | _| `._____|
    
Logging With ArchR!

Start Time : 2024-05-28 18:46:45.58005

------- ArchR Info

ArchRThreads = 16
ArchRGenome = Hg38

------- System Info

Computer OS = unix

------- Session Info

R version 4.3.3 (2024-02-29)
Platform: x86_64-conda-linux-gnu (64-bit)
Running under: Red Hat Enterprise Linux 8.9 (Ootpa)

Matrix products: default
BLAS/LAPACK: /maps/projects/ralab/people/lpm537/software/anaconda3/envs/Notebook_E2G_240505/lib/libopenblasp-r0.3.27.so;  LAPACK version 3.12.0

Random number generation:
 RNG:     L'Ecuyer-CMRG 
 Normal:  Inversion 
 Sample:  Rejection 
 
locale:
 [1] LC_CTYPE=en_US.UTF-8       LC_NUMERIC=C              
 [3] LC_TIME=en_US.UTF-8        LC_COLLATE=en_US.UTF-8    
 [5] LC_MONETARY=en_US.UTF-8    LC_MESSAGES=en_US.UTF-8   
 [7] LC_PAPER=en_US.UTF-8       LC_NAME=C                 
 [9] LC_ADDRESS=C               LC_TELEPHONE=C            
[11] LC_MEASUREMENT=en_US.UTF-8 LC_IDENTIFICATION=C       

time zone: Europe/Copenhagen
tzcode source: system (glibc)

attached base packages:
[1] stats4    grid      stats     graphics  grDevices utils     datasets 
[8] methods   base     

other attached packages:
 [1] BSgenome.Hsapiens.UCSC.hg38_1.4.5 BSgenome_1.68.0                  
 [3] rtracklayer_1.60.1                Biostrings_2.70.1                
 [5] XVector_0.42.0                    genomation_1.34.0                
 [7] Signac_1.13.0                     Seurat_5.0.3                     
 [9] SeuratObject_5.0.1                sp_2.1-4                         
[11] rhdf5_2.44.0                      SummarizedExperiment_1.30.2      
[13] Biobase_2.60.0                    MatrixGenerics_1.12.3            
[15] Rcpp_1.0.12                       Matrix_1.6-5                     
[17] GenomicRanges_1.54.1              GenomeInfoDb_1.38.1              
[19] IRanges_2.36.0                    S4Vectors_0.40.2                 
[21] BiocGenerics_0.48.1               matrixStats_1.3.0                
[23] data.table_1.15.2                 stringr_1.5.1                    
[25] plyr_1.8.9                        magrittr_2.0.3                   
[27] ggplot2_3.5.1                     gtable_0.3.5                     
[29] gtools_3.9.5                      gridExtra_2.3                    
[31] ArchR_1.0.2                      

loaded via a namespace (and not attached):
  [1] RcppAnnoy_0.0.22         splines_4.3.3            later_1.3.2             
  [4] pbdZMQ_0.3-11            BiocIO_1.10.0            bitops_1.0-7            
  [7] tibble_3.2.1             polyclip_1.10-6          XML_3.99-0.16.1         
 [10] fastDummies_1.7.3        lifecycle_1.0.4          vroom_1.6.5             
 [13] globals_0.16.3           lattice_0.22-6           MASS_7.3-60             
 [16] plotly_4.10.4            plotrix_3.8-4            yaml_2.3.8              
 [19] httpuv_1.6.15            sctransform_0.4.1        spam_2.10-0             
 [22] spatstat.sparse_3.0-3    reticulate_1.36.1        cowplot_1.1.3           
 [25] pbapply_1.7-2            RColorBrewer_1.1-3       abind_1.4-5             
 [28] zlibbioc_1.48.0          Rtsne_0.17               purrr_1.0.2             
 [31] RCurl_1.98-1.14          GenomeInfoDbData_1.2.11  ggrepel_0.9.5           
 [34] irlba_2.3.5.1            listenv_0.9.1            spatstat.utils_3.0-4    
 [37] goftest_1.2-3            RSpectra_0.16-1          spatstat.random_3.2-3   
 [40] fitdistrplus_1.1-11      parallelly_1.37.1        leiden_0.4.3.1          
 [43] codetools_0.2-20         DelayedArray_0.26.7      RcppRoll_0.3.0          
 [46] tidyselect_1.2.1         base64enc_0.1-3          spatstat.explore_3.2-6  
 [49] GenomicAlignments_1.36.0 jsonlite_1.8.8           progressr_0.14.0        
 [52] ggridges_0.5.6           survival_3.6-4           tools_4.3.3             
 [55] ica_1.0-3                glue_1.7.0               IRdisplay_1.1           
 [58] dplyr_1.1.4              withr_3.0.0              fastmap_1.1.1           
 [61] rhdf5filters_1.12.1      fansi_1.0.6              digest_0.6.35           
 [64] R6_2.5.1                 mime_0.12                seqPattern_1.34.0       
 [67] colorspace_2.1-0         scattermore_1.2          tensor_1.5              
 [70] spatstat.data_3.0-4      utf8_1.2.4               tidyr_1.3.1             
 [73] generics_0.1.3           httr_1.4.7               htmlwidgets_1.6.4       
 [76] S4Arrays_1.2.1           uwot_0.1.16              pkgconfig_2.0.3         
 [79] impute_1.76.0            lmtest_0.9-40            htmltools_0.5.8.1       
 [82] dotCall64_1.1-1          scales_1.3.0             png_0.1-8               
 [85] tzdb_0.4.0               reshape2_1.4.4           rjson_0.2.21            
 [88] uuid_1.2-0               nlme_3.1-164             repr_1.1.7              
 [91] zoo_1.8-12               KernSmooth_2.23-22       parallel_4.3.3          
 [94] miniUI_0.1.1.1           restfulr_0.0.15          pillar_1.9.0            
 [97] vctrs_0.6.5              RANN_2.6.1               promises_1.3.0          
[100] xtable_1.8-4             cluster_2.1.6            evaluate_0.23           
[103] readr_2.1.5              cli_3.6.2                compiler_4.3.3          
[106] Rsamtools_2.18.0         rlang_1.1.3              crayon_1.5.2            
[109] future.apply_1.11.2      stringi_1.8.3            gridBase_0.4-7          
[112] viridisLite_0.4.2        deldir_2.0-4             BiocParallel_1.36.0     
[115] munsell_0.5.1            lazyeval_0.2.2           spatstat.geom_3.2-9     
[118] IRkernel_1.3.2           RcppHNSW_0.6.0           hms_1.1.3               
[121] patchwork_1.2.0          bit64_4.0.5              future_1.33.2           
[124] Rhdf5lib_1.22.1          shiny_1.8.1.1            ROCR_1.0-11             
[127] igraph_2.0.3             fastmatch_1.1-4          bit_4.0.5               


------- Log Info


2024-05-28 18:46:45.945792 : createArrowFiles Input-Parameters, Class = list

createArrowFiles Input-Parameters$inputFiles: length = 2
[1] "/maps/projects/ralab_nnfc-AUDIT/people/lpm537/project/E2G/processed/IGVF_240503/230707_IGVF10_McGinnis/ATAC/CELLRANGER/crE10L1_atac/outs/fragments.tsv.gz"
[2] "/maps/projects/ralab_nnfc-AUDIT/people/lpm537/project/E2G/processed/IGVF_240503/230707_IGVF10_McGinnis/ATAC/CELLRANGER/crE10L2_atac/outs/fragments.tsv.gz"


createArrowFiles Input-Parameters$sampleNames: length = 2
[1] "e10l1" "e10l2"


createArrowFiles Input-Parameters$outputNames: length = 2
[1] "e10l1" "e10l2"


createArrowFiles Input-Parameters$minTSS: length = 1
[1] 4


createArrowFiles Input-Parameters$minFrags: length = 1
[1] 1000


createArrowFiles Input-Parameters$maxFrags: length = 1
[1] 1e+05


createArrowFiles Input-Parameters$minFragSize: length = 1
[1] 10


createArrowFiles Input-Parameters$maxFragSize: length = 1
[1] 2000


createArrowFiles Input-Parameters$QCDir: length = 1
[1] "QualityControl"


createArrowFiles Input-Parameters$nucLength: length = 1
[1] 147


createArrowFiles Input-Parameters$promoterRegion: length = 2
[1] 2000  100


createArrowFiles Input-Parameters$excludeChr: length = 2
[1] "chrM" "chrY"


createArrowFiles Input-Parameters$nChunk: length = 1
[1] 5


createArrowFiles Input-Parameters$bcTag: length = 1
[1] "qname"


createArrowFiles Input-Parameters$gsubExpression: length = 0
NULL


createArrowFiles Input-Parameters$bamFlag: length = 0
NULL


createArrowFiles Input-Parameters$offsetPlus: length = 1
[1] 4


createArrowFiles Input-Parameters$offsetMinus: length = 1
[1] -5


createArrowFiles Input-Parameters$addTileMat: length = 1
[1] TRUE


createArrowFiles Input-Parameters$addGeneScoreMat: length = 1
[1] FALSE


createArrowFiles Input-Parameters$force: length = 1
[1] TRUE


createArrowFiles Input-Parameters$threads: length = 1
[1] 16


createArrowFiles Input-Parameters$parallelParam: length = 0
NULL


createArrowFiles Input-Parameters$subThreading: length = 1
[1] TRUE


createArrowFiles Input-Parameters$verbose: length = 1
[1] TRUE


createArrowFiles Input-Parameters$cleanTmp: length = 1
[1] TRUE


createArrowFiles Input-Parameters$logFile: length = 1
[1] "ArchRLogs/ArchR-createArrows-3bfa665e838acf-Date-2024-05-28_Time-18-46-45.541911.log"


createArrowFiles Input-Parameters$filterFrags: length = 1
[1] 1000


createArrowFiles Input-Parameters$filterTSS: length = 1
[1] 4



2024-05-28 18:46:46.667835 : 
2024-05-28 18:46:46.68738 : Batch Execution w/ safelapply!, 0 mins elapsed.

###########
2024-05-28 18:46:47.02585 : Creating Arrow File e10l2.arrow (e10l2 : 1 of 2)
###########


###########
2024-05-28 18:46:47.21673 : Creating Arrow File e10l1.arrow (e10l1 : 2 of 2)
###########


2024-05-28 18:46:47.241325 : 

------- Completed

End Time : 2024-05-28 18:46:47.259379
Elapsed Time Minutes = 0.0278188188870748
Elapsed Time Hours = 0.000464003086090088

-------



