
           ___      .______        ______  __    __  .______      
          /   \     |   _  \      /      ||  |  |  | |   _  \     
         /  ^  \    |  |_)  |    |  ,----'|  |__|  | |  |_)  |    
        /  /_\  \   |      /     |  |     |   __   | |      /     
       /  _____  \  |  |\  \\___ |  `----.|  |  |  | |  |\  \\___.
      /__/     \__\ | _| `._____| \______||__|  |__| | _| `._____|
    
Logging With ArchR!

Start Time : 2024-05-28 19:22:04.301843

------- ArchR Info

ArchRThreads = 16
ArchRGenome = Hg38

------- System Info

Computer OS = unix
Total Cores = 192

------- Session Info

R version 4.3.3 (2024-02-29)
Platform: x86_64-conda-linux-gnu (64-bit)
Running under: Red Hat Enterprise Linux 8.9 (Ootpa)

Matrix products: default
BLAS/LAPACK: /maps/projects/ralab/people/lpm537/software/anaconda3/envs/Notebook_E2G_240505/lib/libopenblasp-r0.3.27.so;  LAPACK version 3.12.0

Random number generation:
 RNG:     L'Ecuyer-CMRG 
 Normal:  Inversion 
 Sample:  Rejection 
 
locale:
 [1] LC_CTYPE=en_US.UTF-8       LC_NUMERIC=C              
 [3] LC_TIME=en_US.UTF-8        LC_COLLATE=en_US.UTF-8    
 [5] LC_MONETARY=en_US.UTF-8    LC_MESSAGES=en_US.UTF-8   
 [7] LC_PAPER=en_US.UTF-8       LC_NAME=C                 
 [9] LC_ADDRESS=C               LC_TELEPHONE=C            
[11] LC_MEASUREMENT=en_US.UTF-8 LC_IDENTIFICATION=C       

time zone: Europe/Copenhagen
tzcode source: system (glibc)

attached base packages:
 [1] parallel  stats4    grid      stats     graphics  grDevices utils    
 [8] datasets  methods   base     

other attached packages:
 [1] BSgenome.Hsapiens.UCSC.hg38_1.4.5 BSgenome_1.68.0                  
 [3] rtracklayer_1.60.1                Biostrings_2.70.1                
 [5] XVector_0.42.0                    genomation_1.34.0                
 [7] Signac_1.13.0                     Seurat_5.0.3                     
 [9] SeuratObject_5.0.1                sp_2.1-4                         
[11] rhdf5_2.44.0                      SummarizedExperiment_1.30.2      
[13] Biobase_2.60.0                    MatrixGenerics_1.12.3            
[15] Rcpp_1.0.12                       Matrix_1.6-5                     
[17] GenomicRanges_1.54.1              GenomeInfoDb_1.38.1              
[19] IRanges_2.36.0                    S4Vectors_0.40.2                 
[21] BiocGenerics_0.48.1               matrixStats_1.3.0                
[23] data.table_1.15.2                 stringr_1.5.1                    
[25] plyr_1.8.9                        magrittr_2.0.3                   
[27] ggplot2_3.5.1                     gtable_0.3.5                     
[29] gtools_3.9.5                      gridExtra_2.3                    
[31] ArchR_1.0.2                      

loaded via a namespace (and not attached):
  [1] RcppAnnoy_0.0.22         splines_4.3.3            later_1.3.2             
  [4] pbdZMQ_0.3-11            BiocIO_1.10.0            bitops_1.0-7            
  [7] tibble_3.2.1             polyclip_1.10-6          XML_3.99-0.16.1         
 [10] fastDummies_1.7.3        lifecycle_1.0.4          vroom_1.6.5             
 [13] globals_0.16.3           lattice_0.22-6           MASS_7.3-60             
 [16] plotly_4.10.4            plotrix_3.8-4            yaml_2.3.8              
 [19] httpuv_1.6.15            sctransform_0.4.1        spam_2.10-0             
 [22] spatstat.sparse_3.0-3    reticulate_1.36.1        cowplot_1.1.3           
 [25] pbapply_1.7-2            RColorBrewer_1.1-3       abind_1.4-5             
 [28] zlibbioc_1.48.0          Rtsne_0.17               purrr_1.0.2             
 [31] RCurl_1.98-1.14          GenomeInfoDbData_1.2.11  ggrepel_0.9.5           
 [34] irlba_2.3.5.1            listenv_0.9.1            spatstat.utils_3.0-4    
 [37] goftest_1.2-3            RSpectra_0.16-1          spatstat.random_3.2-3   
 [40] fitdistrplus_1.1-11      parallelly_1.37.1        leiden_0.4.3.1          
 [43] codetools_0.2-20         DelayedArray_0.26.7      RcppRoll_0.3.0          
 [46] tidyselect_1.2.1         base64enc_0.1-3          spatstat.explore_3.2-6  
 [49] GenomicAlignments_1.36.0 jsonlite_1.8.8           progressr_0.14.0        
 [52] ggridges_0.5.6           survival_3.6-4           tools_4.3.3             
 [55] ica_1.0-3                glue_1.7.0               IRdisplay_1.1           
 [58] dplyr_1.1.4              withr_3.0.0              fastmap_1.1.1           
 [61] rhdf5filters_1.12.1      fansi_1.0.6              digest_0.6.35           
 [64] R6_2.5.1                 mime_0.12                seqPattern_1.34.0       
 [67] colorspace_2.1-0         scattermore_1.2          tensor_1.5              
 [70] spatstat.data_3.0-4      utf8_1.2.4               tidyr_1.3.1             
 [73] generics_0.1.3           httr_1.4.7               htmlwidgets_1.6.4       
 [76] S4Arrays_1.2.1           uwot_0.1.16              pkgconfig_2.0.3         
 [79] impute_1.76.0            lmtest_0.9-40            htmltools_0.5.8.1       
 [82] dotCall64_1.1-1          scales_1.3.0             png_0.1-8               
 [85] tzdb_0.4.0               reshape2_1.4.4           rjson_0.2.21            
 [88] uuid_1.2-0               nlme_3.1-164             repr_1.1.7              
 [91] zoo_1.8-12               KernSmooth_2.23-22       miniUI_0.1.1.1          
 [94] restfulr_0.0.15          pillar_1.9.0             vctrs_0.6.5             
 [97] RANN_2.6.1               promises_1.3.0           xtable_1.8-4            
[100] cluster_2.1.6            evaluate_0.23            readr_2.1.5             
[103] cli_3.6.2                compiler_4.3.3           Rsamtools_2.18.0        
[106] rlang_1.1.3              crayon_1.5.2             future.apply_1.11.2     
[109] stringi_1.8.3            gridBase_0.4-7           viridisLite_0.4.2       
[112] deldir_2.0-4             BiocParallel_1.36.0      munsell_0.5.1           
[115] lazyeval_0.2.2           spatstat.geom_3.2-9      IRkernel_1.3.2          
[118] RcppHNSW_0.6.0           hms_1.1.3                patchwork_1.2.0         
[121] bit64_4.0.5              future_1.33.2            Rhdf5lib_1.22.1         
[124] shiny_1.8.1.1            ROCR_1.0-11              igraph_2.0.3            
[127] fastmatch_1.1-4          bit_4.0.5               


------- Log Info


2024-05-28 19:22:04.583166 : IterativeLSI Input-Parameters, Class = list

IterativeLSI Input-Parameters$ArchRProj: length = 1

IterativeLSI Input-Parameters$useMatrix: length = 1
[1] "TileMatrix"


IterativeLSI Input-Parameters$name: length = 1
[1] "IterativeLSI"


IterativeLSI Input-Parameters$iterations: length = 1
[1] 2


IterativeLSI Input-Parameters$firstSelection: length = 1
[1] "top"


IterativeLSI Input-Parameters$depthCol: length = 1
[1] "nFrags"


IterativeLSI Input-Parameters$varFeatures: length = 1
[1] 25000


IterativeLSI Input-Parameters$dimsToUse: length = 30
[1] 1 2 3 4 5 6


IterativeLSI Input-Parameters$LSIMethod: length = 1
[1] 2


IterativeLSI Input-Parameters$scaleDims: length = 1
[1] TRUE


IterativeLSI Input-Parameters$corCutOff: length = 1
[1] 0.75


IterativeLSI Input-Parameters$binarize: length = 1
[1] TRUE


IterativeLSI Input-Parameters$outlierQuantiles: length = 2
[1] 0.02 0.98


IterativeLSI Input-Parameters$filterBias: length = 1
[1] TRUE


IterativeLSI Input-Parameters$sampleCellsPre: length = 1
[1] 10000


IterativeLSI Input-Parameters$projectCellsPre: length = 1
[1] FALSE


IterativeLSI Input-Parameters$sampleCellsFinal: length = 0
NULL


IterativeLSI Input-Parameters$selectionMethod: length = 1
[1] "var"


IterativeLSI Input-Parameters$scaleTo: length = 1
[1] 10000


IterativeLSI Input-Parameters$totalFeatures: length = 1
[1] 5e+05


IterativeLSI Input-Parameters$filterQuantile: length = 1
[1] 0.995


IterativeLSI Input-Parameters$excludeChr: length = 0
NULL


IterativeLSI Input-Parameters$saveIterations: length = 1
[1] TRUE


IterativeLSI Input-Parameters$nPlot: length = 1
[1] 10000


IterativeLSI Input-Parameters$outDir: length = 1
[1] "/maps/projects/ralab_nnfc-AUDIT/people/lpm537/project/E2G/analysis/E2G_240503/data/K562_IGVF/3.Genome_wide_prediction/ArchR/ArchR.240527/ArchR"


IterativeLSI Input-Parameters$threads: length = 1
[1] 16


IterativeLSI Input-Parameters$seed: length = 1
[1] 1


IterativeLSI Input-Parameters$verbose: length = 1
[1] TRUE


IterativeLSI Input-Parameters$force: length = 1
[1] FALSE


IterativeLSI Input-Parameters$logFile: length = 1
[1] "ArchRLogs/ArchR-addIterativeLSI-3bfa665e3462ad-Date-2024-05-28_Time-19-22-04.287244.log"


2024-05-28 19:22:05.261039 : Computing Total Across All Features, 0.006 mins elapsed.
2024-05-28 19:22:09.380938 : Computing Top Features, 0.075 mins elapsed.
###########
2024-05-28 19:22:13.038013 : Running LSI (1 of 2) on Top Features, 0.136 mins elapsed.
###########
2024-05-28 19:22:13.060806 : Creating Partial Matrix, 0.136 mins elapsed.
2024-05-28 19:22:44.165047 : Computing LSI, 0.655 mins elapsed.

2024-05-28 19:22:44.23395 : LSI Parameters, Class = list

LSI Parameters$: length = 1
                       
1 function (name)      
2 .Internal(args(name))


LSI Parameters$mat: nRows = 25000, nCols = 6258
LSI Parameters$mat: NonZeroEntries = 21490897, EntryRange = [ 1 , 1 ]
5 x 5 sparse Matrix of class "dgCMatrix"
     e10l2#GATCCTTCAGCAAATT-1 e10l2#TTTAACGGTGTCCACA-1 e10l2#GGTTACCTCTGGCTGT-1
[1,]                        .                        .                        1
[2,]                        .                        .                        1
[3,]                        .                        1                        .
[4,]                        1                        1                        .
[5,]                        1                        1                        .
     e10l2#ACTTGCTCATCCTGGC-1 e10l2#CGAAGAAAGGGTTAAC-1
[1,]                        .                        .
[2,]                        .                        .
[3,]                        .                        .
[4,]                        .                        .
[5,]                        1                        1


LSI Parameters$LSIMethod: length = 1
[1] 2


LSI Parameters$scaleTo: length = 1
[1] 10000


LSI Parameters$nDimensions: length = 1
[1] 30


LSI Parameters$binarize: length = 1
[1] TRUE


LSI Parameters$outlierQuantiles: length = 2
[1] 0.02 0.98


LSI Parameters$seed: length = 1
[1] 1


LSI Parameters$verbose: length = 1
[1] FALSE


LSI Parameters$tstart: length = 1
[1] "2024-05-28 19:22:04 CEST"


LSI Parameters$logFile: length = 1
[1] "ArchRLogs/ArchR-addIterativeLSI-3bfa665e3462ad-Date-2024-05-28_Time-19-22-04.287244.log"


2024-05-28 19:22:51.514609 : Running LSI, Input Matrix = 0.258 GB, 0.777 mins elapsed.
2024-05-28 19:22:51.683392 : Binarizing Matrix, 0.78 mins elapsed.
2024-05-28 19:22:52.39397 : Computing Term Frequency, 0.792 mins elapsed.
2024-05-28 19:22:52.74228 : Filtering Outliers Based On Counts, 0.798 mins elapsed.
2024-05-28 19:22:53.078017 : Removing 0 Sum Rows, 0.803 mins elapsed.
2024-05-28 19:22:55.158437 : Computing Inverse Document Frequency, 0.838 mins elapsed.
2024-05-28 19:23:00.567008 : Computing SVD using irlba, 0.928 mins elapsed.
2024-05-28 19:24:06.166416 : Projecting Outliers with LSI-Projection (Granja* et al 2019), 2.022 mins elapsed.

2024-05-28 19:24:06.192167 : LSI-Projection Parameters, Class = list

LSI-Projection Parameters$: length = 1
                       
1 function (name)      
2 .Internal(args(name))


LSI-Projection Parameters$mat: nRows = 25000, nCols = 50
LSI-Projection Parameters$mat: NonZeroEntries = 390099, EntryRange = [ 1 , 1 ]
5 x 5 sparse Matrix of class "dgCMatrix"
     e10l2#CGAAGAAAGGGTTAAC-1 e10l2#GAGGCCTAGCTAACGG-1 e10l2#CCGGTTAGTTCCCGTT-1
[1,]                        .                        .                        1
[2,]                        .                        .                        1
[3,]                        .                        .                        .
[4,]                        .                        .                        .
[5,]                        1                        .                        .
     e10l2#CTTCACTTCTAAGCGG-1 e10l2#AACGCGCAGTATCGCC-1
[1,]                        .                        .
[2,]                        1                        .
[3,]                        1                        .
[4,]                        1                        .
[5,]                        .                        1


LSI-Projection Parameters$matSVD: nRows = 6006, nCols = 30
                              LSI1      LSI2      LSI3      LSI4       LSI5
e10l2#CGAAGAAAGGGTTAAC-1 126.07363 -4.104667  9.651016  8.242839 -12.174507
e10l2#GAGGCCTAGCTAACGG-1  73.16288  2.644506  1.749357  3.431946  -2.228984
e10l2#CCGGTTAGTTCCCGTT-1 121.34838  1.886634 10.378939 12.432556 -15.496561
e10l2#CTTCACTTCTAAGCGG-1 118.24345  6.077042  6.935542  7.879058  -6.738746
e10l2#AACGCGCAGTATCGCC-1 119.18796 -1.886226  9.901202  9.239917 -13.207005


LSI-Projection Parameters$returnModel: length = 1
[1] FALSE


LSI-Projection Parameters$verbose: length = 1
[1] FALSE


LSI-Projection Parameters$tstart: length = 0
NULL


LSI-Projection Parameters$logFile: length = 1
[1] "ArchRLogs/ArchR-addIterativeLSI-3bfa665e3462ad-Date-2024-05-28_Time-19-22-04.287244.log"


2024-05-28 19:24:06.544153 : Projecting LSI, Input Matrix = 0.005 GB, 0 mins elapsed.
2024-05-28 19:24:06.566702 : Subsetting by Non-Zero features in inital Matrix, 0 mins elapsed.
2024-05-28 19:24:06.580376 : Binarizing Matrix, 0.001 mins elapsed.
2024-05-28 19:24:06.606538 : Computing Term Frequency, 0.001 mins elapsed.
2024-05-28 19:24:06.614864 : Computing Inverse Document Frequency, 0.001 mins elapsed.
2024-05-28 19:24:06.622248 : Computing TF-IDF Matrix, 0.001 mins elapsed.
2024-05-28 19:24:09.343317 : Calculating V Matrix, 0.047 mins elapsed.
2024-05-28 19:24:09.355583 : Computing Projected Coordinates, 0.047 mins elapsed.

2024-05-28 19:24:09.374952 : LSI-Projection Parameters, Class = list

LSI-Projection Parameters$: length = 1
                       
1 function (name)      
2 .Internal(args(name))


LSI-Projection Parameters$mat: nRows = 25000, nCols = 252
LSI-Projection Parameters$mat: NonZeroEntries = 1346024, EntryRange = [ 1 , 1 ]
5 x 5 sparse Matrix of class "dgCMatrix"
     e10l2#GATCCTTCAGCAAATT-1 e10l2#TTTAACGGTGTCCACA-1 e10l2#GGTTACCTCTGGCTGT-1
[1,]                        .                        .                        1
[2,]                        .                        .                        1
[3,]                        .                        1                        .
[4,]                        1                        1                        .
[5,]                        1                        1                        .
     e10l2#ACTTGCTCATCCTGGC-1 e10l2#CAAACCCTCTGTTGGC-1
[1,]                        .                        .
[2,]                        .                        1
[3,]                        .                        .
[4,]                        .                        .
[5,]                        1                        .


LSI-Projection Parameters$matSVD: nRows = 6006, nCols = 30
                              LSI1      LSI2      LSI3      LSI4       LSI5
e10l2#CGAAGAAAGGGTTAAC-1 126.07363 -4.104667  9.651016  8.242839 -12.174507
e10l2#GAGGCCTAGCTAACGG-1  73.16288  2.644506  1.749357  3.431946  -2.228984
e10l2#CCGGTTAGTTCCCGTT-1 121.34838  1.886634 10.378939 12.432556 -15.496561
e10l2#CTTCACTTCTAAGCGG-1 118.24345  6.077042  6.935542  7.879058  -6.738746
e10l2#AACGCGCAGTATCGCC-1 119.18796 -1.886226  9.901202  9.239917 -13.207005


LSI-Projection Parameters$returnModel: length = 1
[1] FALSE


LSI-Projection Parameters$verbose: length = 1
[1] FALSE


LSI-Projection Parameters$tstart: length = 0
NULL


LSI-Projection Parameters$logFile: length = 1
[1] "ArchRLogs/ArchR-addIterativeLSI-3bfa665e3462ad-Date-2024-05-28_Time-19-22-04.287244.log"


2024-05-28 19:24:09.427498 : Projecting LSI, Input Matrix = 0.016 GB, 0 mins elapsed.
2024-05-28 19:24:09.42887 : Subsetting by Non-Zero features in inital Matrix, 0 mins elapsed.
2024-05-28 19:24:09.435787 : Binarizing Matrix, 0 mins elapsed.
2024-05-28 19:24:09.446126 : Computing Term Frequency, 0 mins elapsed.
2024-05-28 19:24:09.454808 : Computing Inverse Document Frequency, 0 mins elapsed.
2024-05-28 19:24:09.456544 : Computing TF-IDF Matrix, 0 mins elapsed.
2024-05-28 19:24:11.452643 : Calculating V Matrix, 0.034 mins elapsed.
2024-05-28 19:24:11.488931 : Computing Projected Coordinates, 0.034 mins elapsed.
2024-05-28 19:24:11.506058 : Finished LSI (TF-IDF SVD) using irlba, 2.111 mins elapsed.

2024-05-28 19:24:15.724324 : outLSI-1, Class = SimpleList

outLSI-1$matSVD: nRows = 6258, nCols = 30
                             LSI1      LSI2       LSI3      LSI4       LSI5
e10l2#GATCCTTCAGCAAATT-1 144.4601  6.429560   9.757148 -1.636382 -19.392838
e10l2#TTTAACGGTGTCCACA-1 149.9118  7.026980  14.697332  4.315470  -8.676977
e10l2#GGTTACCTCTGGCTGT-1 148.6630 11.498023   5.300200 -1.826230 -13.637478
e10l2#ACTTGCTCATCCTGGC-1 136.0439 -5.151459 -14.362223 -7.335338 -12.181544
e10l2#CGAAGAAAGGGTTAAC-1 126.0736 -4.104667   9.651016  8.242839 -12.174507


outLSI-1$rowSm: length = 25000
[1] 642 896 515 577 732 477


outLSI-1$nCol: length = 1
[1] 6006


outLSI-1$exclude: length = 0
NULL


outLSI-1$idx: length = 25000
[1] 1 2 3 4 5 6


outLSI-1$u: nRows = 25000, nCols = 30
            [,1]        [,2]          [,3]          [,4]          [,5]
[1,] 0.005482753 0.004341543  0.0003893164  0.0036576256  0.0004511767
[2,] 0.006811584 0.000976210 -0.0015388020  0.0064361089  0.0015775830
[3,] 0.004611140 0.002135766  0.0110207049  0.0015276552 -0.0011491336
[4,] 0.005038554 0.001252057  0.0034571699 -0.0075487702 -0.0064000087
[5,] 0.005875674 0.001644798 -0.0047972742  0.0007938361 -0.0020077042


outLSI-1$v: nRows = 6006, nCols = 30
           [,1]         [,2]        [,3]        [,4]        [,5]
[1,] 0.02314333 -0.008162645 0.021620399 0.020616638 -0.03242643
[2,] 0.01343050  0.005258931 0.003918943 0.008583837 -0.00593683
[3,] 0.02227591  0.003751809 0.023251105 0.031095781 -0.04127462
[4,] 0.02170594  0.012084958 0.015537139 0.019706765 -0.01794844
[5,] 0.02187933 -0.003750997 0.022180870 0.023110487 -0.03517646


outLSI-1$binarize: length = 1
[1] TRUE


outLSI-1$scaleTo: length = 1
[1] 10000


outLSI-1$nDimensions: length = 1
[1] 30


outLSI-1$LSIMethod: length = 1
[1] 2


outLSI-1$outliers: length = 252
[1] "e10l2#GATCCTTCAGCAAATT-1" "e10l2#TTTAACGGTGTCCACA-1"
[3] "e10l2#GGTTACCTCTGGCTGT-1" "e10l2#ACTTGCTCATCCTGGC-1"
[5] "e10l2#CAAACCCTCTGTTGGC-1" "e10l2#TCAGCCTAGATTAGCA-1"


outLSI-1$date: length = 1
[1] "2024-05-28"


outLSI-1$seed: length = 1
[1] 1


outLSI-1$scaleDims: length = 1
[1] TRUE


outLSI-1$useMatrix: length = 1
[1] "TileMatrix"


outLSI-1$tileSize: length = 1
[1] 500



2024-05-28 19:24:15.803698 : Cluster Params, Class = list

Cluster Params$: length = 1
                       
1 function (name)      
2 .Internal(args(name))


Cluster Params$matSVD: nRows = 6258, nCols = 30
                             LSI1      LSI2       LSI3      LSI4       LSI5
e10l2#GATCCTTCAGCAAATT-1 144.4601  6.429560   9.757148 -1.636382 -19.392838
e10l2#TTTAACGGTGTCCACA-1 149.9118  7.026980  14.697332  4.315470  -8.676977
e10l2#GGTTACCTCTGGCTGT-1 148.6630 11.498023   5.300200 -1.826230 -13.637478
e10l2#ACTTGCTCATCCTGGC-1 136.0439 -5.151459 -14.362223 -7.335338 -12.181544
e10l2#CGAAGAAAGGGTTAAC-1 126.0736 -4.104667   9.651016  8.242839 -12.174507


Cluster Params$corCutOff: length = 1
[1] 0.75


Cluster Params$dimsToUse: length = 30
[1] 1 2 3 4 5 6


Cluster Params$scaleDims: length = 1
[1] TRUE


Cluster Params$verbose: length = 1
[1] TRUE


Cluster Params$j: length = 1
[1] 1


Cluster Params$filterBias: length = 1
[1] TRUE


Cluster Params$cellNames: length = 6258
[1] "e10l2#GATCCTTCAGCAAATT-1" "e10l2#TTTAACGGTGTCCACA-1"
[3] "e10l2#GGTTACCTCTGGCTGT-1" "e10l2#ACTTGCTCATCCTGGC-1"
[5] "e10l2#CGAAGAAAGGGTTAAC-1" "e10l2#CAAACCCTCTGTTGGC-1"


Cluster Params$cellDepth: length = 6258
e10l2#GATCCTTCAGCAAATT-1 e10l2#TTTAACGGTGTCCACA-1 e10l2#GGTTACCTCTGGCTGT-1 
                4.889117                 4.880854                 4.828447 
e10l2#ACTTGCTCATCCTGGC-1 e10l2#CGAAGAAAGGGTTAAC-1 e10l2#CAAACCCTCTGTTGGC-1 
                4.811334                 4.799685                 4.787921 


Cluster Params$tstart: length = 1
[1] "2024-05-28 19:22:04 CEST"


Cluster Params$logFile: length = 1
[1] "ArchRLogs/ArchR-addIterativeLSI-3bfa665e3462ad-Date-2024-05-28_Time-19-22-04.287244.log"


2024-05-28 19:24:15.857839 : Identifying Clusters, 2.183 mins elapsed.

2024-05-28 19:24:15.865222 : addClusters Input-Parameters, Class = list

addClusters Input-Parameters$: length = 1
                       
1 function (name)      
2 .Internal(args(name))


addClusters Input-Parameters$input: nRows = 6258, nCols = 30
                             LSI1        LSI2        LSI3        LSI4
e10l2#GATCCTTCAGCAAATT-1 5.155172  0.05053620  0.17359682 -0.24775785
e10l2#TTTAACGGTGTCCACA-1 5.153952  0.01115902  0.28723485 -0.08643524
e10l2#GGTTACCTCTGGCTGT-1 5.181654  0.20111206 -0.02393468 -0.28269964
e10l2#ACTTGCTCATCCTGGC-1 5.187356 -0.38685185 -0.75048086 -0.47306854
e10l2#CGAAGAAAGGGTTAAC-1 5.103926 -0.36728969  0.21084290  0.15165911
                               LSI5
e10l2#GATCCTTCAGCAAATT-1 -0.9044257
e10l2#TTTAACGGTGTCCACA-1 -0.5540670
e10l2#GGTTACCTCTGGCTGT-1 -0.7115732
e10l2#ACTTGCTCATCCTGGC-1 -0.6643905
e10l2#CGAAGAAAGGGTTAAC-1 -0.7064540


addClusters Input-Parameters$reducedDims: length = 1
[1] "IterativeLSI"


addClusters Input-Parameters$name: length = 1
[1] "Clusters"


addClusters Input-Parameters$sampleCells: length = 1
[1] 10000


addClusters Input-Parameters$seed: length = 1
[1] 1


addClusters Input-Parameters$method: length = 1
[1] "Seurat"


addClusters Input-Parameters$dimsToUse: length = 0
NULL


addClusters Input-Parameters$scaleDims: length = 0
NULL


addClusters Input-Parameters$corCutOff: length = 1
[1] 0.75


addClusters Input-Parameters$knnAssign: length = 1
[1] 10


addClusters Input-Parameters$nOutlier: length = 1
[1] 5


addClusters Input-Parameters$maxClusters: length = 1
[1] 6


addClusters Input-Parameters$testBias: length = 1
[1] TRUE


addClusters Input-Parameters$filterBias: length = 1
[1] TRUE


addClusters Input-Parameters$biasClusters: length = 1
[1] 0.01


addClusters Input-Parameters$biasCol: length = 1
[1] "nFrags"


addClusters Input-Parameters$biasVals: length = 6258
[1] 4.889117 4.880854 4.828447 4.811334 4.799685 4.787921


addClusters Input-Parameters$biasQuantiles: length = 2
[1] 0.05 0.95


addClusters Input-Parameters$biasEnrich: length = 1
[1] 10


addClusters Input-Parameters$biasProportion: length = 1
[1] 0.5


addClusters Input-Parameters$biasPval: length = 1
[1] 0.05


addClusters Input-Parameters$nPerm: length = 1
[1] 500


addClusters Input-Parameters$prefix: length = 1
[1] "C"


addClusters Input-Parameters$ArchRProj: length = 0
NULL


addClusters Input-Parameters$verbose: length = 1
[1] FALSE


addClusters Input-Parameters$tstart: length = 0
NULL


addClusters Input-Parameters$force: length = 1
[1] FALSE


addClusters Input-Parameters$logFile: length = 1
[1] "ArchRLogs/ArchR-addIterativeLSI-3bfa665e3462ad-Date-2024-05-28_Time-19-22-04.287244.log"


addClusters Input-Parameters$...: length = 2

2024-05-28 19:24:15.992619 : Running Seurats FindClusters (Stuart et al. Cell 2019), 0 mins elapsed.
2024-05-28 19:24:21.936984 : Testing Outlier Clusters, 0.099 mins elapsed.
2024-05-28 19:24:22.052139 : Identified more clusters than maxClusters allowed (n = 0). Merging clusters to maxClusters (n = 6).
If this is not desired set maxClusters = NULL!, 0.101 mins elapsed.
2024-05-28 19:24:22.203932 : Assigning Cluster Names to 6 Clusters, 0.104 mins elapsed.
2024-05-28 19:24:22.436494 : Finished addClusters, 0.108 mins elapsed.
2024-05-28 19:24:22.644698 : Identified 6 Clusters, 2.296 mins elapsed.

2024-05-28 19:24:22.792052 : clusterDF-1, Class = DFrame
DataFrame with 6258 rows and 2 columns
                  cellNames    clusters
                <character> <character>
1    e10l2#GATCCTTCAGCAAA..          C5
2    e10l2#TTTAACGGTGTCCA..          C5
3    e10l2#GGTTACCTCTGGCT..          C5
4    e10l2#ACTTGCTCATCCTG..          C3
5    e10l2#CGAAGAAAGGGTTA..          C3
...                     ...         ...
6254 e10l1#GTTCTGTCACGTTA..          C6
6255 e10l1#ATGCAATCAGTGCA..          C1
6256 e10l1#CTAACCTCATGCGC..          C6
6257 e10l1#TGTTGCTCATGGAT..          C3
6258 e10l1#CCCACATAGAACCT..          C1

2024-05-28 19:24:23.366955 : Saving LSI Iteration, 2.308 mins elapsed.

2024-05-28 19:24:23.478068 : Save iteration, Class = list

Save iteration$: length = 1
                       
1 function (name)      
2 .Internal(args(name))


Save iteration$matSVD: nRows = 6258, nCols = 30
                             LSI1      LSI2       LSI3      LSI4       LSI5
e10l2#GATCCTTCAGCAAATT-1 144.4601  6.429560   9.757148 -1.636382 -19.392838
e10l2#TTTAACGGTGTCCACA-1 149.9118  7.026980  14.697332  4.315470  -8.676977
e10l2#GGTTACCTCTGGCTGT-1 148.6630 11.498023   5.300200 -1.826230 -13.637478
e10l2#ACTTGCTCATCCTGGC-1 136.0439 -5.151459 -14.362223 -7.335338 -12.181544
e10l2#CGAAGAAAGGGTTAAC-1 126.0736 -4.104667   9.651016  8.242839 -12.174507


Save iteration$clusters: length = 6258
[1] "C5" "C5" "C5" "C3" "C3" "C6"


Save iteration$nPlot: length = 1
[1] 10000


Save iteration$ArchRProj: length = 1

Save iteration$scaleDims: length = 1
[1] TRUE


Save iteration$corCutOff: length = 1
[1] 0.75


Save iteration$dimsToUse: length = 30
[1] 1 2 3 4 5 6


Save iteration$j: length = 1
[1] 1


Save iteration$threads: length = 1
[1] 16


Save iteration$outDir: length = 1
[1] "/maps/projects/ralab_nnfc-AUDIT/people/lpm537/project/E2G/analysis/E2G_240503/data/K562_IGVF/3.Genome_wide_prediction/ArchR/ArchR.240527/ArchR/IterativeLSI"


Save iteration$logFile: length = 1
[1] "ArchRLogs/ArchR-addIterativeLSI-3bfa665e3462ad-Date-2024-05-28_Time-19-22-04.287244.log"



************************************************************
2024-05-28 19:24:45.822511 : ERROR Found in .saveIteration for  
LogFile = ArchRLogs/ArchR-addIterativeLSI-3bfa665e3462ad-Date-2024-05-28_Time-19-22-04.287244.log

<simpleError in g$grobs[[legend]]: no such index at level 2
>

2024-05-28 19:24:45.826675 : errorList, Class = list

errorList$: length = 1
                       
1 function (name)      
2 .Internal(args(name))


errorList$matSVD: nRows = 6258, nCols = 30
                             LSI1      LSI2       LSI3      LSI4       LSI5
e10l2#GATCCTTCAGCAAATT-1 144.4601  6.429560   9.757148 -1.636382 -19.392838
e10l2#TTTAACGGTGTCCACA-1 149.9118  7.026980  14.697332  4.315470  -8.676977
e10l2#GGTTACCTCTGGCTGT-1 148.6630 11.498023   5.300200 -1.826230 -13.637478
e10l2#ACTTGCTCATCCTGGC-1 136.0439 -5.151459 -14.362223 -7.335338 -12.181544
e10l2#CGAAGAAAGGGTTAAC-1 126.0736 -4.104667   9.651016  8.242839 -12.174507


errorList$clusters: length = 6258
[1] "C5" "C5" "C5" "C3" "C3" "C6"


errorList$nPlot: length = 1
[1] 10000


errorList$ArchRProj: length = 1

errorList$scaleDims: length = 1
[1] TRUE


errorList$corCutOff: length = 1
[1] 0.75


errorList$dimsToUse: length = 30
[1] 1 2 3 4 5 6


errorList$j: length = 1
[1] 1


errorList$threads: length = 1
[1] 16


errorList$outDir: length = 1
[1] "/maps/projects/ralab_nnfc-AUDIT/people/lpm537/project/E2G/analysis/E2G_240503/data/K562_IGVF/3.Genome_wide_prediction/ArchR/ArchR.240527/ArchR/IterativeLSI"


errorList$logFile: length = 1
[1] "ArchRLogs/ArchR-addIterativeLSI-3bfa665e3462ad-Date-2024-05-28_Time-19-22-04.287244.log"



************************************************************

2024-05-28 19:24:45.883778 : Creating Cluster Matrix on the total Group Features, 2.683 mins elapsed.
2024-05-28 19:25:06.724719 : Computing Variable Features, 3.031 mins elapsed.
###########
2024-05-28 19:25:07.231211 : Running LSI (2 of 2) on Variable Features, 3.039 mins elapsed.
###########
2024-05-28 19:25:07.453238 : Creating Partial Matrix, 3.043 mins elapsed.
2024-05-28 19:25:36.121294 : Computing LSI, 3.521 mins elapsed.

2024-05-28 19:25:36.124559 : LSI Parameters, Class = list

LSI Parameters$: length = 1
                       
1 function (name)      
2 .Internal(args(name))


LSI Parameters$mat: nRows = 25000, nCols = 6258
LSI Parameters$mat: NonZeroEntries = 21022512, EntryRange = [ 1 , 1 ]
5 x 5 sparse Matrix of class "dgCMatrix"
     e10l2#GATCCTTCAGCAAATT-1 e10l2#TTTAACGGTGTCCACA-1 e10l2#GGTTACCTCTGGCTGT-1
[1,]                        .                        1                        .
[2,]                        .                        1                        .
[3,]                        1                        .                        .
[4,]                        1                        .                        .
[5,]                        .                        1                        1
     e10l2#ACTTGCTCATCCTGGC-1 e10l2#CGAAGAAAGGGTTAAC-1
[1,]                        .                        .
[2,]                        .                        .
[3,]                        .                        .
[4,]                        .                        .
[5,]                        .                        1


LSI Parameters$LSIMethod: length = 1
[1] 2


LSI Parameters$scaleTo: length = 1
[1] 10000


LSI Parameters$nDimensions: length = 1
[1] 30


LSI Parameters$binarize: length = 1
[1] TRUE


LSI Parameters$outlierQuantiles: length = 2
[1] 0.02 0.98


LSI Parameters$seed: length = 1
[1] 1


LSI Parameters$verbose: length = 1
[1] FALSE


LSI Parameters$tstart: length = 1
[1] "2024-05-28 19:22:04 CEST"


LSI Parameters$logFile: length = 1
[1] "ArchRLogs/ArchR-addIterativeLSI-3bfa665e3462ad-Date-2024-05-28_Time-19-22-04.287244.log"


2024-05-28 19:25:36.510233 : Running LSI, Input Matrix = 0.253 GB, 3.527 mins elapsed.
2024-05-28 19:25:36.512728 : Binarizing Matrix, 3.527 mins elapsed.
2024-05-28 19:25:36.850048 : Computing Term Frequency, 3.533 mins elapsed.
2024-05-28 19:25:36.94679 : Filtering Outliers Based On Counts, 3.535 mins elapsed.
2024-05-28 19:25:37.1732 : Removing 0 Sum Rows, 3.538 mins elapsed.
2024-05-28 19:25:37.527614 : Computing Inverse Document Frequency, 3.544 mins elapsed.
2024-05-28 19:25:42.42405 : Computing SVD using irlba, 3.626 mins elapsed.
2024-05-28 19:26:25.75845 : Projecting Outliers with LSI-Projection (Granja* et al 2019), 4.348 mins elapsed.

2024-05-28 19:26:25.876166 : LSI-Projection Parameters, Class = list

LSI-Projection Parameters$: length = 1
                       
1 function (name)      
2 .Internal(args(name))


LSI-Projection Parameters$mat: nRows = 25000, nCols = 50
LSI-Projection Parameters$mat: NonZeroEntries = 364228, EntryRange = [ 1 , 1 ]
5 x 5 sparse Matrix of class "dgCMatrix"
     e10l2#GAGGCCTAGCTAACGG-1 e10l2#CTATGTCCACCAAAGC-1 e10l2#CCGGTTAGTTCCCGTT-1
[1,]                        .                        1                        .
[2,]                        .                        1                        .
[3,]                        .                        .                        .
[4,]                        1                        .                        .
[5,]                        .                        .                        .
     e10l2#CTTCACTTCTAAGCGG-1 e10l2#AACGCGCAGTATCGCC-1
[1,]                        1                        .
[2,]                        .                        .
[3,]                        1                        .
[4,]                        1                        .
[5,]                        1                        .


LSI-Projection Parameters$matSVD: nRows = 6001, nCols = 30
                              LSI1       LSI2      LSI3      LSI4      LSI5
e10l2#GAGGCCTAGCTAACGG-1  72.18868  -8.605432  6.774581 -6.324363 -1.797362
e10l2#CTATGTCCACCAAAGC-1 120.21147   3.956079 18.621982  2.294643 16.506950
e10l2#CCGGTTAGTTCCCGTT-1 117.11835 -21.530268  6.451032 -6.847280 12.901938
e10l2#CTTCACTTCTAAGCGG-1 114.65948 -15.689504  7.655971 -3.341071  1.648601
e10l2#AACGCGCAGTATCGCC-1 115.07798 -17.654501  3.990276 -8.350280 12.642473


LSI-Projection Parameters$returnModel: length = 1
[1] FALSE


LSI-Projection Parameters$verbose: length = 1
[1] FALSE


LSI-Projection Parameters$tstart: length = 0
NULL


LSI-Projection Parameters$logFile: length = 1
[1] "ArchRLogs/ArchR-addIterativeLSI-3bfa665e3462ad-Date-2024-05-28_Time-19-22-04.287244.log"


2024-05-28 19:26:31.028637 : Projecting LSI, Input Matrix = 0.004 GB, 0 mins elapsed.
2024-05-28 19:26:31.133812 : Subsetting by Non-Zero features in inital Matrix, 0.002 mins elapsed.
2024-05-28 19:26:31.268301 : Binarizing Matrix, 0.004 mins elapsed.
2024-05-28 19:26:31.347618 : Computing Term Frequency, 0.005 mins elapsed.
2024-05-28 19:26:31.448478 : Computing Inverse Document Frequency, 0.007 mins elapsed.
2024-05-28 19:26:31.5168 : Computing TF-IDF Matrix, 0.008 mins elapsed.
2024-05-28 19:26:34.339762 : Calculating V Matrix, 0.055 mins elapsed.
2024-05-28 19:26:34.36374 : Computing Projected Coordinates, 0.056 mins elapsed.

2024-05-28 19:26:34.39036 : LSI-Projection Parameters, Class = list

LSI-Projection Parameters$: length = 1
                       
1 function (name)      
2 .Internal(args(name))


LSI-Projection Parameters$mat: nRows = 25000, nCols = 257
LSI-Projection Parameters$mat: NonZeroEntries = 1251980, EntryRange = [ 1 , 1 ]
5 x 5 sparse Matrix of class "dgCMatrix"
     e10l2#GATCCTTCAGCAAATT-1 e10l2#TTTAACGGTGTCCACA-1 e10l2#GGTTACCTCTGGCTGT-1
[1,]                        .                        1                        .
[2,]                        .                        1                        .
[3,]                        1                        .                        .
[4,]                        1                        .                        .
[5,]                        .                        1                        1
     e10l2#ACTTGCTCATCCTGGC-1 e10l2#CGAAGAAAGGGTTAAC-1
[1,]                        .                        .
[2,]                        .                        .
[3,]                        .                        .
[4,]                        .                        .
[5,]                        .                        1


LSI-Projection Parameters$matSVD: nRows = 6001, nCols = 30
                              LSI1       LSI2      LSI3      LSI4      LSI5
e10l2#GAGGCCTAGCTAACGG-1  72.18868  -8.605432  6.774581 -6.324363 -1.797362
e10l2#CTATGTCCACCAAAGC-1 120.21147   3.956079 18.621982  2.294643 16.506950
e10l2#CCGGTTAGTTCCCGTT-1 117.11835 -21.530268  6.451032 -6.847280 12.901938
e10l2#CTTCACTTCTAAGCGG-1 114.65948 -15.689504  7.655971 -3.341071  1.648601
e10l2#AACGCGCAGTATCGCC-1 115.07798 -17.654501  3.990276 -8.350280 12.642473


LSI-Projection Parameters$returnModel: length = 1
[1] FALSE


LSI-Projection Parameters$verbose: length = 1
[1] FALSE


LSI-Projection Parameters$tstart: length = 0
NULL


LSI-Projection Parameters$logFile: length = 1
[1] "ArchRLogs/ArchR-addIterativeLSI-3bfa665e3462ad-Date-2024-05-28_Time-19-22-04.287244.log"


2024-05-28 19:26:35.217036 : Projecting LSI, Input Matrix = 0.015 GB, 0 mins elapsed.
2024-05-28 19:26:35.232254 : Subsetting by Non-Zero features in inital Matrix, 0 mins elapsed.
2024-05-28 19:26:35.275418 : Binarizing Matrix, 0.001 mins elapsed.
2024-05-28 19:26:35.333224 : Computing Term Frequency, 0.002 mins elapsed.
2024-05-28 19:26:35.371456 : Computing Inverse Document Frequency, 0.003 mins elapsed.
2024-05-28 19:26:35.406062 : Computing TF-IDF Matrix, 0.003 mins elapsed.
2024-05-28 19:26:37.720834 : Calculating V Matrix, 0.042 mins elapsed.
2024-05-28 19:26:37.758326 : Computing Projected Coordinates, 0.042 mins elapsed.
2024-05-28 19:26:37.79908 : Finished LSI (TF-IDF SVD) using irlba, 4.549 mins elapsed.

2024-05-28 19:26:40.075955 : outLSI-2, Class = SimpleList

outLSI-2$matSVD: nRows = 6258, nCols = 30
                             LSI1        LSI2        LSI3       LSI4       LSI5
e10l2#GATCCTTCAGCAAATT-1 134.6829 -46.0992119 -5.74398941  -6.491938 13.5984252
e10l2#TTTAACGGTGTCCACA-1 140.7489 -50.0367348  6.97921472 -20.347776 -0.2991147
e10l2#GGTTACCTCTGGCTGT-1 137.7755 -35.5022440  0.07010789   4.656289  9.4000051
e10l2#ACTTGCTCATCCTGGC-1 127.4806  -0.0275521 12.03230001   7.434794 23.0096863
e10l2#CGAAGAAAGGGTTAAC-1 121.8255 -18.4744594  9.78471367 -16.112150  9.9939742


outLSI-2$rowSm: length = 25000
[1]  515  334  200  481  737 1406


outLSI-2$nCol: length = 1
[1] 6001


outLSI-2$exclude: length = 0
NULL


outLSI-2$idx: length = 25000
[1] 1 2 3 4 5 6


outLSI-2$u: nRows = 25000, nCols = 30
            [,1]         [,2]         [,3]          [,4]          [,5]
[1,] 0.004588687 -0.006834779 -0.002969061 -0.0024344838 -0.0003304157
[2,] 0.003415580 -0.006197816 -0.001219375 -0.0005756678 -0.0004076108
[3,] 0.002256430 -0.002094046  0.004627908 -0.0094013883 -0.0049189731
[4,] 0.004402693 -0.001428283  0.002526808  0.0008336854  0.0044380273
[5,] 0.005901856 -0.005481020 -0.002236143 -0.0016379057  0.0061895860


outLSI-2$v: nRows = 6001, nCols = 30
           [,1]        [,2]        [,3]         [,4]         [,5]
[1,] 0.01310218 -0.01485815 0.012202661 -0.011799501 -0.003798369
[2,] 0.02181828  0.00683057 0.033542701  0.004281166  0.034884177
[3,] 0.02125688 -0.03717418 0.011619872 -0.012775120  0.027265697
[4,] 0.02081059 -0.02708951 0.013790257 -0.006233510  0.003483991
[5,] 0.02088655 -0.03048228 0.007187453 -0.015579300  0.026717368


outLSI-2$binarize: length = 1
[1] TRUE


outLSI-2$scaleTo: length = 1
[1] 10000


outLSI-2$nDimensions: length = 1
[1] 30


outLSI-2$LSIMethod: length = 1
[1] 2


outLSI-2$outliers: length = 257
[1] "e10l2#GATCCTTCAGCAAATT-1" "e10l2#TTTAACGGTGTCCACA-1"
[3] "e10l2#GGTTACCTCTGGCTGT-1" "e10l2#ACTTGCTCATCCTGGC-1"
[5] "e10l2#CGAAGAAAGGGTTAAC-1" "e10l2#CAAACCCTCTGTTGGC-1"


outLSI-2$date: length = 1
[1] "2024-05-28"


outLSI-2$seed: length = 1
[1] 1


outLSI-2$scaleDims: length = 1
[1] TRUE


outLSI-2$useMatrix: length = 1
[1] "TileMatrix"


outLSI-2$tileSize: length = 1
[1] 500


2024-05-28 19:26:50.14752 : Finished Running IterativeLSI, 4.755 mins elapsed.
