
           ___      .______        ______  __    __  .______      
          /   \     |   _  \      /      ||  |  |  | |   _  \     
         /  ^  \    |  |_)  |    |  ,----'|  |__|  | |  |_)  |    
        /  /_\  \   |      /     |  |     |   __   | |      /     
       /  _____  \  |  |\  \\___ |  `----.|  |  |  | |  |\  \\___.
      /__/     \__\ | _| `._____| \______||__|  |__| | _| `._____|
    
Logging With ArchR!

Start Time : 2024-06-15 12:40:30.552102

------- ArchR Info

ArchRThreads = 16
ArchRGenome = Hg38

------- System Info

Computer OS = unix
Total Cores = 104

------- Session Info

R version 4.3.3 (2024-02-29)
Platform: x86_64-conda-linux-gnu (64-bit)
Running under: Red Hat Enterprise Linux 8.9 (Ootpa)

Matrix products: default
BLAS/LAPACK: /maps/projects/ralab/people/lpm537/software/anaconda3/envs/Notebook_E2G_240505/lib/libopenblasp-r0.3.27.so;  LAPACK version 3.12.0

Random number generation:
 RNG:     L'Ecuyer-CMRG 
 Normal:  Inversion 
 Sample:  Rejection 
 
locale:
 [1] LC_CTYPE=en_US.UTF-8       LC_NUMERIC=C              
 [3] LC_TIME=en_US.UTF-8        LC_COLLATE=en_US.UTF-8    
 [5] LC_MONETARY=en_US.UTF-8    LC_MESSAGES=en_US.UTF-8   
 [7] LC_PAPER=en_US.UTF-8       LC_NAME=C                 
 [9] LC_ADDRESS=C               LC_TELEPHONE=C            
[11] LC_MEASUREMENT=en_US.UTF-8 LC_IDENTIFICATION=C       

time zone: Europe/Copenhagen
tzcode source: system (glibc)

attached base packages:
 [1] parallel  stats4    grid      stats     graphics  grDevices utils    
 [8] datasets  methods   base     

other attached packages:
 [1] uwot_0.1.16                       BSgenome.Hsapiens.UCSC.hg38_1.4.5
 [3] BSgenome_1.68.0                   rtracklayer_1.60.1               
 [5] Biostrings_2.70.1                 XVector_0.42.0                   
 [7] genomation_1.34.0                 Signac_1.13.0                    
 [9] Seurat_5.0.3                      SeuratObject_5.0.1               
[11] sp_2.1-4                          rhdf5_2.44.0                     
[13] SummarizedExperiment_1.30.2       Biobase_2.60.0                   
[15] MatrixGenerics_1.12.3             Rcpp_1.0.12                      
[17] Matrix_1.6-5                      GenomicRanges_1.54.1             
[19] GenomeInfoDb_1.38.1               IRanges_2.36.0                   
[21] S4Vectors_0.40.2                  BiocGenerics_0.48.1              
[23] matrixStats_1.3.0                 data.table_1.15.2                
[25] stringr_1.5.1                     plyr_1.8.9                       
[27] magrittr_2.0.3                    ggplot2_3.5.1                    
[29] gtable_0.3.5                      gtools_3.9.5                     
[31] gridExtra_2.3                     ArchR_1.0.2                      

loaded via a namespace (and not attached):
  [1] RcppAnnoy_0.0.22         splines_4.3.3            later_1.3.2             
  [4] pbdZMQ_0.3-11            BiocIO_1.10.0            bitops_1.0-7            
  [7] tibble_3.2.1             polyclip_1.10-6          XML_3.99-0.16.1         
 [10] fastDummies_1.7.3        lifecycle_1.0.4          vroom_1.6.5             
 [13] globals_0.16.3           lattice_0.22-6           MASS_7.3-60             
 [16] plotly_4.10.4            plotrix_3.8-4            yaml_2.3.8              
 [19] httpuv_1.6.15            sctransform_0.4.1        spam_2.10-0             
 [22] spatstat.sparse_3.0-3    reticulate_1.36.1        cowplot_1.1.3           
 [25] pbapply_1.7-2            RColorBrewer_1.1-3       abind_1.4-5             
 [28] zlibbioc_1.48.0          Rtsne_0.17               purrr_1.0.2             
 [31] RCurl_1.98-1.14          GenomeInfoDbData_1.2.11  ggrepel_0.9.5           
 [34] irlba_2.3.5.1            listenv_0.9.1            spatstat.utils_3.0-4    
 [37] goftest_1.2-3            RSpectra_0.16-1          spatstat.random_3.2-3   
 [40] fitdistrplus_1.1-11      parallelly_1.37.1        leiden_0.4.3.1          
 [43] codetools_0.2-20         DelayedArray_0.26.7      RcppRoll_0.3.0          
 [46] tidyselect_1.2.1         farver_2.1.1             base64enc_0.1-3         
 [49] spatstat.explore_3.2-6   GenomicAlignments_1.36.0 jsonlite_1.8.8          
 [52] progressr_0.14.0         ggridges_0.5.6           survival_3.6-4          
 [55] tools_4.3.3              ica_1.0-3                glue_1.7.0              
 [58] IRdisplay_1.1            dplyr_1.1.4              withr_3.0.0             
 [61] fastmap_1.1.1            rhdf5filters_1.12.1      fansi_1.0.6             
 [64] digest_0.6.35            R6_2.5.1                 mime_0.12               
 [67] seqPattern_1.34.0        colorspace_2.1-0         Cairo_1.6-2             
 [70] scattermore_1.2          tensor_1.5               spatstat.data_3.0-4     
 [73] utf8_1.2.4               tidyr_1.3.1              generics_0.1.3          
 [76] httr_1.4.7               htmlwidgets_1.6.4        S4Arrays_1.2.1          
 [79] pkgconfig_2.0.3          impute_1.76.0            lmtest_0.9-40           
 [82] htmltools_0.5.8.1        dotCall64_1.1-1          scales_1.3.0            
 [85] png_0.1-8                tzdb_0.4.0               reshape2_1.4.4          
 [88] rjson_0.2.21             uuid_1.2-0               nlme_3.1-164            
 [91] repr_1.1.7               zoo_1.8-12               KernSmooth_2.23-22      
 [94] miniUI_0.1.1.1           restfulr_0.0.15          pillar_1.9.0            
 [97] vctrs_0.6.5              RANN_2.6.1               promises_1.3.0          
[100] xtable_1.8-4             cluster_2.1.6            evaluate_0.23           
[103] readr_2.1.5              cli_3.6.2                compiler_4.3.3          
[106] Rsamtools_2.18.0         rlang_1.1.3              crayon_1.5.2            
[109] future.apply_1.11.2      labeling_0.4.3           stringi_1.8.3           
[112] gridBase_0.4-7           viridisLite_0.4.2        deldir_2.0-4            
[115] BiocParallel_1.36.0      munsell_0.5.1            lazyeval_0.2.2          
[118] spatstat.geom_3.2-9      IRkernel_1.3.2           RcppHNSW_0.6.0          
[121] hms_1.1.3                patchwork_1.2.0          bit64_4.0.5             
[124] future_1.33.2            Rhdf5lib_1.22.1          shiny_1.8.1.1           
[127] ROCR_1.0-11              igraph_2.0.3             fastmatch_1.1-4         
[130] bit_4.0.5               


------- Log Info


2024-06-15 12:40:30.719398 : addPeak2GeneLinks Input-Parameters, Class = list

addPeak2GeneLinks Input-Parameters$ArchRProj: length = 1

addPeak2GeneLinks Input-Parameters$reducedDims: length = 1
[1] "IterativeLSI"


addPeak2GeneLinks Input-Parameters$useMatrix: length = 1
[1] "GeneExpressionMatrix"


addPeak2GeneLinks Input-Parameters$dimsToUse: length = 30
[1] 1 2 3 4 5 6


addPeak2GeneLinks Input-Parameters$scaleDims: length = 0
NULL


addPeak2GeneLinks Input-Parameters$corCutOff: length = 1
[1] 0.75


addPeak2GeneLinks Input-Parameters$cellsToUse: length = 0
NULL


addPeak2GeneLinks Input-Parameters$k: length = 1
[1] 100


addPeak2GeneLinks Input-Parameters$knnIteration: length = 1
[1] 500


addPeak2GeneLinks Input-Parameters$overlapCutoff: length = 1
[1] 0.8


addPeak2GeneLinks Input-Parameters$maxDist: length = 1
[1] 1e+06


addPeak2GeneLinks Input-Parameters$scaleTo: length = 1
[1] 10000


addPeak2GeneLinks Input-Parameters$log2Norm: length = 1
[1] TRUE


addPeak2GeneLinks Input-Parameters$predictionCutoff: length = 1
[1] 0.4


addPeak2GeneLinks Input-Parameters$addEmpiricalPval: length = 1
[1] FALSE


addPeak2GeneLinks Input-Parameters$seed: length = 1
[1] 1


addPeak2GeneLinks Input-Parameters$threads: length = 1
[1] 16


addPeak2GeneLinks Input-Parameters$verbose: length = 1
[1] TRUE


addPeak2GeneLinks Input-Parameters$logFile: length = 1
[1] "ArchRLogs/ArchR-addPeak2GeneLinks-5df66396cb247-Date-2024-06-15_Time-12-40-30.520407.log"


2024-06-15 12:40:30.832456 : Getting Available Matrices, 0.005 mins elapsed.
2024-06-15 12:40:34.931414 : Filtered Low Prediction Score Cells (0 of 4452, 0), 0.006 mins elapsed.

2024-06-15 12:40:34.945184 : peakSet, Class = GRanges
GRanges object with 153222 ranges and 3 metadata columns:
           seqnames              ranges strand |       idx        GC         N
              <Rle>           <IRanges>  <Rle> | <integer> <numeric> <numeric>
       [1]     chr1         10028-10438      * |         1    0.5207         0
       [2]     chr1       115520-115916      * |         2    0.4156         0
       [3]     chr1       138922-139279      * |         3    0.5754         0
       [4]     chr1       180739-181862      * |         4    0.6770         0
       [5]     chr1       267886-268152      * |         5    0.5131         0
       ...      ...                 ...    ... .       ...       ...       ...
  [153218]     chrX 156002463-156003206      * |      5081    0.5645         0
  [153219]     chrX 156016528-156016739      * |      5082    0.6557         0
  [153220]     chrX 156019809-156020136      * |      5083    0.6098         0
  [153221]     chrX 156029672-156030380      * |      5084    0.5628         0
  [153222]     chrX 156030503-156030824      * |      5085    0.5248         0
  -------
  seqinfo: 23 sequences from an unspecified genome; no seqlengths


2024-06-15 12:40:35.442202 : geneStart, Class = GRanges
GRanges object with 38942 ranges and 2 metadata columns:
          seqnames    ranges strand |            name     idx
             <Rle> <IRanges>  <Rle> |         <array> <array>
      [1]     chr1     29553      * |     MIR1302-2HG       1
      [2]     chr1     29569      * |          WASH7P       2
      [3]     chr1     57597      * | ENSG00000290826       3
      [4]     chr1     65418      * |           OR4F5       4
      [5]     chr1    120931      * | ENSG00000238009       5
      ...      ...       ...    ... .             ...     ...
  [38938]     chrX 155986248      * |         TRPC6P1    1335
  [38939]     chrX 155997695      * |            IL9R    1336
  [38940]     chrX 156004217      * | ENSG00000270726    1337
  [38941]     chrX 156016836      * |          WASIR1    1338
  [38942]     chrX 156020960      * |          WASH6P    1339
  -------
  seqinfo: 23 sequences from an unspecified genome; no seqlengths

2024-06-15 12:40:35.546261 : Computing KNN, 0.017 mins elapsed.
2024-06-15 12:40:36.088459 : Identifying Non-Overlapping KNN pairs, 0.026 mins elapsed.
2024-06-15 12:40:39.326369 : Identified 500 Groupings!, 0.08 mins elapsed.
2024-06-15 12:40:39.422956 : Getting Group RNA Matrix, 0.081 mins elapsed.

2024-06-15 12:41:31.017078 : groupMatRNA, Class = matrix
 
2024-06-15 12:41:31.017078 : groupMatRNA, Class = array
        [,1]      [,2]       [,3]     [,4]       [,5]
f1  0.000000  0.000000  0.8412552 1.393340  1.6820858
f2  0.000000  1.231679  0.0000000 0.000000  0.8436683
f3  0.000000  0.000000  0.0000000 0.000000  0.0000000
f4  1.078749  0.000000  1.0731917 0.000000  0.9480470
f5 15.746649 10.296169 11.2254512 2.683964 13.8135268

groupMatRNA: nRows = 38942, nCols = 500

2024-06-15 12:41:31.033721 : Getting Group ATAC Matrix, 0.942 mins elapsed.

2024-06-15 12:42:17.385804 : groupMatATAC, Class = matrix
 
2024-06-15 12:42:17.385804 : groupMatATAC, Class = array
   [,1] [,2] [,3] [,4] [,5]
f1    0    0    8   12    2
f2    2    4   12    7    2
f3    2    1    6    0    0
f4   17    4   10   12    4
f5    4    4    4    6    4

groupMatATAC: nRows = 153222, nCols = 500

2024-06-15 12:42:17.443687 : Normalizing Group Matrices, 1.715 mins elapsed.

2024-06-15 12:42:24.957366 : seRNA, Class = RangedSummarizedExperiment
class: RangedSummarizedExperiment 
dim: 38942 500 
metadata(1): KNNList
assays(2): RNA RawRNA
rownames(38942): f1 f2 ... f38941 f38942
rowData names(2): name idx
colnames: NULL
colData names(0):


2024-06-15 12:42:25.084207 : seATAC, Class = RangedSummarizedExperiment
class: RangedSummarizedExperiment 
dim: 153222 500 
metadata(1): KNNList
assays(2): ATAC RawATAC
rownames(153222): f1 f2 ... f153221 f153222
rowData names(3): idx GC N
colnames: NULL
colData names(0):

2024-06-15 12:42:34.628185 : Finding Peak Gene Pairings, 2.001 mins elapsed.
2024-06-15 12:42:37.887122 : Computing Correlations, 2.056 mins elapsed.
2024-06-15 12:43:41.399574 : Completed Peak2Gene Correlations!, 3.114 mins elapsed.

------- Completed

End Time : 2024-06-15 12:43:41.44284
Elapsed Time Minutes = 3.18143796126048
Elapsed Time Hours = 0.0530241104629305

-------



