
           ___      .______        ______  __    __  .______      
          /   \     |   _  \      /      ||  |  |  | |   _  \     
         /  ^  \    |  |_)  |    |  ,----'|  |__|  | |  |_)  |    
        /  /_\  \   |      /     |  |     |   __   | |      /     
       /  _____  \  |  |\  \\___ |  `----.|  |  |  | |  |\  \\___.
      /__/     \__\ | _| `._____| \______||__|  |__| | _| `._____|
    
Logging With ArchR!

Start Time : 2024-06-15 12:35:54.961469

------- ArchR Info

ArchRThreads = 16
ArchRGenome = Hg38

------- System Info

Computer OS = unix
Total Cores = 104

------- Session Info

R version 4.3.3 (2024-02-29)
Platform: x86_64-conda-linux-gnu (64-bit)
Running under: Red Hat Enterprise Linux 8.9 (Ootpa)

Matrix products: default
BLAS/LAPACK: /maps/projects/ralab/people/lpm537/software/anaconda3/envs/Notebook_E2G_240505/lib/libopenblasp-r0.3.27.so;  LAPACK version 3.12.0

Random number generation:
 RNG:     L'Ecuyer-CMRG 
 Normal:  Inversion 
 Sample:  Rejection 
 
locale:
 [1] LC_CTYPE=en_US.UTF-8       LC_NUMERIC=C              
 [3] LC_TIME=en_US.UTF-8        LC_COLLATE=en_US.UTF-8    
 [5] LC_MONETARY=en_US.UTF-8    LC_MESSAGES=en_US.UTF-8   
 [7] LC_PAPER=en_US.UTF-8       LC_NAME=C                 
 [9] LC_ADDRESS=C               LC_TELEPHONE=C            
[11] LC_MEASUREMENT=en_US.UTF-8 LC_IDENTIFICATION=C       

time zone: Europe/Copenhagen
tzcode source: system (glibc)

attached base packages:
 [1] parallel  stats4    grid      stats     graphics  grDevices utils    
 [8] datasets  methods   base     

other attached packages:
 [1] uwot_0.1.16                       BSgenome.Hsapiens.UCSC.hg38_1.4.5
 [3] BSgenome_1.68.0                   rtracklayer_1.60.1               
 [5] Biostrings_2.70.1                 XVector_0.42.0                   
 [7] genomation_1.34.0                 Signac_1.13.0                    
 [9] Seurat_5.0.3                      SeuratObject_5.0.1               
[11] sp_2.1-4                          rhdf5_2.44.0                     
[13] SummarizedExperiment_1.30.2       Biobase_2.60.0                   
[15] MatrixGenerics_1.12.3             Rcpp_1.0.12                      
[17] Matrix_1.6-5                      GenomicRanges_1.54.1             
[19] GenomeInfoDb_1.38.1               IRanges_2.36.0                   
[21] S4Vectors_0.40.2                  BiocGenerics_0.48.1              
[23] matrixStats_1.3.0                 data.table_1.15.2                
[25] stringr_1.5.1                     plyr_1.8.9                       
[27] magrittr_2.0.3                    ggplot2_3.5.1                    
[29] gtable_0.3.5                      gtools_3.9.5                     
[31] gridExtra_2.3                     ArchR_1.0.2                      

loaded via a namespace (and not attached):
  [1] RcppAnnoy_0.0.22         splines_4.3.3            later_1.3.2             
  [4] pbdZMQ_0.3-11            BiocIO_1.10.0            bitops_1.0-7            
  [7] tibble_3.2.1             polyclip_1.10-6          XML_3.99-0.16.1         
 [10] fastDummies_1.7.3        lifecycle_1.0.4          vroom_1.6.5             
 [13] globals_0.16.3           lattice_0.22-6           MASS_7.3-60             
 [16] plotly_4.10.4            plotrix_3.8-4            yaml_2.3.8              
 [19] httpuv_1.6.15            sctransform_0.4.1        spam_2.10-0             
 [22] spatstat.sparse_3.0-3    reticulate_1.36.1        cowplot_1.1.3           
 [25] pbapply_1.7-2            RColorBrewer_1.1-3       abind_1.4-5             
 [28] zlibbioc_1.48.0          Rtsne_0.17               purrr_1.0.2             
 [31] RCurl_1.98-1.14          GenomeInfoDbData_1.2.11  ggrepel_0.9.5           
 [34] irlba_2.3.5.1            listenv_0.9.1            spatstat.utils_3.0-4    
 [37] goftest_1.2-3            RSpectra_0.16-1          spatstat.random_3.2-3   
 [40] fitdistrplus_1.1-11      parallelly_1.37.1        leiden_0.4.3.1          
 [43] codetools_0.2-20         DelayedArray_0.26.7      RcppRoll_0.3.0          
 [46] tidyselect_1.2.1         farver_2.1.1             base64enc_0.1-3         
 [49] spatstat.explore_3.2-6   GenomicAlignments_1.36.0 jsonlite_1.8.8          
 [52] progressr_0.14.0         ggridges_0.5.6           survival_3.6-4          
 [55] tools_4.3.3              ica_1.0-3                glue_1.7.0              
 [58] IRdisplay_1.1            dplyr_1.1.4              withr_3.0.0             
 [61] fastmap_1.1.1            rhdf5filters_1.12.1      fansi_1.0.6             
 [64] digest_0.6.35            R6_2.5.1                 mime_0.12               
 [67] seqPattern_1.34.0        colorspace_2.1-0         Cairo_1.6-2             
 [70] scattermore_1.2          tensor_1.5               spatstat.data_3.0-4     
 [73] utf8_1.2.4               tidyr_1.3.1              generics_0.1.3          
 [76] httr_1.4.7               htmlwidgets_1.6.4        S4Arrays_1.2.1          
 [79] pkgconfig_2.0.3          impute_1.76.0            lmtest_0.9-40           
 [82] htmltools_0.5.8.1        dotCall64_1.1-1          scales_1.3.0            
 [85] png_0.1-8                tzdb_0.4.0               reshape2_1.4.4          
 [88] rjson_0.2.21             uuid_1.2-0               nlme_3.1-164            
 [91] repr_1.1.7               zoo_1.8-12               KernSmooth_2.23-22      
 [94] miniUI_0.1.1.1           restfulr_0.0.15          pillar_1.9.0            
 [97] vctrs_0.6.5              RANN_2.6.1               promises_1.3.0          
[100] xtable_1.8-4             cluster_2.1.6            evaluate_0.23           
[103] readr_2.1.5              cli_3.6.2                compiler_4.3.3          
[106] Rsamtools_2.18.0         rlang_1.1.3              crayon_1.5.2            
[109] future.apply_1.11.2      labeling_0.4.3           stringi_1.8.3           
[112] gridBase_0.4-7           viridisLite_0.4.2        deldir_2.0-4            
[115] BiocParallel_1.36.0      munsell_0.5.1            lazyeval_0.2.2          
[118] spatstat.geom_3.2-9      IRkernel_1.3.2           RcppHNSW_0.6.0          
[121] hms_1.1.3                patchwork_1.2.0          bit64_4.0.5             
[124] future_1.33.2            Rhdf5lib_1.22.1          shiny_1.8.1.1           
[127] ROCR_1.0-11              igraph_2.0.3             fastmatch_1.1-4         
[130] bit_4.0.5               


------- Log Info


2024-06-15 12:35:58.039595 : addGeneExpressionMatrix Input-Parameters, Class = list

addGeneExpressionMatrix Input-Parameters$input: length = 1

addGeneExpressionMatrix Input-Parameters$seRNA: length = 39032
class: RangedSummarizedExperiment 
dim: 6 4459 
metadata(0):
assays(1): counts
rownames(6): MIR1302-2HG WASH7P ... ENSG00000238009 CICP27
rowData names(5): feature_type genome id interval name
colnames(4459): e10l1#AAACCAGGTCACAGGG-1 e10l1#AAACCGCCAAGGAATA-1 ...
  e10l2#TTTGTGAGTTAGCGTT-1 e10l2#TTTGTGAGTTCCGGAC-1
colData names(0):


addGeneExpressionMatrix Input-Parameters$chromSizes: length = 24
GRanges object with 6 ranges and 0 metadata columns:
      seqnames      ranges strand
         <Rle>   <IRanges>  <Rle>
  [1]     chr1 1-248956422      *
  [2]     chr2 1-242193529      *
  [3]     chr3 1-198295559      *
  [4]     chr4 1-190214555      *
  [5]     chr5 1-181538259      *
  [6]     chr6 1-170805979      *
  -------
  seqinfo: 24 sequences from an unspecified genome


addGeneExpressionMatrix Input-Parameters$excludeChr: length = 2
[1] "chrM" "chrY"


addGeneExpressionMatrix Input-Parameters$scaleTo: length = 1
[1] 10000


addGeneExpressionMatrix Input-Parameters$verbose: length = 1
[1] TRUE


addGeneExpressionMatrix Input-Parameters$threads: length = 1
[1] 16


addGeneExpressionMatrix Input-Parameters$parallelParam: length = 0
NULL


addGeneExpressionMatrix Input-Parameters$strictMatch: length = 1
[1] TRUE


addGeneExpressionMatrix Input-Parameters$force: length = 1
[1] TRUE


addGeneExpressionMatrix Input-Parameters$logFile: length = 1
[1] "ArchRLogs/ArchR-addGeneExpressionMatrix-5df6663816ede-Date-2024-06-15_Time-12-35-54.494895.log"



2024-06-15 12:36:05.562027 : 

2024-06-15 12:36:05.59625 : 

2024-06-15 12:36:08.690755 : qcInfo, Class = DFrame
DataFrame with 4459 rows and 4 columns
                          Gex_nUMI Gex_nGenes Gex_MitoRatio Gex_RiboRatio
                         <numeric>  <numeric>     <numeric>     <numeric>
e10l1#AAACCAGGTCACAGGG-1      9464       4187    0.00877008     0.0392012
e10l1#AAACCGCCAAGGAATA-1     14106       4958    0.00680561     0.0258046
e10l1#AAACCGCCAGCCGGTA-1      7293       3635    0.00795283     0.0311257
e10l1#AAACCGGTCAAGGAAG-1      6639       3312    0.00602500     0.0290706
e10l1#AAACGAACAACGTGGT-1     17774       5615    0.00742658     0.0447845
...                            ...        ...           ...           ...
e10l2#TTTGGAGCATGCTCCA-1      5383       2432    0.00520156     0.0265651
e10l2#TTTGTCGAGGATGCGC-1     12660       4775    0.00624013     0.0438389
e10l2#TTTGTGAGTATAGCTC-1      8082       3757    0.00804256     0.0562979
e10l2#TTTGTGAGTTAGCGTT-1      4023       2252    0.00546856     0.0221228
e10l2#TTTGTGAGTTCCGGAC-1     12723       4603    0.00392989     0.0425214

2024-06-15 12:36:08.71322 : Batch Execution w/ safelapply!, 0 mins elapsed.

2024-06-15 12:36:09.582843 : featureDF, Class = data.frame
featureDF: nRows = 38942, nCols = 6

2024-06-15 12:36:09.586358 : featureDF, Class = data.frame
featureDF: nRows = 38942, nCols = 6
  seqnames idx  start    end            name strand
1     chr1   1  29553  30267     MIR1302-2HG      3
2     chr1   2  29569  29570          WASH7P      3
3     chr1   3  57597  57598 ENSG00000290826      3
4     chr1   4  65418  65419           OR4F5      3
5     chr1   5 120931 133723 ENSG00000238009      3
6     chr1   6 131024 131025          CICP27      3

  seqnames idx  start    end            name strand
1     chr1   1  29553  30267     MIR1302-2HG      3
2     chr1   2  29569  29570          WASH7P      3
3     chr1   3  57597  57598 ENSG00000290826      3
4     chr1   4  65418  65419           OR4F5      3
5     chr1   5 120931 133723 ENSG00000238009      3
6     chr1   6 131024 131025          CICP27      3



2024-06-15 12:36:10.897924 : Adding e10l2 to GeneExpressionMatrix for Chr (1 of 23)!, 0.036 mins elapsed.
2024-06-15 12:36:10.924354 : Adding e10l1 to GeneExpressionMatrix for Chr (1 of 23)!, 0.037 mins elapsed.
2024-06-15 12:36:21.125508 : Adding e10l1 to GeneExpressionMatrix for Chr (2 of 23)!, 0.207 mins elapsed.
2024-06-15 12:36:28.399428 : Adding e10l2 to GeneExpressionMatrix for Chr (2 of 23)!, 0.328 mins elapsed.
2024-06-15 12:36:33.054921 : Adding e10l1 to GeneExpressionMatrix for Chr (3 of 23)!, 0.406 mins elapsed.
2024-06-15 12:36:39.280226 : Adding e10l2 to GeneExpressionMatrix for Chr (3 of 23)!, 0.509 mins elapsed.
2024-06-15 12:36:43.446471 : Adding e10l1 to GeneExpressionMatrix for Chr (4 of 23)!, 0.579 mins elapsed.
2024-06-15 12:36:50.138298 : Adding e10l1 to GeneExpressionMatrix for Chr (5 of 23)!, 0.69 mins elapsed.
2024-06-15 12:36:52.513292 : Adding e10l2 to GeneExpressionMatrix for Chr (4 of 23)!, 0.73 mins elapsed.
2024-06-15 12:36:56.962783 : Adding e10l1 to GeneExpressionMatrix for Chr (6 of 23)!, 0.804 mins elapsed.
2024-06-15 12:37:06.592794 : Adding e10l2 to GeneExpressionMatrix for Chr (5 of 23)!, 0.965 mins elapsed.
2024-06-15 12:37:06.653654 : Adding e10l1 to GeneExpressionMatrix for Chr (7 of 23)!, 0.966 mins elapsed.
2024-06-15 12:37:13.95374 : Adding e10l1 to GeneExpressionMatrix for Chr (8 of 23)!, 1.087 mins elapsed.
2024-06-15 12:37:17.471336 : Adding e10l2 to GeneExpressionMatrix for Chr (6 of 23)!, 1.146 mins elapsed.
2024-06-15 12:37:22.934565 : Adding e10l1 to GeneExpressionMatrix for Chr (9 of 23)!, 1.237 mins elapsed.
2024-06-15 12:37:31.902878 : Adding e10l2 to GeneExpressionMatrix for Chr (7 of 23)!, 1.386 mins elapsed.
2024-06-15 12:37:34.298081 : Adding e10l1 to GeneExpressionMatrix for Chr (10 of 23)!, 1.426 mins elapsed.
2024-06-15 12:37:43.391206 : Adding e10l2 to GeneExpressionMatrix for Chr (8 of 23)!, 1.578 mins elapsed.
2024-06-15 12:37:45.351235 : Adding e10l1 to GeneExpressionMatrix for Chr (11 of 23)!, 1.611 mins elapsed.
2024-06-15 12:37:53.812612 : Adding e10l2 to GeneExpressionMatrix for Chr (9 of 23)!, 1.752 mins elapsed.
2024-06-15 12:37:55.091321 : Adding e10l1 to GeneExpressionMatrix for Chr (12 of 23)!, 1.773 mins elapsed.
2024-06-15 12:38:07.561408 : Adding e10l2 to GeneExpressionMatrix for Chr (10 of 23)!, 1.981 mins elapsed.
2024-06-15 12:38:08.846777 : Adding e10l1 to GeneExpressionMatrix for Chr (13 of 23)!, 2.002 mins elapsed.
2024-06-15 12:38:13.75008 : Adding e10l2 to GeneExpressionMatrix for Chr (11 of 23)!, 2.084 mins elapsed.
2024-06-15 12:38:17.290209 : Adding e10l1 to GeneExpressionMatrix for Chr (14 of 23)!, 2.143 mins elapsed.
2024-06-15 12:38:22.153291 : Adding e10l2 to GeneExpressionMatrix for Chr (12 of 23)!, 2.224 mins elapsed.
2024-06-15 12:38:25.786413 : Adding e10l1 to GeneExpressionMatrix for Chr (15 of 23)!, 2.285 mins elapsed.
2024-06-15 12:38:32.022632 : Adding e10l2 to GeneExpressionMatrix for Chr (13 of 23)!, 2.388 mins elapsed.
2024-06-15 12:38:40.335501 : Adding e10l1 to GeneExpressionMatrix for Chr (16 of 23)!, 2.527 mins elapsed.
2024-06-15 12:38:40.898653 : Adding e10l2 to GeneExpressionMatrix for Chr (14 of 23)!, 2.536 mins elapsed.
2024-06-15 12:38:47.093901 : Adding e10l1 to GeneExpressionMatrix for Chr (17 of 23)!, 2.64 mins elapsed.
2024-06-15 12:38:47.504548 : Adding e10l2 to GeneExpressionMatrix for Chr (15 of 23)!, 2.647 mins elapsed.
2024-06-15 12:38:56.84417 : Adding e10l1 to GeneExpressionMatrix for Chr (18 of 23)!, 2.802 mins elapsed.
2024-06-15 12:39:00.643879 : Adding e10l2 to GeneExpressionMatrix for Chr (16 of 23)!, 2.865 mins elapsed.
2024-06-15 12:39:16.270441 : Adding e10l2 to GeneExpressionMatrix for Chr (17 of 23)!, 3.126 mins elapsed.
2024-06-15 12:39:18.186244 : Adding e10l1 to GeneExpressionMatrix for Chr (19 of 23)!, 3.158 mins elapsed.
2024-06-15 12:39:23.805933 : Adding e10l2 to GeneExpressionMatrix for Chr (18 of 23)!, 3.252 mins elapsed.
2024-06-15 12:39:25.031693 : Adding e10l1 to GeneExpressionMatrix for Chr (20 of 23)!, 3.272 mins elapsed.
2024-06-15 12:39:33.634947 : Adding e10l1 to GeneExpressionMatrix for Chr (21 of 23)!, 3.415 mins elapsed.
2024-06-15 12:39:36.010737 : Adding e10l2 to GeneExpressionMatrix for Chr (19 of 23)!, 3.455 mins elapsed.
2024-06-15 12:39:43.569776 : Adding e10l1 to GeneExpressionMatrix for Chr (22 of 23)!, 3.581 mins elapsed.
2024-06-15 12:39:44.464077 : Adding e10l2 to GeneExpressionMatrix for Chr (20 of 23)!, 3.596 mins elapsed.
2024-06-15 12:39:52.571253 : Adding e10l1 to GeneExpressionMatrix for Chr (23 of 23)!, 3.731 mins elapsed.
2024-06-15 12:39:53.67203 : Adding e10l2 to GeneExpressionMatrix for Chr (21 of 23)!, 3.749 mins elapsed.
2024-06-15 12:40:10.001751 : Adding e10l2 to GeneExpressionMatrix for Chr (22 of 23)!, 4.021 mins elapsed.
2024-06-15 12:40:18.880962 : Adding e10l2 to GeneExpressionMatrix for Chr (23 of 23)!, 4.169 mins elapsed.

------- Completed

End Time : 2024-06-15 12:40:30.082727
Elapsed Time Minutes = 4.58519469499588
Elapsed Time Hours = 0.0764200673500697

-------



