
           ___      .______        ______  __    __  .______      
          /   \     |   _  \      /      ||  |  |  | |   _  \     
         /  ^  \    |  |_)  |    |  ,----'|  |__|  | |  |_)  |    
        /  /_\  \   |      /     |  |     |   __   | |      /     
       /  _____  \  |  |\  \\___ |  `----.|  |  |  | |  |\  \\___.
      /__/     \__\ | _| `._____| \______||__|  |__| | _| `._____|
    
Logging With ArchR!

Start Time : 2024-05-28 18:52:34.07716

------- ArchR Info

ArchRThreads = 16
ArchRGenome = Hg38

------- System Info

Computer OS = unix
Total Cores = 192

------- Session Info

R version 4.3.3 (2024-02-29)
Platform: x86_64-conda-linux-gnu (64-bit)
Running under: Red Hat Enterprise Linux 8.9 (Ootpa)

Matrix products: default
BLAS/LAPACK: /maps/projects/ralab/people/lpm537/software/anaconda3/envs/Notebook_E2G_240505/lib/libopenblasp-r0.3.27.so;  LAPACK version 3.12.0

Random number generation:
 RNG:     L'Ecuyer-CMRG 
 Normal:  Inversion 
 Sample:  Rejection 
 
locale:
 [1] LC_CTYPE=en_US.UTF-8       LC_NUMERIC=C              
 [3] LC_TIME=en_US.UTF-8        LC_COLLATE=en_US.UTF-8    
 [5] LC_MONETARY=en_US.UTF-8    LC_MESSAGES=en_US.UTF-8   
 [7] LC_PAPER=en_US.UTF-8       LC_NAME=C                 
 [9] LC_ADDRESS=C               LC_TELEPHONE=C            
[11] LC_MEASUREMENT=en_US.UTF-8 LC_IDENTIFICATION=C       

time zone: Europe/Copenhagen
tzcode source: system (glibc)

attached base packages:
 [1] parallel  stats4    grid      stats     graphics  grDevices utils    
 [8] datasets  methods   base     

other attached packages:
 [1] uwot_0.1.16                       Rsamtools_2.18.0                 
 [3] BSgenome.Hsapiens.UCSC.hg38_1.4.5 BSgenome_1.68.0                  
 [5] rtracklayer_1.60.1                Biostrings_2.70.1                
 [7] XVector_0.42.0                    genomation_1.34.0                
 [9] Signac_1.13.0                     Seurat_5.0.3                     
[11] SeuratObject_5.0.1                sp_2.1-4                         
[13] rhdf5_2.44.0                      SummarizedExperiment_1.30.2      
[15] Biobase_2.60.0                    MatrixGenerics_1.12.3            
[17] Rcpp_1.0.12                       Matrix_1.6-5                     
[19] GenomicRanges_1.54.1              GenomeInfoDb_1.38.1              
[21] IRanges_2.36.0                    S4Vectors_0.40.2                 
[23] BiocGenerics_0.48.1               matrixStats_1.3.0                
[25] data.table_1.15.2                 stringr_1.5.1                    
[27] plyr_1.8.9                        magrittr_2.0.3                   
[29] ggplot2_3.5.1                     gtable_0.3.5                     
[31] gtools_3.9.5                      gridExtra_2.3                    
[33] ArchR_1.0.2                      

loaded via a namespace (and not attached):
  [1] RcppAnnoy_0.0.22         splines_4.3.3            later_1.3.2             
  [4] pbdZMQ_0.3-11            BiocIO_1.10.0            bitops_1.0-7            
  [7] tibble_3.2.1             polyclip_1.10-6          XML_3.99-0.16.1         
 [10] fastDummies_1.7.3        lifecycle_1.0.4          vroom_1.6.5             
 [13] globals_0.16.3           lattice_0.22-6           MASS_7.3-60             
 [16] plotly_4.10.4            plotrix_3.8-4            yaml_2.3.8              
 [19] httpuv_1.6.15            sctransform_0.4.1        spam_2.10-0             
 [22] spatstat.sparse_3.0-3    reticulate_1.36.1        cowplot_1.1.3           
 [25] pbapply_1.7-2            RColorBrewer_1.1-3       abind_1.4-5             
 [28] zlibbioc_1.48.0          Rtsne_0.17               purrr_1.0.2             
 [31] RCurl_1.98-1.14          GenomeInfoDbData_1.2.11  ggrepel_0.9.5           
 [34] irlba_2.3.5.1            listenv_0.9.1            spatstat.utils_3.0-4    
 [37] goftest_1.2-3            RSpectra_0.16-1          spatstat.random_3.2-3   
 [40] fitdistrplus_1.1-11      parallelly_1.37.1        leiden_0.4.3.1          
 [43] codetools_0.2-20         DelayedArray_0.26.7      RcppRoll_0.3.0          
 [46] tidyselect_1.2.1         farver_2.1.1             base64enc_0.1-3         
 [49] spatstat.explore_3.2-6   GenomicAlignments_1.36.0 jsonlite_1.8.8          
 [52] progressr_0.14.0         ggridges_0.5.6           survival_3.6-4          
 [55] tools_4.3.3              ica_1.0-3                glue_1.7.0              
 [58] IRdisplay_1.1            dplyr_1.1.4              withr_3.0.0             
 [61] fastmap_1.1.1            rhdf5filters_1.12.1      fansi_1.0.6             
 [64] digest_0.6.35            R6_2.5.1                 mime_0.12               
 [67] seqPattern_1.34.0        colorspace_2.1-0         Cairo_1.6-2             
 [70] scattermore_1.2          tensor_1.5               spatstat.data_3.0-4     
 [73] utf8_1.2.4               tidyr_1.3.1              generics_0.1.3          
 [76] httr_1.4.7               htmlwidgets_1.6.4        S4Arrays_1.2.1          
 [79] pkgconfig_2.0.3          impute_1.76.0            lmtest_0.9-40           
 [82] htmltools_0.5.8.1        dotCall64_1.1-1          scales_1.3.0            
 [85] png_0.1-8                tzdb_0.4.0               reshape2_1.4.4          
 [88] rjson_0.2.21             uuid_1.2-0               nlme_3.1-164            
 [91] repr_1.1.7               zoo_1.8-12               KernSmooth_2.23-22      
 [94] miniUI_0.1.1.1           restfulr_0.0.15          pillar_1.9.0            
 [97] vctrs_0.6.5              RANN_2.6.1               promises_1.3.0          
[100] xtable_1.8-4             cluster_2.1.6            evaluate_0.23           
[103] readr_2.1.5              cli_3.6.2                compiler_4.3.3          
[106] rlang_1.1.3              crayon_1.5.2             future.apply_1.11.2     
[109] labeling_0.4.3           stringi_1.8.3            gridBase_0.4-7          
[112] viridisLite_0.4.2        deldir_2.0-4             BiocParallel_1.36.0     
[115] munsell_0.5.1            lazyeval_0.2.2           spatstat.geom_3.2-9     
[118] IRkernel_1.3.2           RcppHNSW_0.6.0           hms_1.1.3               
[121] patchwork_1.2.0          bit64_4.0.5              future_1.33.2           
[124] Rhdf5lib_1.22.1          shiny_1.8.1.1            ROCR_1.0-11             
[127] igraph_2.0.3             fastmatch_1.1-4          bit_4.0.5               


------- Log Info


2024-05-28 18:52:34.534517 : addPeak2GeneLinks Input-Parameters, Class = list

addPeak2GeneLinks Input-Parameters$ArchRProj: length = 1

addPeak2GeneLinks Input-Parameters$reducedDims: length = 1
[1] "IterativeLSI"


addPeak2GeneLinks Input-Parameters$useMatrix: length = 1
[1] "GeneExpressionMatrix"


addPeak2GeneLinks Input-Parameters$dimsToUse: length = 30
[1] 1 2 3 4 5 6


addPeak2GeneLinks Input-Parameters$scaleDims: length = 0
NULL


addPeak2GeneLinks Input-Parameters$corCutOff: length = 1
[1] 0.75


addPeak2GeneLinks Input-Parameters$cellsToUse: length = 0
NULL


addPeak2GeneLinks Input-Parameters$k: length = 1
[1] 100


addPeak2GeneLinks Input-Parameters$knnIteration: length = 1
[1] 500


addPeak2GeneLinks Input-Parameters$overlapCutoff: length = 1
[1] 0.8


addPeak2GeneLinks Input-Parameters$maxDist: length = 1
[1] 1e+06


addPeak2GeneLinks Input-Parameters$scaleTo: length = 1
[1] 10000


addPeak2GeneLinks Input-Parameters$log2Norm: length = 1
[1] TRUE


addPeak2GeneLinks Input-Parameters$predictionCutoff: length = 1
[1] 0.4


addPeak2GeneLinks Input-Parameters$addEmpiricalPval: length = 1
[1] FALSE


addPeak2GeneLinks Input-Parameters$seed: length = 1
[1] 1


addPeak2GeneLinks Input-Parameters$threads: length = 1
[1] 16


addPeak2GeneLinks Input-Parameters$verbose: length = 1
[1] TRUE


addPeak2GeneLinks Input-Parameters$logFile: length = 1
[1] "ArchRLogs/ArchR-addPeak2GeneLinks-3b662a656f85f-Date-2024-05-28_Time-18-52-34.064537.log"


2024-05-28 18:52:34.637277 : Getting Available Matrices, 0.009 mins elapsed.
2024-05-28 18:52:35.260972 : Filtered Low Prediction Score Cells (0 of 7699, 0), 0.001 mins elapsed.

2024-05-28 18:52:35.269984 : peakSet, Class = GRanges
GRanges object with 157600 ranges and 3 metadata columns:
           seqnames              ranges strand |       idx        GC         N
              <Rle>           <IRanges>  <Rle> | <integer> <numeric> <numeric>
       [1]     chr1          9926-10618      * |         1    0.4935    0.1082
       [2]     chr1         15894-16509      * |         2    0.5471    0.0000
       [3]     chr1         17271-17713      * |         3    0.6253    0.0000
       [4]     chr1         29230-29495      * |         4    0.7895    0.0000
       [5]     chr1       115493-115961      * |         5    0.3966    0.0000
       ...      ...                 ...    ... .       ...       ...       ...
  [157596]     chrX 156009722-156010137      * |      4875    0.6490         0
  [157597]     chrX 156016191-156016823      * |      4876    0.5829         0
  [157598]     chrX 156019811-156020191      * |      4877    0.6063         0
  [157599]     chrX 156025028-156025591      * |      4878    0.6241         0
  [157600]     chrX 156030021-156030865      * |      4879    0.5420         0
  -------
  seqinfo: 23 sequences from an unspecified genome; no seqlengths


2024-05-28 18:52:35.458234 : geneStart, Class = GRanges
GRanges object with 60641 ranges and 2 metadata columns:
          seqnames    ranges strand |            name     idx
             <Rle> <IRanges>  <Rle> |         <array> <array>
      [1]     chr1     12009      * |         DDX11L1       1
      [2]     chr1     17435      * |       MIR6859-1       2
      [3]     chr1     29553      * |     MIR1302-2HG       3
      [4]     chr1     29569      * |          WASH7P       4
      [5]     chr1     30365      * |       MIR1302-2       5
      ...      ...       ...    ... .             ...     ...
  [60637]     chrX 155986248      * |         TRPC6P1    2414
  [60638]     chrX 155997695      * |            IL9R    2415
  [60639]     chrX 156004217      * | ENSG00000270726    2416
  [60640]     chrX 156016836      * |          WASIR1    2417
  [60641]     chrX 156020960      * |          WASH6P    2418
  -------
  seqinfo: 23 sequences from an unspecified genome; no seqlengths

2024-05-28 18:52:35.49515 : Computing KNN, 0.005 mins elapsed.
2024-05-28 18:52:35.984652 : Identifying Non-Overlapping KNN pairs, 0.013 mins elapsed.
2024-05-28 18:52:38.335356 : Identified 494 Groupings!, 0.052 mins elapsed.
2024-05-28 18:52:38.436049 : Getting Group RNA Matrix, 0.054 mins elapsed.

2024-05-28 18:53:23.662375 : groupMatRNA, Class = matrix
 
2024-05-28 18:53:23.662375 : groupMatRNA, Class = array
       [,1]     [,2]      [,3]     [,4]     [,5]
f1 0.000000 0.000000 0.0000000 0.000000 0.000000
f2 0.000000 0.000000 0.0000000 0.000000 0.000000
f3 0.000000 0.000000 0.4063719 0.000000 0.000000
f4 6.494009 3.143918 2.3022286 4.388564 3.655414
f5 0.000000 0.000000 0.0000000 0.000000 0.000000

groupMatRNA: nRows = 60641, nCols = 494

2024-05-28 18:53:23.787845 : Getting Group ATAC Matrix, 0.809 mins elapsed.

2024-05-28 18:54:32.998371 : groupMatATAC, Class = matrix
 
2024-05-28 18:54:32.998371 : groupMatATAC, Class = array
   [,1] [,2] [,3] [,4] [,5]
f1   22   36   33   28   28
f2    7    8   11    5    4
f3    3    6    9    3   12
f4    4    5    8    3    0
f5   12   22   38   11   14

groupMatATAC: nRows = 157600, nCols = 494

2024-05-28 18:54:33.008953 : Normalizing Group Matrices, 1.963 mins elapsed.

2024-05-28 18:54:40.913491 : seRNA, Class = RangedSummarizedExperiment
class: RangedSummarizedExperiment 
dim: 60641 494 
metadata(1): KNNList
assays(2): RNA RawRNA
rownames(60641): f1 f2 ... f60640 f60641
rowData names(2): name idx
colnames: NULL
colData names(0):


2024-05-28 18:54:40.978334 : seATAC, Class = RangedSummarizedExperiment
class: RangedSummarizedExperiment 
dim: 157600 494 
metadata(1): KNNList
assays(2): ATAC RawATAC
rownames(157600): f1 f2 ... f157599 f157600
rowData names(3): idx GC N
colnames: NULL
colData names(0):

2024-05-28 18:54:45.859361 : Finding Peak Gene Pairings, 2.177 mins elapsed.
2024-05-28 18:54:49.330226 : Computing Correlations, 2.235 mins elapsed.
2024-05-28 18:56:01.705856 : Completed Peak2Gene Correlations!, 3.441 mins elapsed.

------- Completed

End Time : 2024-05-28 18:56:01.713376
Elapsed Time Minutes = 3.46056857506434
Elapsed Time Hours = 0.0576762341128455

-------



