
           ___      .______        ______  __    __  .______      
          /   \     |   _  \      /      ||  |  |  | |   _  \     
         /  ^  \    |  |_)  |    |  ,----'|  |__|  | |  |_)  |    
        /  /_\  \   |      /     |  |     |   __   | |      /     
       /  _____  \  |  |\  \\___ |  `----.|  |  |  | |  |\  \\___.
      /__/     \__\ | _| `._____| \______||__|  |__| | _| `._____|
    
Logging With ArchR!

Start Time : 2024-05-28 20:12:57.762178

------- ArchR Info

ArchRThreads = 16
ArchRGenome = Hg38

------- System Info

Computer OS = unix
Total Cores = 192

------- Session Info

R version 4.3.3 (2024-02-29)
Platform: x86_64-conda-linux-gnu (64-bit)
Running under: Red Hat Enterprise Linux 8.9 (Ootpa)

Matrix products: default
BLAS/LAPACK: /maps/projects/ralab/people/lpm537/software/anaconda3/envs/Notebook_E2G_240505/lib/libopenblasp-r0.3.27.so;  LAPACK version 3.12.0

Random number generation:
 RNG:     L'Ecuyer-CMRG 
 Normal:  Inversion 
 Sample:  Rejection 
 
locale:
 [1] LC_CTYPE=en_US.UTF-8       LC_NUMERIC=C              
 [3] LC_TIME=en_US.UTF-8        LC_COLLATE=en_US.UTF-8    
 [5] LC_MONETARY=en_US.UTF-8    LC_MESSAGES=en_US.UTF-8   
 [7] LC_PAPER=en_US.UTF-8       LC_NAME=C                 
 [9] LC_ADDRESS=C               LC_TELEPHONE=C            
[11] LC_MEASUREMENT=en_US.UTF-8 LC_IDENTIFICATION=C       

time zone: Europe/Copenhagen
tzcode source: system (glibc)

attached base packages:
 [1] parallel  stats4    grid      stats     graphics  grDevices utils    
 [8] datasets  methods   base     

other attached packages:
 [1] uwot_0.1.16                       nabor_0.5.0                      
 [3] BSgenome.Hsapiens.UCSC.hg38_1.4.5 BSgenome_1.68.0                  
 [5] rtracklayer_1.60.1                Biostrings_2.70.1                
 [7] XVector_0.42.0                    genomation_1.34.0                
 [9] Signac_1.13.0                     Seurat_5.0.3                     
[11] SeuratObject_5.0.1                sp_2.1-4                         
[13] rhdf5_2.44.0                      SummarizedExperiment_1.30.2      
[15] Biobase_2.60.0                    MatrixGenerics_1.12.3            
[17] Rcpp_1.0.12                       Matrix_1.6-5                     
[19] GenomicRanges_1.54.1              GenomeInfoDb_1.38.1              
[21] IRanges_2.36.0                    S4Vectors_0.40.2                 
[23] BiocGenerics_0.48.1               matrixStats_1.3.0                
[25] data.table_1.15.2                 stringr_1.5.1                    
[27] plyr_1.8.9                        magrittr_2.0.3                   
[29] ggplot2_3.5.1                     gtable_0.3.5                     
[31] gtools_3.9.5                      gridExtra_2.3                    
[33] ArchR_1.0.2                      

loaded via a namespace (and not attached):
  [1] RcppAnnoy_0.0.22         splines_4.3.3            later_1.3.2             
  [4] pbdZMQ_0.3-11            BiocIO_1.10.0            bitops_1.0-7            
  [7] tibble_3.2.1             polyclip_1.10-6          XML_3.99-0.16.1         
 [10] fastDummies_1.7.3        lifecycle_1.0.4          globals_0.16.3          
 [13] lattice_0.22-6           MASS_7.3-60              plotly_4.10.4           
 [16] plotrix_3.8-4            yaml_2.3.8               httpuv_1.6.15           
 [19] sctransform_0.4.1        spam_2.10-0              spatstat.sparse_3.0-3   
 [22] reticulate_1.36.1        cowplot_1.1.3            pbapply_1.7-2           
 [25] RColorBrewer_1.1-3       abind_1.4-5              zlibbioc_1.48.0         
 [28] Rtsne_0.17               purrr_1.0.2              RCurl_1.98-1.14         
 [31] GenomeInfoDbData_1.2.11  ggrepel_0.9.5            irlba_2.3.5.1           
 [34] listenv_0.9.1            spatstat.utils_3.0-4     goftest_1.2-3           
 [37] RSpectra_0.16-1          spatstat.random_3.2-3    fitdistrplus_1.1-11     
 [40] parallelly_1.37.1        leiden_0.4.3.1           codetools_0.2-20        
 [43] DelayedArray_0.26.7      RcppRoll_0.3.0           tidyselect_1.2.1        
 [46] farver_2.1.1             base64enc_0.1-3          spatstat.explore_3.2-6  
 [49] GenomicAlignments_1.36.0 jsonlite_1.8.8           progressr_0.14.0        
 [52] ggridges_0.5.6           survival_3.6-4           tools_4.3.3             
 [55] ica_1.0-3                glue_1.7.0               IRdisplay_1.1           
 [58] dplyr_1.1.4              withr_3.0.0              fastmap_1.1.1           
 [61] rhdf5filters_1.12.1      fansi_1.0.6              digest_0.6.35           
 [64] R6_2.5.1                 mime_0.12                seqPattern_1.34.0       
 [67] colorspace_2.1-0         Cairo_1.6-2              scattermore_1.2         
 [70] tensor_1.5               spatstat.data_3.0-4      utf8_1.2.4              
 [73] tidyr_1.3.1              generics_0.1.3           httr_1.4.7              
 [76] htmlwidgets_1.6.4        S4Arrays_1.2.1           pkgconfig_2.0.3         
 [79] impute_1.76.0            lmtest_0.9-40            htmltools_0.5.8.1       
 [82] dotCall64_1.1-1          scales_1.3.0             png_0.1-8               
 [85] tzdb_0.4.0               reshape2_1.4.4           rjson_0.2.21            
 [88] uuid_1.2-0               nlme_3.1-164             repr_1.1.7              
 [91] zoo_1.8-12               KernSmooth_2.23-22       miniUI_0.1.1.1          
 [94] restfulr_0.0.15          pillar_1.9.0             vctrs_0.6.5             
 [97] RANN_2.6.1               promises_1.3.0           xtable_1.8-4            
[100] cluster_2.1.6            evaluate_0.23            readr_2.1.5             
[103] cli_3.6.2                compiler_4.3.3           Rsamtools_2.18.0        
[106] rlang_1.1.3              crayon_1.5.2             future.apply_1.11.2     
[109] labeling_0.4.3           stringi_1.8.3            gridBase_0.4-7          
[112] viridisLite_0.4.2        deldir_2.0-4             BiocParallel_1.36.0     
[115] munsell_0.5.1            lazyeval_0.2.2           spatstat.geom_3.2-9     
[118] IRkernel_1.3.2           RcppHNSW_0.6.0           hms_1.1.3               
[121] patchwork_1.2.0          future_1.33.2            Rhdf5lib_1.22.1         
[124] shiny_1.8.1.1            ROCR_1.0-11              igraph_2.0.3            
[127] fastmatch_1.1-4         


------- Log Info


2024-05-28 20:12:58.012177 : peakSet, Class = GRanges
GRanges object with 540429 ranges and 3 metadata columns:
           seqnames              ranges strand |       idx        GC         N
              <Rle>           <IRanges>  <Rle> | <integer> <numeric> <numeric>
       [1]     chr1         10010-10536      * |         1    0.5446         0
       [2]     chr1         96496-96699      * |         2    0.4118         0
       [3]     chr1       115495-115930      * |         3    0.4060         0
       [4]     chr1       180470-181899      * |         4    0.6476         0
       [5]     chr1       184379-184607      * |         5    0.5633         0
       ...      ...                 ...    ... .       ...       ...       ...
  [540425]     chrX 156008869-156009386      * |     20740    0.4363         0
  [540426]     chrX 156019809-156020162      * |     20741    0.6130         0
  [540427]     chrX 156025098-156025397      * |     20742    0.6300         0
  [540428]     chrX 156029831-156030380      * |     20743    0.5655         0
  [540429]     chrX 156030497-156030869      * |     20744    0.5362         0
  -------
  seqinfo: 23 sequences from an unspecified genome; no seqlengths

2024-05-28 20:12:58.043252 : Batch Execution w/ safelapply!, 0 mins elapsed.

2024-05-28 20:12:58.889915 : featureDF, Class = data.frame
featureDF: nRows = 540429, nCols = 4
  seqnames idx  start    end
1     chr1   1  10010  10536
2     chr1   2  96496  96699
3     chr1   3 115495 115930
4     chr1   4 180470 181899
5     chr1   5 184379 184607
6     chr1   6 191236 191973



2024-05-28 20:12:59.5065 : featureDF, Class = data.frame
featureDF: nRows = 540429, nCols = 4
  seqnames idx  start    end
1     chr1   1  10010  10536
2     chr1   2  96496  96699
3     chr1   3 115495 115930
4     chr1   4 180470 181899
5     chr1   5 184379 184607
6     chr1   6 191236 191973



2024-05-28 20:12:59.909554 : featureDF, Class = data.frame
featureDF: nRows = 540429, nCols = 4
  seqnames idx  start    end
1     chr1   1  10010  10536
2     chr1   2  96496  96699
3     chr1   3 115495 115930
4     chr1   4 180470 181899
5     chr1   5 184379 184607
6     chr1   6 191236 191973



2024-05-28 20:13:00.359139 : featureDF, Class = data.frame
featureDF: nRows = 540429, nCols = 4
  seqnames idx  start    end
1     chr1   1  10010  10536
2     chr1   2  96496  96699
3     chr1   3 115495 115930
4     chr1   4 180470 181899
5     chr1   5 184379 184607
6     chr1   6 191236 191973



2024-05-28 20:13:00.946012 : featureDF, Class = data.frame
featureDF: nRows = 540429, nCols = 4
  seqnames idx  start    end
1     chr1   1  10010  10536
2     chr1   2  96496  96699
3     chr1   3 115495 115930
4     chr1   4 180470 181899
5     chr1   5 184379 184607
6     chr1   6 191236 191973


2024-05-28 20:13:01.226697 : Adding s3d10 to PeakMatrix for Chr (1 of 23)!, 0.041 mins elapsed.

2024-05-28 20:13:01.497624 : featureDF, Class = data.frame
featureDF: nRows = 540429, nCols = 4
  seqnames idx  start    end
1     chr1   1  10010  10536
2     chr1   2  96496  96699
3     chr1   3 115495 115930
4     chr1   4 180470 181899
5     chr1   5 184379 184607
6     chr1   6 191236 191973


2024-05-28 20:13:01.841625 : Adding s4d8 to PeakMatrix for Chr (1 of 23)!, 0.041 mins elapsed.

2024-05-28 20:13:01.907101 : featureDF, Class = data.frame
featureDF: nRows = 540429, nCols = 4
  seqnames idx  start    end
1     chr1   1  10010  10536
2     chr1   2  96496  96699
3     chr1   3 115495 115930
4     chr1   4 180470 181899
5     chr1   5 184379 184607
6     chr1   6 191236 191973


2024-05-28 20:13:01.999829 : Adding s4d1 to PeakMatrix for Chr (1 of 23)!, 0.037 mins elapsed.

2024-05-28 20:13:02.466389 : featureDF, Class = data.frame
featureDF: nRows = 540429, nCols = 4
  seqnames idx  start    end
1     chr1   1  10010  10536
2     chr1   2  96496  96699
3     chr1   3 115495 115930
4     chr1   4 180470 181899
5     chr1   5 184379 184607
6     chr1   6 191236 191973


2024-05-28 20:13:02.486109 : Adding s3d3 to PeakMatrix for Chr (1 of 23)!, 0.037 mins elapsed.

2024-05-28 20:13:02.667023 : featureDF, Class = data.frame
featureDF: nRows = 540429, nCols = 4
  seqnames idx  start    end
1     chr1   1  10010  10536
2     chr1   2  96496  96699
3     chr1   3 115495 115930
4     chr1   4 180470 181899
5     chr1   5 184379 184607
6     chr1   6 191236 191973



2024-05-28 20:13:03.034647 : featureDF, Class = data.frame
featureDF: nRows = 540429, nCols = 4
  seqnames idx  start    end
1     chr1   1  10010  10536
2     chr1   2  96496  96699
3     chr1   3 115495 115930
4     chr1   4 180470 181899
5     chr1   5 184379 184607
6     chr1   6 191236 191973


2024-05-28 20:13:03.387866 : Adding s1d2 to PeakMatrix for Chr (1 of 23)!, 0.042 mins elapsed.

2024-05-28 20:13:03.453556 : featureDF, Class = data.frame
featureDF: nRows = 540429, nCols = 4
  seqnames idx  start    end
1     chr1   1  10010  10536
2     chr1   2  96496  96699
3     chr1   3 115495 115930
4     chr1   4 180470 181899
5     chr1   5 184379 184607
6     chr1   6 191236 191973


2024-05-28 20:13:03.858692 : Adding s1d1 to PeakMatrix for Chr (1 of 23)!, 0.041 mins elapsed.

2024-05-28 20:13:03.873044 : featureDF, Class = data.frame
featureDF: nRows = 540429, nCols = 4
  seqnames idx  start    end
1     chr1   1  10010  10536
2     chr1   2  96496  96699
3     chr1   3 115495 115930
4     chr1   4 180470 181899
5     chr1   5 184379 184607
6     chr1   6 191236 191973


2024-05-28 20:13:04.252781 : Adding s1d3 to PeakMatrix for Chr (1 of 23)!, 0.041 mins elapsed.

2024-05-28 20:13:04.315831 : featureDF, Class = data.frame
featureDF: nRows = 540429, nCols = 4
  seqnames idx  start    end
1     chr1   1  10010  10536
2     chr1   2  96496  96699
3     chr1   3 115495 115930
4     chr1   4 180470 181899
5     chr1   5 184379 184607
6     chr1   6 191236 191973


2024-05-28 20:13:04.530066 : Adding s3d7 to PeakMatrix for Chr (1 of 23)!, 0.036 mins elapsed.
2024-05-28 20:13:04.828872 : Adding s2d1 to PeakMatrix for Chr (1 of 23)!, 0.038 mins elapsed.
2024-05-28 20:13:05.086274 : Adding s2d5 to PeakMatrix for Chr (1 of 23)!, 0.036 mins elapsed.
2024-05-28 20:13:05.597822 : Adding s4d9 to PeakMatrix for Chr (1 of 23)!, 0.037 mins elapsed.
2024-05-28 20:13:05.945898 : Adding s2d4 to PeakMatrix for Chr (1 of 23)!, 0.036 mins elapsed.
2024-05-28 20:13:06.628877 : Adding s3d6 to PeakMatrix for Chr (1 of 23)!, 0.04 mins elapsed.
2024-05-28 20:13:15.020831 : Adding s3d7 to PeakMatrix for Chr (2 of 23)!, 0.211 mins elapsed.
2024-05-28 20:13:15.02706 : Adding s2d5 to PeakMatrix for Chr (2 of 23)!, 0.202 mins elapsed.
2024-05-28 20:13:15.386202 : Adding s2d4 to PeakMatrix for Chr (2 of 23)!, 0.194 mins elapsed.
2024-05-28 20:13:15.429908 : Adding s1d2 to PeakMatrix for Chr (2 of 23)!, 0.243 mins elapsed.
2024-05-28 20:13:15.533355 : Adding s3d6 to PeakMatrix for Chr (2 of 23)!, 0.189 mins elapsed.
2024-05-28 20:13:15.834568 : Adding s1d3 to PeakMatrix for Chr (2 of 23)!, 0.234 mins elapsed.
2024-05-28 20:13:16.117189 : Adding s4d8 to PeakMatrix for Chr (2 of 23)!, 0.279 mins elapsed.
2024-05-28 20:13:16.131545 : Adding s3d10 to PeakMatrix for Chr (2 of 23)!, 0.289 mins elapsed.
2024-05-28 20:13:16.292424 : Adding s4d9 to PeakMatrix for Chr (2 of 23)!, 0.216 mins elapsed.
2024-05-28 20:13:16.305846 : Adding s4d1 to PeakMatrix for Chr (2 of 23)!, 0.275 mins elapsed.
2024-05-28 20:13:16.441835 : Adding s2d1 to PeakMatrix for Chr (2 of 23)!, 0.231 mins elapsed.
2024-05-28 20:13:16.502518 : Adding s3d3 to PeakMatrix for Chr (2 of 23)!, 0.271 mins elapsed.
2024-05-28 20:13:19.312375 : Adding s1d1 to PeakMatrix for Chr (2 of 23)!, 0.299 mins elapsed.
2024-05-28 20:13:21.232005 : Adding s3d6 to PeakMatrix for Chr (3 of 23)!, 0.284 mins elapsed.
2024-05-28 20:13:21.534175 : Adding s2d4 to PeakMatrix for Chr (3 of 23)!, 0.296 mins elapsed.
2024-05-28 20:13:21.945241 : Adding s2d5 to PeakMatrix for Chr (3 of 23)!, 0.317 mins elapsed.
2024-05-28 20:13:22.877727 : Adding s3d7 to PeakMatrix for Chr (3 of 23)!, 0.342 mins elapsed.
2024-05-28 20:13:23.30295 : Adding s1d3 to PeakMatrix for Chr (3 of 23)!, 0.358 mins elapsed.
2024-05-28 20:13:23.853075 : Adding s1d2 to PeakMatrix for Chr (3 of 23)!, 0.384 mins elapsed.
2024-05-28 20:13:25.060999 : Adding s3d3 to PeakMatrix for Chr (3 of 23)!, 0.413 mins elapsed.
2024-05-28 20:13:25.177678 : Adding s2d1 to PeakMatrix for Chr (3 of 23)!, 0.377 mins elapsed.
2024-05-28 20:13:25.306844 : Adding s4d1 to PeakMatrix for Chr (3 of 23)!, 0.425 mins elapsed.
2024-05-28 20:13:25.319181 : Adding s4d8 to PeakMatrix for Chr (3 of 23)!, 0.432 mins elapsed.
2024-05-28 20:13:26.163529 : Adding s3d6 to PeakMatrix for Chr (4 of 23)!, 0.366 mins elapsed.
2024-05-28 20:13:26.426253 : Adding s3d10 to PeakMatrix for Chr (3 of 23)!, 0.461 mins elapsed.
2024-05-28 20:13:26.765041 : Adding s4d9 to PeakMatrix for Chr (3 of 23)!, 0.39 mins elapsed.
2024-05-28 20:13:27.485092 : Adding s1d1 to PeakMatrix for Chr (3 of 23)!, 0.435 mins elapsed.
2024-05-28 20:13:28.016951 : Adding s2d4 to PeakMatrix for Chr (4 of 23)!, 0.404 mins elapsed.
2024-05-28 20:13:28.644303 : Adding s2d5 to PeakMatrix for Chr (4 of 23)!, 0.429 mins elapsed.
2024-05-28 20:13:28.773445 : Adding s3d7 to PeakMatrix for Chr (4 of 23)!, 0.44 mins elapsed.
2024-05-28 20:13:29.403572 : Adding s1d3 to PeakMatrix for Chr (4 of 23)!, 0.46 mins elapsed.
2024-05-28 20:13:30.73978 : Adding s1d2 to PeakMatrix for Chr (4 of 23)!, 0.498 mins elapsed.
2024-05-28 20:13:30.781142 : Adding s3d6 to PeakMatrix for Chr (5 of 23)!, 0.443 mins elapsed.
2024-05-28 20:13:31.815888 : Adding s3d3 to PeakMatrix for Chr (4 of 23)!, 0.526 mins elapsed.
2024-05-28 20:13:33.296553 : Adding s2d1 to PeakMatrix for Chr (4 of 23)!, 0.512 mins elapsed.
2024-05-28 20:13:33.457375 : Adding s4d8 to PeakMatrix for Chr (4 of 23)!, 0.568 mins elapsed.
2024-05-28 20:13:34.028137 : Adding s3d7 to PeakMatrix for Chr (5 of 23)!, 0.528 mins elapsed.
2024-05-28 20:13:34.059646 : Adding s1d1 to PeakMatrix for Chr (4 of 23)!, 0.545 mins elapsed.
2024-05-28 20:13:34.111809 : Adding s2d4 to PeakMatrix for Chr (5 of 23)!, 0.506 mins elapsed.
2024-05-28 20:13:34.527463 : Adding s4d9 to PeakMatrix for Chr (4 of 23)!, 0.519 mins elapsed.
2024-05-28 20:13:34.572112 : Adding s2d5 to PeakMatrix for Chr (5 of 23)!, 0.527 mins elapsed.
2024-05-28 20:13:34.972862 : Adding s1d3 to PeakMatrix for Chr (5 of 23)!, 0.553 mins elapsed.
2024-05-28 20:13:35.33647 : Adding s3d10 to PeakMatrix for Chr (4 of 23)!, 0.609 mins elapsed.
2024-05-28 20:13:35.736113 : Adding s3d6 to PeakMatrix for Chr (6 of 23)!, 0.525 mins elapsed.
2024-05-28 20:13:36.635674 : Adding s1d2 to PeakMatrix for Chr (5 of 23)!, 0.597 mins elapsed.
2024-05-28 20:13:36.781172 : Adding s4d1 to PeakMatrix for Chr (4 of 23)!, 0.616 mins elapsed.
2024-05-28 20:13:38.379037 : Adding s3d3 to PeakMatrix for Chr (5 of 23)!, 0.635 mins elapsed.
2024-05-28 20:13:39.608682 : Adding s2d1 to PeakMatrix for Chr (5 of 23)!, 0.617 mins elapsed.
2024-05-28 20:13:39.839722 : Adding s4d8 to PeakMatrix for Chr (5 of 23)!, 0.674 mins elapsed.
2024-05-28 20:13:39.950454 : Adding s2d4 to PeakMatrix for Chr (6 of 23)!, 0.603 mins elapsed.
2024-05-28 20:13:39.986233 : Adding s3d7 to PeakMatrix for Chr (6 of 23)!, 0.627 mins elapsed.
2024-05-28 20:13:40.19809 : Adding s1d1 to PeakMatrix for Chr (5 of 23)!, 0.647 mins elapsed.
2024-05-28 20:13:40.395135 : Adding s2d5 to PeakMatrix for Chr (6 of 23)!, 0.624 mins elapsed.
2024-05-28 20:13:40.857501 : Adding s1d3 to PeakMatrix for Chr (6 of 23)!, 0.651 mins elapsed.
2024-05-28 20:13:41.978702 : Adding s3d10 to PeakMatrix for Chr (5 of 23)!, 0.72 mins elapsed.
2024-05-28 20:13:42.238819 : Adding s4d9 to PeakMatrix for Chr (5 of 23)!, 0.648 mins elapsed.
2024-05-28 20:13:42.633251 : Adding s1d2 to PeakMatrix for Chr (6 of 23)!, 0.697 mins elapsed.
2024-05-28 20:13:43.250442 : Adding s3d6 to PeakMatrix for Chr (7 of 23)!, 0.651 mins elapsed.
2024-05-28 20:13:44.352949 : Adding s3d3 to PeakMatrix for Chr (6 of 23)!, 0.735 mins elapsed.
2024-05-28 20:13:44.920788 : Adding s2d1 to PeakMatrix for Chr (6 of 23)!, 0.706 mins elapsed.
2024-05-28 20:13:45.732225 : Adding s2d5 to PeakMatrix for Chr (7 of 23)!, 0.713 mins elapsed.
2024-05-28 20:13:45.745688 : Adding s3d7 to PeakMatrix for Chr (7 of 23)!, 0.723 mins elapsed.
2024-05-28 20:13:45.930225 : Adding s1d1 to PeakMatrix for Chr (6 of 23)!, 0.743 mins elapsed.
2024-05-28 20:13:45.978923 : Adding s4d1 to PeakMatrix for Chr (5 of 23)!, 0.77 mins elapsed.
2024-05-28 20:13:46.71951 : Adding s1d3 to PeakMatrix for Chr (7 of 23)!, 0.749 mins elapsed.
2024-05-28 20:13:46.747159 : Adding s4d8 to PeakMatrix for Chr (6 of 23)!, 0.789 mins elapsed.
2024-05-28 20:13:47.91634 : Adding s4d9 to PeakMatrix for Chr (6 of 23)!, 0.743 mins elapsed.
2024-05-28 20:13:48.343492 : Adding s2d4 to PeakMatrix for Chr (7 of 23)!, 0.743 mins elapsed.
2024-05-28 20:13:49.632085 : Adding s1d2 to PeakMatrix for Chr (7 of 23)!, 0.813 mins elapsed.
2024-05-28 20:13:49.646238 : Adding s3d10 to PeakMatrix for Chr (6 of 23)!, 0.848 mins elapsed.
2024-05-28 20:13:50.544839 : Adding s2d1 to PeakMatrix for Chr (7 of 23)!, 0.8 mins elapsed.
2024-05-28 20:13:51.327433 : Adding s3d7 to PeakMatrix for Chr (8 of 23)!, 0.816 mins elapsed.
2024-05-28 20:13:51.392975 : Adding s2d5 to PeakMatrix for Chr (8 of 23)!, 0.808 mins elapsed.
2024-05-28 20:13:51.770146 : Adding s3d3 to PeakMatrix for Chr (7 of 23)!, 0.859 mins elapsed.
2024-05-28 20:13:52.235219 : Adding s3d6 to PeakMatrix for Chr (8 of 23)!, 0.801 mins elapsed.
2024-05-28 20:13:52.386812 : Adding s1d1 to PeakMatrix for Chr (7 of 23)!, 0.85 mins elapsed.
2024-05-28 20:13:52.41038 : Adding s1d3 to PeakMatrix for Chr (8 of 23)!, 0.843 mins elapsed.
2024-05-28 20:13:54.47826 : Adding s4d9 to PeakMatrix for Chr (7 of 23)!, 0.852 mins elapsed.
2024-05-28 20:13:55.660348 : Adding s4d8 to PeakMatrix for Chr (7 of 23)!, 0.938 mins elapsed.
2024-05-28 20:13:55.972186 : Adding s2d1 to PeakMatrix for Chr (8 of 23)!, 0.89 mins elapsed.
2024-05-28 20:13:56.148302 : Adding s1d2 to PeakMatrix for Chr (8 of 23)!, 0.922 mins elapsed.
2024-05-28 20:13:56.232682 : Adding s4d1 to PeakMatrix for Chr (6 of 23)!, 0.941 mins elapsed.
2024-05-28 20:13:56.489414 : Adding s2d5 to PeakMatrix for Chr (9 of 23)!, 0.893 mins elapsed.
2024-05-28 20:13:56.52756 : Adding s2d4 to PeakMatrix for Chr (8 of 23)!, 0.879 mins elapsed.
2024-05-28 20:13:56.755234 : Adding s3d7 to PeakMatrix for Chr (9 of 23)!, 0.907 mins elapsed.
2024-05-28 20:13:57.355524 : Adding s3d6 to PeakMatrix for Chr (9 of 23)!, 0.886 mins elapsed.
2024-05-28 20:13:57.853025 : Adding s1d3 to PeakMatrix for Chr (9 of 23)!, 0.934 mins elapsed.
2024-05-28 20:13:58.285617 : Adding s3d10 to PeakMatrix for Chr (7 of 23)!, 0.992 mins elapsed.
2024-05-28 20:13:58.890958 : Adding s1d1 to PeakMatrix for Chr (8 of 23)!, 0.959 mins elapsed.
2024-05-28 20:13:58.983127 : Adding s3d3 to PeakMatrix for Chr (8 of 23)!, 0.979 mins elapsed.
2024-05-28 20:14:00.154492 : Adding s4d9 to PeakMatrix for Chr (8 of 23)!, 0.947 mins elapsed.
2024-05-28 20:14:01.274248 : Adding s2d1 to PeakMatrix for Chr (9 of 23)!, 0.978 mins elapsed.
2024-05-28 20:14:01.908083 : Adding s2d5 to PeakMatrix for Chr (10 of 23)!, 0.983 mins elapsed.
2024-05-28 20:14:02.045422 : Adding s3d6 to PeakMatrix for Chr (10 of 23)!, 0.964 mins elapsed.
2024-05-28 20:14:02.106489 : Adding s2d4 to PeakMatrix for Chr (9 of 23)!, 0.972 mins elapsed.
2024-05-28 20:14:02.110638 : Adding s3d7 to PeakMatrix for Chr (10 of 23)!, 0.996 mins elapsed.
2024-05-28 20:14:02.28523 : Adding s1d2 to PeakMatrix for Chr (9 of 23)!, 1.024 mins elapsed.
2024-05-28 20:14:03.47004 : Adding s1d3 to PeakMatrix for Chr (10 of 23)!, 1.028 mins elapsed.
2024-05-28 20:14:03.627239 : Adding s4d8 to PeakMatrix for Chr (8 of 23)!, 1.071 mins elapsed.
2024-05-28 20:14:04.482162 : Adding s4d1 to PeakMatrix for Chr (7 of 23)!, 1.078 mins elapsed.
2024-05-28 20:14:04.581794 : Adding s1d1 to PeakMatrix for Chr (9 of 23)!, 1.053 mins elapsed.
2024-05-28 20:14:04.838165 : Adding s3d3 to PeakMatrix for Chr (9 of 23)!, 1.076 mins elapsed.
2024-05-28 20:14:05.404267 : Adding s4d9 to PeakMatrix for Chr (9 of 23)!, 1.034 mins elapsed.
2024-05-28 20:14:05.922016 : Adding s3d10 to PeakMatrix for Chr (8 of 23)!, 1.119 mins elapsed.
2024-05-28 20:14:06.473581 : Adding s2d1 to PeakMatrix for Chr (10 of 23)!, 1.065 mins elapsed.
2024-05-28 20:14:06.704227 : Adding s3d6 to PeakMatrix for Chr (11 of 23)!, 1.042 mins elapsed.
2024-05-28 20:14:07.783974 : Adding s3d7 to PeakMatrix for Chr (11 of 23)!, 1.09 mins elapsed.
2024-05-28 20:14:07.923436 : Adding s2d4 to PeakMatrix for Chr (10 of 23)!, 1.069 mins elapsed.
2024-05-28 20:14:08.015937 : Adding s2d5 to PeakMatrix for Chr (11 of 23)!, 1.085 mins elapsed.
2024-05-28 20:14:08.66995 : Adding s1d2 to PeakMatrix for Chr (10 of 23)!, 1.131 mins elapsed.
2024-05-28 20:14:09.899542 : Adding s4d8 to PeakMatrix for Chr (9 of 23)!, 1.175 mins elapsed.
2024-05-28 20:14:10.087011 : Adding s1d3 to PeakMatrix for Chr (11 of 23)!, 1.138 mins elapsed.
2024-05-28 20:14:10.780869 : Adding s1d1 to PeakMatrix for Chr (10 of 23)!, 1.157 mins elapsed.
2024-05-28 20:14:10.998873 : Adding s3d3 to PeakMatrix for Chr (10 of 23)!, 1.179 mins elapsed.
2024-05-28 20:14:11.152544 : Adding s4d9 to PeakMatrix for Chr (10 of 23)!, 1.13 mins elapsed.
2024-05-28 20:14:11.572667 : Adding s4d1 to PeakMatrix for Chr (8 of 23)!, 1.196 mins elapsed.
2024-05-28 20:14:11.690677 : Adding s3d6 to PeakMatrix for Chr (12 of 23)!, 1.125 mins elapsed.
2024-05-28 20:14:11.750498 : Adding s2d1 to PeakMatrix for Chr (11 of 23)!, 1.153 mins elapsed.
2024-05-28 20:14:13.105665 : Adding s3d10 to PeakMatrix for Chr (9 of 23)!, 1.239 mins elapsed.
2024-05-28 20:14:13.152671 : Adding s2d4 to PeakMatrix for Chr (11 of 23)!, 1.156 mins elapsed.
2024-05-28 20:14:13.466608 : Adding s3d7 to PeakMatrix for Chr (12 of 23)!, 1.185 mins elapsed.
2024-05-28 20:14:13.77164 : Adding s2d5 to PeakMatrix for Chr (12 of 23)!, 1.181 mins elapsed.
2024-05-28 20:14:15.290237 : Adding s1d2 to PeakMatrix for Chr (11 of 23)!, 1.241 mins elapsed.
2024-05-28 20:14:16.425982 : Adding s3d6 to PeakMatrix for Chr (13 of 23)!, 1.204 mins elapsed.
2024-05-28 20:14:16.43021 : Adding s4d9 to PeakMatrix for Chr (11 of 23)!, 1.218 mins elapsed.
2024-05-28 20:14:16.510449 : Adding s4d8 to PeakMatrix for Chr (10 of 23)!, 1.285 mins elapsed.
2024-05-28 20:14:16.633243 : Adding s1d1 to PeakMatrix for Chr (11 of 23)!, 1.254 mins elapsed.
2024-05-28 20:14:16.66852 : Adding s1d3 to PeakMatrix for Chr (12 of 23)!, 1.248 mins elapsed.
2024-05-28 20:14:17.493999 : Adding s2d1 to PeakMatrix for Chr (12 of 23)!, 1.249 mins elapsed.
2024-05-28 20:14:17.515486 : Adding s3d3 to PeakMatrix for Chr (11 of 23)!, 1.288 mins elapsed.
2024-05-28 20:14:18.374621 : Adding s4d1 to PeakMatrix for Chr (9 of 23)!, 1.31 mins elapsed.
2024-05-28 20:14:18.995356 : Adding s2d4 to PeakMatrix for Chr (12 of 23)!, 1.254 mins elapsed.
2024-05-28 20:14:19.041443 : Adding s2d5 to PeakMatrix for Chr (13 of 23)!, 1.269 mins elapsed.
2024-05-28 20:14:19.387763 : Adding s3d7 to PeakMatrix for Chr (13 of 23)!, 1.284 mins elapsed.
2024-05-28 20:14:20.434637 : Adding s3d10 to PeakMatrix for Chr (10 of 23)!, 1.361 mins elapsed.
2024-05-28 20:14:20.845556 : Adding s3d6 to PeakMatrix for Chr (14 of 23)!, 1.277 mins elapsed.
2024-05-28 20:14:21.680384 : Adding s1d2 to PeakMatrix for Chr (12 of 23)!, 1.347 mins elapsed.
2024-05-28 20:14:22.277836 : Adding s4d9 to PeakMatrix for Chr (12 of 23)!, 1.315 mins elapsed.
2024-05-28 20:14:22.770916 : Adding s1d3 to PeakMatrix for Chr (13 of 23)!, 1.349 mins elapsed.
2024-05-28 20:14:23.203335 : Adding s1d1 to PeakMatrix for Chr (12 of 23)!, 1.364 mins elapsed.
2024-05-28 20:14:23.363029 : Adding s2d1 to PeakMatrix for Chr (13 of 23)!, 1.347 mins elapsed.
2024-05-28 20:14:23.64148 : Adding s2d5 to PeakMatrix for Chr (14 of 23)!, 1.345 mins elapsed.
2024-05-28 20:14:23.681094 : Adding s4d8 to PeakMatrix for Chr (11 of 23)!, 1.405 mins elapsed.
2024-05-28 20:14:24.045564 : Adding s3d7 to PeakMatrix for Chr (14 of 23)!, 1.361 mins elapsed.
2024-05-28 20:14:24.286995 : Adding s3d3 to PeakMatrix for Chr (12 of 23)!, 1.4 mins elapsed.
2024-05-28 20:14:24.303622 : Adding s2d4 to PeakMatrix for Chr (13 of 23)!, 1.342 mins elapsed.
2024-05-28 20:14:25.203575 : Adding s3d6 to PeakMatrix for Chr (15 of 23)!, 1.35 mins elapsed.
2024-05-28 20:14:25.740817 : Adding s4d1 to PeakMatrix for Chr (10 of 23)!, 1.432 mins elapsed.
2024-05-28 20:14:27.570509 : Adding s4d9 to PeakMatrix for Chr (13 of 23)!, 1.404 mins elapsed.
2024-05-28 20:14:27.757421 : Adding s1d3 to PeakMatrix for Chr (14 of 23)!, 1.433 mins elapsed.
2024-05-28 20:14:27.816442 : Adding s3d10 to PeakMatrix for Chr (11 of 23)!, 1.484 mins elapsed.
2024-05-28 20:14:28.170162 : Adding s2d1 to PeakMatrix for Chr (14 of 23)!, 1.427 mins elapsed.
2024-05-28 20:14:28.230439 : Adding s1d2 to PeakMatrix for Chr (13 of 23)!, 1.457 mins elapsed.
2024-05-28 20:14:28.519547 : Adding s2d5 to PeakMatrix for Chr (15 of 23)!, 1.426 mins elapsed.
2024-05-28 20:14:29.076648 : Adding s2d4 to PeakMatrix for Chr (14 of 23)!, 1.422 mins elapsed.
2024-05-28 20:14:29.322832 : Adding s1d1 to PeakMatrix for Chr (13 of 23)!, 1.466 mins elapsed.
2024-05-28 20:14:29.708249 : Adding s3d6 to PeakMatrix for Chr (16 of 23)!, 1.425 mins elapsed.
2024-05-28 20:14:30.148681 : Adding s3d7 to PeakMatrix for Chr (15 of 23)!, 1.463 mins elapsed.
2024-05-28 20:14:30.844291 : Adding s4d8 to PeakMatrix for Chr (12 of 23)!, 1.524 mins elapsed.
2024-05-28 20:14:31.206131 : Adding s3d3 to PeakMatrix for Chr (13 of 23)!, 1.516 mins elapsed.
2024-05-28 20:14:32.443829 : Adding s4d9 to PeakMatrix for Chr (14 of 23)!, 1.485 mins elapsed.
2024-05-28 20:14:32.793431 : Adding s4d1 to PeakMatrix for Chr (11 of 23)!, 1.55 mins elapsed.
2024-05-28 20:14:33.157393 : Adding s1d2 to PeakMatrix for Chr (14 of 23)!, 1.539 mins elapsed.
2024-05-28 20:14:33.260789 : Adding s1d3 to PeakMatrix for Chr (15 of 23)!, 1.524 mins elapsed.
2024-05-28 20:14:33.353075 : Adding s2d1 to PeakMatrix for Chr (15 of 23)!, 1.513 mins elapsed.
2024-05-28 20:14:33.363749 : Adding s2d5 to PeakMatrix for Chr (16 of 23)!, 1.507 mins elapsed.
2024-05-28 20:14:34.14416 : Adding s2d4 to PeakMatrix for Chr (15 of 23)!, 1.506 mins elapsed.
2024-05-28 20:14:34.226005 : Adding s3d6 to PeakMatrix for Chr (17 of 23)!, 1.5 mins elapsed.
2024-05-28 20:14:35.056892 : Adding s1d1 to PeakMatrix for Chr (14 of 23)!, 1.561 mins elapsed.
2024-05-28 20:14:35.417296 : Adding s3d7 to PeakMatrix for Chr (16 of 23)!, 1.551 mins elapsed.
2024-05-28 20:14:35.899761 : Adding s3d10 to PeakMatrix for Chr (12 of 23)!, 1.619 mins elapsed.
2024-05-28 20:14:36.446898 : Adding s3d3 to PeakMatrix for Chr (14 of 23)!, 1.603 mins elapsed.
2024-05-28 20:14:37.900523 : Adding s4d8 to PeakMatrix for Chr (13 of 23)!, 1.642 mins elapsed.
2024-05-28 20:14:38.358901 : Adding s4d9 to PeakMatrix for Chr (15 of 23)!, 1.583 mins elapsed.
2024-05-28 20:14:38.490901 : Adding s2d1 to PeakMatrix for Chr (16 of 23)!, 1.599 mins elapsed.
2024-05-28 20:14:38.545126 : Adding s2d5 to PeakMatrix for Chr (17 of 23)!, 1.594 mins elapsed.
2024-05-28 20:14:38.62447 : Adding s1d3 to PeakMatrix for Chr (16 of 23)!, 1.614 mins elapsed.
2024-05-28 20:14:38.771092 : Adding s1d2 to PeakMatrix for Chr (15 of 23)!, 1.632 mins elapsed.
2024-05-28 20:14:39.248908 : Adding s2d4 to PeakMatrix for Chr (16 of 23)!, 1.591 mins elapsed.
2024-05-28 20:14:39.501932 : Adding s3d6 to PeakMatrix for Chr (18 of 23)!, 1.588 mins elapsed.
2024-05-28 20:14:40.82337 : Adding s3d7 to PeakMatrix for Chr (17 of 23)!, 1.641 mins elapsed.
2024-05-28 20:14:40.87588 : Adding s4d1 to PeakMatrix for Chr (12 of 23)!, 1.685 mins elapsed.
2024-05-28 20:14:40.89408 : Adding s1d1 to PeakMatrix for Chr (15 of 23)!, 1.659 mins elapsed.
2024-05-28 20:14:42.775481 : Adding s3d3 to PeakMatrix for Chr (15 of 23)!, 1.709 mins elapsed.
2024-05-28 20:14:43.37792 : Adding s4d9 to PeakMatrix for Chr (16 of 23)!, 1.667 mins elapsed.
2024-05-28 20:14:43.39056 : Adding s4d8 to PeakMatrix for Chr (14 of 23)!, 1.733 mins elapsed.
2024-05-28 20:14:44.120714 : Adding s3d6 to PeakMatrix for Chr (19 of 23)!, 1.665 mins elapsed.
2024-05-28 20:14:44.154164 : Adding s2d1 to PeakMatrix for Chr (17 of 23)!, 1.693 mins elapsed.
2024-05-28 20:14:44.177997 : Adding s2d5 to PeakMatrix for Chr (18 of 23)!, 1.687 mins elapsed.
2024-05-28 20:14:44.241534 : Adding s1d2 to PeakMatrix for Chr (16 of 23)!, 1.723 mins elapsed.
2024-05-28 20:14:44.368137 : Adding s3d10 to PeakMatrix for Chr (13 of 23)!, 1.76 mins elapsed.
2024-05-28 20:14:44.562076 : Adding s2d4 to PeakMatrix for Chr (17 of 23)!, 1.68 mins elapsed.
2024-05-28 20:14:44.688797 : Adding s1d3 to PeakMatrix for Chr (17 of 23)!, 1.715 mins elapsed.
2024-05-28 20:14:46.444117 : Adding s1d1 to PeakMatrix for Chr (16 of 23)!, 1.751 mins elapsed.
2024-05-28 20:14:46.729881 : Adding s3d7 to PeakMatrix for Chr (18 of 23)!, 1.739 mins elapsed.
2024-05-28 20:14:48.263313 : Adding s4d1 to PeakMatrix for Chr (13 of 23)!, 1.808 mins elapsed.
2024-05-28 20:14:48.529304 : Adding s3d3 to PeakMatrix for Chr (16 of 23)!, 1.805 mins elapsed.
2024-05-28 20:14:48.933356 : Adding s4d9 to PeakMatrix for Chr (17 of 23)!, 1.76 mins elapsed.
2024-05-28 20:14:49.028328 : Adding s2d5 to PeakMatrix for Chr (19 of 23)!, 1.768 mins elapsed.
2024-05-28 20:14:49.073433 : Adding s3d6 to PeakMatrix for Chr (20 of 23)!, 1.748 mins elapsed.
2024-05-28 20:14:49.763004 : Adding s4d8 to PeakMatrix for Chr (15 of 23)!, 1.839 mins elapsed.
2024-05-28 20:14:50.162225 : Adding s2d1 to PeakMatrix for Chr (18 of 23)!, 1.793 mins elapsed.
2024-05-28 20:14:50.310344 : Adding s3d10 to PeakMatrix for Chr (14 of 23)!, 1.859 mins elapsed.
2024-05-28 20:14:50.377432 : Adding s2d4 to PeakMatrix for Chr (18 of 23)!, 1.777 mins elapsed.
2024-05-28 20:14:50.458134 : Adding s1d2 to PeakMatrix for Chr (17 of 23)!, 1.827 mins elapsed.
2024-05-28 20:14:51.189295 : Adding s1d3 to PeakMatrix for Chr (18 of 23)!, 1.823 mins elapsed.
2024-05-28 20:14:51.924423 : Adding s3d7 to PeakMatrix for Chr (19 of 23)!, 1.826 mins elapsed.
2024-05-28 20:14:52.532265 : Adding s1d1 to PeakMatrix for Chr (17 of 23)!, 1.853 mins elapsed.
2024-05-28 20:14:53.807436 : Adding s4d1 to PeakMatrix for Chr (14 of 23)!, 1.9 mins elapsed.
2024-05-28 20:14:54.789939 : Adding s3d6 to PeakMatrix for Chr (21 of 23)!, 1.843 mins elapsed.
2024-05-28 20:14:54.969523 : Adding s2d1 to PeakMatrix for Chr (19 of 23)!, 1.873 mins elapsed.
2024-05-28 20:14:55.15117 : Adding s4d9 to PeakMatrix for Chr (18 of 23)!, 1.863 mins elapsed.
2024-05-28 20:14:55.522641 : Adding s3d3 to PeakMatrix for Chr (17 of 23)!, 1.921 mins elapsed.
2024-05-28 20:14:55.705061 : Adding s4d8 to PeakMatrix for Chr (16 of 23)!, 1.938 mins elapsed.
2024-05-28 20:14:55.827587 : Adding s2d5 to PeakMatrix for Chr (20 of 23)!, 1.882 mins elapsed.
2024-05-28 20:14:55.83173 : Adding s2d4 to PeakMatrix for Chr (19 of 23)!, 1.868 mins elapsed.
2024-05-28 20:14:56.047315 : Adding s1d3 to PeakMatrix for Chr (19 of 23)!, 1.904 mins elapsed.
2024-05-28 20:14:57.397961 : Adding s1d2 to PeakMatrix for Chr (18 of 23)!, 1.943 mins elapsed.
2024-05-28 20:14:57.486499 : Adding s3d10 to PeakMatrix for Chr (15 of 23)!, 1.978 mins elapsed.
2024-05-28 20:14:57.86707 : Adding s3d7 to PeakMatrix for Chr (20 of 23)!, 1.925 mins elapsed.
2024-05-28 20:14:59.268934 : Adding s1d1 to PeakMatrix for Chr (18 of 23)!, 1.965 mins elapsed.
2024-05-28 20:14:59.758563 : Adding s3d6 to PeakMatrix for Chr (22 of 23)!, 1.926 mins elapsed.
2024-05-28 20:15:00.03693 : Adding s4d9 to PeakMatrix for Chr (19 of 23)!, 1.945 mins elapsed.
2024-05-28 20:15:00.258099 : Adding s4d1 to PeakMatrix for Chr (15 of 23)!, 2.008 mins elapsed.
2024-05-28 20:15:00.940406 : Adding s2d1 to PeakMatrix for Chr (20 of 23)!, 1.973 mins elapsed.
2024-05-28 20:15:01.074771 : Adding s2d5 to PeakMatrix for Chr (21 of 23)!, 1.969 mins elapsed.
2024-05-28 20:15:01.740295 : Adding s2d4 to PeakMatrix for Chr (20 of 23)!, 1.966 mins elapsed.
2024-05-28 20:15:02.719404 : Adding s1d2 to PeakMatrix for Chr (19 of 23)!, 2.031 mins elapsed.
2024-05-28 20:15:02.7585 : Adding s4d8 to PeakMatrix for Chr (17 of 23)!, 2.056 mins elapsed.
2024-05-28 20:15:02.77971 : Adding s3d3 to PeakMatrix for Chr (18 of 23)!, 2.042 mins elapsed.
2024-05-28 20:15:03.093583 : Adding s3d7 to PeakMatrix for Chr (21 of 23)!, 2.012 mins elapsed.
2024-05-28 20:15:03.796273 : Adding s1d3 to PeakMatrix for Chr (20 of 23)!, 2.033 mins elapsed.
2024-05-28 20:15:04.497714 : Adding s3d6 to PeakMatrix for Chr (23 of 23)!, 2.005 mins elapsed.
2024-05-28 20:15:04.571337 : Adding s1d1 to PeakMatrix for Chr (19 of 23)!, 2.053 mins elapsed.
2024-05-28 20:15:05.278349 : Adding s3d10 to PeakMatrix for Chr (16 of 23)!, 2.108 mins elapsed.
2024-05-28 20:15:05.957525 : Adding s2d5 to PeakMatrix for Chr (22 of 23)!, 2.05 mins elapsed.
2024-05-28 20:15:05.999817 : Adding s2d1 to PeakMatrix for Chr (21 of 23)!, 2.057 mins elapsed.
2024-05-28 20:15:06.412035 : Adding s4d9 to PeakMatrix for Chr (20 of 23)!, 2.051 mins elapsed.
2024-05-28 20:15:06.741122 : Adding s2d4 to PeakMatrix for Chr (21 of 23)!, 2.049 mins elapsed.
2024-05-28 20:15:07.673618 : Adding s4d1 to PeakMatrix for Chr (16 of 23)!, 2.131 mins elapsed.
2024-05-28 20:15:07.676761 : Adding s3d7 to PeakMatrix for Chr (22 of 23)!, 2.089 mins elapsed.
2024-05-28 20:15:08.162891 : Adding s3d3 to PeakMatrix for Chr (19 of 23)!, 2.132 mins elapsed.
2024-05-28 20:15:09.498598 : Adding s1d3 to PeakMatrix for Chr (21 of 23)!, 2.128 mins elapsed.
2024-05-28 20:15:10.227973 : Adding s1d2 to PeakMatrix for Chr (20 of 23)!, 2.156 mins elapsed.
2024-05-28 20:15:11.062362 : Adding s2d5 to PeakMatrix for Chr (23 of 23)!, 2.136 mins elapsed.
2024-05-28 20:15:11.357826 : Adding s2d1 to PeakMatrix for Chr (22 of 23)!, 2.146 mins elapsed.
2024-05-28 20:15:11.393647 : Adding s4d8 to PeakMatrix for Chr (18 of 23)!, 2.2 mins elapsed.
2024-05-28 20:15:11.88684 : Adding s4d9 to PeakMatrix for Chr (21 of 23)!, 2.142 mins elapsed.
2024-05-28 20:15:12.018526 : Adding s2d4 to PeakMatrix for Chr (22 of 23)!, 2.137 mins elapsed.
2024-05-28 20:15:13.276543 : Adding s1d1 to PeakMatrix for Chr (20 of 23)!, 2.198 mins elapsed.
2024-05-28 20:15:13.678184 : Adding s3d10 to PeakMatrix for Chr (17 of 23)!, 2.248 mins elapsed.
2024-05-28 20:15:13.877635 : Adding s3d7 to PeakMatrix for Chr (23 of 23)!, 2.192 mins elapsed.
2024-05-28 20:15:14.641128 : Adding s1d3 to PeakMatrix for Chr (22 of 23)!, 2.214 mins elapsed.
2024-05-28 20:15:14.751508 : Adding s4d1 to PeakMatrix for Chr (17 of 23)!, 2.249 mins elapsed.
2024-05-28 20:15:15.419613 : Adding s3d3 to PeakMatrix for Chr (20 of 23)!, 2.253 mins elapsed.
2024-05-28 20:15:15.965563 : Adding s1d2 to PeakMatrix for Chr (21 of 23)!, 2.252 mins elapsed.
2024-05-28 20:15:16.471641 : Adding s2d1 to PeakMatrix for Chr (23 of 23)!, 2.232 mins elapsed.
2024-05-28 20:15:16.627764 : Adding s4d9 to PeakMatrix for Chr (22 of 23)!, 2.221 mins elapsed.
2024-05-28 20:15:16.708601 : Adding s4d8 to PeakMatrix for Chr (19 of 23)!, 2.289 mins elapsed.
2024-05-28 20:15:17.48296 : Adding s2d4 to PeakMatrix for Chr (23 of 23)!, 2.228 mins elapsed.
2024-05-28 20:15:19.102474 : Adding s1d1 to PeakMatrix for Chr (21 of 23)!, 2.295 mins elapsed.
2024-05-28 20:15:19.611674 : Adding s1d3 to PeakMatrix for Chr (23 of 23)!, 2.297 mins elapsed.
2024-05-28 20:15:20.979174 : Adding s3d3 to PeakMatrix for Chr (21 of 23)!, 2.345 mins elapsed.
2024-05-28 20:15:21.059804 : Adding s1d2 to PeakMatrix for Chr (22 of 23)!, 2.337 mins elapsed.
2024-05-28 20:15:21.509723 : Adding s4d9 to PeakMatrix for Chr (23 of 23)!, 2.303 mins elapsed.
2024-05-28 20:15:22.108917 : Adding s4d1 to PeakMatrix for Chr (18 of 23)!, 2.372 mins elapsed.
2024-05-28 20:15:23.121603 : Adding s3d10 to PeakMatrix for Chr (18 of 23)!, 2.406 mins elapsed.
2024-05-28 20:15:24.010094 : Adding s1d1 to PeakMatrix for Chr (22 of 23)!, 2.377 mins elapsed.
2024-05-28 20:15:25.18129 : Adding s4d8 to PeakMatrix for Chr (20 of 23)!, 2.43 mins elapsed.
2024-05-28 20:15:25.665759 : Adding s3d3 to PeakMatrix for Chr (22 of 23)!, 2.423 mins elapsed.
2024-05-28 20:15:26.196507 : Adding s1d2 to PeakMatrix for Chr (23 of 23)!, 2.423 mins elapsed.
2024-05-28 20:15:27.640299 : Adding s4d1 to PeakMatrix for Chr (19 of 23)!, 2.464 mins elapsed.
2024-05-28 20:15:28.438722 : Adding s3d10 to PeakMatrix for Chr (19 of 23)!, 2.494 mins elapsed.
2024-05-28 20:15:29.710963 : Adding s1d1 to PeakMatrix for Chr (23 of 23)!, 2.472 mins elapsed.
2024-05-28 20:15:31.689683 : Adding s3d3 to PeakMatrix for Chr (23 of 23)!, 2.524 mins elapsed.
2024-05-28 20:15:31.867261 : Adding s4d8 to PeakMatrix for Chr (21 of 23)!, 2.541 mins elapsed.
2024-05-28 20:15:35.459804 : Adding s4d1 to PeakMatrix for Chr (20 of 23)!, 2.594 mins elapsed.
2024-05-28 20:15:36.785804 : Adding s4d8 to PeakMatrix for Chr (22 of 23)!, 2.623 mins elapsed.
2024-05-28 20:15:38.68307 : Adding s3d10 to PeakMatrix for Chr (20 of 23)!, 2.665 mins elapsed.
2024-05-28 20:15:42.064408 : Adding s4d1 to PeakMatrix for Chr (21 of 23)!, 2.704 mins elapsed.
2024-05-28 20:15:43.023991 : Adding s4d8 to PeakMatrix for Chr (23 of 23)!, 2.727 mins elapsed.
2024-05-28 20:15:45.24667 : Adding s3d10 to PeakMatrix for Chr (21 of 23)!, 2.775 mins elapsed.
2024-05-28 20:15:47.119344 : Adding s4d1 to PeakMatrix for Chr (22 of 23)!, 2.789 mins elapsed.
2024-05-28 20:15:50.588231 : Adding s3d10 to PeakMatrix for Chr (22 of 23)!, 2.864 mins elapsed.
2024-05-28 20:15:53.330984 : Adding s4d1 to PeakMatrix for Chr (23 of 23)!, 2.892 mins elapsed.
2024-05-28 20:15:57.395741 : Adding s3d10 to PeakMatrix for Chr (23 of 23)!, 2.977 mins elapsed.

------- Completed

End Time : 2024-05-28 20:16:04.087202
Elapsed Time Minutes = 3.10537706613541
Elapsed Time Hours = 0.051756357020802

-------



