
           ___      .______        ______  __    __  .______      
          /   \     |   _  \      /      ||  |  |  | |   _  \     
         /  ^  \    |  |_)  |    |  ,----'|  |__|  | |  |_)  |    
        /  /_\  \   |      /     |  |     |   __   | |      /     
       /  _____  \  |  |\  \\___ |  `----.|  |  |  | |  |\  \\___.
      /__/     \__\ | _| `._____| \______||__|  |__| | _| `._____|
    
Logging With ArchR!

Start Time : 2024-05-31 14:42:52.422643

------- ArchR Info

ArchRThreads = 16
ArchRGenome = Hg38

------- System Info

Computer OS = unix
Total Cores = 192

------- Session Info

R version 4.3.3 (2024-02-29)
Platform: x86_64-conda-linux-gnu (64-bit)
Running under: Red Hat Enterprise Linux 8.9 (Ootpa)

Matrix products: default
BLAS/LAPACK: /maps/projects/ralab/people/lpm537/software/anaconda3/envs/Notebook_E2G_240505/lib/libopenblasp-r0.3.27.so;  LAPACK version 3.12.0

Random number generation:
 RNG:     L'Ecuyer-CMRG 
 Normal:  Inversion 
 Sample:  Rejection 
 
locale:
 [1] LC_CTYPE=en_US.UTF-8       LC_NUMERIC=C              
 [3] LC_TIME=en_US.UTF-8        LC_COLLATE=en_US.UTF-8    
 [5] LC_MONETARY=en_US.UTF-8    LC_MESSAGES=en_US.UTF-8   
 [7] LC_PAPER=en_US.UTF-8       LC_NAME=C                 
 [9] LC_ADDRESS=C               LC_TELEPHONE=C            
[11] LC_MEASUREMENT=en_US.UTF-8 LC_IDENTIFICATION=C       

time zone: Europe/Copenhagen
tzcode source: system (glibc)

attached base packages:
 [1] parallel  stats4    grid      stats     graphics  grDevices utils    
 [8] datasets  methods   base     

other attached packages:
 [1] uwot_0.1.16                       nabor_0.5.0                      
 [3] BSgenome.Hsapiens.UCSC.hg38_1.4.5 BSgenome_1.68.0                  
 [5] rtracklayer_1.60.1                Biostrings_2.70.1                
 [7] XVector_0.42.0                    genomation_1.34.0                
 [9] Signac_1.13.0                     Seurat_5.0.3                     
[11] SeuratObject_5.0.1                sp_2.1-4                         
[13] rhdf5_2.44.0                      SummarizedExperiment_1.30.2      
[15] Biobase_2.60.0                    MatrixGenerics_1.12.3            
[17] Rcpp_1.0.12                       Matrix_1.6-5                     
[19] GenomicRanges_1.54.1              GenomeInfoDb_1.38.1              
[21] IRanges_2.36.0                    S4Vectors_0.40.2                 
[23] BiocGenerics_0.48.1               matrixStats_1.3.0                
[25] data.table_1.15.2                 stringr_1.5.1                    
[27] plyr_1.8.9                        magrittr_2.0.3                   
[29] ggplot2_3.5.1                     gtable_0.3.5                     
[31] gtools_3.9.5                      gridExtra_2.3                    
[33] ArchR_1.0.2                      

loaded via a namespace (and not attached):
  [1] RcppAnnoy_0.0.22         splines_4.3.3            later_1.3.2             
  [4] pbdZMQ_0.3-11            BiocIO_1.10.0            bitops_1.0-7            
  [7] tibble_3.2.1             polyclip_1.10-6          XML_3.99-0.16.1         
 [10] fastDummies_1.7.3        lifecycle_1.0.4          globals_0.16.3          
 [13] lattice_0.22-6           MASS_7.3-60              plotly_4.10.4           
 [16] plotrix_3.8-4            yaml_2.3.8               httpuv_1.6.15           
 [19] sctransform_0.4.1        spam_2.10-0              spatstat.sparse_3.0-3   
 [22] reticulate_1.36.1        cowplot_1.1.3            pbapply_1.7-2           
 [25] RColorBrewer_1.1-3       abind_1.4-5              zlibbioc_1.48.0         
 [28] Rtsne_0.17               purrr_1.0.2              RCurl_1.98-1.14         
 [31] GenomeInfoDbData_1.2.11  ggrepel_0.9.5            irlba_2.3.5.1           
 [34] listenv_0.9.1            spatstat.utils_3.0-4     goftest_1.2-3           
 [37] RSpectra_0.16-1          spatstat.random_3.2-3    fitdistrplus_1.1-11     
 [40] parallelly_1.37.1        leiden_0.4.3.1           codetools_0.2-20        
 [43] DelayedArray_0.26.7      RcppRoll_0.3.0           tidyselect_1.2.1        
 [46] farver_2.1.1             base64enc_0.1-3          spatstat.explore_3.2-6  
 [49] GenomicAlignments_1.36.0 jsonlite_1.8.8           progressr_0.14.0        
 [52] ggridges_0.5.6           survival_3.6-4           tools_4.3.3             
 [55] ica_1.0-3                glue_1.7.0               IRdisplay_1.1           
 [58] dplyr_1.1.4              withr_3.0.0              fastmap_1.1.1           
 [61] rhdf5filters_1.12.1      fansi_1.0.6              digest_0.6.35           
 [64] R6_2.5.1                 mime_0.12                seqPattern_1.34.0       
 [67] colorspace_2.1-0         Cairo_1.6-2              scattermore_1.2         
 [70] tensor_1.5               spatstat.data_3.0-4      utf8_1.2.4              
 [73] tidyr_1.3.1              generics_0.1.3           httr_1.4.7              
 [76] htmlwidgets_1.6.4        S4Arrays_1.2.1           pkgconfig_2.0.3         
 [79] impute_1.76.0            lmtest_0.9-40            htmltools_0.5.8.1       
 [82] dotCall64_1.1-1          scales_1.3.0             png_0.1-8               
 [85] tzdb_0.4.0               reshape2_1.4.4           rjson_0.2.21            
 [88] uuid_1.2-0               nlme_3.1-164             repr_1.1.7              
 [91] zoo_1.8-12               KernSmooth_2.23-22       miniUI_0.1.1.1          
 [94] restfulr_0.0.15          pillar_1.9.0             vctrs_0.6.5             
 [97] RANN_2.6.1               promises_1.3.0           xtable_1.8-4            
[100] cluster_2.1.6            evaluate_0.23            readr_2.1.5             
[103] cli_3.6.2                compiler_4.3.3           Rsamtools_2.18.0        
[106] rlang_1.1.3              crayon_1.5.2             future.apply_1.11.2     
[109] labeling_0.4.3           stringi_1.8.3            gridBase_0.4-7          
[112] viridisLite_0.4.2        deldir_2.0-4             BiocParallel_1.36.0     
[115] munsell_0.5.1            lazyeval_0.2.2           spatstat.geom_3.2-9     
[118] IRkernel_1.3.2           RcppHNSW_0.6.0           hms_1.1.3               
[121] patchwork_1.2.0          future_1.33.2            Rhdf5lib_1.22.1         
[124] shiny_1.8.1.1            ROCR_1.0-11              igraph_2.0.3            
[127] fastmatch_1.1-4         


------- Log Info


2024-05-31 14:42:52.692211 : addGeneExpressionMatrix Input-Parameters, Class = list

addGeneExpressionMatrix Input-Parameters$input: length = 1

addGeneExpressionMatrix Input-Parameters$seRNA: length = 61165
class: RangedSummarizedExperiment 
dim: 6 67013 
metadata(0):
assays(1): counts
rownames(6): DDX11L1 MIR6859-1 ... MIR1302-2 FAM138A
rowData names(5): feature_type genome id interval name
colnames(67013): s3d10#GTAGCTGTCAGCAAAG-1 s3d10#AACTAGTGTTACCTGT-1 ...
  s3d6#TCACCGGCAGCCTTGG-1 s3d6#GAACCTGTCGTTACAA-1
colData names(0):


addGeneExpressionMatrix Input-Parameters$chromSizes: length = 24
GRanges object with 6 ranges and 0 metadata columns:
      seqnames      ranges strand
         <Rle>   <IRanges>  <Rle>
  [1]     chr1 1-248956422      *
  [2]     chr2 1-242193529      *
  [3]     chr3 1-198295559      *
  [4]     chr4 1-190214555      *
  [5]     chr5 1-181538259      *
  [6]     chr6 1-170805979      *
  -------
  seqinfo: 24 sequences from an unspecified genome


addGeneExpressionMatrix Input-Parameters$excludeChr: length = 2
[1] "chrM" "chrY"


addGeneExpressionMatrix Input-Parameters$scaleTo: length = 1
[1] 10000


addGeneExpressionMatrix Input-Parameters$verbose: length = 1
[1] TRUE


addGeneExpressionMatrix Input-Parameters$threads: length = 1
[1] 16


addGeneExpressionMatrix Input-Parameters$parallelParam: length = 0
NULL


addGeneExpressionMatrix Input-Parameters$strictMatch: length = 1
[1] TRUE


addGeneExpressionMatrix Input-Parameters$force: length = 1
[1] TRUE


addGeneExpressionMatrix Input-Parameters$logFile: length = 1
[1] "ArchRLogs/ArchR-addGeneExpressionMatrix-1d7e0c6cadaeb2-Date-2024-05-31_Time-14-42-52.31355.log"



2024-05-31 14:42:55.038578 : 

2024-05-31 14:42:55.161785 : 

2024-05-31 14:43:02.07138 : qcInfo, Class = DFrame
DataFrame with 67013 rows and 4 columns
                          Gex_nUMI Gex_nGenes Gex_MitoRatio Gex_RiboRatio
                         <numeric>  <numeric>     <numeric>     <numeric>
s3d10#GTAGCTGTCAGCAAAG-1      7496       3536    0.00360192     0.0414888
s3d10#AACTAGTGTTACCTGT-1      8870       3995    0.00417136     0.0383315
s3d10#CGGATAAAGTTAGGCT-1     10018       4406    0.00349371     0.0351368
s3d10#CTAGCGGGTGATCAGC-1      5917       2811    0.00371810     0.0116613
s3d10#CTTCAGGAGTAAAGGT-1      8600       3897    0.00453488     0.0137209
...                            ...        ...           ...           ...
s3d6#AGGTCCGGTTGTGACA-1       1335        917    0.00299625    0.00973783
s3d6#GCAAACCGTCATTACC-1        677        524    0.00295421    0.01329394
s3d6#GATTATGTCCTTGTTG-1       2821       1489    0.00319036    0.01169798
s3d6#TCACCGGCAGCCTTGG-1       6755       2825    0.00340489    0.01376758
s3d6#GAACCTGTCGTTACAA-1       3752       2080    0.00293177    0.02478678

2024-05-31 14:43:02.08607 : Batch Execution w/ safelapply!, 0 mins elapsed.

2024-05-31 14:43:04.607161 : featureDF, Class = data.frame
featureDF: nRows = 60591, nCols = 6
  seqnames idx start   end        name strand
1     chr1   1 12009 12010     DDX11L1      3
2     chr1   2 17435 17436   MIR6859-1      3
3     chr1   3 29553 30267 MIR1302-2HG      3
4     chr1   4 29569 29570      WASH7P      3
5     chr1   5 30365 30366   MIR1302-2      3
6     chr1   6 36080 36081     FAM138A      3



2024-05-31 14:43:05.228718 : featureDF, Class = data.frame
featureDF: nRows = 60591, nCols = 6
  seqnames idx start   end        name strand
1     chr1   1 12009 12010     DDX11L1      3
2     chr1   2 17435 17436   MIR6859-1      3
3     chr1   3 29553 30267 MIR1302-2HG      3
4     chr1   4 29569 29570      WASH7P      3
5     chr1   5 30365 30366   MIR1302-2      3
6     chr1   6 36080 36081     FAM138A      3


2024-05-31 14:43:05.604514 : Adding s3d10 to GeneExpressionMatrix for Chr (1 of 23)!, 0.059 mins elapsed.

2024-05-31 14:43:05.751874 : featureDF, Class = data.frame
featureDF: nRows = 60591, nCols = 6
  seqnames idx start   end        name strand
1     chr1   1 12009 12010     DDX11L1      3
2     chr1   2 17435 17436   MIR6859-1      3
3     chr1   3 29553 30267 MIR1302-2HG      3
4     chr1   4 29569 29570      WASH7P      3
5     chr1   5 30365 30366   MIR1302-2      3
6     chr1   6 36080 36081     FAM138A      3


2024-05-31 14:43:06.303018 : Adding s4d8 to GeneExpressionMatrix for Chr (1 of 23)!, 0.07 mins elapsed.
2024-05-31 14:43:06.815396 : Adding s4d1 to GeneExpressionMatrix for Chr (1 of 23)!, 0.079 mins elapsed.

2024-05-31 14:43:07.083229 : featureDF, Class = data.frame
featureDF: nRows = 60591, nCols = 6
  seqnames idx start   end        name strand
1     chr1   1 12009 12010     DDX11L1      3
2     chr1   2 17435 17436   MIR6859-1      3
3     chr1   3 29553 30267 MIR1302-2HG      3
4     chr1   4 29569 29570      WASH7P      3
5     chr1   5 30365 30366   MIR1302-2      3
6     chr1   6 36080 36081     FAM138A      3



2024-05-31 14:43:07.762343 : featureDF, Class = data.frame
featureDF: nRows = 60591, nCols = 6
  seqnames idx start   end        name strand
1     chr1   1 12009 12010     DDX11L1      3
2     chr1   2 17435 17436   MIR6859-1      3
3     chr1   3 29553 30267 MIR1302-2HG      3
4     chr1   4 29569 29570      WASH7P      3
5     chr1   5 30365 30366   MIR1302-2      3
6     chr1   6 36080 36081     FAM138A      3


2024-05-31 14:43:08.055903 : Adding s3d3 to GeneExpressionMatrix for Chr (1 of 23)!, 0.099 mins elapsed.

2024-05-31 14:43:08.589284 : featureDF, Class = data.frame
featureDF: nRows = 60591, nCols = 6
  seqnames idx start   end        name strand
1     chr1   1 12009 12010     DDX11L1      3
2     chr1   2 17435 17436   MIR6859-1      3
3     chr1   3 29553 30267 MIR1302-2HG      3
4     chr1   4 29569 29570      WASH7P      3
5     chr1   5 30365 30366   MIR1302-2      3
6     chr1   6 36080 36081     FAM138A      3


2024-05-31 14:43:08.954731 : Adding s1d2 to GeneExpressionMatrix for Chr (1 of 23)!, 0.114 mins elapsed.

2024-05-31 14:43:09.336138 : featureDF, Class = data.frame
featureDF: nRows = 60591, nCols = 6
  seqnames idx start   end        name strand
1     chr1   1 12009 12010     DDX11L1      3
2     chr1   2 17435 17436   MIR6859-1      3
3     chr1   3 29553 30267 MIR1302-2HG      3
4     chr1   4 29569 29570      WASH7P      3
5     chr1   5 30365 30366   MIR1302-2      3
6     chr1   6 36080 36081     FAM138A      3


2024-05-31 14:43:09.65474 : Adding s1d1 to GeneExpressionMatrix for Chr (1 of 23)!, 0.126 mins elapsed.

2024-05-31 14:43:10.143376 : featureDF, Class = data.frame
featureDF: nRows = 60591, nCols = 6
  seqnames idx start   end        name strand
1     chr1   1 12009 12010     DDX11L1      3
2     chr1   2 17435 17436   MIR6859-1      3
3     chr1   3 29553 30267 MIR1302-2HG      3
4     chr1   4 29569 29570      WASH7P      3
5     chr1   5 30365 30366   MIR1302-2      3
6     chr1   6 36080 36081     FAM138A      3


2024-05-31 14:43:10.218957 : Adding s1d3 to GeneExpressionMatrix for Chr (1 of 23)!, 0.136 mins elapsed.

2024-05-31 14:43:10.952354 : featureDF, Class = data.frame
featureDF: nRows = 60591, nCols = 6
  seqnames idx start   end        name strand
1     chr1   1 12009 12010     DDX11L1      3
2     chr1   2 17435 17436   MIR6859-1      3
3     chr1   3 29553 30267 MIR1302-2HG      3
4     chr1   4 29569 29570      WASH7P      3
5     chr1   5 30365 30366   MIR1302-2      3
6     chr1   6 36080 36081     FAM138A      3


2024-05-31 14:43:11.21856 : Adding s3d7 to GeneExpressionMatrix for Chr (1 of 23)!, 0.152 mins elapsed.

2024-05-31 14:43:11.564483 : featureDF, Class = data.frame
featureDF: nRows = 60591, nCols = 6
  seqnames idx start   end        name strand
1     chr1   1 12009 12010     DDX11L1      3
2     chr1   2 17435 17436   MIR6859-1      3
3     chr1   3 29553 30267 MIR1302-2HG      3
4     chr1   4 29569 29570      WASH7P      3
5     chr1   5 30365 30366   MIR1302-2      3
6     chr1   6 36080 36081     FAM138A      3


2024-05-31 14:43:11.760631 : Adding s2d1 to GeneExpressionMatrix for Chr (1 of 23)!, 0.161 mins elapsed.

2024-05-31 14:43:12.137189 : featureDF, Class = data.frame
featureDF: nRows = 60591, nCols = 6
  seqnames idx start   end        name strand
1     chr1   1 12009 12010     DDX11L1      3
2     chr1   2 17435 17436   MIR6859-1      3
3     chr1   3 29553 30267 MIR1302-2HG      3
4     chr1   4 29569 29570      WASH7P      3
5     chr1   5 30365 30366   MIR1302-2      3
6     chr1   6 36080 36081     FAM138A      3


2024-05-31 14:43:12.468371 : Adding s2d5 to GeneExpressionMatrix for Chr (1 of 23)!, 0.173 mins elapsed.
2024-05-31 14:43:13.069272 : Adding s4d9 to GeneExpressionMatrix for Chr (1 of 23)!, 0.183 mins elapsed.

2024-05-31 14:43:13.274606 : featureDF, Class = data.frame
featureDF: nRows = 60591, nCols = 6
  seqnames idx start   end        name strand
1     chr1   1 12009 12010     DDX11L1      3
2     chr1   2 17435 17436   MIR6859-1      3
3     chr1   3 29553 30267 MIR1302-2HG      3
4     chr1   4 29569 29570      WASH7P      3
5     chr1   5 30365 30366   MIR1302-2      3
6     chr1   6 36080 36081     FAM138A      3



2024-05-31 14:43:13.867636 : featureDF, Class = data.frame
featureDF: nRows = 60591, nCols = 6
  seqnames idx start   end        name strand
1     chr1   1 12009 12010     DDX11L1      3
2     chr1   2 17435 17436   MIR6859-1      3
3     chr1   3 29553 30267 MIR1302-2HG      3
4     chr1   4 29569 29570      WASH7P      3
5     chr1   5 30365 30366   MIR1302-2      3
6     chr1   6 36080 36081     FAM138A      3


2024-05-31 14:43:14.321386 : Adding s2d4 to GeneExpressionMatrix for Chr (1 of 23)!, 0.204 mins elapsed.
2024-05-31 14:43:14.676108 : Adding s3d6 to GeneExpressionMatrix for Chr (1 of 23)!, 0.21 mins elapsed.
2024-05-31 14:43:16.39536 : Adding s4d8 to GeneExpressionMatrix for Chr (2 of 23)!, 0.238 mins elapsed.
2024-05-31 14:43:16.885824 : Adding s3d10 to GeneExpressionMatrix for Chr (2 of 23)!, 0.247 mins elapsed.
2024-05-31 14:43:19.434699 : Adding s4d1 to GeneExpressionMatrix for Chr (2 of 23)!, 0.289 mins elapsed.
2024-05-31 14:43:20.315214 : Adding s3d7 to GeneExpressionMatrix for Chr (2 of 23)!, 0.304 mins elapsed.
2024-05-31 14:43:21.029555 : Adding s3d3 to GeneExpressionMatrix for Chr (2 of 23)!, 0.316 mins elapsed.
2024-05-31 14:43:21.09674 : Adding s1d2 to GeneExpressionMatrix for Chr (2 of 23)!, 0.317 mins elapsed.
2024-05-31 14:43:21.881277 : Adding s1d3 to GeneExpressionMatrix for Chr (2 of 23)!, 0.33 mins elapsed.
2024-05-31 14:43:22.170853 : Adding s1d1 to GeneExpressionMatrix for Chr (2 of 23)!, 0.335 mins elapsed.
2024-05-31 14:43:22.520359 : Adding s4d8 to GeneExpressionMatrix for Chr (3 of 23)!, 0.341 mins elapsed.
2024-05-31 14:43:23.742239 : Adding s2d4 to GeneExpressionMatrix for Chr (2 of 23)!, 0.361 mins elapsed.
2024-05-31 14:43:24.311254 : Adding s2d1 to GeneExpressionMatrix for Chr (2 of 23)!, 0.37 mins elapsed.
2024-05-31 14:43:25.564932 : Adding s3d10 to GeneExpressionMatrix for Chr (3 of 23)!, 0.391 mins elapsed.
2024-05-31 14:43:25.857366 : Adding s2d5 to GeneExpressionMatrix for Chr (2 of 23)!, 0.396 mins elapsed.
2024-05-31 14:43:26.270923 : Adding s4d9 to GeneExpressionMatrix for Chr (2 of 23)!, 0.403 mins elapsed.
2024-05-31 14:43:26.340138 : Adding s3d6 to GeneExpressionMatrix for Chr (2 of 23)!, 0.404 mins elapsed.
2024-05-31 14:43:26.538131 : Adding s3d7 to GeneExpressionMatrix for Chr (3 of 23)!, 0.408 mins elapsed.
2024-05-31 14:43:28.474205 : Adding s1d2 to GeneExpressionMatrix for Chr (3 of 23)!, 0.44 mins elapsed.
2024-05-31 14:43:28.997072 : Adding s4d1 to GeneExpressionMatrix for Chr (3 of 23)!, 0.448 mins elapsed.
2024-05-31 14:43:30.985133 : Adding s3d3 to GeneExpressionMatrix for Chr (3 of 23)!, 0.482 mins elapsed.
2024-05-31 14:43:31.076839 : Adding s1d3 to GeneExpressionMatrix for Chr (3 of 23)!, 0.483 mins elapsed.
2024-05-31 14:43:31.292178 : Adding s1d1 to GeneExpressionMatrix for Chr (3 of 23)!, 0.487 mins elapsed.
2024-05-31 14:43:31.425764 : Adding s2d4 to GeneExpressionMatrix for Chr (3 of 23)!, 0.489 mins elapsed.
2024-05-31 14:43:31.631651 : Adding s4d8 to GeneExpressionMatrix for Chr (4 of 23)!, 0.492 mins elapsed.
2024-05-31 14:43:32.063137 : Adding s2d1 to GeneExpressionMatrix for Chr (3 of 23)!, 0.5 mins elapsed.
2024-05-31 14:43:33.983157 : Adding s3d6 to GeneExpressionMatrix for Chr (3 of 23)!, 0.532 mins elapsed.
2024-05-31 14:43:35.094789 : Adding s2d5 to GeneExpressionMatrix for Chr (3 of 23)!, 0.55 mins elapsed.
2024-05-31 14:43:36.632697 : Adding s4d9 to GeneExpressionMatrix for Chr (3 of 23)!, 0.576 mins elapsed.
2024-05-31 14:43:36.775144 : Adding s3d10 to GeneExpressionMatrix for Chr (4 of 23)!, 0.578 mins elapsed.
2024-05-31 14:43:38.072558 : Adding s1d2 to GeneExpressionMatrix for Chr (4 of 23)!, 0.6 mins elapsed.
2024-05-31 14:43:38.577687 : Adding s4d1 to GeneExpressionMatrix for Chr (4 of 23)!, 0.608 mins elapsed.
2024-05-31 14:43:40.578591 : Adding s3d7 to GeneExpressionMatrix for Chr (4 of 23)!, 0.642 mins elapsed.
2024-05-31 14:43:40.778544 : Adding s1d1 to GeneExpressionMatrix for Chr (4 of 23)!, 0.645 mins elapsed.
2024-05-31 14:43:40.894692 : Adding s3d3 to GeneExpressionMatrix for Chr (4 of 23)!, 0.647 mins elapsed.
2024-05-31 14:43:41.223015 : Adding s1d3 to GeneExpressionMatrix for Chr (4 of 23)!, 0.652 mins elapsed.
2024-05-31 14:43:41.261023 : Adding s2d1 to GeneExpressionMatrix for Chr (4 of 23)!, 0.653 mins elapsed.
2024-05-31 14:43:42.008604 : Adding s4d8 to GeneExpressionMatrix for Chr (5 of 23)!, 0.665 mins elapsed.
2024-05-31 14:43:43.247364 : Adding s3d10 to GeneExpressionMatrix for Chr (5 of 23)!, 0.686 mins elapsed.
2024-05-31 14:43:44.450889 : Adding s1d2 to GeneExpressionMatrix for Chr (5 of 23)!, 0.706 mins elapsed.
2024-05-31 14:43:44.957762 : Adding s2d5 to GeneExpressionMatrix for Chr (4 of 23)!, 0.715 mins elapsed.
2024-05-31 14:43:45.193924 : Adding s4d1 to GeneExpressionMatrix for Chr (5 of 23)!, 0.718 mins elapsed.
2024-05-31 14:43:45.749347 : Adding s2d4 to GeneExpressionMatrix for Chr (4 of 23)!, 0.728 mins elapsed.
2024-05-31 14:43:46.626976 : Adding s4d9 to GeneExpressionMatrix for Chr (4 of 23)!, 0.742 mins elapsed.
2024-05-31 14:43:47.175651 : Adding s3d6 to GeneExpressionMatrix for Chr (4 of 23)!, 0.751 mins elapsed.
2024-05-31 14:43:47.318553 : Adding s1d1 to GeneExpressionMatrix for Chr (5 of 23)!, 0.754 mins elapsed.
2024-05-31 14:43:47.540942 : Adding s2d1 to GeneExpressionMatrix for Chr (5 of 23)!, 0.758 mins elapsed.
2024-05-31 14:43:47.813608 : Adding s3d3 to GeneExpressionMatrix for Chr (5 of 23)!, 0.762 mins elapsed.
2024-05-31 14:43:49.928378 : Adding s3d10 to GeneExpressionMatrix for Chr (6 of 23)!, 0.797 mins elapsed.
2024-05-31 14:43:50.582048 : Adding s1d2 to GeneExpressionMatrix for Chr (6 of 23)!, 0.808 mins elapsed.
2024-05-31 14:43:50.710023 : Adding s3d7 to GeneExpressionMatrix for Chr (5 of 23)!, 0.81 mins elapsed.
2024-05-31 14:43:50.80004 : Adding s1d3 to GeneExpressionMatrix for Chr (5 of 23)!, 0.812 mins elapsed.
2024-05-31 14:43:51.376175 : Adding s4d8 to GeneExpressionMatrix for Chr (6 of 23)!, 0.821 mins elapsed.
2024-05-31 14:43:51.490803 : Adding s4d1 to GeneExpressionMatrix for Chr (6 of 23)!, 0.823 mins elapsed.
2024-05-31 14:43:51.654839 : Adding s2d5 to GeneExpressionMatrix for Chr (5 of 23)!, 0.826 mins elapsed.
2024-05-31 14:43:53.11856 : Adding s4d9 to GeneExpressionMatrix for Chr (5 of 23)!, 0.851 mins elapsed.
2024-05-31 14:43:53.770758 : Adding s2d1 to GeneExpressionMatrix for Chr (6 of 23)!, 0.861 mins elapsed.
2024-05-31 14:43:53.858498 : Adding s1d1 to GeneExpressionMatrix for Chr (6 of 23)!, 0.863 mins elapsed.
2024-05-31 14:43:53.990707 : Adding s3d3 to GeneExpressionMatrix for Chr (6 of 23)!, 0.865 mins elapsed.
2024-05-31 14:43:55.687403 : Adding s2d4 to GeneExpressionMatrix for Chr (5 of 23)!, 0.893 mins elapsed.
2024-05-31 14:43:57.074984 : Adding s3d6 to GeneExpressionMatrix for Chr (5 of 23)!, 0.916 mins elapsed.
2024-05-31 14:43:57.54305 : Adding s1d3 to GeneExpressionMatrix for Chr (6 of 23)!, 0.924 mins elapsed.
2024-05-31 14:43:58.623032 : Adding s2d5 to GeneExpressionMatrix for Chr (6 of 23)!, 0.942 mins elapsed.
2024-05-31 14:43:58.854542 : Adding s3d10 to GeneExpressionMatrix for Chr (7 of 23)!, 0.946 mins elapsed.
2024-05-31 14:44:00.120347 : Adding s4d9 to GeneExpressionMatrix for Chr (6 of 23)!, 0.967 mins elapsed.
2024-05-31 14:44:00.401735 : Adding s1d2 to GeneExpressionMatrix for Chr (7 of 23)!, 0.972 mins elapsed.
2024-05-31 14:44:00.528727 : Adding s3d7 to GeneExpressionMatrix for Chr (6 of 23)!, 0.974 mins elapsed.
2024-05-31 14:44:01.006976 : Adding s4d1 to GeneExpressionMatrix for Chr (7 of 23)!, 0.982 mins elapsed.
2024-05-31 14:44:02.879988 : Adding s1d1 to GeneExpressionMatrix for Chr (7 of 23)!, 1.013 mins elapsed.
2024-05-31 14:44:03.081918 : Adding s2d1 to GeneExpressionMatrix for Chr (7 of 23)!, 1.017 mins elapsed.
2024-05-31 14:44:03.583042 : Adding s4d8 to GeneExpressionMatrix for Chr (7 of 23)!, 1.025 mins elapsed.
2024-05-31 14:44:04.985759 : Adding s3d6 to GeneExpressionMatrix for Chr (6 of 23)!, 1.048 mins elapsed.
2024-05-31 14:44:05.146138 : Adding s3d10 to GeneExpressionMatrix for Chr (8 of 23)!, 1.051 mins elapsed.
2024-05-31 14:44:05.292167 : Adding s2d4 to GeneExpressionMatrix for Chr (6 of 23)!, 1.053 mins elapsed.
2024-05-31 14:44:06.08613 : Adding s3d3 to GeneExpressionMatrix for Chr (7 of 23)!, 1.067 mins elapsed.
2024-05-31 14:44:07.343964 : Adding s1d3 to GeneExpressionMatrix for Chr (7 of 23)!, 1.088 mins elapsed.
2024-05-31 14:44:07.370351 : Adding s4d1 to GeneExpressionMatrix for Chr (8 of 23)!, 1.088 mins elapsed.
2024-05-31 14:44:08.00137 : Adding s2d5 to GeneExpressionMatrix for Chr (7 of 23)!, 1.099 mins elapsed.
2024-05-31 14:44:09.109206 : Adding s1d1 to GeneExpressionMatrix for Chr (8 of 23)!, 1.117 mins elapsed.
2024-05-31 14:44:09.284449 : Adding s2d1 to GeneExpressionMatrix for Chr (8 of 23)!, 1.12 mins elapsed.
2024-05-31 14:44:09.605468 : Adding s4d8 to GeneExpressionMatrix for Chr (8 of 23)!, 1.125 mins elapsed.
2024-05-31 14:44:09.906479 : Adding s1d2 to GeneExpressionMatrix for Chr (8 of 23)!, 1.13 mins elapsed.
2024-05-31 14:44:10.549571 : Adding s4d9 to GeneExpressionMatrix for Chr (7 of 23)!, 1.141 mins elapsed.
2024-05-31 14:44:12.561568 : Adding s3d7 to GeneExpressionMatrix for Chr (7 of 23)!, 1.175 mins elapsed.
2024-05-31 14:44:13.001366 : Adding s3d10 to GeneExpressionMatrix for Chr (9 of 23)!, 1.182 mins elapsed.
2024-05-31 14:44:15.666945 : Adding s3d6 to GeneExpressionMatrix for Chr (7 of 23)!, 1.226 mins elapsed.
2024-05-31 14:44:19.517349 : Adding s4d1 to GeneExpressionMatrix for Chr (9 of 23)!, 1.291 mins elapsed.
2024-05-31 14:44:19.594267 : Adding s3d3 to GeneExpressionMatrix for Chr (8 of 23)!, 1.292 mins elapsed.
2024-05-31 14:44:20.13652 : Adding s1d3 to GeneExpressionMatrix for Chr (8 of 23)!, 1.301 mins elapsed.
2024-05-31 14:44:20.664195 : Adding s2d5 to GeneExpressionMatrix for Chr (8 of 23)!, 1.31 mins elapsed.
2024-05-31 14:44:20.978744 : Adding s1d1 to GeneExpressionMatrix for Chr (9 of 23)!, 1.315 mins elapsed.
2024-05-31 14:44:21.460278 : Adding s2d4 to GeneExpressionMatrix for Chr (7 of 23)!, 1.323 mins elapsed.
2024-05-31 14:44:21.875893 : Adding s4d8 to GeneExpressionMatrix for Chr (9 of 23)!, 1.33 mins elapsed.
2024-05-31 14:44:23.136492 : Adding s2d1 to GeneExpressionMatrix for Chr (9 of 23)!, 1.351 mins elapsed.
2024-05-31 14:44:23.345577 : Adding s4d9 to GeneExpressionMatrix for Chr (8 of 23)!, 1.354 mins elapsed.
2024-05-31 14:44:24.034091 : Adding s1d2 to GeneExpressionMatrix for Chr (9 of 23)!, 1.366 mins elapsed.
2024-05-31 14:44:24.076081 : Adding s3d7 to GeneExpressionMatrix for Chr (8 of 23)!, 1.366 mins elapsed.
2024-05-31 14:44:25.06398 : Adding s3d6 to GeneExpressionMatrix for Chr (8 of 23)!, 1.383 mins elapsed.
2024-05-31 14:44:27.808849 : Adding s3d10 to GeneExpressionMatrix for Chr (10 of 23)!, 1.429 mins elapsed.
2024-05-31 14:44:30.494392 : Adding s4d9 to GeneExpressionMatrix for Chr (9 of 23)!, 1.473 mins elapsed.
2024-05-31 14:44:31.084344 : Adding s3d7 to GeneExpressionMatrix for Chr (9 of 23)!, 1.483 mins elapsed.
2024-05-31 14:44:31.128872 : Adding s1d3 to GeneExpressionMatrix for Chr (9 of 23)!, 1.484 mins elapsed.
2024-05-31 14:44:31.509489 : Adding s3d6 to GeneExpressionMatrix for Chr (9 of 23)!, 1.49 mins elapsed.
2024-05-31 14:44:33.020513 : Adding s4d1 to GeneExpressionMatrix for Chr (10 of 23)!, 1.516 mins elapsed.
2024-05-31 14:44:33.406255 : Adding s1d1 to GeneExpressionMatrix for Chr (10 of 23)!, 1.522 mins elapsed.
2024-05-31 14:44:33.45188 : Adding s2d4 to GeneExpressionMatrix for Chr (8 of 23)!, 1.523 mins elapsed.
2024-05-31 14:44:33.780208 : Adding s1d2 to GeneExpressionMatrix for Chr (10 of 23)!, 1.528 mins elapsed.
2024-05-31 14:44:34.050146 : Adding s3d3 to GeneExpressionMatrix for Chr (9 of 23)!, 1.533 mins elapsed.
2024-05-31 14:44:34.320336 : Adding s3d10 to GeneExpressionMatrix for Chr (11 of 23)!, 1.537 mins elapsed.
2024-05-31 14:44:34.443747 : Adding s2d5 to GeneExpressionMatrix for Chr (9 of 23)!, 1.539 mins elapsed.
2024-05-31 14:44:34.55582 : Adding s4d8 to GeneExpressionMatrix for Chr (10 of 23)!, 1.541 mins elapsed.
2024-05-31 14:44:37.273291 : Adding s2d1 to GeneExpressionMatrix for Chr (10 of 23)!, 1.586 mins elapsed.
2024-05-31 14:44:40.338822 : Adding s3d7 to GeneExpressionMatrix for Chr (10 of 23)!, 1.638 mins elapsed.
2024-05-31 14:44:40.542881 : Adding s1d1 to GeneExpressionMatrix for Chr (11 of 23)!, 1.641 mins elapsed.
2024-05-31 14:44:40.598683 : Adding s4d9 to GeneExpressionMatrix for Chr (10 of 23)!, 1.642 mins elapsed.
2024-05-31 14:44:40.671455 : Adding s1d2 to GeneExpressionMatrix for Chr (11 of 23)!, 1.643 mins elapsed.
2024-05-31 14:44:40.737616 : Adding s4d1 to GeneExpressionMatrix for Chr (11 of 23)!, 1.644 mins elapsed.
2024-05-31 14:44:40.763093 : Adding s3d6 to GeneExpressionMatrix for Chr (10 of 23)!, 1.645 mins elapsed.
2024-05-31 14:44:41.035941 : Adding s1d3 to GeneExpressionMatrix for Chr (10 of 23)!, 1.649 mins elapsed.
2024-05-31 14:44:41.370974 : Adding s3d10 to GeneExpressionMatrix for Chr (12 of 23)!, 1.655 mins elapsed.
2024-05-31 14:44:41.472769 : Adding s4d8 to GeneExpressionMatrix for Chr (11 of 23)!, 1.656 mins elapsed.
2024-05-31 14:44:41.530356 : Adding s2d4 to GeneExpressionMatrix for Chr (9 of 23)!, 1.657 mins elapsed.
2024-05-31 14:44:44.666143 : Adding s2d1 to GeneExpressionMatrix for Chr (11 of 23)!, 1.71 mins elapsed.
2024-05-31 14:44:45.771604 : Adding s3d3 to GeneExpressionMatrix for Chr (10 of 23)!, 1.728 mins elapsed.
2024-05-31 14:44:46.39633 : Adding s2d5 to GeneExpressionMatrix for Chr (10 of 23)!, 1.738 mins elapsed.
2024-05-31 14:44:47.741755 : Adding s3d7 to GeneExpressionMatrix for Chr (11 of 23)!, 1.761 mins elapsed.
2024-05-31 14:44:47.858731 : Adding s4d9 to GeneExpressionMatrix for Chr (11 of 23)!, 1.763 mins elapsed.
2024-05-31 14:44:47.873863 : Adding s1d1 to GeneExpressionMatrix for Chr (12 of 23)!, 1.763 mins elapsed.
2024-05-31 14:44:48.131986 : Adding s1d2 to GeneExpressionMatrix for Chr (12 of 23)!, 1.767 mins elapsed.
2024-05-31 14:44:48.265275 : Adding s3d6 to GeneExpressionMatrix for Chr (11 of 23)!, 1.77 mins elapsed.
2024-05-31 14:44:48.349127 : Adding s4d1 to GeneExpressionMatrix for Chr (12 of 23)!, 1.771 mins elapsed.
2024-05-31 14:44:48.708856 : Adding s1d3 to GeneExpressionMatrix for Chr (11 of 23)!, 1.777 mins elapsed.
2024-05-31 14:44:48.983711 : Adding s4d8 to GeneExpressionMatrix for Chr (12 of 23)!, 1.782 mins elapsed.
2024-05-31 14:44:52.346124 : Adding s2d1 to GeneExpressionMatrix for Chr (12 of 23)!, 1.838 mins elapsed.
2024-05-31 14:44:52.716423 : Adding s2d4 to GeneExpressionMatrix for Chr (10 of 23)!, 1.844 mins elapsed.
2024-05-31 14:44:53.465476 : Adding s3d10 to GeneExpressionMatrix for Chr (13 of 23)!, 1.856 mins elapsed.
2024-05-31 14:44:53.660211 : Adding s3d3 to GeneExpressionMatrix for Chr (11 of 23)!, 1.86 mins elapsed.
2024-05-31 14:44:54.394936 : Adding s2d5 to GeneExpressionMatrix for Chr (11 of 23)!, 1.872 mins elapsed.
2024-05-31 14:44:55.320896 : Adding s4d9 to GeneExpressionMatrix for Chr (12 of 23)!, 1.887 mins elapsed.
2024-05-31 14:44:55.52237 : Adding s3d7 to GeneExpressionMatrix for Chr (12 of 23)!, 1.891 mins elapsed.
2024-05-31 14:44:55.950205 : Adding s3d6 to GeneExpressionMatrix for Chr (12 of 23)!, 1.898 mins elapsed.
2024-05-31 14:44:56.586717 : Adding s1d3 to GeneExpressionMatrix for Chr (12 of 23)!, 1.908 mins elapsed.
2024-05-31 14:44:58.853065 : Adding s1d1 to GeneExpressionMatrix for Chr (13 of 23)!, 1.946 mins elapsed.
2024-05-31 14:44:59.143121 : Adding s1d2 to GeneExpressionMatrix for Chr (13 of 23)!, 1.951 mins elapsed.
2024-05-31 14:44:59.402221 : Adding s4d1 to GeneExpressionMatrix for Chr (13 of 23)!, 1.955 mins elapsed.
2024-05-31 14:44:59.938046 : Adding s4d8 to GeneExpressionMatrix for Chr (13 of 23)!, 1.964 mins elapsed.
2024-05-31 14:45:00.50149 : Adding s2d4 to GeneExpressionMatrix for Chr (11 of 23)!, 1.974 mins elapsed.
2024-05-31 14:45:02.211615 : Adding s3d3 to GeneExpressionMatrix for Chr (12 of 23)!, 2.002 mins elapsed.
2024-05-31 14:45:02.886343 : Adding s3d10 to GeneExpressionMatrix for Chr (14 of 23)!, 2.013 mins elapsed.
2024-05-31 14:45:03.089751 : Adding s2d5 to GeneExpressionMatrix for Chr (12 of 23)!, 2.017 mins elapsed.
2024-05-31 14:45:05.482749 : Adding s2d1 to GeneExpressionMatrix for Chr (13 of 23)!, 2.057 mins elapsed.
2024-05-31 14:45:06.237377 : Adding s1d1 to GeneExpressionMatrix for Chr (14 of 23)!, 2.069 mins elapsed.
2024-05-31 14:45:06.240443 : Adding s4d9 to GeneExpressionMatrix for Chr (13 of 23)!, 2.069 mins elapsed.
2024-05-31 14:45:06.560012 : Adding s3d7 to GeneExpressionMatrix for Chr (13 of 23)!, 2.075 mins elapsed.
2024-05-31 14:45:07.050626 : Adding s3d6 to GeneExpressionMatrix for Chr (13 of 23)!, 2.083 mins elapsed.
2024-05-31 14:45:07.449611 : Adding s1d3 to GeneExpressionMatrix for Chr (13 of 23)!, 2.089 mins elapsed.
2024-05-31 14:45:07.496715 : Adding s1d2 to GeneExpressionMatrix for Chr (14 of 23)!, 2.09 mins elapsed.
2024-05-31 14:45:08.080462 : Adding s4d8 to GeneExpressionMatrix for Chr (14 of 23)!, 2.1 mins elapsed.
2024-05-31 14:45:08.481061 : Adding s2d4 to GeneExpressionMatrix for Chr (12 of 23)!, 2.107 mins elapsed.
2024-05-31 14:45:09.266206 : Adding s4d1 to GeneExpressionMatrix for Chr (14 of 23)!, 2.12 mins elapsed.
2024-05-31 14:45:13.51285 : Adding s3d3 to GeneExpressionMatrix for Chr (13 of 23)!, 2.19 mins elapsed.
2024-05-31 14:45:14.338959 : Adding s2d1 to GeneExpressionMatrix for Chr (14 of 23)!, 2.204 mins elapsed.
2024-05-31 14:45:14.986818 : Adding s3d10 to GeneExpressionMatrix for Chr (15 of 23)!, 2.215 mins elapsed.
2024-05-31 14:45:15.096629 : Adding s2d5 to GeneExpressionMatrix for Chr (13 of 23)!, 2.217 mins elapsed.
2024-05-31 14:45:15.459359 : Adding s3d7 to GeneExpressionMatrix for Chr (14 of 23)!, 2.223 mins elapsed.
2024-05-31 14:45:15.599776 : Adding s3d6 to GeneExpressionMatrix for Chr (14 of 23)!, 2.225 mins elapsed.
2024-05-31 14:45:15.746655 : Adding s1d3 to GeneExpressionMatrix for Chr (14 of 23)!, 2.228 mins elapsed.
2024-05-31 14:45:16.196132 : Adding s4d9 to GeneExpressionMatrix for Chr (14 of 23)!, 2.235 mins elapsed.
2024-05-31 14:45:17.601577 : Adding s4d8 to GeneExpressionMatrix for Chr (15 of 23)!, 2.259 mins elapsed.
2024-05-31 14:45:18.782425 : Adding s4d1 to GeneExpressionMatrix for Chr (15 of 23)!, 2.278 mins elapsed.
2024-05-31 14:45:18.871832 : Adding s1d1 to GeneExpressionMatrix for Chr (15 of 23)!, 2.28 mins elapsed.
2024-05-31 14:45:19.665774 : Adding s1d2 to GeneExpressionMatrix for Chr (15 of 23)!, 2.293 mins elapsed.
2024-05-31 14:45:20.006823 : Adding s2d4 to GeneExpressionMatrix for Chr (13 of 23)!, 2.299 mins elapsed.
2024-05-31 14:45:21.226705 : Adding s3d3 to GeneExpressionMatrix for Chr (14 of 23)!, 2.319 mins elapsed.
2024-05-31 14:45:22.99543 : Adding s2d5 to GeneExpressionMatrix for Chr (14 of 23)!, 2.348 mins elapsed.
2024-05-31 14:45:23.267342 : Adding s3d6 to GeneExpressionMatrix for Chr (15 of 23)!, 2.353 mins elapsed.
2024-05-31 14:45:23.282952 : Adding s3d7 to GeneExpressionMatrix for Chr (15 of 23)!, 2.353 mins elapsed.
2024-05-31 14:45:23.807169 : Adding s1d3 to GeneExpressionMatrix for Chr (15 of 23)!, 2.362 mins elapsed.
2024-05-31 14:45:27.365594 : Adding s2d1 to GeneExpressionMatrix for Chr (15 of 23)!, 2.421 mins elapsed.
2024-05-31 14:45:27.783004 : Adding s2d4 to GeneExpressionMatrix for Chr (14 of 23)!, 2.428 mins elapsed.
2024-05-31 14:45:27.867133 : Adding s4d9 to GeneExpressionMatrix for Chr (15 of 23)!, 2.43 mins elapsed.
2024-05-31 14:45:28.79354 : Adding s3d3 to GeneExpressionMatrix for Chr (15 of 23)!, 2.445 mins elapsed.
2024-05-31 14:45:29.821807 : Adding s4d1 to GeneExpressionMatrix for Chr (16 of 23)!, 2.462 mins elapsed.
2024-05-31 14:45:30.671375 : Adding s2d5 to GeneExpressionMatrix for Chr (15 of 23)!, 2.476 mins elapsed.
2024-05-31 14:45:31.318306 : Adding s3d10 to GeneExpressionMatrix for Chr (16 of 23)!, 2.487 mins elapsed.
2024-05-31 14:45:33.337239 : Adding s4d8 to GeneExpressionMatrix for Chr (16 of 23)!, 2.521 mins elapsed.
2024-05-31 14:45:34.326465 : Adding s1d1 to GeneExpressionMatrix for Chr (16 of 23)!, 2.537 mins elapsed.
2024-05-31 14:45:34.510059 : Adding s3d7 to GeneExpressionMatrix for Chr (16 of 23)!, 2.54 mins elapsed.
2024-05-31 14:45:35.437274 : Adding s1d3 to GeneExpressionMatrix for Chr (16 of 23)!, 2.556 mins elapsed.
2024-05-31 14:45:35.842242 : Adding s1d2 to GeneExpressionMatrix for Chr (16 of 23)!, 2.563 mins elapsed.
2024-05-31 14:45:36.153157 : Adding s2d4 to GeneExpressionMatrix for Chr (15 of 23)!, 2.568 mins elapsed.
2024-05-31 14:45:37.844754 : Adding s4d1 to GeneExpressionMatrix for Chr (17 of 23)!, 2.596 mins elapsed.
2024-05-31 14:45:38.857346 : Adding s3d6 to GeneExpressionMatrix for Chr (16 of 23)!, 2.613 mins elapsed.
2024-05-31 14:45:40.061599 : Adding s3d3 to GeneExpressionMatrix for Chr (16 of 23)!, 2.633 mins elapsed.
2024-05-31 14:45:42.844849 : Adding s2d5 to GeneExpressionMatrix for Chr (16 of 23)!, 2.679 mins elapsed.
2024-05-31 14:45:42.983862 : Adding s3d7 to GeneExpressionMatrix for Chr (17 of 23)!, 2.682 mins elapsed.
2024-05-31 14:45:43.401214 : Adding s3d10 to GeneExpressionMatrix for Chr (17 of 23)!, 2.689 mins elapsed.
2024-05-31 14:45:44.284027 : Adding s1d1 to GeneExpressionMatrix for Chr (17 of 23)!, 2.703 mins elapsed.
2024-05-31 14:45:44.662 : Adding s4d9 to GeneExpressionMatrix for Chr (16 of 23)!, 2.71 mins elapsed.
2024-05-31 14:45:45.006606 : Adding s2d1 to GeneExpressionMatrix for Chr (16 of 23)!, 2.715 mins elapsed.
2024-05-31 14:45:45.549243 : Adding s4d8 to GeneExpressionMatrix for Chr (17 of 23)!, 2.724 mins elapsed.
2024-05-31 14:45:46.130448 : Adding s4d1 to GeneExpressionMatrix for Chr (18 of 23)!, 2.734 mins elapsed.
2024-05-31 14:45:47.478269 : Adding s1d3 to GeneExpressionMatrix for Chr (17 of 23)!, 2.757 mins elapsed.
2024-05-31 14:45:47.91311 : Adding s2d4 to GeneExpressionMatrix for Chr (16 of 23)!, 2.764 mins elapsed.
2024-05-31 14:45:48.298802 : Adding s1d2 to GeneExpressionMatrix for Chr (17 of 23)!, 2.77 mins elapsed.
2024-05-31 14:45:49.325693 : Adding s3d3 to GeneExpressionMatrix for Chr (17 of 23)!, 2.787 mins elapsed.
2024-05-31 14:45:51.47766 : Adding s3d7 to GeneExpressionMatrix for Chr (18 of 23)!, 2.823 mins elapsed.
2024-05-31 14:45:51.91955 : Adding s3d6 to GeneExpressionMatrix for Chr (17 of 23)!, 2.831 mins elapsed.
2024-05-31 14:45:52.023898 : Adding s2d5 to GeneExpressionMatrix for Chr (17 of 23)!, 2.832 mins elapsed.
2024-05-31 14:45:52.549425 : Adding s3d10 to GeneExpressionMatrix for Chr (18 of 23)!, 2.841 mins elapsed.
2024-05-31 14:45:53.37845 : Adding s4d9 to GeneExpressionMatrix for Chr (17 of 23)!, 2.855 mins elapsed.
2024-05-31 14:45:55.827881 : Adding s1d1 to GeneExpressionMatrix for Chr (18 of 23)!, 2.896 mins elapsed.
2024-05-31 14:45:56.224976 : Adding s2d4 to GeneExpressionMatrix for Chr (17 of 23)!, 2.902 mins elapsed.
2024-05-31 14:45:56.983489 : Adding s2d1 to GeneExpressionMatrix for Chr (17 of 23)!, 2.915 mins elapsed.
2024-05-31 14:45:57.38984 : Adding s4d8 to GeneExpressionMatrix for Chr (18 of 23)!, 2.922 mins elapsed.
2024-05-31 14:45:57.931686 : Adding s4d1 to GeneExpressionMatrix for Chr (19 of 23)!, 2.931 mins elapsed.
2024-05-31 14:45:58.650308 : Adding s1d3 to GeneExpressionMatrix for Chr (18 of 23)!, 2.943 mins elapsed.
2024-05-31 14:45:58.807959 : Adding s3d3 to GeneExpressionMatrix for Chr (18 of 23)!, 2.945 mins elapsed.
2024-05-31 14:45:59.771408 : Adding s1d2 to GeneExpressionMatrix for Chr (18 of 23)!, 2.961 mins elapsed.
2024-05-31 14:46:00.122457 : Adding s2d5 to GeneExpressionMatrix for Chr (18 of 23)!, 2.967 mins elapsed.
2024-05-31 14:46:01.626342 : Adding s4d9 to GeneExpressionMatrix for Chr (18 of 23)!, 2.992 mins elapsed.
2024-05-31 14:46:03.334117 : Adding s3d6 to GeneExpressionMatrix for Chr (18 of 23)!, 3.021 mins elapsed.
2024-05-31 14:46:04.129419 : Adding s3d10 to GeneExpressionMatrix for Chr (19 of 23)!, 3.034 mins elapsed.
2024-05-31 14:46:04.499299 : Adding s2d4 to GeneExpressionMatrix for Chr (18 of 23)!, 3.04 mins elapsed.
2024-05-31 14:46:05.952247 : Adding s3d7 to GeneExpressionMatrix for Chr (19 of 23)!, 3.064 mins elapsed.
2024-05-31 14:46:07.168019 : Adding s4d1 to GeneExpressionMatrix for Chr (20 of 23)!, 3.085 mins elapsed.
2024-05-31 14:46:08.16039 : Adding s1d1 to GeneExpressionMatrix for Chr (19 of 23)!, 3.101 mins elapsed.
2024-05-31 14:46:09.625275 : Adding s2d1 to GeneExpressionMatrix for Chr (18 of 23)!, 3.126 mins elapsed.
2024-05-31 14:46:11.758843 : Adding s3d3 to GeneExpressionMatrix for Chr (19 of 23)!, 3.161 mins elapsed.
2024-05-31 14:46:12.340756 : Adding s3d10 to GeneExpressionMatrix for Chr (20 of 23)!, 3.171 mins elapsed.
2024-05-31 14:46:12.680947 : Adding s1d3 to GeneExpressionMatrix for Chr (19 of 23)!, 3.177 mins elapsed.
2024-05-31 14:46:12.848848 : Adding s4d8 to GeneExpressionMatrix for Chr (19 of 23)!, 3.179 mins elapsed.
2024-05-31 14:46:13.017197 : Adding s4d9 to GeneExpressionMatrix for Chr (19 of 23)!, 3.182 mins elapsed.
2024-05-31 14:46:14.839292 : Adding s2d5 to GeneExpressionMatrix for Chr (19 of 23)!, 3.213 mins elapsed.
2024-05-31 14:46:15.069307 : Adding s1d2 to GeneExpressionMatrix for Chr (19 of 23)!, 3.216 mins elapsed.
2024-05-31 14:46:16.314993 : Adding s1d1 to GeneExpressionMatrix for Chr (20 of 23)!, 3.237 mins elapsed.
2024-05-31 14:46:16.676054 : Adding s4d1 to GeneExpressionMatrix for Chr (21 of 23)!, 3.243 mins elapsed.
2024-05-31 14:46:17.080713 : Adding s3d7 to GeneExpressionMatrix for Chr (20 of 23)!, 3.25 mins elapsed.
2024-05-31 14:46:18.276979 : Adding s2d4 to GeneExpressionMatrix for Chr (19 of 23)!, 3.27 mins elapsed.
2024-05-31 14:46:20.039121 : Adding s3d6 to GeneExpressionMatrix for Chr (19 of 23)!, 3.299 mins elapsed.
2024-05-31 14:46:20.240991 : Adding s3d3 to GeneExpressionMatrix for Chr (20 of 23)!, 3.303 mins elapsed.
2024-05-31 14:46:21.202109 : Adding s3d10 to GeneExpressionMatrix for Chr (21 of 23)!, 3.319 mins elapsed.
2024-05-31 14:46:21.378198 : Adding s1d3 to GeneExpressionMatrix for Chr (20 of 23)!, 3.322 mins elapsed.
2024-05-31 14:46:21.405233 : Adding s2d1 to GeneExpressionMatrix for Chr (19 of 23)!, 3.322 mins elapsed.
2024-05-31 14:46:21.581917 : Adding s4d9 to GeneExpressionMatrix for Chr (20 of 23)!, 3.325 mins elapsed.
2024-05-31 14:46:23.144273 : Adding s1d2 to GeneExpressionMatrix for Chr (20 of 23)!, 3.351 mins elapsed.
2024-05-31 14:46:23.274995 : Adding s4d8 to GeneExpressionMatrix for Chr (20 of 23)!, 3.353 mins elapsed.
2024-05-31 14:46:24.235944 : Adding s1d1 to GeneExpressionMatrix for Chr (21 of 23)!, 3.369 mins elapsed.
2024-05-31 14:46:27.333832 : Adding s2d5 to GeneExpressionMatrix for Chr (20 of 23)!, 3.421 mins elapsed.
2024-05-31 14:46:28.559568 : Adding s3d3 to GeneExpressionMatrix for Chr (21 of 23)!, 3.441 mins elapsed.
2024-05-31 14:46:28.687053 : Adding s3d7 to GeneExpressionMatrix for Chr (21 of 23)!, 3.443 mins elapsed.
2024-05-31 14:46:29.545934 : Adding s2d1 to GeneExpressionMatrix for Chr (20 of 23)!, 3.458 mins elapsed.
2024-05-31 14:46:29.758825 : Adding s2d4 to GeneExpressionMatrix for Chr (20 of 23)!, 3.461 mins elapsed.
2024-05-31 14:46:30.156435 : Adding s1d3 to GeneExpressionMatrix for Chr (21 of 23)!, 3.468 mins elapsed.
2024-05-31 14:46:30.160652 : Adding s4d9 to GeneExpressionMatrix for Chr (21 of 23)!, 3.468 mins elapsed.
2024-05-31 14:46:31.371562 : Adding s3d6 to GeneExpressionMatrix for Chr (20 of 23)!, 3.488 mins elapsed.
2024-05-31 14:46:31.481131 : Adding s1d2 to GeneExpressionMatrix for Chr (21 of 23)!, 3.49 mins elapsed.
2024-05-31 14:46:32.588559 : Adding s4d8 to GeneExpressionMatrix for Chr (21 of 23)!, 3.508 mins elapsed.
2024-05-31 14:46:32.684906 : Adding s4d1 to GeneExpressionMatrix for Chr (22 of 23)!, 3.51 mins elapsed.
2024-05-31 14:46:34.963977 : Adding s3d10 to GeneExpressionMatrix for Chr (22 of 23)!, 3.548 mins elapsed.
2024-05-31 14:46:36.659412 : Adding s1d1 to GeneExpressionMatrix for Chr (22 of 23)!, 3.576 mins elapsed.
2024-05-31 14:46:37.539022 : Adding s2d1 to GeneExpressionMatrix for Chr (21 of 23)!, 3.591 mins elapsed.
2024-05-31 14:46:39.291879 : Adding s2d5 to GeneExpressionMatrix for Chr (21 of 23)!, 3.62 mins elapsed.
2024-05-31 14:46:39.625692 : Adding s2d4 to GeneExpressionMatrix for Chr (21 of 23)!, 3.626 mins elapsed.
2024-05-31 14:46:40.304088 : Adding s3d3 to GeneExpressionMatrix for Chr (22 of 23)!, 3.637 mins elapsed.
2024-05-31 14:46:40.951248 : Adding s4d1 to GeneExpressionMatrix for Chr (23 of 23)!, 3.648 mins elapsed.
2024-05-31 14:46:41.754252 : Adding s4d9 to GeneExpressionMatrix for Chr (22 of 23)!, 3.661 mins elapsed.
2024-05-31 14:46:42.151601 : Adding s1d3 to GeneExpressionMatrix for Chr (22 of 23)!, 3.668 mins elapsed.
2024-05-31 14:46:42.261756 : Adding s3d6 to GeneExpressionMatrix for Chr (21 of 23)!, 3.67 mins elapsed.
2024-05-31 14:46:42.869604 : Adding s3d10 to GeneExpressionMatrix for Chr (23 of 23)!, 3.68 mins elapsed.
2024-05-31 14:46:42.981658 : Adding s1d2 to GeneExpressionMatrix for Chr (22 of 23)!, 3.682 mins elapsed.
2024-05-31 14:46:44.032888 : Adding s4d8 to GeneExpressionMatrix for Chr (22 of 23)!, 3.699 mins elapsed.
2024-05-31 14:46:45.095622 : Adding s1d1 to GeneExpressionMatrix for Chr (23 of 23)!, 3.717 mins elapsed.
2024-05-31 14:46:45.36519 : Adding s3d7 to GeneExpressionMatrix for Chr (22 of 23)!, 3.721 mins elapsed.
2024-05-31 14:46:47.924348 : Adding s3d3 to GeneExpressionMatrix for Chr (23 of 23)!, 3.764 mins elapsed.
2024-05-31 14:46:48.629802 : Adding s2d1 to GeneExpressionMatrix for Chr (22 of 23)!, 3.776 mins elapsed.
2024-05-31 14:46:49.409394 : Adding s4d9 to GeneExpressionMatrix for Chr (23 of 23)!, 3.789 mins elapsed.
2024-05-31 14:46:49.986169 : Adding s1d3 to GeneExpressionMatrix for Chr (23 of 23)!, 3.798 mins elapsed.
2024-05-31 14:46:50.739909 : Adding s1d2 to GeneExpressionMatrix for Chr (23 of 23)!, 3.811 mins elapsed.
2024-05-31 14:46:50.902868 : Adding s2d5 to GeneExpressionMatrix for Chr (22 of 23)!, 3.814 mins elapsed.
2024-05-31 14:46:51.884798 : Adding s4d8 to GeneExpressionMatrix for Chr (23 of 23)!, 3.83 mins elapsed.
2024-05-31 14:46:52.955084 : Adding s2d4 to GeneExpressionMatrix for Chr (22 of 23)!, 3.848 mins elapsed.
2024-05-31 14:46:56.12227 : Adding s3d7 to GeneExpressionMatrix for Chr (23 of 23)!, 3.901 mins elapsed.
2024-05-31 14:46:56.603307 : Adding s2d1 to GeneExpressionMatrix for Chr (23 of 23)!, 3.909 mins elapsed.
2024-05-31 14:46:58.09087 : Adding s3d6 to GeneExpressionMatrix for Chr (22 of 23)!, 3.933 mins elapsed.
2024-05-31 14:46:58.774407 : Adding s2d5 to GeneExpressionMatrix for Chr (23 of 23)!, 3.945 mins elapsed.
2024-05-31 14:47:01.115998 : Adding s2d4 to GeneExpressionMatrix for Chr (23 of 23)!, 3.984 mins elapsed.
2024-05-31 14:47:08.022189 : Adding s3d6 to GeneExpressionMatrix for Chr (23 of 23)!, 4.099 mins elapsed.

------- Completed

End Time : 2024-05-31 14:47:21.962701
Elapsed Time Minutes = 4.49228819211324
Elapsed Time Hours = 0.0748716141780218

-------



