
           ___      .______        ______  __    __  .______      
          /   \     |   _  \      /      ||  |  |  | |   _  \     
         /  ^  \    |  |_)  |    |  ,----'|  |__|  | |  |_)  |    
        /  /_\  \   |      /     |  |     |   __   | |      /     
       /  _____  \  |  |\  \\___ |  `----.|  |  |  | |  |\  \\___.
      /__/     \__\ | _| `._____| \______||__|  |__| | _| `._____|
    
Logging With ArchR!

Start Time : 2024-05-28 16:21:16.442071

------- ArchR Info

ArchRThreads = 16
ArchRGenome = Hg38

------- System Info

Computer OS = unix
Total Cores = 192

------- Session Info

R version 4.3.3 (2024-02-29)
Platform: x86_64-conda-linux-gnu (64-bit)
Running under: Red Hat Enterprise Linux 8.9 (Ootpa)

Matrix products: default
BLAS/LAPACK: /maps/projects/ralab/people/lpm537/software/anaconda3/envs/Notebook_E2G_240505/lib/libopenblasp-r0.3.27.so;  LAPACK version 3.12.0

Random number generation:
 RNG:     L'Ecuyer-CMRG 
 Normal:  Inversion 
 Sample:  Rejection 
 
locale:
 [1] LC_CTYPE=en_US.UTF-8       LC_NUMERIC=C              
 [3] LC_TIME=en_US.UTF-8        LC_COLLATE=en_US.UTF-8    
 [5] LC_MONETARY=en_US.UTF-8    LC_MESSAGES=en_US.UTF-8   
 [7] LC_PAPER=en_US.UTF-8       LC_NAME=C                 
 [9] LC_ADDRESS=C               LC_TELEPHONE=C            
[11] LC_MEASUREMENT=en_US.UTF-8 LC_IDENTIFICATION=C       

time zone: Europe/Copenhagen
tzcode source: system (glibc)

attached base packages:
 [1] parallel  stats4    grid      stats     graphics  grDevices utils    
 [8] datasets  methods   base     

other attached packages:
 [1] uwot_0.1.16                       Rsamtools_2.18.0                 
 [3] BSgenome.Hsapiens.UCSC.hg38_1.4.5 BSgenome_1.68.0                  
 [5] rtracklayer_1.60.1                Biostrings_2.70.1                
 [7] XVector_0.42.0                    genomation_1.34.0                
 [9] Signac_1.13.0                     Seurat_5.0.3                     
[11] SeuratObject_5.0.1                sp_2.1-4                         
[13] rhdf5_2.44.0                      SummarizedExperiment_1.30.2      
[15] Biobase_2.60.0                    MatrixGenerics_1.12.3            
[17] Rcpp_1.0.12                       Matrix_1.6-5                     
[19] GenomicRanges_1.54.1              GenomeInfoDb_1.38.1              
[21] IRanges_2.36.0                    S4Vectors_0.40.2                 
[23] BiocGenerics_0.48.1               matrixStats_1.3.0                
[25] data.table_1.15.2                 stringr_1.5.1                    
[27] plyr_1.8.9                        magrittr_2.0.3                   
[29] ggplot2_3.5.1                     gtable_0.3.5                     
[31] gtools_3.9.5                      gridExtra_2.3                    
[33] ArchR_1.0.2                      

loaded via a namespace (and not attached):
  [1] RcppAnnoy_0.0.22            splines_4.3.3              
  [3] later_1.3.2                 pbdZMQ_0.3-11              
  [5] BiocIO_1.10.0               bitops_1.0-7               
  [7] tibble_3.2.1                polyclip_1.10-6            
  [9] XML_3.99-0.16.1             fastDummies_1.7.3          
 [11] lifecycle_1.0.4             vroom_1.6.5                
 [13] globals_0.16.3              lattice_0.22-6             
 [15] MASS_7.3-60                 plotly_4.10.4              
 [17] plotrix_3.8-4               yaml_2.3.8                 
 [19] httpuv_1.6.15               sctransform_0.4.1          
 [21] spam_2.10-0                 spatstat.sparse_3.0-3      
 [23] reticulate_1.36.1           cowplot_1.1.3              
 [25] pbapply_1.7-2               RColorBrewer_1.1-3         
 [27] abind_1.4-5                 zlibbioc_1.48.0            
 [29] Rtsne_0.17                  purrr_1.0.2                
 [31] RCurl_1.98-1.14             GenomeInfoDbData_1.2.11    
 [33] ggrepel_0.9.5               irlba_2.3.5.1              
 [35] listenv_0.9.1               spatstat.utils_3.0-4       
 [37] goftest_1.2-3               RSpectra_0.16-1            
 [39] spatstat.random_3.2-3       fitdistrplus_1.1-11        
 [41] parallelly_1.37.1           leiden_0.4.3.1             
 [43] codetools_0.2-20            DelayedArray_0.26.7        
 [45] RcppRoll_0.3.0              tidyselect_1.2.1           
 [47] farver_2.1.1                base64enc_0.1-3            
 [49] spatstat.explore_3.2-6      GenomicAlignments_1.36.0   
 [51] jsonlite_1.8.8              progressr_0.14.0           
 [53] ggridges_0.5.6              survival_3.6-4             
 [55] tools_4.3.3                 ica_1.0-3                  
 [57] glue_1.7.0                  IRdisplay_1.1              
 [59] dplyr_1.1.4                 withr_3.0.0                
 [61] fastmap_1.1.1               rhdf5filters_1.12.1        
 [63] fansi_1.0.6                 digest_0.6.35              
 [65] R6_2.5.1                    mime_0.12                  
 [67] seqPattern_1.34.0           colorspace_2.1-0           
 [69] Cairo_1.6-2                 scattermore_1.2            
 [71] tensor_1.5                  spatstat.data_3.0-4        
 [73] utf8_1.2.4                  tidyr_1.3.1                
 [75] generics_0.1.3              httr_1.4.7                 
 [77] htmlwidgets_1.6.4           S4Arrays_1.2.1             
 [79] pkgconfig_2.0.3             impute_1.76.0              
 [81] lmtest_0.9-40               SingleCellExperiment_1.22.0
 [83] htmltools_0.5.8.1           dotCall64_1.1-1            
 [85] scales_1.3.0                png_0.1-8                  
 [87] tzdb_0.4.0                  reshape2_1.4.4             
 [89] rjson_0.2.21                uuid_1.2-0                 
 [91] nlme_3.1-164                repr_1.1.7                 
 [93] zoo_1.8-12                  KernSmooth_2.23-22         
 [95] miniUI_0.1.1.1              restfulr_0.0.15            
 [97] pillar_1.9.0                vctrs_0.6.5                
 [99] RANN_2.6.1                  promises_1.3.0             
[101] xtable_1.8-4                cluster_2.1.6              
[103] evaluate_0.23               readr_2.1.5                
[105] cli_3.6.2                   compiler_4.3.3             
[107] rlang_1.1.3                 crayon_1.5.2               
[109] future.apply_1.11.2         labeling_0.4.3             
[111] stringi_1.8.3               gridBase_0.4-7             
[113] viridisLite_0.4.2           deldir_2.0-4               
[115] BiocParallel_1.36.0         munsell_0.5.1              
[117] lazyeval_0.2.2              spatstat.geom_3.2-9        
[119] IRkernel_1.3.2              RcppHNSW_0.6.0             
[121] hms_1.1.3                   patchwork_1.2.0            
[123] bit64_4.0.5                 future_1.33.2              
[125] Rhdf5lib_1.22.1             shiny_1.8.1.1              
[127] ROCR_1.0-11                 igraph_2.0.3               
[129] fastmatch_1.1-4             bit_4.0.5                  


------- Log Info


2024-05-28 16:21:16.719047 : addGeneExpressionMatrix Input-Parameters, Class = list

addGeneExpressionMatrix Input-Parameters$input: length = 1

addGeneExpressionMatrix Input-Parameters$seRNA: length = 61218
class: RangedSummarizedExperiment 
dim: 6 11105 
metadata(0):
assays(1): counts
rownames(6): DDX11L1 MIR6859-1 ... MIR1302-2 FAM138A
rowData names(5): feature_type genome id interval name
colnames(11105): K562_Xu#AAACAGCCAAGCGATG-1 K562_Xu#AAACAGCCAAGGAATC-1
  ... K562_Xu#TTTGTTGGTTTATGGG-1 K562_Xu#TTTGTTGGTTTGTGGA-1
colData names(0):


addGeneExpressionMatrix Input-Parameters$chromSizes: length = 24
GRanges object with 6 ranges and 0 metadata columns:
      seqnames      ranges strand
         <Rle>   <IRanges>  <Rle>
  [1]     chr1 1-248956422      *
  [2]     chr2 1-242193529      *
  [3]     chr3 1-198295559      *
  [4]     chr4 1-190214555      *
  [5]     chr5 1-181538259      *
  [6]     chr6 1-170805979      *
  -------
  seqinfo: 24 sequences from an unspecified genome


addGeneExpressionMatrix Input-Parameters$excludeChr: length = 2
[1] "chrM" "chrY"


addGeneExpressionMatrix Input-Parameters$scaleTo: length = 1
[1] 10000


addGeneExpressionMatrix Input-Parameters$verbose: length = 1
[1] TRUE


addGeneExpressionMatrix Input-Parameters$threads: length = 1
[1] 16


addGeneExpressionMatrix Input-Parameters$parallelParam: length = 0
NULL


addGeneExpressionMatrix Input-Parameters$strictMatch: length = 1
[1] FALSE


addGeneExpressionMatrix Input-Parameters$force: length = 1
[1] TRUE


addGeneExpressionMatrix Input-Parameters$logFile: length = 1
[1] "ArchRLogs/ArchR-addGeneExpressionMatrix-39e2628ec09d8-Date-2024-05-28_Time-16-21-16.33596.log"



2024-05-28 16:21:17.019995 : 

2024-05-28 16:21:17.034146 : 

2024-05-28 16:21:20.269673 : qcInfo, Class = DFrame
DataFrame with 11105 rows and 4 columns
                            Gex_nUMI Gex_nGenes Gex_MitoRatio Gex_RiboRatio
                           <numeric>  <numeric>     <numeric>     <numeric>
K562_Xu#AAACAGCCAAGCGATG-1     10085       4403    0.00456123      0.143381
K562_Xu#AAACAGCCAAGGAATC-1      1472       1044    0.00203804      0.176630
K562_Xu#AAACAGCCACATGCTA-1     14992       5355    0.00480256      0.142943
K562_Xu#AAACAGCCACGGTACT-1     17577       6003    0.00347044      0.125676
K562_Xu#AAACAGCCATAAAGCA-1      9161       3049    0.00338391      0.281738
...                              ...        ...           ...           ...
K562_Xu#TTTGTTGGTGTGAGAG-1     14382       5412    0.00340704     0.1239744
K562_Xu#TTTGTTGGTTGCCTCA-1      8340       3654    0.00443645     0.0904077
K562_Xu#TTTGTTGGTTTAACGG-1     14922       4710    0.00469106     0.2035250
K562_Xu#TTTGTTGGTTTATGGG-1     19194       6120    0.00484526     0.1090445
K562_Xu#TTTGTTGGTTTGTGGA-1     13938       5120    0.00509399     0.1086957

2024-05-28 16:21:20.284367 : Batch Execution w/ safelapply!, 0 mins elapsed.

2024-05-28 16:21:21.911315 : featureDF, Class = data.frame
featureDF: nRows = 60641, nCols = 6
  seqnames idx start   end        name strand
1     chr1   1 12009 12010     DDX11L1      3
2     chr1   2 17435 17436   MIR6859-1      3
3     chr1   3 29553 30267 MIR1302-2HG      3
4     chr1   4 29569 29570      WASH7P      3
5     chr1   5 30365 30366   MIR1302-2      3
6     chr1   6 36080 36081     FAM138A      3


2024-05-28 16:21:23.753345 : Adding K562_Xu to GeneExpressionMatrix for Chr (1 of 23)!, 0.058 mins elapsed.
2024-05-28 16:21:30.326622 : Adding K562_Xu to GeneExpressionMatrix for Chr (2 of 23)!, 0.167 mins elapsed.
2024-05-28 16:21:46.042979 : Adding K562_Xu to GeneExpressionMatrix for Chr (3 of 23)!, 0.429 mins elapsed.
2024-05-28 16:22:03.857952 : Adding K562_Xu to GeneExpressionMatrix for Chr (4 of 23)!, 0.726 mins elapsed.
2024-05-28 16:22:14.534931 : Adding K562_Xu to GeneExpressionMatrix for Chr (5 of 23)!, 0.904 mins elapsed.
2024-05-28 16:22:25.530275 : Adding K562_Xu to GeneExpressionMatrix for Chr (6 of 23)!, 1.087 mins elapsed.
2024-05-28 16:22:41.804159 : Adding K562_Xu to GeneExpressionMatrix for Chr (7 of 23)!, 1.359 mins elapsed.
2024-05-28 16:22:56.685964 : Adding K562_Xu to GeneExpressionMatrix for Chr (8 of 23)!, 1.607 mins elapsed.
2024-05-28 16:23:12.000153 : Adding K562_Xu to GeneExpressionMatrix for Chr (9 of 23)!, 1.862 mins elapsed.
2024-05-28 16:23:34.062061 : Adding K562_Xu to GeneExpressionMatrix for Chr (10 of 23)!, 2.23 mins elapsed.
2024-05-28 16:23:47.82429 : Adding K562_Xu to GeneExpressionMatrix for Chr (11 of 23)!, 2.459 mins elapsed.
2024-05-28 16:24:01.167047 : Adding K562_Xu to GeneExpressionMatrix for Chr (12 of 23)!, 2.681 mins elapsed.
2024-05-28 16:24:18.785751 : Adding K562_Xu to GeneExpressionMatrix for Chr (13 of 23)!, 2.975 mins elapsed.
2024-05-28 16:24:31.021862 : Adding K562_Xu to GeneExpressionMatrix for Chr (14 of 23)!, 3.179 mins elapsed.
2024-05-28 16:24:43.964334 : Adding K562_Xu to GeneExpressionMatrix for Chr (15 of 23)!, 3.395 mins elapsed.
2024-05-28 16:25:00.054552 : Adding K562_Xu to GeneExpressionMatrix for Chr (16 of 23)!, 3.663 mins elapsed.
2024-05-28 16:25:17.062298 : Adding K562_Xu to GeneExpressionMatrix for Chr (17 of 23)!, 3.946 mins elapsed.
2024-05-28 16:25:41.657159 : Adding K562_Xu to GeneExpressionMatrix for Chr (18 of 23)!, 4.356 mins elapsed.
2024-05-28 16:26:08.192494 : Adding K562_Xu to GeneExpressionMatrix for Chr (19 of 23)!, 4.798 mins elapsed.
2024-05-28 16:26:30.976266 : Adding K562_Xu to GeneExpressionMatrix for Chr (20 of 23)!, 5.178 mins elapsed.
2024-05-28 16:26:45.948292 : Adding K562_Xu to GeneExpressionMatrix for Chr (21 of 23)!, 5.428 mins elapsed.
2024-05-28 16:27:05.36189 : Adding K562_Xu to GeneExpressionMatrix for Chr (22 of 23)!, 5.751 mins elapsed.
2024-05-28 16:27:20.424138 : Adding K562_Xu to GeneExpressionMatrix for Chr (23 of 23)!, 6.002 mins elapsed.

------- Completed

End Time : 2024-05-28 16:27:41.029924
Elapsed Time Minutes = 6.40769387880961
Elapsed Time Hours = 0.106795069707765

-------



