
           ___      .______        ______  __    __  .______      
          /   \     |   _  \      /      ||  |  |  | |   _  \     
         /  ^  \    |  |_)  |    |  ,----'|  |__|  | |  |_)  |    
        /  /_\  \   |      /     |  |     |   __   | |      /     
       /  _____  \  |  |\  \\___ |  `----.|  |  |  | |  |\  \\___.
      /__/     \__\ | _| `._____| \______||__|  |__| | _| `._____|
    
Logging With ArchR!

Start Time : 2024-05-28 13:59:38.579611

------- ArchR Info

ArchRThreads = 16
ArchRGenome = Hg38

------- System Info

Computer OS = unix

------- Session Info

R version 4.3.3 (2024-02-29)
Platform: x86_64-conda-linux-gnu (64-bit)
Running under: Red Hat Enterprise Linux 8.9 (Ootpa)

Matrix products: default
BLAS/LAPACK: /maps/projects/ralab/people/lpm537/software/anaconda3/envs/Notebook_E2G_240505/lib/libopenblasp-r0.3.27.so;  LAPACK version 3.12.0

Random number generation:
 RNG:     L'Ecuyer-CMRG 
 Normal:  Inversion 
 Sample:  Rejection 
 
locale:
 [1] LC_CTYPE=en_US.UTF-8       LC_NUMERIC=C              
 [3] LC_TIME=en_US.UTF-8        LC_COLLATE=en_US.UTF-8    
 [5] LC_MONETARY=en_US.UTF-8    LC_MESSAGES=en_US.UTF-8   
 [7] LC_PAPER=en_US.UTF-8       LC_NAME=C                 
 [9] LC_ADDRESS=C               LC_TELEPHONE=C            
[11] LC_MEASUREMENT=en_US.UTF-8 LC_IDENTIFICATION=C       

time zone: Europe/Copenhagen
tzcode source: system (glibc)

attached base packages:
[1] stats4    grid      stats     graphics  grDevices utils     datasets 
[8] methods   base     

other attached packages:
 [1] BSgenome.Hsapiens.UCSC.hg38_1.4.5 BSgenome_1.68.0                  
 [3] rtracklayer_1.60.1                Biostrings_2.70.1                
 [5] XVector_0.42.0                    genomation_1.34.0                
 [7] Signac_1.13.0                     Seurat_5.0.3                     
 [9] SeuratObject_5.0.1                sp_2.1-4                         
[11] rhdf5_2.44.0                      SummarizedExperiment_1.30.2      
[13] Biobase_2.60.0                    MatrixGenerics_1.12.3            
[15] Rcpp_1.0.12                       Matrix_1.6-5                     
[17] GenomicRanges_1.54.1              GenomeInfoDb_1.38.1              
[19] IRanges_2.36.0                    S4Vectors_0.40.2                 
[21] BiocGenerics_0.48.1               matrixStats_1.3.0                
[23] data.table_1.15.2                 stringr_1.5.1                    
[25] plyr_1.8.9                        magrittr_2.0.3                   
[27] ggplot2_3.5.1                     gtable_0.3.5                     
[29] gtools_3.9.5                      gridExtra_2.3                    
[31] ArchR_1.0.2                      

loaded via a namespace (and not attached):
  [1] RcppAnnoy_0.0.22         splines_4.3.3            later_1.3.2             
  [4] pbdZMQ_0.3-11            BiocIO_1.10.0            bitops_1.0-7            
  [7] tibble_3.2.1             polyclip_1.10-6          XML_3.99-0.16.1         
 [10] fastDummies_1.7.3        lifecycle_1.0.4          vroom_1.6.5             
 [13] globals_0.16.3           lattice_0.22-6           MASS_7.3-60             
 [16] plotly_4.10.4            plotrix_3.8-4            yaml_2.3.8              
 [19] httpuv_1.6.15            sctransform_0.4.1        spam_2.10-0             
 [22] spatstat.sparse_3.0-3    reticulate_1.36.1        cowplot_1.1.3           
 [25] pbapply_1.7-2            RColorBrewer_1.1-3       abind_1.4-5             
 [28] zlibbioc_1.48.0          Rtsne_0.17               purrr_1.0.2             
 [31] RCurl_1.98-1.14          GenomeInfoDbData_1.2.11  ggrepel_0.9.5           
 [34] irlba_2.3.5.1            listenv_0.9.1            spatstat.utils_3.0-4    
 [37] goftest_1.2-3            RSpectra_0.16-1          spatstat.random_3.2-3   
 [40] fitdistrplus_1.1-11      parallelly_1.37.1        leiden_0.4.3.1          
 [43] codetools_0.2-20         DelayedArray_0.26.7      RcppRoll_0.3.0          
 [46] tidyselect_1.2.1         base64enc_0.1-3          spatstat.explore_3.2-6  
 [49] GenomicAlignments_1.36.0 jsonlite_1.8.8           progressr_0.14.0        
 [52] ggridges_0.5.6           survival_3.6-4           tools_4.3.3             
 [55] ica_1.0-3                glue_1.7.0               IRdisplay_1.1           
 [58] dplyr_1.1.4              withr_3.0.0              fastmap_1.1.1           
 [61] rhdf5filters_1.12.1      fansi_1.0.6              digest_0.6.35           
 [64] R6_2.5.1                 mime_0.12                seqPattern_1.34.0       
 [67] colorspace_2.1-0         scattermore_1.2          tensor_1.5              
 [70] spatstat.data_3.0-4      utf8_1.2.4               tidyr_1.3.1             
 [73] generics_0.1.3           httr_1.4.7               htmlwidgets_1.6.4       
 [76] S4Arrays_1.2.1           uwot_0.1.16              pkgconfig_2.0.3         
 [79] impute_1.76.0            lmtest_0.9-40            htmltools_0.5.8.1       
 [82] dotCall64_1.1-1          scales_1.3.0             png_0.1-8               
 [85] tzdb_0.4.0               reshape2_1.4.4           rjson_0.2.21            
 [88] uuid_1.2-0               nlme_3.1-164             repr_1.1.7              
 [91] zoo_1.8-12               KernSmooth_2.23-22       parallel_4.3.3          
 [94] miniUI_0.1.1.1           restfulr_0.0.15          pillar_1.9.0            
 [97] vctrs_0.6.5              RANN_2.6.1               promises_1.3.0          
[100] xtable_1.8-4             cluster_2.1.6            evaluate_0.23           
[103] readr_2.1.5              cli_3.6.2                compiler_4.3.3          
[106] Rsamtools_2.18.0         rlang_1.1.3              crayon_1.5.2            
[109] future.apply_1.11.2      stringi_1.8.3            gridBase_0.4-7          
[112] viridisLite_0.4.2        deldir_2.0-4             BiocParallel_1.36.0     
[115] munsell_0.5.1            lazyeval_0.2.2           spatstat.geom_3.2-9     
[118] IRkernel_1.3.2           RcppHNSW_0.6.0           hms_1.1.3               
[121] patchwork_1.2.0          bit64_4.0.5              future_1.33.2           
[124] Rhdf5lib_1.22.1          shiny_1.8.1.1            ROCR_1.0-11             
[127] igraph_2.0.3             fastmatch_1.1-4          bit_4.0.5               


------- Log Info


2024-05-28 13:59:38.783046 : createArrowFiles Input-Parameters, Class = list

createArrowFiles Input-Parameters$inputFiles: length = 1
[1] "/maps/projects/ralab_nnfc-AUDIT/people/lpm537/project/E2G/processed/10x_multiome_230720/ArrayExpress/cellranger_res/EMTAB11264_01/outs/atac_fragments.tsv.gz"


createArrowFiles Input-Parameters$sampleNames: length = 1
[1] "K562_Xu"


createArrowFiles Input-Parameters$outputNames: length = 1
[1] "K562_Xu"


createArrowFiles Input-Parameters$minTSS: length = 1
[1] 4


createArrowFiles Input-Parameters$minFrags: length = 1
[1] 1000


createArrowFiles Input-Parameters$maxFrags: length = 1
[1] 1e+05


createArrowFiles Input-Parameters$minFragSize: length = 1
[1] 10


createArrowFiles Input-Parameters$maxFragSize: length = 1
[1] 2000


createArrowFiles Input-Parameters$QCDir: length = 1
[1] "QualityControl"


createArrowFiles Input-Parameters$nucLength: length = 1
[1] 147


createArrowFiles Input-Parameters$promoterRegion: length = 2
[1] 2000  100


createArrowFiles Input-Parameters$excludeChr: length = 2
[1] "chrM" "chrY"


createArrowFiles Input-Parameters$nChunk: length = 1
[1] 5


createArrowFiles Input-Parameters$bcTag: length = 1
[1] "qname"


createArrowFiles Input-Parameters$gsubExpression: length = 0
NULL


createArrowFiles Input-Parameters$bamFlag: length = 0
NULL


createArrowFiles Input-Parameters$offsetPlus: length = 1
[1] 4


createArrowFiles Input-Parameters$offsetMinus: length = 1
[1] -5


createArrowFiles Input-Parameters$addTileMat: length = 1
[1] FALSE


createArrowFiles Input-Parameters$addGeneScoreMat: length = 1
[1] FALSE


createArrowFiles Input-Parameters$force: length = 1
[1] FALSE


createArrowFiles Input-Parameters$threads: length = 1
[1] 16


createArrowFiles Input-Parameters$parallelParam: length = 0
NULL


createArrowFiles Input-Parameters$subThreading: length = 1
[1] TRUE


createArrowFiles Input-Parameters$verbose: length = 1
[1] TRUE


createArrowFiles Input-Parameters$cleanTmp: length = 1
[1] TRUE


createArrowFiles Input-Parameters$logFile: length = 1
[1] "ArchRLogs/ArchR-createArrows-3956205eedd07c-Date-2024-05-28_Time-13-59-38.541522.log"


createArrowFiles Input-Parameters$filterFrags: length = 1
[1] 1000


createArrowFiles Input-Parameters$filterTSS: length = 1
[1] 4



2024-05-28 13:59:39.036115 : 
2024-05-28 13:59:39.05156 : Batch Execution w/ safelapply!, 0 mins elapsed.

###########
2024-05-28 13:59:39.056658 : Creating Arrow File K562_Xu.arrow (K562_Xu : 1 of 1)
###########


2024-05-28 13:59:39.071525 : validBC, Class = character

validBC: length = 7821
[1] "AAACAGCCAAGCGATG-1" "AAACAGCCACATGCTA-1" "AAACAGCCACGGTACT-1"
[4] "AAACAGCCATAAAGCA-1" "AAACATGCAACTCGCG-1" "AAACATGCAATCCTAG-1"



2024-05-28 13:59:39.16388 : 
2024-05-28 13:59:39.183057 : (K562_Xu : 1 of 1) Reading In Fragments from inputFiles (readMethod = tabix), 0.002 mins elapsed.
2024-05-28 13:59:39.208099 : (K562_Xu : 1 of 1) Tabix Bed To Temporary File, 0.003 mins elapsed.

2024-05-28 13:59:39.627139 : tileChromSizes, Class = GRanges
GRanges object with 120 ranges and 1 metadata column:
        seqnames              ranges strand |     chunkName
           <Rle>           <IRanges>  <Rle> |   <character>
    [1]     chr1          1-49791284      * |   chr1#chunk1
    [2]     chr1   49791285-99582568      * |   chr1#chunk2
    [3]     chr1  99582569-149373853      * |   chr1#chunk3
    [4]     chr1 149373854-199165137      * |   chr1#chunk4
    [5]     chr1 199165138-248956422      * |   chr1#chunk5
    ...      ...                 ...    ... .           ...
  [116]     chrY          1-11445483      * | chrY#chunk116
  [117]     chrY   11445484-22890966      * | chrY#chunk117
  [118]     chrY   22890967-34336449      * | chrY#chunk118
  [119]     chrY   34336450-45781932      * | chrY#chunk119
  [120]     chrY   45781933-57227415      * | chrY#chunk120
  -------
  seqinfo: 24 sequences from an unspecified genome; no seqlengths

2024-05-28 14:00:10.769661 : (K562_Xu : 1 of 1) Reading TabixFile 28 Percent, 0.528 mins elapsed.

2024-05-28 14:00:35.421154 : (K562_Xu : 1 of 1) .tabixToTmp Fragments-Chunk-(1 of 120)-chr1:1-49791284, Class = data.table
 
2024-05-28 14:00:35.421154 : (K562_Xu : 1 of 1) .tabixToTmp Fragments-Chunk-(1 of 120)-chr1:1-49791284, Class = data.frame
(K562_Xu : 1 of 1) .tabixToTmp Fragments-Chunk-(1 of 120)-chr1:1-49791284: nRows = 13416034, nCols = 3
      V2    V3                 V4
   <num> <int>             <char>
1:  9986 10132 CGTAGCGGTTTATTCG-1
2:  9988 10114 TCATAACCATTGTCCT-1
3:  9988 10125 GACCGTTCAATTAACC-1
4:  9990 10103 GACCTTTGTTAGCGTA-1
5:  9990 10124 TCCATTGTCCTTGCAC-1
6:  9990 10136 GGACATAAGCAGCTCA-1



2024-05-28 14:00:35.445028 : (K562_Xu : 1 of 1) .tabixToTmp Barcodes-Chunk-(1 of 120)-chr1:1-49791284, Class = character

(K562_Xu : 1 of 1) .tabixToTmp Barcodes-Chunk-(1 of 120)-chr1:1-49791284: length = 130354
[1] "CGTAGCGGTTTATTCG-1" "TCATAACCATTGTCCT-1" "GACCGTTCAATTAACC-1"
[4] "GACCTTTGTTAGCGTA-1" "TCCATTGTCCTTGCAC-1" "GGACATAAGCAGCTCA-1"


2024-05-28 14:00:46.619389 : (K562_Xu : 1 of 1) Reading TabixFile 55 Percent, 1.126 mins elapsed.
2024-05-28 14:01:24.053148 : (K562_Xu : 1 of 1) Reading TabixFile 82 Percent, 1.75 mins elapsed.
2024-05-28 14:02:18.157758 : (K562_Xu : 1 of 1) Parallel Hdf5 Linkage Temporary File, 2.652 mins elapsed.
2024-05-28 14:02:21.056758 : (K562_Xu : 1 of 1) Successful creation of Temporary File, 2.7 mins elapsed.
2024-05-28 14:02:21.068747 : (K562_Xu : 1 of 1) Creating ArrowFile From Temporary File, 2.7 mins elapsed.

2024-05-28 14:02:21.571121 : (K562_Xu : 1 of 1) chunkChrNames, Class = data.frame
(K562_Xu : 1 of 1) chunkChrNames: nRows = 118, nCols = 1
     chunkNames
1   chr1#chunk1
2   chr1#chunk2
3   chr1#chunk3
4   chr1#chunk4
5   chr1#chunk5
6 chr10#chunk46


2024-05-28 14:02:21.581278 : (K562_Xu : 1 of 1) Counting Unique Barcodes From Temporary File, 2.709 mins elapsed.

2024-05-28 14:02:27.121463 : (K562_Xu : 1 of 1) BarcodeFrequencyTable, Class = data.table
 
2024-05-28 14:02:27.121463 : (K562_Xu : 1 of 1) BarcodeFrequencyTable, Class = data.frame
(K562_Xu : 1 of 1) BarcodeFrequencyTable: nRows = 7821, nCols = 2
            values.V1     V1
               <char>  <int>
1: GTGCTGATCGCTAGCA-1 290844
2: GACTTAGGTTTGAGGC-1 263760
3: CGATTGAGTTCTTTAG-1 238080
4: ATGAGCCGTTGTGATG-1 236893
5: CTTGCTCAGCATGTCG-1 223561
6: AATGAAGGTAAGCTCA-1 219168



2024-05-28 14:02:27.320192 : (K562_Xu : 1 of 1) BarcodesMinMaxFrags, Class = data.frame
(K562_Xu : 1 of 1) BarcodesMinMaxFrags: nRows = 7701, nCols = 1
                  bc
1 GTCATGCCAGGATGGC-1
2 TATCGCGAGGTTAGAG-1
3 CACCTCAGTGTTGTGA-1
4 ACAACACTCATGCAAC-1
5 AGCTAACTCTTGTCTG-1
6 TGGGCATGTGTCACGG-1



2024-05-28 14:02:34.281669 : (K562_Xu : 1 of 1) Unique Chromosomes, Class = data.frame
(K562_Xu : 1 of 1) Unique Chromosomes: nRows = 24, nCols = 1
   chr
1 chr1
2 chr2
3 chr3
4 chr4
5 chr5
6 chr6


2024-05-28 14:02:34.766728 : (K562_Xu : 1 of 1) Adding Chromosome 1 of 24, 2.929 mins elapsed.
2024-05-28 14:02:34.87503 : (K562_Xu : 1 of 1) Adding Chromosome 2 of 24, 2.93 mins elapsed.
2024-05-28 14:02:34.994698 : (K562_Xu : 1 of 1) Adding Chromosome 3 of 24, 2.932 mins elapsed.
2024-05-28 14:02:35.117834 : (K562_Xu : 1 of 1) Adding Chromosome 4 of 24, 2.934 mins elapsed.
2024-05-28 14:02:35.234968 : (K562_Xu : 1 of 1) Adding Chromosome 5 of 24, 2.936 mins elapsed.
2024-05-28 14:02:35.39826 : (K562_Xu : 1 of 1) Adding Chromosome 6 of 24, 2.939 mins elapsed.
2024-05-28 14:02:35.545761 : (K562_Xu : 1 of 1) Adding Chromosome 7 of 24, 2.942 mins elapsed.
2024-05-28 14:02:35.680651 : (K562_Xu : 1 of 1) Adding Chromosome 8 of 24, 2.944 mins elapsed.
2024-05-28 14:02:35.798074 : (K562_Xu : 1 of 1) Adding Chromosome 9 of 24, 2.946 mins elapsed.
2024-05-28 14:02:35.922909 : (K562_Xu : 1 of 1) Adding Chromosome 10 of 24, 2.948 mins elapsed.
2024-05-28 14:02:36.036259 : (K562_Xu : 1 of 1) Adding Chromosome 11 of 24, 2.95 mins elapsed.
2024-05-28 14:02:36.153938 : (K562_Xu : 1 of 1) Adding Chromosome 12 of 24, 2.952 mins elapsed.
2024-05-28 14:02:36.274195 : (K562_Xu : 1 of 1) Adding Chromosome 13 of 24, 2.954 mins elapsed.
2024-05-28 14:02:36.400388 : (K562_Xu : 1 of 1) Adding Chromosome 14 of 24, 2.956 mins elapsed.
2024-05-28 14:02:36.537625 : (K562_Xu : 1 of 1) Adding Chromosome 15 of 24, 2.958 mins elapsed.
2024-05-28 14:02:36.669652 : (K562_Xu : 1 of 1) Adding Chromosome 16 of 24, 2.96 mins elapsed.
2024-05-28 14:02:52.204481 : (K562_Xu : 1 of 1) Adding Chromosome 17 of 24, 3.219 mins elapsed.
2024-05-28 14:02:56.006455 : (K562_Xu : 1 of 1) Adding Chromosome 18 of 24, 3.283 mins elapsed.
2024-05-28 14:02:57.134518 : (K562_Xu : 1 of 1) Adding Chromosome 19 of 24, 3.301 mins elapsed.
2024-05-28 14:02:57.348076 : (K562_Xu : 1 of 1) Adding Chromosome 20 of 24, 3.305 mins elapsed.
2024-05-28 14:02:58.374703 : (K562_Xu : 1 of 1) Adding Chromosome 21 of 24, 3.322 mins elapsed.
2024-05-28 14:02:58.74636 : (K562_Xu : 1 of 1) Adding Chromosome 22 of 24, 3.328 mins elapsed.
2024-05-28 14:02:58.80922 : (K562_Xu : 1 of 1) Adding Chromosome 23 of 24, 3.329 mins elapsed.
2024-05-28 14:02:59.080566 : (K562_Xu : 1 of 1) Adding Chromosome 24 of 24, 3.334 mins elapsed.

2024-05-28 14:03:09.361783 : (K562_Xu : 1 of 1) .tmpToArrow Fragments-Chr-(1 of 24)-chr1, Class = IRanges

(K562_Xu : 1 of 1) .tmpToArrow Fragments-Chr-(1 of 24)-chr1: length = 28722402
IRanges object with 6 ranges and 1 metadata column:
          start       end     width |                 RG
      <integer> <integer> <integer> |              <Rle>
  [1]      9990     10138       149 | GTCATGCCAGGATGGC-1
  [2]     10038     10473       436 | GTCATGCCAGGATGGC-1
  [3]     10044     10473       430 | GTCATGCCAGGATGGC-1
  [4]    115728    115755        28 | GTCATGCCAGGATGGC-1
  [5]    136525    136691       167 | GTCATGCCAGGATGGC-1
  [6]    629914    629980        67 | GTCATGCCAGGATGGC-1



2024-05-28 14:03:09.400842 : (K562_Xu : 1 of 1) .tmpToArrow Barcodes-Chr-(1 of 24)-chr1, Class = data.frame
(K562_Xu : 1 of 1) .tmpToArrow Barcodes-Chr-(1 of 24)-chr1: nRows = 7701, nCols = 1
                  bc
1 GTCATGCCAGGATGGC-1
2 TATCGCGAGGTTAGAG-1
3 CACCTCAGTGTTGTGA-1
4 ACAACACTCATGCAAC-1
5 AGCTAACTCTTGTCTG-1
6 TGGGCATGTGTCACGG-1


2024-05-28 14:03:17.906669 : (K562_Xu : 1 of 1) Parallel Hdf5 Linkage Arrow File, 3.648 mins elapsed.
2024-05-28 14:03:19.986579 : (K562_Xu : 1 of 1) Successful creation of Arrow File, 3.682 mins elapsed.
2024-05-28 14:03:24.919361 : (K562_Xu : 1 of 1) Adding Fragment Summary, 3.765 mins elapsed.
2024-05-28 14:04:28.974319 : (K562_Xu : 1 of 1) Plotting Fragment Size Distribution, 4.832 mins elapsed.
2024-05-28 14:04:29.386863 : Continuing through after error ggplot for Fragment Size Distribution, 4.839 mins elapsed.
2024-05-28 14:04:34.432932 : (K562_Xu : 1 of 1) Computing TSS Enrichment Scores, 4.923 mins elapsed.
2024-05-28 14:05:32.952541 : (K562_Xu : 1 of 1) Computed TSS Scores!, 0.975 mins elapsed.
2024-05-28 14:05:32.973199 : (K562_Xu : 1 of 1) CellStats : Number of Cells Pass Filter = 7699 , 5.899 mins elapsed.
2024-05-28 14:05:32.981246 : (K562_Xu : 1 of 1) CellStats : Median Frags = 31472 , 5.899 mins elapsed.
2024-05-28 14:05:32.989136 : (K562_Xu : 1 of 1) CellStats : Median TSS Enrichment = 9.17 , 5.899 mins elapsed.
2024-05-28 14:05:32.991227 : (K562_Xu : 1 of 1) Plotting TSS Enrichment Scores, 5.899 mins elapsed.
2024-05-28 14:05:35.06714 : Continuing through after error ggplot for TSS by Frags, 5.934 mins elapsed.
2024-05-28 14:05:35.071854 : (K562_Xu : 1 of 1) Adding Metadata to Fragments, 5.934 mins elapsed.
2024-05-28 14:05:39.621418 : (K562_Xu : 1 of 1) Adding Additional Feature Counts!, 6.009 mins elapsed.
2024-05-28 14:06:35.623675 : (K562_Xu : 1 of 1) Finished Adding Additional Feature Counts!, 6.943 mins elapsed.

2024-05-28 14:06:35.64464 : (K562_Xu : 1 of 1) Metadata, Class = DFrame
DataFrame with 7701 rows and 12 columns
                  cellNames    nFrags nMonoFrags  nDiFrags nMultiFrags
                <character> <numeric>  <numeric> <numeric>   <numeric>
1    K562_Xu#GTCATGCCAGGA..     99814      28337     55024       16453
2    K562_Xu#TATCGCGAGGTT..     99810      28165     55885       15760
3    K562_Xu#CACCTCAGTGTT..     99605      34477     50715       14413
4    K562_Xu#ACAACACTCATG..     99503      43123     44294       12086
5    K562_Xu#AGCTAACTCTTG..     99445      28468     54307       16670
...                     ...       ...        ...       ...         ...
7697 K562_Xu#AGCCTAGTCAAT..      1027        287       582         158
7698 K562_Xu#CTCCATCAGTCA..      1025        178       676         171
7699 K562_Xu#TCTAACTTCATA..      1026        273       573         180
7700 K562_Xu#CGTGTTACAGTC..      1014        321       538         155
7701 K562_Xu#AAGTGAAGTTGC..      1007        304       559         144
     TSSEnrichment ReadsInTSS      Keep ReadsInPromoter PromoterRatio
         <numeric>  <numeric> <numeric>       <numeric>     <numeric>
1            9.618      34261         1           37322      0.186958
2            7.721      25552         1           29320      0.146879
3            6.422      25835         1           33624      0.168787
4            7.540      23294         1           27914      0.140267
5            9.723      32528         1           34886      0.175403
...            ...        ...       ...             ...           ...
7697         5.979        314         1             371      0.180623
7698         6.266        250         1             389      0.189756
7699         9.116        244         1             288      0.140351
7700         8.787        355         1             441      0.217456
7701         9.799        287         1             313      0.155412
     ReadsInBlacklist BlacklistRatio
            <numeric>      <numeric>
1                1865     0.00934238
2                1974     0.00988879
3                2815     0.01413082
4                2667     0.01340161
5                2161     0.01086530
...               ...            ...
7697               22     0.01071081
7698               34     0.01658537
7699               22     0.01072125
7700               16     0.00788955
7701               22     0.01092354

2024-05-28 14:06:36.094789 : (K562_Xu : 1 of 1) Removing Fragments from Filtered Cells, 6.951 mins elapsed.
2024-05-28 14:06:36.121284 : (K562_Xu : 1 of 1) Creating Filtered Arrow File, 6.951 mins elapsed.

2024-05-28 14:06:42.167037 : (K562_Xu : 1 of 1) .filterCellsFromArrow Fragments-Chr-(1 of 24)-chr1, Class = GRanges
GRanges object with 28714125 ranges and 1 metadata column:
             seqnames              ranges strand |                     RG
                <Rle>           <IRanges>  <Rle> |                  <Rle>
         [1]     chr1          9990-10138      * | K562_Xu#GTCATGCCAGGA..
         [2]     chr1         10038-10473      * | K562_Xu#GTCATGCCAGGA..
         [3]     chr1         10044-10473      * | K562_Xu#GTCATGCCAGGA..
         [4]     chr1       115728-115755      * | K562_Xu#GTCATGCCAGGA..
         [5]     chr1       136525-136691      * | K562_Xu#GTCATGCCAGGA..
         ...      ...                 ...    ... .                    ...
  [28714121]     chr1 233634802-233634967      * | K562_Xu#AAGTGAAGTTGC..
  [28714122]     chr1 236113633-236113687      * | K562_Xu#AAGTGAAGTTGC..
  [28714123]     chr1 239567904-239568102      * | K562_Xu#AAGTGAAGTTGC..
  [28714124]     chr1 243256070-243256112      * | K562_Xu#AAGTGAAGTTGC..
  [28714125]     chr1 245858276-245858433      * | K562_Xu#AAGTGAAGTTGC..
  -------
  seqinfo: 1 sequence from an unspecified genome; no seqlengths


2024-05-28 14:06:42.190202 : (K562_Xu : 1 of 1) .filterCellsFromArrow Barcodes-Chr-(1 of 24)-chr1, Class = data.frame
(K562_Xu : 1 of 1) .filterCellsFromArrow Barcodes-Chr-(1 of 24)-chr1: nRows = 7699, nCols = 1
                          bc
1 K562_Xu#GTCATGCCAGGATGGC-1
2 K562_Xu#TATCGCGAGGTTAGAG-1
3 K562_Xu#CACCTCAGTGTTGTGA-1
4 K562_Xu#ACAACACTCATGCAAC-1
5 K562_Xu#AGCTAACTCTTGTCTG-1
6 K562_Xu#TGGGCATGTGTCACGG-1


2024-05-28 14:10:27.559733 : (K562_Xu : 1 of 1) Finished Constructing Filtered Arrow File!, 10.808 mins elapsed.
2024-05-28 14:10:28.142897 : (K562_Xu : 1 of 1) Finished Creating Arrow File, 10.818 mins elapsed.

------- Completed

End Time : 2024-05-28 14:10:28.179697
Elapsed Time Minutes = 10.8266075134277
Elapsed Time Hours = 0.180443697969119

-------



