
           ___      .______        ______  __    __  .______      
          /   \     |   _  \      /      ||  |  |  | |   _  \     
         /  ^  \    |  |_)  |    |  ,----'|  |__|  | |  |_)  |    
        /  /_\  \   |      /     |  |     |   __   | |      /     
       /  _____  \  |  |\  \\___ |  `----.|  |  |  | |  |\  \\___.
      /__/     \__\ | _| `._____| \______||__|  |__| | _| `._____|
    
Logging With ArchR!

Start Time : 2024-05-28 16:03:26.136465

------- ArchR Info

ArchRThreads = 16
ArchRGenome = Hg38

------- System Info

Computer OS = unix
Total Cores = 192

------- Session Info

R version 4.3.3 (2024-02-29)
Platform: x86_64-conda-linux-gnu (64-bit)
Running under: Red Hat Enterprise Linux 8.9 (Ootpa)

Matrix products: default
BLAS/LAPACK: /maps/projects/ralab/people/lpm537/software/anaconda3/envs/Notebook_E2G_240505/lib/libopenblasp-r0.3.27.so;  LAPACK version 3.12.0

Random number generation:
 RNG:     L'Ecuyer-CMRG 
 Normal:  Inversion 
 Sample:  Rejection 
 
locale:
 [1] LC_CTYPE=en_US.UTF-8       LC_NUMERIC=C              
 [3] LC_TIME=en_US.UTF-8        LC_COLLATE=en_US.UTF-8    
 [5] LC_MONETARY=en_US.UTF-8    LC_MESSAGES=en_US.UTF-8   
 [7] LC_PAPER=en_US.UTF-8       LC_NAME=C                 
 [9] LC_ADDRESS=C               LC_TELEPHONE=C            
[11] LC_MEASUREMENT=en_US.UTF-8 LC_IDENTIFICATION=C       

time zone: Europe/Copenhagen
tzcode source: system (glibc)

attached base packages:
 [1] parallel  stats4    grid      stats     graphics  grDevices utils    
 [8] datasets  methods   base     

other attached packages:
 [1] uwot_0.1.16                       Rsamtools_2.18.0                 
 [3] BSgenome.Hsapiens.UCSC.hg38_1.4.5 BSgenome_1.68.0                  
 [5] rtracklayer_1.60.1                Biostrings_2.70.1                
 [7] XVector_0.42.0                    genomation_1.34.0                
 [9] Signac_1.13.0                     Seurat_5.0.3                     
[11] SeuratObject_5.0.1                sp_2.1-4                         
[13] rhdf5_2.44.0                      SummarizedExperiment_1.30.2      
[15] Biobase_2.60.0                    MatrixGenerics_1.12.3            
[17] Rcpp_1.0.12                       Matrix_1.6-5                     
[19] GenomicRanges_1.54.1              GenomeInfoDb_1.38.1              
[21] IRanges_2.36.0                    S4Vectors_0.40.2                 
[23] BiocGenerics_0.48.1               matrixStats_1.3.0                
[25] data.table_1.15.2                 stringr_1.5.1                    
[27] plyr_1.8.9                        magrittr_2.0.3                   
[29] ggplot2_3.5.1                     gtable_0.3.5                     
[31] gtools_3.9.5                      gridExtra_2.3                    
[33] ArchR_1.0.2                      

loaded via a namespace (and not attached):
  [1] RcppAnnoy_0.0.22            splines_4.3.3              
  [3] later_1.3.2                 pbdZMQ_0.3-11              
  [5] BiocIO_1.10.0               bitops_1.0-7               
  [7] tibble_3.2.1                polyclip_1.10-6            
  [9] XML_3.99-0.16.1             fastDummies_1.7.3          
 [11] lifecycle_1.0.4             vroom_1.6.5                
 [13] globals_0.16.3              lattice_0.22-6             
 [15] MASS_7.3-60                 plotly_4.10.4              
 [17] plotrix_3.8-4               yaml_2.3.8                 
 [19] httpuv_1.6.15               sctransform_0.4.1          
 [21] spam_2.10-0                 spatstat.sparse_3.0-3      
 [23] reticulate_1.36.1           cowplot_1.1.3              
 [25] pbapply_1.7-2               RColorBrewer_1.1-3         
 [27] abind_1.4-5                 zlibbioc_1.48.0            
 [29] Rtsne_0.17                  purrr_1.0.2                
 [31] RCurl_1.98-1.14             GenomeInfoDbData_1.2.11    
 [33] ggrepel_0.9.5               irlba_2.3.5.1              
 [35] listenv_0.9.1               spatstat.utils_3.0-4       
 [37] goftest_1.2-3               RSpectra_0.16-1            
 [39] spatstat.random_3.2-3       fitdistrplus_1.1-11        
 [41] parallelly_1.37.1           leiden_0.4.3.1             
 [43] codetools_0.2-20            DelayedArray_0.26.7        
 [45] RcppRoll_0.3.0              tidyselect_1.2.1           
 [47] farver_2.1.1                base64enc_0.1-3            
 [49] spatstat.explore_3.2-6      GenomicAlignments_1.36.0   
 [51] jsonlite_1.8.8              progressr_0.14.0           
 [53] ggridges_0.5.6              survival_3.6-4             
 [55] tools_4.3.3                 ica_1.0-3                  
 [57] glue_1.7.0                  IRdisplay_1.1              
 [59] dplyr_1.1.4                 withr_3.0.0                
 [61] fastmap_1.1.1               rhdf5filters_1.12.1        
 [63] fansi_1.0.6                 digest_0.6.35              
 [65] R6_2.5.1                    mime_0.12                  
 [67] seqPattern_1.34.0           colorspace_2.1-0           
 [69] Cairo_1.6-2                 scattermore_1.2            
 [71] tensor_1.5                  spatstat.data_3.0-4        
 [73] utf8_1.2.4                  tidyr_1.3.1                
 [75] generics_0.1.3              httr_1.4.7                 
 [77] htmlwidgets_1.6.4           S4Arrays_1.2.1             
 [79] pkgconfig_2.0.3             impute_1.76.0              
 [81] lmtest_0.9-40               SingleCellExperiment_1.22.0
 [83] htmltools_0.5.8.1           dotCall64_1.1-1            
 [85] scales_1.3.0                png_0.1-8                  
 [87] tzdb_0.4.0                  reshape2_1.4.4             
 [89] rjson_0.2.21                uuid_1.2-0                 
 [91] nlme_3.1-164                repr_1.1.7                 
 [93] zoo_1.8-12                  KernSmooth_2.23-22         
 [95] miniUI_0.1.1.1              restfulr_0.0.15            
 [97] pillar_1.9.0                vctrs_0.6.5                
 [99] RANN_2.6.1                  promises_1.3.0             
[101] xtable_1.8-4                cluster_2.1.6              
[103] evaluate_0.23               readr_2.1.5                
[105] cli_3.6.2                   compiler_4.3.3             
[107] rlang_1.1.3                 crayon_1.5.2               
[109] future.apply_1.11.2         labeling_0.4.3             
[111] stringi_1.8.3               gridBase_0.4-7             
[113] viridisLite_0.4.2           deldir_2.0-4               
[115] BiocParallel_1.36.0         munsell_0.5.1              
[117] lazyeval_0.2.2              spatstat.geom_3.2-9        
[119] IRkernel_1.3.2              RcppHNSW_0.6.0             
[121] hms_1.1.3                   patchwork_1.2.0            
[123] bit64_4.0.5                 future_1.33.2              
[125] Rhdf5lib_1.22.1             shiny_1.8.1.1              
[127] ROCR_1.0-11                 igraph_2.0.3               
[129] fastmatch_1.1-4             bit_4.0.5                  


------- Log Info


2024-05-28 16:03:26.719875 : addGeneExpressionMatrix Input-Parameters, Class = list

addGeneExpressionMatrix Input-Parameters$input: length = 1

addGeneExpressionMatrix Input-Parameters$seRNA: length = 36922
class: SummarizedExperiment 
dim: 6 7699 
metadata(0):
assays(1): counts
rownames(6): WASH7P MIR1302-2HG ... ENSG00000238009 ENSG00000239945
rowData names(1): GeneID
colnames(7699): K562_Xu#GTCATGCCAGGATGGC-1 K562_Xu#TATCGCGAGGTTAGAG-1
  ... K562_Xu#CGTGTTACAGTCTATG-1 K562_Xu#AAGTGAAGTTGCCTCA-1
colData names(15): Sample TSSEnrichment ... ReadsInPeaks FRIP


addGeneExpressionMatrix Input-Parameters$chromSizes: length = 24
GRanges object with 6 ranges and 0 metadata columns:
      seqnames      ranges strand
         <Rle>   <IRanges>  <Rle>
  [1]     chr1 1-248956422      *
  [2]     chr2 1-242193529      *
  [3]     chr3 1-198295559      *
  [4]     chr4 1-190214555      *
  [5]     chr5 1-181538259      *
  [6]     chr6 1-170805979      *
  -------
  seqinfo: 24 sequences from an unspecified genome


addGeneExpressionMatrix Input-Parameters$excludeChr: length = 2
[1] "chrM" "chrY"


addGeneExpressionMatrix Input-Parameters$scaleTo: length = 1
[1] 10000


addGeneExpressionMatrix Input-Parameters$verbose: length = 1
[1] TRUE


addGeneExpressionMatrix Input-Parameters$threads: length = 1
[1] 16


addGeneExpressionMatrix Input-Parameters$parallelParam: length = 0
NULL


addGeneExpressionMatrix Input-Parameters$strictMatch: length = 1
[1] FALSE


addGeneExpressionMatrix Input-Parameters$force: length = 1
[1] TRUE


addGeneExpressionMatrix Input-Parameters$logFile: length = 1
[1] "ArchRLogs/ArchR-addGeneExpressionMatrix-39e2626898158a-Date-2024-05-28_Time-16-03-26.001769.log"



2024-05-28 16:03:27.103842 : 

2024-05-28 16:03:27.138684 : 
