
           ___      .______        ______  __    __  .______      
          /   \     |   _  \      /      ||  |  |  | |   _  \     
         /  ^  \    |  |_)  |    |  ,----'|  |__|  | |  |_)  |    
        /  /_\  \   |      /     |  |     |   __   | |      /     
       /  _____  \  |  |\  \\___ |  `----.|  |  |  | |  |\  \\___.
      /__/     \__\ | _| `._____| \______||__|  |__| | _| `._____|
    
Logging With ArchR!

Start Time : 2024-05-28 14:51:00.905621

------- ArchR Info

ArchRThreads = 16
ArchRGenome = Hg38

------- System Info

Computer OS = unix

------- Session Info

R version 4.3.3 (2024-02-29)
Platform: x86_64-conda-linux-gnu (64-bit)
Running under: Red Hat Enterprise Linux 8.9 (Ootpa)

Matrix products: default
BLAS/LAPACK: /maps/projects/ralab/people/lpm537/software/anaconda3/envs/Notebook_E2G_240505/lib/libopenblasp-r0.3.27.so;  LAPACK version 3.12.0

Random number generation:
 RNG:     L'Ecuyer-CMRG 
 Normal:  Inversion 
 Sample:  Rejection 
 
locale:
 [1] LC_CTYPE=en_US.UTF-8       LC_NUMERIC=C              
 [3] LC_TIME=en_US.UTF-8        LC_COLLATE=en_US.UTF-8    
 [5] LC_MONETARY=en_US.UTF-8    LC_MESSAGES=en_US.UTF-8   
 [7] LC_PAPER=en_US.UTF-8       LC_NAME=C                 
 [9] LC_ADDRESS=C               LC_TELEPHONE=C            
[11] LC_MEASUREMENT=en_US.UTF-8 LC_IDENTIFICATION=C       

time zone: Europe/Copenhagen
tzcode source: system (glibc)

attached base packages:
[1] stats4    grid      stats     graphics  grDevices utils     datasets 
[8] methods   base     

other attached packages:
 [1] BSgenome.Hsapiens.UCSC.hg38_1.4.5 BSgenome_1.68.0                  
 [3] rtracklayer_1.60.1                Biostrings_2.70.1                
 [5] XVector_0.42.0                    genomation_1.34.0                
 [7] Signac_1.13.0                     Seurat_5.0.3                     
 [9] SeuratObject_5.0.1                sp_2.1-4                         
[11] rhdf5_2.44.0                      SummarizedExperiment_1.30.2      
[13] Biobase_2.60.0                    MatrixGenerics_1.12.3            
[15] Rcpp_1.0.12                       Matrix_1.6-5                     
[17] GenomicRanges_1.54.1              GenomeInfoDb_1.38.1              
[19] IRanges_2.36.0                    S4Vectors_0.40.2                 
[21] BiocGenerics_0.48.1               matrixStats_1.3.0                
[23] data.table_1.15.2                 stringr_1.5.1                    
[25] plyr_1.8.9                        magrittr_2.0.3                   
[27] ggplot2_3.5.1                     gtable_0.3.5                     
[29] gtools_3.9.5                      gridExtra_2.3                    
[31] ArchR_1.0.2                      

loaded via a namespace (and not attached):
  [1] RcppAnnoy_0.0.22         splines_4.3.3            later_1.3.2             
  [4] pbdZMQ_0.3-11            BiocIO_1.10.0            bitops_1.0-7            
  [7] tibble_3.2.1             polyclip_1.10-6          XML_3.99-0.16.1         
 [10] fastDummies_1.7.3        lifecycle_1.0.4          vroom_1.6.5             
 [13] globals_0.16.3           lattice_0.22-6           MASS_7.3-60             
 [16] plotly_4.10.4            plotrix_3.8-4            yaml_2.3.8              
 [19] httpuv_1.6.15            sctransform_0.4.1        spam_2.10-0             
 [22] spatstat.sparse_3.0-3    reticulate_1.36.1        cowplot_1.1.3           
 [25] pbapply_1.7-2            RColorBrewer_1.1-3       abind_1.4-5             
 [28] zlibbioc_1.48.0          Rtsne_0.17               purrr_1.0.2             
 [31] RCurl_1.98-1.14          GenomeInfoDbData_1.2.11  ggrepel_0.9.5           
 [34] irlba_2.3.5.1            listenv_0.9.1            spatstat.utils_3.0-4    
 [37] goftest_1.2-3            RSpectra_0.16-1          spatstat.random_3.2-3   
 [40] fitdistrplus_1.1-11      parallelly_1.37.1        leiden_0.4.3.1          
 [43] codetools_0.2-20         DelayedArray_0.26.7      RcppRoll_0.3.0          
 [46] tidyselect_1.2.1         base64enc_0.1-3          spatstat.explore_3.2-6  
 [49] GenomicAlignments_1.36.0 jsonlite_1.8.8           progressr_0.14.0        
 [52] ggridges_0.5.6           survival_3.6-4           tools_4.3.3             
 [55] ica_1.0-3                glue_1.7.0               IRdisplay_1.1           
 [58] dplyr_1.1.4              withr_3.0.0              fastmap_1.1.1           
 [61] rhdf5filters_1.12.1      fansi_1.0.6              digest_0.6.35           
 [64] R6_2.5.1                 mime_0.12                seqPattern_1.34.0       
 [67] colorspace_2.1-0         scattermore_1.2          tensor_1.5              
 [70] spatstat.data_3.0-4      utf8_1.2.4               tidyr_1.3.1             
 [73] generics_0.1.3           httr_1.4.7               htmlwidgets_1.6.4       
 [76] S4Arrays_1.2.1           uwot_0.1.16              pkgconfig_2.0.3         
 [79] impute_1.76.0            lmtest_0.9-40            htmltools_0.5.8.1       
 [82] dotCall64_1.1-1          scales_1.3.0             png_0.1-8               
 [85] tzdb_0.4.0               reshape2_1.4.4           rjson_0.2.21            
 [88] uuid_1.2-0               nlme_3.1-164             repr_1.1.7              
 [91] zoo_1.8-12               KernSmooth_2.23-22       parallel_4.3.3          
 [94] miniUI_0.1.1.1           restfulr_0.0.15          pillar_1.9.0            
 [97] vctrs_0.6.5              RANN_2.6.1               promises_1.3.0          
[100] xtable_1.8-4             cluster_2.1.6            evaluate_0.23           
[103] readr_2.1.5              cli_3.6.2                compiler_4.3.3          
[106] Rsamtools_2.18.0         rlang_1.1.3              crayon_1.5.2            
[109] future.apply_1.11.2      stringi_1.8.3            gridBase_0.4-7          
[112] viridisLite_0.4.2        deldir_2.0-4             BiocParallel_1.36.0     
[115] munsell_0.5.1            lazyeval_0.2.2           spatstat.geom_3.2-9     
[118] IRkernel_1.3.2           RcppHNSW_0.6.0           hms_1.1.3               
[121] patchwork_1.2.0          bit64_4.0.5              future_1.33.2           
[124] Rhdf5lib_1.22.1          shiny_1.8.1.1            ROCR_1.0-11             
[127] igraph_2.0.3             fastmatch_1.1-4          bit_4.0.5               


------- Log Info


2024-05-28 14:51:01.141378 : createArrowFiles Input-Parameters, Class = list

createArrowFiles Input-Parameters$inputFiles: length = 1
[1] "/maps/projects/ralab_nnfc-AUDIT/people/lpm537/project/E2G/processed/10x_multiome_230720/ArrayExpress/cellranger_res/EMTAB11264_01/outs/atac_fragments.tsv.gz"


createArrowFiles Input-Parameters$sampleNames: length = 1
[1] "K562_Xu"


createArrowFiles Input-Parameters$outputNames: length = 1
[1] "K562_Xu"


createArrowFiles Input-Parameters$minTSS: length = 1
[1] 4


createArrowFiles Input-Parameters$minFrags: length = 1
[1] 1000


createArrowFiles Input-Parameters$maxFrags: length = 1
[1] 1e+05


createArrowFiles Input-Parameters$minFragSize: length = 1
[1] 10


createArrowFiles Input-Parameters$maxFragSize: length = 1
[1] 2000


createArrowFiles Input-Parameters$QCDir: length = 1
[1] "QualityControl"


createArrowFiles Input-Parameters$nucLength: length = 1
[1] 147


createArrowFiles Input-Parameters$promoterRegion: length = 2
[1] 2000  100


createArrowFiles Input-Parameters$excludeChr: length = 2
[1] "chrM" "chrY"


createArrowFiles Input-Parameters$nChunk: length = 1
[1] 5


createArrowFiles Input-Parameters$bcTag: length = 1
[1] "qname"


createArrowFiles Input-Parameters$gsubExpression: length = 0
NULL


createArrowFiles Input-Parameters$bamFlag: length = 0
NULL


createArrowFiles Input-Parameters$offsetPlus: length = 1
[1] 4


createArrowFiles Input-Parameters$offsetMinus: length = 1
[1] -5


createArrowFiles Input-Parameters$addTileMat: length = 1
[1] TRUE


createArrowFiles Input-Parameters$addGeneScoreMat: length = 1
[1] FALSE


createArrowFiles Input-Parameters$force: length = 1
[1] TRUE


createArrowFiles Input-Parameters$threads: length = 1
[1] 16


createArrowFiles Input-Parameters$parallelParam: length = 0
NULL


createArrowFiles Input-Parameters$subThreading: length = 1
[1] TRUE


createArrowFiles Input-Parameters$verbose: length = 1
[1] TRUE


createArrowFiles Input-Parameters$cleanTmp: length = 1
[1] TRUE


createArrowFiles Input-Parameters$logFile: length = 1
[1] "ArchRLogs/ArchR-createArrows-39e262470de58a-Date-2024-05-28_Time-14-51-00.797534.log"


createArrowFiles Input-Parameters$filterFrags: length = 1
[1] 1000


createArrowFiles Input-Parameters$filterTSS: length = 1
[1] 4



2024-05-28 14:51:01.268156 : 
2024-05-28 14:51:01.27965 : Batch Execution w/ safelapply!, 0 mins elapsed.

###########
2024-05-28 14:51:01.28215 : Creating Arrow File K562_Xu.arrow (K562_Xu : 1 of 1)
###########


2024-05-28 14:51:01.283788 : validBC, Class = character

validBC: length = 7821
[1] "AAACAGCCAAGCGATG-1" "AAACAGCCACATGCTA-1" "AAACAGCCACGGTACT-1"
[4] "AAACAGCCATAAAGCA-1" "AAACATGCAACTCGCG-1" "AAACATGCAATCCTAG-1"



2024-05-28 14:51:01.348918 : 
2024-05-28 14:51:01.361151 : (K562_Xu : 1 of 1) Arrow Exists! Overriding since force = TRUE!, 0.001 mins elapsed.

2024-05-28 14:51:01.760745 : 
2024-05-28 14:51:01.833177 : (K562_Xu : 1 of 1) Reading In Fragments from inputFiles (readMethod = tabix), 0.009 mins elapsed.
2024-05-28 14:51:01.864909 : (K562_Xu : 1 of 1) Tabix Bed To Temporary File, 0.01 mins elapsed.

2024-05-28 14:51:03.067149 : tileChromSizes, Class = GRanges
GRanges object with 120 ranges and 1 metadata column:
        seqnames              ranges strand |     chunkName
           <Rle>           <IRanges>  <Rle> |   <character>
    [1]     chr1          1-49791284      * |   chr1#chunk1
    [2]     chr1   49791285-99582568      * |   chr1#chunk2
    [3]     chr1  99582569-149373853      * |   chr1#chunk3
    [4]     chr1 149373854-199165137      * |   chr1#chunk4
    [5]     chr1 199165138-248956422      * |   chr1#chunk5
    ...      ...                 ...    ... .           ...
  [116]     chrY          1-11445483      * | chrY#chunk116
  [117]     chrY   11445484-22890966      * | chrY#chunk117
  [118]     chrY   22890967-34336449      * | chrY#chunk118
  [119]     chrY   34336450-45781932      * | chrY#chunk119
  [120]     chrY   45781933-57227415      * | chrY#chunk120
  -------
  seqinfo: 24 sequences from an unspecified genome; no seqlengths

2024-05-28 14:52:00.010076 : (K562_Xu : 1 of 1) Reading TabixFile 28 Percent, 0.979 mins elapsed.

2024-05-28 14:52:36.754115 : (K562_Xu : 1 of 1) .tabixToTmp Fragments-Chunk-(1 of 120)-chr1:1-49791284, Class = data.table
 
2024-05-28 14:52:36.754115 : (K562_Xu : 1 of 1) .tabixToTmp Fragments-Chunk-(1 of 120)-chr1:1-49791284, Class = data.frame
(K562_Xu : 1 of 1) .tabixToTmp Fragments-Chunk-(1 of 120)-chr1:1-49791284: nRows = 13416034, nCols = 3
      V2    V3                 V4
   <num> <int>             <char>
1:  9986 10132 CGTAGCGGTTTATTCG-1
2:  9988 10114 TCATAACCATTGTCCT-1
3:  9988 10125 GACCGTTCAATTAACC-1
4:  9990 10103 GACCTTTGTTAGCGTA-1
5:  9990 10124 TCCATTGTCCTTGCAC-1
6:  9990 10136 GGACATAAGCAGCTCA-1



2024-05-28 14:52:36.815388 : (K562_Xu : 1 of 1) .tabixToTmp Barcodes-Chunk-(1 of 120)-chr1:1-49791284, Class = character

(K562_Xu : 1 of 1) .tabixToTmp Barcodes-Chunk-(1 of 120)-chr1:1-49791284: length = 130354
[1] "CGTAGCGGTTTATTCG-1" "TCATAACCATTGTCCT-1" "GACCGTTCAATTAACC-1"
[4] "GACCTTTGTTAGCGTA-1" "TCCATTGTCCTTGCAC-1" "GGACATAAGCAGCTCA-1"


2024-05-28 14:53:00.502547 : (K562_Xu : 1 of 1) Reading TabixFile 55 Percent, 1.987 mins elapsed.
2024-05-28 14:53:32.664435 : (K562_Xu : 1 of 1) Reading TabixFile 82 Percent, 2.523 mins elapsed.
2024-05-28 14:53:59.146325 : (K562_Xu : 1 of 1) Parallel Hdf5 Linkage Temporary File, 2.965 mins elapsed.
2024-05-28 14:54:00.397354 : (K562_Xu : 1 of 1) Successful creation of Temporary File, 2.985 mins elapsed.
2024-05-28 14:54:00.404108 : (K562_Xu : 1 of 1) Creating ArrowFile From Temporary File, 2.985 mins elapsed.

2024-05-28 14:54:00.801164 : (K562_Xu : 1 of 1) chunkChrNames, Class = data.frame
(K562_Xu : 1 of 1) chunkChrNames: nRows = 118, nCols = 1
     chunkNames
1   chr1#chunk1
2   chr1#chunk2
3   chr1#chunk3
4   chr1#chunk4
5   chr1#chunk5
6 chr10#chunk46


2024-05-28 14:54:00.854486 : (K562_Xu : 1 of 1) Counting Unique Barcodes From Temporary File, 2.993 mins elapsed.

2024-05-28 14:54:04.842963 : (K562_Xu : 1 of 1) BarcodeFrequencyTable, Class = data.table
 
2024-05-28 14:54:04.842963 : (K562_Xu : 1 of 1) BarcodeFrequencyTable, Class = data.frame
(K562_Xu : 1 of 1) BarcodeFrequencyTable: nRows = 7821, nCols = 2
            values.V1     V1
               <char>  <int>
1: GTGCTGATCGCTAGCA-1 290844
2: GACTTAGGTTTGAGGC-1 263760
3: CGATTGAGTTCTTTAG-1 238080
4: ATGAGCCGTTGTGATG-1 236893
5: CTTGCTCAGCATGTCG-1 223561
6: AATGAAGGTAAGCTCA-1 219168



2024-05-28 14:54:05.333609 : (K562_Xu : 1 of 1) BarcodesMinMaxFrags, Class = data.frame
(K562_Xu : 1 of 1) BarcodesMinMaxFrags: nRows = 7701, nCols = 1
                  bc
1 GTCATGCCAGGATGGC-1
2 TATCGCGAGGTTAGAG-1
3 CACCTCAGTGTTGTGA-1
4 ACAACACTCATGCAAC-1
5 AGCTAACTCTTGTCTG-1
6 TGGGCATGTGTCACGG-1



2024-05-28 14:54:09.390494 : (K562_Xu : 1 of 1) Unique Chromosomes, Class = data.frame
(K562_Xu : 1 of 1) Unique Chromosomes: nRows = 24, nCols = 1
   chr
1 chr1
2 chr2
3 chr3
4 chr4
5 chr5
6 chr6


2024-05-28 14:54:10.673191 : (K562_Xu : 1 of 1) Adding Chromosome 1 of 24, 3.157 mins elapsed.
2024-05-28 14:54:10.889763 : (K562_Xu : 1 of 1) Adding Chromosome 3 of 24, 3.16 mins elapsed.
2024-05-28 14:54:10.889767 : (K562_Xu : 1 of 1) Adding Chromosome 2 of 24, 3.16 mins elapsed.
2024-05-28 14:54:11.175629 : (K562_Xu : 1 of 1) Adding Chromosome 5 of 24, 3.165 mins elapsed.
2024-05-28 14:54:11.175731 : (K562_Xu : 1 of 1) Adding Chromosome 6 of 24, 3.165 mins elapsed.
2024-05-28 14:54:11.175729 : (K562_Xu : 1 of 1) Adding Chromosome 4 of 24, 3.165 mins elapsed.
2024-05-28 14:54:11.175607 : (K562_Xu : 1 of 1) Adding Chromosome 7 of 24, 3.165 mins elapsed.
2024-05-28 14:54:11.381297 : (K562_Xu : 1 of 1) Adding Chromosome 10 of 24, 3.168 mins elapsed.
2024-05-28 14:54:11.381238 : (K562_Xu : 1 of 1) Adding Chromosome 9 of 24, 3.168 mins elapsed.
2024-05-28 14:54:11.381309 : (K562_Xu : 1 of 1) Adding Chromosome 8 of 24, 3.168 mins elapsed.
2024-05-28 14:54:11.608794 : (K562_Xu : 1 of 1) Adding Chromosome 13 of 24, 3.172 mins elapsed.
2024-05-28 14:54:11.608684 : (K562_Xu : 1 of 1) Adding Chromosome 12 of 24, 3.172 mins elapsed.
2024-05-28 14:54:11.608849 : (K562_Xu : 1 of 1) Adding Chromosome 11 of 24, 3.172 mins elapsed.
2024-05-28 14:54:11.60884 : (K562_Xu : 1 of 1) Adding Chromosome 14 of 24, 3.172 mins elapsed.
2024-05-28 14:54:11.749496 : (K562_Xu : 1 of 1) Adding Chromosome 16 of 24, 3.175 mins elapsed.
2024-05-28 14:54:11.749479 : (K562_Xu : 1 of 1) Adding Chromosome 15 of 24, 3.175 mins elapsed.
2024-05-28 14:54:45.471099 : (K562_Xu : 1 of 1) Adding Chromosome 17 of 24, 3.737 mins elapsed.
2024-05-28 14:54:49.077307 : (K562_Xu : 1 of 1) Adding Chromosome 18 of 24, 3.797 mins elapsed.
2024-05-28 14:54:49.476072 : (K562_Xu : 1 of 1) Adding Chromosome 19 of 24, 3.803 mins elapsed.
2024-05-28 14:54:50.849331 : (K562_Xu : 1 of 1) Adding Chromosome 20 of 24, 3.826 mins elapsed.
2024-05-28 14:54:50.924126 : (K562_Xu : 1 of 1) Adding Chromosome 21 of 24, 3.827 mins elapsed.
2024-05-28 14:54:51.493651 : (K562_Xu : 1 of 1) Adding Chromosome 23 of 24, 3.837 mins elapsed.
2024-05-28 14:54:52.113411 : (K562_Xu : 1 of 1) Adding Chromosome 24 of 24, 3.847 mins elapsed.
2024-05-28 14:54:51.493668 : (K562_Xu : 1 of 1) Adding Chromosome 22 of 24, 3.837 mins elapsed.

2024-05-28 14:55:00.717884 : (K562_Xu : 1 of 1) .tmpToArrow Fragments-Chr-(1 of 24)-chr1, Class = IRanges

(K562_Xu : 1 of 1) .tmpToArrow Fragments-Chr-(1 of 24)-chr1: length = 28722402
IRanges object with 6 ranges and 1 metadata column:
          start       end     width |                 RG
      <integer> <integer> <integer> |              <Rle>
  [1]      9990     10138       149 | GTCATGCCAGGATGGC-1
  [2]     10038     10473       436 | GTCATGCCAGGATGGC-1
  [3]     10044     10473       430 | GTCATGCCAGGATGGC-1
  [4]    115728    115755        28 | GTCATGCCAGGATGGC-1
  [5]    136525    136691       167 | GTCATGCCAGGATGGC-1
  [6]    629914    629980        67 | GTCATGCCAGGATGGC-1



2024-05-28 14:55:01.613843 : (K562_Xu : 1 of 1) .tmpToArrow Barcodes-Chr-(1 of 24)-chr1, Class = data.frame
(K562_Xu : 1 of 1) .tmpToArrow Barcodes-Chr-(1 of 24)-chr1: nRows = 7701, nCols = 1
                  bc
1 GTCATGCCAGGATGGC-1
2 TATCGCGAGGTTAGAG-1
3 CACCTCAGTGTTGTGA-1
4 ACAACACTCATGCAAC-1
5 AGCTAACTCTTGTCTG-1
6 TGGGCATGTGTCACGG-1


2024-05-28 14:55:13.174123 : (K562_Xu : 1 of 1) Parallel Hdf5 Linkage Arrow File, 4.198 mins elapsed.
2024-05-28 14:55:16.450849 : (K562_Xu : 1 of 1) Successful creation of Arrow File, 4.253 mins elapsed.
2024-05-28 14:55:20.512989 : (K562_Xu : 1 of 1) Adding Fragment Summary, 4.321 mins elapsed.
2024-05-28 14:56:42.735936 : (K562_Xu : 1 of 1) Plotting Fragment Size Distribution, 5.691 mins elapsed.
2024-05-28 14:56:43.149425 : Continuing through after error ggplot for Fragment Size Distribution, 5.698 mins elapsed.
2024-05-28 14:56:47.587789 : (K562_Xu : 1 of 1) Computing TSS Enrichment Scores, 5.772 mins elapsed.
2024-05-28 14:57:43.347367 : (K562_Xu : 1 of 1) Computed TSS Scores!, 0.929 mins elapsed.
2024-05-28 14:57:43.412132 : (K562_Xu : 1 of 1) CellStats : Number of Cells Pass Filter = 7699 , 6.702 mins elapsed.
2024-05-28 14:57:43.492675 : (K562_Xu : 1 of 1) CellStats : Median Frags = 31472 , 6.703 mins elapsed.
2024-05-28 14:57:43.557433 : (K562_Xu : 1 of 1) CellStats : Median TSS Enrichment = 9.17 , 6.705 mins elapsed.
2024-05-28 14:57:43.823854 : (K562_Xu : 1 of 1) Plotting TSS Enrichment Scores, 6.709 mins elapsed.
2024-05-28 14:57:45.036715 : Continuing through after error ggplot for TSS by Frags, 6.729 mins elapsed.
2024-05-28 14:57:45.052905 : (K562_Xu : 1 of 1) Adding Metadata to Fragments, 6.73 mins elapsed.
2024-05-28 14:57:49.993315 : (K562_Xu : 1 of 1) Adding Additional Feature Counts!, 6.812 mins elapsed.
2024-05-28 14:58:42.20401 : (K562_Xu : 1 of 1) Finished Adding Additional Feature Counts!, 7.682 mins elapsed.

2024-05-28 14:58:42.210709 : (K562_Xu : 1 of 1) Metadata, Class = DFrame
DataFrame with 7701 rows and 12 columns
                  cellNames    nFrags nMonoFrags  nDiFrags nMultiFrags
                <character> <numeric>  <numeric> <numeric>   <numeric>
1    K562_Xu#GTCATGCCAGGA..     99814      28337     55024       16453
2    K562_Xu#TATCGCGAGGTT..     99810      28165     55885       15760
3    K562_Xu#CACCTCAGTGTT..     99605      34477     50715       14413
4    K562_Xu#ACAACACTCATG..     99503      43123     44294       12086
5    K562_Xu#AGCTAACTCTTG..     99445      28468     54307       16670
...                     ...       ...        ...       ...         ...
7697 K562_Xu#AGCCTAGTCAAT..      1027        287       582         158
7698 K562_Xu#CTCCATCAGTCA..      1025        178       676         171
7699 K562_Xu#TCTAACTTCATA..      1026        273       573         180
7700 K562_Xu#CGTGTTACAGTC..      1014        321       538         155
7701 K562_Xu#AAGTGAAGTTGC..      1007        304       559         144
     TSSEnrichment ReadsInTSS      Keep ReadsInPromoter PromoterRatio
         <numeric>  <numeric> <numeric>       <numeric>     <numeric>
1            9.618      34261         1           37322      0.186958
2            7.721      25552         1           29320      0.146879
3            6.422      25835         1           33624      0.168787
4            7.540      23294         1           27914      0.140267
5            9.723      32528         1           34886      0.175403
...            ...        ...       ...             ...           ...
7697         5.979        314         1             371      0.180623
7698         6.266        250         1             389      0.189756
7699         9.116        244         1             288      0.140351
7700         8.787        355         1             441      0.217456
7701         9.799        287         1             313      0.155412
     ReadsInBlacklist BlacklistRatio
            <numeric>      <numeric>
1                1865     0.00934238
2                1974     0.00988879
3                2815     0.01413082
4                2667     0.01340161
5                2161     0.01086530
...               ...            ...
7697               22     0.01071081
7698               34     0.01658537
7699               22     0.01072125
7700               16     0.00788955
7701               22     0.01092354

2024-05-28 14:58:42.500845 : (K562_Xu : 1 of 1) Removing Fragments from Filtered Cells, 7.687 mins elapsed.
2024-05-28 14:58:42.571124 : (K562_Xu : 1 of 1) Creating Filtered Arrow File, 7.688 mins elapsed.

2024-05-28 14:58:47.906192 : (K562_Xu : 1 of 1) .filterCellsFromArrow Fragments-Chr-(1 of 24)-chr1, Class = GRanges
GRanges object with 28714125 ranges and 1 metadata column:
             seqnames              ranges strand |                     RG
                <Rle>           <IRanges>  <Rle> |                  <Rle>
         [1]     chr1          9990-10138      * | K562_Xu#GTCATGCCAGGA..
         [2]     chr1         10038-10473      * | K562_Xu#GTCATGCCAGGA..
         [3]     chr1         10044-10473      * | K562_Xu#GTCATGCCAGGA..
         [4]     chr1       115728-115755      * | K562_Xu#GTCATGCCAGGA..
         [5]     chr1       136525-136691      * | K562_Xu#GTCATGCCAGGA..
         ...      ...                 ...    ... .                    ...
  [28714121]     chr1 233634802-233634967      * | K562_Xu#AAGTGAAGTTGC..
  [28714122]     chr1 236113633-236113687      * | K562_Xu#AAGTGAAGTTGC..
  [28714123]     chr1 239567904-239568102      * | K562_Xu#AAGTGAAGTTGC..
  [28714124]     chr1 243256070-243256112      * | K562_Xu#AAGTGAAGTTGC..
  [28714125]     chr1 245858276-245858433      * | K562_Xu#AAGTGAAGTTGC..
  -------
  seqinfo: 1 sequence from an unspecified genome; no seqlengths


2024-05-28 14:58:47.958233 : (K562_Xu : 1 of 1) .filterCellsFromArrow Barcodes-Chr-(1 of 24)-chr1, Class = data.frame
(K562_Xu : 1 of 1) .filterCellsFromArrow Barcodes-Chr-(1 of 24)-chr1: nRows = 7699, nCols = 1
                          bc
1 K562_Xu#GTCATGCCAGGATGGC-1
2 K562_Xu#TATCGCGAGGTTAGAG-1
3 K562_Xu#CACCTCAGTGTTGTGA-1
4 K562_Xu#ACAACACTCATGCAAC-1
5 K562_Xu#AGCTAACTCTTGTCTG-1
6 K562_Xu#TGGGCATGTGTCACGG-1


2024-05-28 15:03:07.398647 : (K562_Xu : 1 of 1) Finished Constructing Filtered Arrow File!, 12.102 mins elapsed.
2024-05-28 15:03:07.687595 : (K562_Xu : 1 of 1) Adding TileMatrix!, 12.107 mins elapsed.

2024-05-28 15:03:09.658217 : K562_Xu .addTileMat FeatureDF, Class = DFrame
DataFrame with 6062095 rows and 3 columns
           seqnames       idx     start
        <character> <integer> <numeric>
1              chr1         1         0
2              chr1         2       500
3              chr1         3      1000
4              chr1         4      1500
5              chr1         5      2000
...             ...       ...       ...
6062091        chrX    312078 156038500
6062092        chrX    312079 156039000
6062093        chrX    312080 156039500
6062094        chrX    312081 156040000
6062095        chrX    312082 156040500

2024-05-28 15:03:20.181715 : Adding TileMatrix to K562_Xu for Chr (1 of 23)!, 0.206 mins elapsed.

2024-05-28 15:03:27.129487 : NTiles_TileMatrix_1_chr1, Class = numeric

NTiles_TileMatrix_1_chr1: length = 1
  chr1 
497913 



2024-05-28 15:03:27.252546 : NCells_TileMatrix_1_chr1, Class = integer

NCells_TileMatrix_1_chr1: length = 1
[1] 7699



2024-05-28 15:03:27.367745 : MinTile_TileMatrix_1_chr1, Class = numeric

MinTile_TileMatrix_1_chr1: length = 1
[1] 20



2024-05-28 15:03:27.494829 : MaxTile_TileMatrix_1_chr1, Class = numeric

MaxTile_TileMatrix_1_chr1: length = 1
[1] 497893



2024-05-28 15:03:27.776548 : MinCell_TileMatrix_1_chr1, Class = integer

MinCell_TileMatrix_1_chr1: length = 1
[1] 1



2024-05-28 15:03:27.862527 : MaxCell_TileMatrix_1_chr1, Class = integer

MaxCell_TileMatrix_1_chr1: length = 1
[1] 7699


2024-05-28 15:05:47.815622 : Adding TileMatrix to K562_Xu for Chr (2 of 23)!, 2.667 mins elapsed.

2024-05-28 15:06:00.471997 : NTiles_TileMatrix_2_chr2, Class = numeric

NTiles_TileMatrix_2_chr2: length = 1
  chr2 
484388 



2024-05-28 15:06:00.539733 : NCells_TileMatrix_2_chr2, Class = integer

NCells_TileMatrix_2_chr2: length = 1
[1] 7699



2024-05-28 15:06:00.638127 : MinTile_TileMatrix_2_chr2, Class = numeric

MinTile_TileMatrix_2_chr2: length = 1
[1] 21



2024-05-28 15:06:00.741149 : MaxTile_TileMatrix_2_chr2, Class = numeric

MaxTile_TileMatrix_2_chr2: length = 1
[1] 484368



2024-05-28 15:06:00.966222 : MinCell_TileMatrix_2_chr2, Class = integer

MinCell_TileMatrix_2_chr2: length = 1
[1] 1



2024-05-28 15:06:01.052003 : MaxCell_TileMatrix_2_chr2, Class = integer

MaxCell_TileMatrix_2_chr2: length = 1
[1] 7699


2024-05-28 15:07:09.827724 : Adding TileMatrix to K562_Xu for Chr (3 of 23)!, 4.034 mins elapsed.

2024-05-28 15:07:19.837695 : NTiles_TileMatrix_3_chr3, Class = numeric

NTiles_TileMatrix_3_chr3: length = 1
  chr3 
396592 



2024-05-28 15:07:20.031168 : NCells_TileMatrix_3_chr3, Class = integer

NCells_TileMatrix_3_chr3: length = 1
[1] 7699



2024-05-28 15:07:20.171505 : MinTile_TileMatrix_3_chr3, Class = numeric

MinTile_TileMatrix_3_chr3: length = 1
[1] 21



2024-05-28 15:07:20.307587 : MaxTile_TileMatrix_3_chr3, Class = numeric

MaxTile_TileMatrix_3_chr3: length = 1
[1] 396466



2024-05-28 15:07:20.583878 : MinCell_TileMatrix_3_chr3, Class = integer

MinCell_TileMatrix_3_chr3: length = 1
[1] 1



2024-05-28 15:07:20.680768 : MaxCell_TileMatrix_3_chr3, Class = integer

MaxCell_TileMatrix_3_chr3: length = 1
[1] 7699


2024-05-28 15:08:16.43661 : Adding TileMatrix to K562_Xu for Chr (4 of 23)!, 5.144 mins elapsed.

2024-05-28 15:08:18.814262 : NTiles_TileMatrix_4_chr4, Class = numeric

NTiles_TileMatrix_4_chr4: length = 1
  chr4 
380430 



2024-05-28 15:08:18.852678 : NCells_TileMatrix_4_chr4, Class = integer

NCells_TileMatrix_4_chr4: length = 1
[1] 7699



2024-05-28 15:08:18.87651 : MinTile_TileMatrix_4_chr4, Class = numeric

MinTile_TileMatrix_4_chr4: length = 1
[1] 20



2024-05-28 15:08:18.952506 : MaxTile_TileMatrix_4_chr4, Class = numeric

MaxTile_TileMatrix_4_chr4: length = 1
[1] 380410



2024-05-28 15:08:19.087295 : MinCell_TileMatrix_4_chr4, Class = integer

MinCell_TileMatrix_4_chr4: length = 1
[1] 1



2024-05-28 15:08:19.137437 : MaxCell_TileMatrix_4_chr4, Class = integer

MaxCell_TileMatrix_4_chr4: length = 1
[1] 7699


2024-05-28 15:08:58.20915 : Adding TileMatrix to K562_Xu for Chr (5 of 23)!, 5.84 mins elapsed.

2024-05-28 15:09:01.531048 : NTiles_TileMatrix_5_chr5, Class = numeric

NTiles_TileMatrix_5_chr5: length = 1
  chr5 
363077 



2024-05-28 15:09:01.621376 : NCells_TileMatrix_5_chr5, Class = integer

NCells_TileMatrix_5_chr5: length = 1
[1] 7699



2024-05-28 15:09:01.709172 : MinTile_TileMatrix_5_chr5, Class = numeric

MinTile_TileMatrix_5_chr5: length = 1
[1] 21



2024-05-28 15:09:01.761587 : MaxTile_TileMatrix_5_chr5, Class = numeric

MaxTile_TileMatrix_5_chr5: length = 1
[1] 362957



2024-05-28 15:09:01.887102 : MinCell_TileMatrix_5_chr5, Class = integer

MinCell_TileMatrix_5_chr5: length = 1
[1] 1



2024-05-28 15:09:01.935986 : MaxCell_TileMatrix_5_chr5, Class = integer

MaxCell_TileMatrix_5_chr5: length = 1
[1] 7699


2024-05-28 15:09:56.979972 : Adding TileMatrix to K562_Xu for Chr (6 of 23)!, 6.82 mins elapsed.

2024-05-28 15:09:59.916366 : NTiles_TileMatrix_6_chr6, Class = numeric

NTiles_TileMatrix_6_chr6: length = 1
  chr6 
341612 



2024-05-28 15:10:00.010159 : NCells_TileMatrix_6_chr6, Class = integer

NCells_TileMatrix_6_chr6: length = 1
[1] 7699



2024-05-28 15:10:00.04811 : MinTile_TileMatrix_6_chr6, Class = numeric

MinTile_TileMatrix_6_chr6: length = 1
[1] 127



2024-05-28 15:10:00.11461 : MaxTile_TileMatrix_6_chr6, Class = numeric

MaxTile_TileMatrix_6_chr6: length = 1
[1] 341489



2024-05-28 15:10:00.252795 : MinCell_TileMatrix_6_chr6, Class = integer

MinCell_TileMatrix_6_chr6: length = 1
[1] 1



2024-05-28 15:10:00.267157 : MaxCell_TileMatrix_6_chr6, Class = integer

MaxCell_TileMatrix_6_chr6: length = 1
[1] 7699


2024-05-28 15:11:02.486182 : Adding TileMatrix to K562_Xu for Chr (7 of 23)!, 7.911 mins elapsed.

2024-05-28 15:11:05.954238 : NTiles_TileMatrix_7_chr7, Class = numeric

NTiles_TileMatrix_7_chr7: length = 1
  chr7 
318692 



2024-05-28 15:11:06.079946 : NCells_TileMatrix_7_chr7, Class = integer

NCells_TileMatrix_7_chr7: length = 1
[1] 7699



2024-05-28 15:11:06.200878 : MinTile_TileMatrix_7_chr7, Class = numeric

MinTile_TileMatrix_7_chr7: length = 1
[1] 20



2024-05-28 15:11:06.283654 : MaxTile_TileMatrix_7_chr7, Class = numeric

MaxTile_TileMatrix_7_chr7: length = 1
[1] 318672



2024-05-28 15:11:06.526596 : MinCell_TileMatrix_7_chr7, Class = integer

MinCell_TileMatrix_7_chr7: length = 1
[1] 1



2024-05-28 15:11:06.669009 : MaxCell_TileMatrix_7_chr7, Class = integer

MaxCell_TileMatrix_7_chr7: length = 1
[1] 7699


2024-05-28 15:12:03.647682 : Adding TileMatrix to K562_Xu for Chr (8 of 23)!, 8.931 mins elapsed.

2024-05-28 15:12:07.994374 : NTiles_TileMatrix_8_chr8, Class = numeric

NTiles_TileMatrix_8_chr8: length = 1
  chr8 
290278 



2024-05-28 15:12:08.035547 : NCells_TileMatrix_8_chr8, Class = integer

NCells_TileMatrix_8_chr8: length = 1
[1] 7699



2024-05-28 15:12:08.046222 : MinTile_TileMatrix_8_chr8, Class = numeric

MinTile_TileMatrix_8_chr8: length = 1
[1] 124



2024-05-28 15:12:08.07 : MaxTile_TileMatrix_8_chr8, Class = numeric

MaxTile_TileMatrix_8_chr8: length = 1
[1] 290158



2024-05-28 15:12:08.183109 : MinCell_TileMatrix_8_chr8, Class = integer

MinCell_TileMatrix_8_chr8: length = 1
[1] 1



2024-05-28 15:12:08.211522 : MaxCell_TileMatrix_8_chr8, Class = integer

MaxCell_TileMatrix_8_chr8: length = 1
[1] 7699


2024-05-28 15:12:42.835716 : Adding TileMatrix to K562_Xu for Chr (9 of 23)!, 9.584 mins elapsed.

2024-05-28 15:12:43.895072 : NTiles_TileMatrix_9_chr9, Class = numeric

NTiles_TileMatrix_9_chr9: length = 1
  chr9 
276790 



2024-05-28 15:12:43.905812 : NCells_TileMatrix_9_chr9, Class = integer

NCells_TileMatrix_9_chr9: length = 1
[1] 7699



2024-05-28 15:12:43.913971 : MinTile_TileMatrix_9_chr9, Class = numeric

MinTile_TileMatrix_9_chr9: length = 1
[1] 20



2024-05-28 15:12:43.930811 : MaxTile_TileMatrix_9_chr9, Class = numeric

MaxTile_TileMatrix_9_chr9: length = 1
[1] 276670



2024-05-28 15:12:43.988498 : MinCell_TileMatrix_9_chr9, Class = integer

MinCell_TileMatrix_9_chr9: length = 1
[1] 1



2024-05-28 15:12:43.996323 : MaxCell_TileMatrix_9_chr9, Class = integer

MaxCell_TileMatrix_9_chr9: length = 1
[1] 7699


2024-05-28 15:13:16.729133 : Adding TileMatrix to K562_Xu for Chr (10 of 23)!, 10.149 mins elapsed.

2024-05-28 15:13:17.760392 : NTiles_TileMatrix_10_chr10, Class = numeric

NTiles_TileMatrix_10_chr10: length = 1
 chr10 
267595 



2024-05-28 15:13:17.775372 : NCells_TileMatrix_10_chr10, Class = integer

NCells_TileMatrix_10_chr10: length = 1
[1] 7699



2024-05-28 15:13:17.785293 : MinTile_TileMatrix_10_chr10, Class = numeric

MinTile_TileMatrix_10_chr10: length = 1
[1] 21



2024-05-28 15:13:17.803713 : MaxTile_TileMatrix_10_chr10, Class = numeric

MaxTile_TileMatrix_10_chr10: length = 1
[1] 267575



2024-05-28 15:13:17.873124 : MinCell_TileMatrix_10_chr10, Class = integer

MinCell_TileMatrix_10_chr10: length = 1
[1] 1



2024-05-28 15:13:17.888577 : MaxCell_TileMatrix_10_chr10, Class = integer

MaxCell_TileMatrix_10_chr10: length = 1
[1] 7699


2024-05-28 15:13:51.393008 : Adding TileMatrix to K562_Xu for Chr (11 of 23)!, 10.727 mins elapsed.

2024-05-28 15:13:52.902338 : NTiles_TileMatrix_11_chr11, Class = numeric

NTiles_TileMatrix_11_chr11: length = 1
 chr11 
270174 



2024-05-28 15:13:52.943654 : NCells_TileMatrix_11_chr11, Class = integer

NCells_TileMatrix_11_chr11: length = 1
[1] 7699



2024-05-28 15:13:53.091544 : MinTile_TileMatrix_11_chr11, Class = numeric

MinTile_TileMatrix_11_chr11: length = 1
[1] 140



2024-05-28 15:13:53.186075 : MaxTile_TileMatrix_11_chr11, Class = numeric

MaxTile_TileMatrix_11_chr11: length = 1
[1] 270154



2024-05-28 15:13:53.312015 : MinCell_TileMatrix_11_chr11, Class = integer

MinCell_TileMatrix_11_chr11: length = 1
[1] 1



2024-05-28 15:13:53.362739 : MaxCell_TileMatrix_11_chr11, Class = integer

MaxCell_TileMatrix_11_chr11: length = 1
[1] 7699


2024-05-28 15:14:41.615874 : Adding TileMatrix to K562_Xu for Chr (12 of 23)!, 11.564 mins elapsed.

2024-05-28 15:14:42.87311 : NTiles_TileMatrix_12_chr12, Class = numeric

NTiles_TileMatrix_12_chr12: length = 1
 chr12 
266551 



2024-05-28 15:14:42.880624 : NCells_TileMatrix_12_chr12, Class = integer

NCells_TileMatrix_12_chr12: length = 1
[1] 7699



2024-05-28 15:14:42.887492 : MinTile_TileMatrix_12_chr12, Class = numeric

MinTile_TileMatrix_12_chr12: length = 1
[1] 20



2024-05-28 15:14:42.911531 : MaxTile_TileMatrix_12_chr12, Class = numeric

MaxTile_TileMatrix_12_chr12: length = 1
[1] 266531



2024-05-28 15:14:42.977963 : MinCell_TileMatrix_12_chr12, Class = integer

MinCell_TileMatrix_12_chr12: length = 1
[1] 1



2024-05-28 15:14:42.984349 : MaxCell_TileMatrix_12_chr12, Class = integer

MaxCell_TileMatrix_12_chr12: length = 1
[1] 7699


2024-05-28 15:15:23.602476 : Adding TileMatrix to K562_Xu for Chr (13 of 23)!, 12.263 mins elapsed.

2024-05-28 15:15:32.589607 : NTiles_TileMatrix_13_chr13, Class = numeric

NTiles_TileMatrix_13_chr13: length = 1
 chr13 
228729 



2024-05-28 15:15:32.740786 : NCells_TileMatrix_13_chr13, Class = integer

NCells_TileMatrix_13_chr13: length = 1
[1] 7699



2024-05-28 15:15:32.915147 : MinTile_TileMatrix_13_chr13, Class = numeric

MinTile_TileMatrix_13_chr13: length = 1
[1] 32001



2024-05-28 15:15:33.178997 : MaxTile_TileMatrix_13_chr13, Class = numeric

MaxTile_TileMatrix_13_chr13: length = 1
[1] 228709



2024-05-28 15:15:33.34659 : MinCell_TileMatrix_13_chr13, Class = integer

MinCell_TileMatrix_13_chr13: length = 1
[1] 1



2024-05-28 15:15:33.497487 : MaxCell_TileMatrix_13_chr13, Class = integer

MaxCell_TileMatrix_13_chr13: length = 1
[1] 7699


2024-05-28 15:15:57.472811 : Adding TileMatrix to K562_Xu for Chr (14 of 23)!, 12.828 mins elapsed.

2024-05-28 15:15:58.263705 : NTiles_TileMatrix_14_chr14, Class = numeric

NTiles_TileMatrix_14_chr14: length = 1
 chr14 
214088 



2024-05-28 15:15:58.273996 : NCells_TileMatrix_14_chr14, Class = integer

NCells_TileMatrix_14_chr14: length = 1
[1] 7699



2024-05-28 15:15:58.281828 : MinTile_TileMatrix_14_chr14, Class = numeric

MinTile_TileMatrix_14_chr14: length = 1
[1] 32046



2024-05-28 15:15:58.29552 : MaxTile_TileMatrix_14_chr14, Class = numeric

MaxTile_TileMatrix_14_chr14: length = 1
[1] 213768



2024-05-28 15:15:58.329223 : MinCell_TileMatrix_14_chr14, Class = integer

MinCell_TileMatrix_14_chr14: length = 1
[1] 1



2024-05-28 15:15:58.335183 : MaxCell_TileMatrix_14_chr14, Class = integer

MaxCell_TileMatrix_14_chr14: length = 1
[1] 7699


2024-05-28 15:16:20.184136 : Adding TileMatrix to K562_Xu for Chr (15 of 23)!, 13.206 mins elapsed.

2024-05-28 15:16:22.490072 : NTiles_TileMatrix_15_chr15, Class = numeric

NTiles_TileMatrix_15_chr15: length = 1
 chr15 
203983 



2024-05-28 15:16:22.520362 : NCells_TileMatrix_15_chr15, Class = integer

NCells_TileMatrix_15_chr15: length = 1
[1] 7699



2024-05-28 15:16:22.545579 : MinTile_TileMatrix_15_chr15, Class = numeric

MinTile_TileMatrix_15_chr15: length = 1
[1] 34001



2024-05-28 15:16:22.576689 : MaxTile_TileMatrix_15_chr15, Class = numeric

MaxTile_TileMatrix_15_chr15: length = 1
[1] 203963



2024-05-28 15:16:22.78504 : MinCell_TileMatrix_15_chr15, Class = integer

MinCell_TileMatrix_15_chr15: length = 1
[1] 1



2024-05-28 15:16:22.815038 : MaxCell_TileMatrix_15_chr15, Class = integer

MaxCell_TileMatrix_15_chr15: length = 1
[1] 7699


2024-05-28 15:16:52.92858 : Adding TileMatrix to K562_Xu for Chr (16 of 23)!, 13.752 mins elapsed.

2024-05-28 15:16:57.532152 : NTiles_TileMatrix_16_chr16, Class = numeric

NTiles_TileMatrix_16_chr16: length = 1
 chr16 
180677 



2024-05-28 15:16:57.590057 : NCells_TileMatrix_16_chr16, Class = integer

NCells_TileMatrix_16_chr16: length = 1
[1] 7699



2024-05-28 15:16:57.682429 : MinTile_TileMatrix_16_chr16, Class = numeric

MinTile_TileMatrix_16_chr16: length = 1
[1] 20



2024-05-28 15:16:57.790968 : MaxTile_TileMatrix_16_chr16, Class = numeric

MaxTile_TileMatrix_16_chr16: length = 1
[1] 180457



2024-05-28 15:16:58.138566 : MinCell_TileMatrix_16_chr16, Class = integer

MinCell_TileMatrix_16_chr16: length = 1
[1] 1



2024-05-28 15:16:58.192923 : MaxCell_TileMatrix_16_chr16, Class = integer

MaxCell_TileMatrix_16_chr16: length = 1
[1] 7699


2024-05-28 15:17:28.460853 : Adding TileMatrix to K562_Xu for Chr (17 of 23)!, 14.344 mins elapsed.

2024-05-28 15:17:48.093118 : NTiles_TileMatrix_17_chr17, Class = numeric

NTiles_TileMatrix_17_chr17: length = 1
 chr17 
166515 



2024-05-28 15:17:48.30613 : NCells_TileMatrix_17_chr17, Class = integer

NCells_TileMatrix_17_chr17: length = 1
[1] 7699



2024-05-28 15:17:48.547973 : MinTile_TileMatrix_17_chr17, Class = numeric

MinTile_TileMatrix_17_chr17: length = 1
[1] 125



2024-05-28 15:17:48.747376 : MaxTile_TileMatrix_17_chr17, Class = numeric

MaxTile_TileMatrix_17_chr17: length = 1
[1] 166496



2024-05-28 15:17:49.070971 : MinCell_TileMatrix_17_chr17, Class = integer

MinCell_TileMatrix_17_chr17: length = 1
[1] 1



2024-05-28 15:17:49.344775 : MaxCell_TileMatrix_17_chr17, Class = integer

MaxCell_TileMatrix_17_chr17: length = 1
[1] 7699


2024-05-28 15:18:27.984531 : Adding TileMatrix to K562_Xu for Chr (18 of 23)!, 15.336 mins elapsed.

2024-05-28 15:18:28.511236 : NTiles_TileMatrix_18_chr18, Class = numeric

NTiles_TileMatrix_18_chr18: length = 1
 chr18 
160747 



2024-05-28 15:18:28.520177 : NCells_TileMatrix_18_chr18, Class = integer

NCells_TileMatrix_18_chr18: length = 1
[1] 7699



2024-05-28 15:18:28.526643 : MinTile_TileMatrix_18_chr18, Class = numeric

MinTile_TileMatrix_18_chr18: length = 1
[1] 20



2024-05-28 15:18:28.538524 : MaxTile_TileMatrix_18_chr18, Class = numeric

MaxTile_TileMatrix_18_chr18: length = 1
[1] 160527



2024-05-28 15:18:28.572093 : MinCell_TileMatrix_18_chr18, Class = integer

MinCell_TileMatrix_18_chr18: length = 1
[1] 1



2024-05-28 15:18:28.593415 : MaxCell_TileMatrix_18_chr18, Class = integer

MaxCell_TileMatrix_18_chr18: length = 1
[1] 7699


2024-05-28 15:18:47.768883 : Adding TileMatrix to K562_Xu for Chr (19 of 23)!, 15.666 mins elapsed.

2024-05-28 15:18:52.464238 : NTiles_TileMatrix_19_chr19, Class = numeric

NTiles_TileMatrix_19_chr19: length = 1
 chr19 
117236 



2024-05-28 15:18:53.183124 : NCells_TileMatrix_19_chr19, Class = integer

NCells_TileMatrix_19_chr19: length = 1
[1] 7699



2024-05-28 15:18:53.641637 : MinTile_TileMatrix_19_chr19, Class = numeric

MinTile_TileMatrix_19_chr19: length = 1
[1] 122



2024-05-28 15:18:54.149962 : MaxTile_TileMatrix_19_chr19, Class = numeric

MaxTile_TileMatrix_19_chr19: length = 1
[1] 117216



2024-05-28 15:18:54.481956 : MinCell_TileMatrix_19_chr19, Class = integer

MinCell_TileMatrix_19_chr19: length = 1
[1] 1



2024-05-28 15:18:54.762815 : MaxCell_TileMatrix_19_chr19, Class = integer

MaxCell_TileMatrix_19_chr19: length = 1
[1] 7699


2024-05-28 15:19:29.001494 : Adding TileMatrix to K562_Xu for Chr (20 of 23)!, 16.353 mins elapsed.

2024-05-28 15:19:35.514755 : NTiles_TileMatrix_20_chr20, Class = numeric

NTiles_TileMatrix_20_chr20: length = 1
 chr20 
128889 



2024-05-28 15:19:35.577513 : NCells_TileMatrix_20_chr20, Class = integer

NCells_TileMatrix_20_chr20: length = 1
[1] 7699



2024-05-28 15:19:35.600601 : MinTile_TileMatrix_20_chr20, Class = numeric

MinTile_TileMatrix_20_chr20: length = 1
[1] 120



2024-05-28 15:19:35.62884 : MaxTile_TileMatrix_20_chr20, Class = numeric

MaxTile_TileMatrix_20_chr20: length = 1
[1] 128669



2024-05-28 15:19:35.761775 : MinCell_TileMatrix_20_chr20, Class = integer

MinCell_TileMatrix_20_chr20: length = 1
[1] 1



2024-05-28 15:19:35.794346 : MaxCell_TileMatrix_20_chr20, Class = integer

MaxCell_TileMatrix_20_chr20: length = 1
[1] 7699


2024-05-28 15:19:59.928528 : Adding TileMatrix to K562_Xu for Chr (21 of 23)!, 16.869 mins elapsed.

2024-05-28 15:20:04.190235 : NTiles_TileMatrix_21_chr21, Class = numeric

NTiles_TileMatrix_21_chr21: length = 1
chr21 
93420 



2024-05-28 15:20:04.197428 : NCells_TileMatrix_21_chr21, Class = integer

NCells_TileMatrix_21_chr21: length = 1
[1] 7699



2024-05-28 15:20:04.204596 : MinTile_TileMatrix_21_chr21, Class = numeric

MinTile_TileMatrix_21_chr21: length = 1
[1] 10061



2024-05-28 15:20:04.216852 : MaxTile_TileMatrix_21_chr21, Class = numeric

MaxTile_TileMatrix_21_chr21: length = 1
[1] 93400



2024-05-28 15:20:04.245754 : MinCell_TileMatrix_21_chr21, Class = integer

MinCell_TileMatrix_21_chr21: length = 1
[1] 1



2024-05-28 15:20:04.253644 : MaxCell_TileMatrix_21_chr21, Class = integer

MaxCell_TileMatrix_21_chr21: length = 1
[1] 7699


2024-05-28 15:20:21.140488 : Adding TileMatrix to K562_Xu for Chr (22 of 23)!, 17.222 mins elapsed.

2024-05-28 15:20:21.945775 : NTiles_TileMatrix_22_chr22, Class = numeric

NTiles_TileMatrix_22_chr22: length = 1
 chr22 
101637 



2024-05-28 15:20:21.957886 : NCells_TileMatrix_22_chr22, Class = integer

NCells_TileMatrix_22_chr22: length = 1
[1] 7699



2024-05-28 15:20:21.999638 : MinTile_TileMatrix_22_chr22, Class = numeric

MinTile_TileMatrix_22_chr22: length = 1
[1] 21033



2024-05-28 15:20:22.013773 : MaxTile_TileMatrix_22_chr22, Class = numeric

MaxTile_TileMatrix_22_chr22: length = 1
[1] 101617



2024-05-28 15:20:22.070712 : MinCell_TileMatrix_22_chr22, Class = integer

MinCell_TileMatrix_22_chr22: length = 1
[1] 1



2024-05-28 15:20:22.088553 : MaxCell_TileMatrix_22_chr22, Class = integer

MaxCell_TileMatrix_22_chr22: length = 1
[1] 7699


2024-05-28 15:20:41.675899 : Adding TileMatrix to K562_Xu for Chr (23 of 23)!, 17.565 mins elapsed.

2024-05-28 15:20:42.42756 : NTiles_TileMatrix_23_chrX, Class = numeric

NTiles_TileMatrix_23_chrX: length = 1
  chrX 
312082 



2024-05-28 15:20:42.697902 : NCells_TileMatrix_23_chrX, Class = integer

NCells_TileMatrix_23_chrX: length = 1
[1] 7699



2024-05-28 15:20:42.866282 : MinTile_TileMatrix_23_chrX, Class = numeric

MinTile_TileMatrix_23_chrX: length = 1
[1] 27



2024-05-28 15:20:42.89362 : MaxTile_TileMatrix_23_chrX, Class = numeric

MaxTile_TileMatrix_23_chrX: length = 1
[1] 312062



2024-05-28 15:20:42.943931 : MinCell_TileMatrix_23_chrX, Class = integer

MinCell_TileMatrix_23_chrX: length = 1
[1] 1



2024-05-28 15:20:42.98403 : MaxCell_TileMatrix_23_chrX, Class = integer

MaxCell_TileMatrix_23_chrX: length = 1
[1] 7699


2024-05-28 15:21:18.736712 : (K562_Xu : 1 of 1) Finished Adding TileMatrix!, 30.291 mins elapsed.
2024-05-28 15:21:18.768075 : (K562_Xu : 1 of 1) Finished Creating Arrow File, 30.291 mins elapsed.

------- Completed

End Time : 2024-05-28 15:21:19.010268
Elapsed Time Minutes = 30.3014390826225
Elapsed Time Hours = 0.505024205115106

-------



