
           ___      .______        ______  __    __  .______      
          /   \     |   _  \      /      ||  |  |  | |   _  \     
         /  ^  \    |  |_)  |    |  ,----'|  |__|  | |  |_)  |    
        /  /_\  \   |      /     |  |     |   __   | |      /     
       /  _____  \  |  |\  \\___ |  `----.|  |  |  | |  |\  \\___.
      /__/     \__\ | _| `._____| \______||__|  |__| | _| `._____|
    
Logging With ArchR!

Start Time : 2024-05-28 19:12:27.966522

------- ArchR Info

ArchRThreads = 16
ArchRGenome = Hg38

------- System Info

Computer OS = unix
Total Cores = 192

------- Session Info

R version 4.3.3 (2024-02-29)
Platform: x86_64-conda-linux-gnu (64-bit)
Running under: Red Hat Enterprise Linux 8.9 (Ootpa)

Matrix products: default
BLAS/LAPACK: /maps/projects/ralab/people/lpm537/software/anaconda3/envs/Notebook_E2G_240505/lib/libopenblasp-r0.3.27.so;  LAPACK version 3.12.0

Random number generation:
 RNG:     L'Ecuyer-CMRG 
 Normal:  Inversion 
 Sample:  Rejection 
 
locale:
 [1] LC_CTYPE=en_US.UTF-8       LC_NUMERIC=C              
 [3] LC_TIME=en_US.UTF-8        LC_COLLATE=en_US.UTF-8    
 [5] LC_MONETARY=en_US.UTF-8    LC_MESSAGES=en_US.UTF-8   
 [7] LC_PAPER=en_US.UTF-8       LC_NAME=C                 
 [9] LC_ADDRESS=C               LC_TELEPHONE=C            
[11] LC_MEASUREMENT=en_US.UTF-8 LC_IDENTIFICATION=C       

time zone: Europe/Copenhagen
tzcode source: system (glibc)

attached base packages:
 [1] parallel  stats4    grid      stats     graphics  grDevices utils    
 [8] datasets  methods   base     

other attached packages:
 [1] Rsamtools_2.18.0                  BSgenome.Hsapiens.UCSC.hg38_1.4.5
 [3] BSgenome_1.68.0                   rtracklayer_1.60.1               
 [5] Biostrings_2.70.1                 XVector_0.42.0                   
 [7] genomation_1.34.0                 Signac_1.13.0                    
 [9] Seurat_5.0.3                      SeuratObject_5.0.1               
[11] sp_2.1-4                          rhdf5_2.44.0                     
[13] SummarizedExperiment_1.30.2       Biobase_2.60.0                   
[15] MatrixGenerics_1.12.3             Rcpp_1.0.12                      
[17] Matrix_1.6-5                      GenomicRanges_1.54.1             
[19] GenomeInfoDb_1.38.1               IRanges_2.36.0                   
[21] S4Vectors_0.40.2                  BiocGenerics_0.48.1              
[23] matrixStats_1.3.0                 data.table_1.15.2                
[25] stringr_1.5.1                     plyr_1.8.9                       
[27] magrittr_2.0.3                    ggplot2_3.5.1                    
[29] gtable_0.3.5                      gtools_3.9.5                     
[31] gridExtra_2.3                     ArchR_1.0.2                      

loaded via a namespace (and not attached):
  [1] RcppAnnoy_0.0.22         splines_4.3.3            later_1.3.2             
  [4] pbdZMQ_0.3-11            BiocIO_1.10.0            bitops_1.0-7            
  [7] tibble_3.2.1             polyclip_1.10-6          XML_3.99-0.16.1         
 [10] fastDummies_1.7.3        lifecycle_1.0.4          vroom_1.6.5             
 [13] globals_0.16.3           lattice_0.22-6           MASS_7.3-60             
 [16] plotly_4.10.4            plotrix_3.8-4            yaml_2.3.8              
 [19] httpuv_1.6.15            sctransform_0.4.1        spam_2.10-0             
 [22] spatstat.sparse_3.0-3    reticulate_1.36.1        cowplot_1.1.3           
 [25] pbapply_1.7-2            RColorBrewer_1.1-3       abind_1.4-5             
 [28] zlibbioc_1.48.0          Rtsne_0.17               purrr_1.0.2             
 [31] RCurl_1.98-1.14          GenomeInfoDbData_1.2.11  ggrepel_0.9.5           
 [34] irlba_2.3.5.1            listenv_0.9.1            spatstat.utils_3.0-4    
 [37] goftest_1.2-3            RSpectra_0.16-1          spatstat.random_3.2-3   
 [40] fitdistrplus_1.1-11      parallelly_1.37.1        leiden_0.4.3.1          
 [43] codetools_0.2-20         DelayedArray_0.26.7      RcppRoll_0.3.0          
 [46] tidyselect_1.2.1         farver_2.1.1             base64enc_0.1-3         
 [49] spatstat.explore_3.2-6   GenomicAlignments_1.36.0 jsonlite_1.8.8          
 [52] progressr_0.14.0         ggridges_0.5.6           survival_3.6-4          
 [55] tools_4.3.3              ica_1.0-3                glue_1.7.0              
 [58] IRdisplay_1.1            dplyr_1.1.4              withr_3.0.0             
 [61] fastmap_1.1.1            rhdf5filters_1.12.1      fansi_1.0.6             
 [64] digest_0.6.35            R6_2.5.1                 mime_0.12               
 [67] seqPattern_1.34.0        colorspace_2.1-0         Cairo_1.6-2             
 [70] scattermore_1.2          tensor_1.5               spatstat.data_3.0-4     
 [73] utf8_1.2.4               tidyr_1.3.1              generics_0.1.3          
 [76] httr_1.4.7               htmlwidgets_1.6.4        S4Arrays_1.2.1          
 [79] uwot_0.1.16              pkgconfig_2.0.3          impute_1.76.0           
 [82] lmtest_0.9-40            htmltools_0.5.8.1        dotCall64_1.1-1         
 [85] scales_1.3.0             png_0.1-8                tzdb_0.4.0              
 [88] reshape2_1.4.4           rjson_0.2.21             uuid_1.2-0              
 [91] nlme_3.1-164             repr_1.1.7               zoo_1.8-12              
 [94] KernSmooth_2.23-22       miniUI_0.1.1.1           restfulr_0.0.15         
 [97] pillar_1.9.0             vctrs_0.6.5              RANN_2.6.1              
[100] promises_1.3.0           xtable_1.8-4             cluster_2.1.6           
[103] evaluate_0.23            readr_2.1.5              cli_3.6.2               
[106] compiler_4.3.3           rlang_1.1.3              crayon_1.5.2            
[109] future.apply_1.11.2      labeling_0.4.3           stringi_1.8.3           
[112] gridBase_0.4-7           viridisLite_0.4.2        deldir_2.0-4            
[115] BiocParallel_1.36.0      munsell_0.5.1            lazyeval_0.2.2          
[118] spatstat.geom_3.2-9      IRkernel_1.3.2           RcppHNSW_0.6.0          
[121] hms_1.1.3                patchwork_1.2.0          bit64_4.0.5             
[124] future_1.33.2            Rhdf5lib_1.22.1          shiny_1.8.1.1           
[127] ROCR_1.0-11              igraph_2.0.3             fastmatch_1.1-4         
[130] bit_4.0.5               


------- Log Info


2024-05-28 19:12:28.256522 : IterativeLSI Input-Parameters, Class = list

IterativeLSI Input-Parameters$ArchRProj: length = 1

IterativeLSI Input-Parameters$useMatrix: length = 1
[1] "TileMatrix"


IterativeLSI Input-Parameters$name: length = 1
[1] "IterativeLSI"


IterativeLSI Input-Parameters$iterations: length = 1
[1] 2


IterativeLSI Input-Parameters$firstSelection: length = 1
[1] "top"


IterativeLSI Input-Parameters$depthCol: length = 1
[1] "nFrags"


IterativeLSI Input-Parameters$varFeatures: length = 1
[1] 25000


IterativeLSI Input-Parameters$dimsToUse: length = 30
[1] 1 2 3 4 5 6


IterativeLSI Input-Parameters$LSIMethod: length = 1
[1] 2


IterativeLSI Input-Parameters$scaleDims: length = 1
[1] TRUE


IterativeLSI Input-Parameters$corCutOff: length = 1
[1] 0.75


IterativeLSI Input-Parameters$binarize: length = 1
[1] TRUE


IterativeLSI Input-Parameters$outlierQuantiles: length = 2
[1] 0.02 0.98


IterativeLSI Input-Parameters$filterBias: length = 1
[1] TRUE


IterativeLSI Input-Parameters$sampleCellsPre: length = 1
[1] 10000


IterativeLSI Input-Parameters$projectCellsPre: length = 1
[1] FALSE


IterativeLSI Input-Parameters$sampleCellsFinal: length = 0
NULL


IterativeLSI Input-Parameters$selectionMethod: length = 1
[1] "var"


IterativeLSI Input-Parameters$scaleTo: length = 1
[1] 10000


IterativeLSI Input-Parameters$totalFeatures: length = 1
[1] 5e+05


IterativeLSI Input-Parameters$filterQuantile: length = 1
[1] 0.995


IterativeLSI Input-Parameters$excludeChr: length = 0
NULL


IterativeLSI Input-Parameters$saveIterations: length = 1
[1] TRUE


IterativeLSI Input-Parameters$nPlot: length = 1
[1] 10000


IterativeLSI Input-Parameters$outDir: length = 1
[1] "/maps/projects/ralab_nnfc-AUDIT/people/lpm537/project/E2G/analysis/E2G_240503/data/K562_Wang/3.Genome_wide_prediction/ArchR/ArchR.240527/ArchR"


IterativeLSI Input-Parameters$threads: length = 1
[1] 16


IterativeLSI Input-Parameters$seed: length = 1
[1] 1


IterativeLSI Input-Parameters$verbose: length = 1
[1] TRUE


IterativeLSI Input-Parameters$force: length = 1
[1] FALSE


IterativeLSI Input-Parameters$logFile: length = 1
[1] "ArchRLogs/ArchR-addIterativeLSI-3c80571b1728b-Date-2024-05-28_Time-19-12-27.95085.log"


2024-05-28 19:12:28.570752 : Computing Total Across All Features, 0.001 mins elapsed.
2024-05-28 19:12:30.553257 : Computing Top Features, 0.034 mins elapsed.
###########
2024-05-28 19:12:36.84304 : Running LSI (1 of 2) on Top Features, 0.138 mins elapsed.
###########
2024-05-28 19:12:36.862282 : Creating Partial Matrix, 0.139 mins elapsed.
2024-05-28 19:13:01.776561 : Computing LSI, 0.554 mins elapsed.

2024-05-28 19:13:01.840292 : LSI Parameters, Class = list

LSI Parameters$: length = 1
                       
1 function (name)      
2 .Internal(args(name))


LSI Parameters$mat: nRows = 25000, nCols = 4551
LSI Parameters$mat: NonZeroEntries = 22518113, EntryRange = [ 1 , 1 ]
5 x 5 sparse Matrix of class "dgCMatrix"
     K562_Wang#CCTATATTCAATGAGG-1 K562_Wang#TGTGGCTCATTTAAGC-1
[1,]                            1                            .
[2,]                            1                            1
[3,]                            1                            1
[4,]                            1                            .
[5,]                            1                            1
     K562_Wang#ACCGAAGCATTGCGGT-1 K562_Wang#AGAACCGCAGCTTAAT-1
[1,]                            1                            .
[2,]                            1                            .
[3,]                            .                            1
[4,]                            .                            1
[5,]                            .                            .
     K562_Wang#TCCTTAGTCCCAGTAG-1
[1,]                            1
[2,]                            1
[3,]                            .
[4,]                            1
[5,]                            1


LSI Parameters$LSIMethod: length = 1
[1] 2


LSI Parameters$scaleTo: length = 1
[1] 10000


LSI Parameters$nDimensions: length = 1
[1] 30


LSI Parameters$binarize: length = 1
[1] TRUE


LSI Parameters$outlierQuantiles: length = 2
[1] 0.02 0.98


LSI Parameters$seed: length = 1
[1] 1


LSI Parameters$verbose: length = 1
[1] FALSE


LSI Parameters$tstart: length = 1
[1] "2024-05-28 19:12:28 CEST"


LSI Parameters$logFile: length = 1
[1] "ArchRLogs/ArchR-addIterativeLSI-3c80571b1728b-Date-2024-05-28_Time-19-12-27.95085.log"


2024-05-28 19:13:06.068137 : Running LSI, Input Matrix = 0.271 GB, 0.626 mins elapsed.
2024-05-28 19:13:06.151553 : Binarizing Matrix, 0.627 mins elapsed.
2024-05-28 19:13:06.560515 : Computing Term Frequency, 0.634 mins elapsed.
2024-05-28 19:13:06.735326 : Filtering Outliers Based On Counts, 0.637 mins elapsed.
2024-05-28 19:13:07.038648 : Removing 0 Sum Rows, 0.642 mins elapsed.
2024-05-28 19:13:07.563052 : Computing Inverse Document Frequency, 0.65 mins elapsed.
2024-05-28 19:13:14.254546 : Computing SVD using irlba, 0.762 mins elapsed.
2024-05-28 19:14:08.242437 : Projecting Outliers with LSI-Projection (Granja* et al 2019), 1.662 mins elapsed.

2024-05-28 19:14:08.282307 : LSI-Projection Parameters, Class = list

LSI-Projection Parameters$: length = 1
                       
1 function (name)      
2 .Internal(args(name))


LSI-Projection Parameters$mat: nRows = 25000, nCols = 50
LSI-Projection Parameters$mat: NonZeroEntries = 545622, EntryRange = [ 1 , 1 ]
5 x 5 sparse Matrix of class "dgCMatrix"
     K562_Wang#CCTTGCGTCAGCAAAG-1 K562_Wang#TAGGCTGTCCTCCTAA-1
[1,]                            1                            .
[2,]                            1                            .
[3,]                            1                            .
[4,]                            1                            1
[5,]                            1                            .
     K562_Wang#CTAATCGCAAATACCT-1 K562_Wang#AAGCATGAGACAACGA-1
[1,]                            1                            1
[2,]                            .                            1
[3,]                            .                            .
[4,]                            1                            1
[5,]                            .                            .
     K562_Wang#GCATGAGCATCCCTCA-1
[1,]                            1
[2,]                            .
[3,]                            .
[4,]                            .
[5,]                            1


LSI-Projection Parameters$matSVD: nRows = 4367, nCols = 30
                                  LSI1       LSI2        LSI3      LSI4
K562_Wang#CCTTGCGTCAGCAAAG-1 -121.9758 -17.943015 -23.4421831 18.572875
K562_Wang#TAGGCTGTCCTCCTAA-1 -110.8459  -6.183072  -8.1635241  7.888978
K562_Wang#CTAATCGCAAATACCT-1 -116.0067 -17.959836   8.3150022  7.450206
K562_Wang#AAGCATGAGACAACGA-1 -123.0853 -18.189730  -0.6085055 16.348709
K562_Wang#GCATGAGCATCCCTCA-1 -123.4546  -4.325184   3.3267166 19.869694
                                  LSI5
K562_Wang#CCTTGCGTCAGCAAAG-1  2.835269
K562_Wang#TAGGCTGTCCTCCTAA-1  1.131144
K562_Wang#CTAATCGCAAATACCT-1 19.022522
K562_Wang#AAGCATGAGACAACGA-1  7.287324
K562_Wang#GCATGAGCATCCCTCA-1 17.025498


LSI-Projection Parameters$returnModel: length = 1
[1] FALSE


LSI-Projection Parameters$verbose: length = 1
[1] FALSE


LSI-Projection Parameters$tstart: length = 0
NULL


LSI-Projection Parameters$logFile: length = 1
[1] "ArchRLogs/ArchR-addIterativeLSI-3c80571b1728b-Date-2024-05-28_Time-19-12-27.95085.log"


2024-05-28 19:14:08.636838 : Projecting LSI, Input Matrix = 0.007 GB, 0 mins elapsed.
2024-05-28 19:14:08.645546 : Subsetting by Non-Zero features in inital Matrix, 0 mins elapsed.
2024-05-28 19:14:08.660414 : Binarizing Matrix, 0 mins elapsed.
2024-05-28 19:14:08.677099 : Computing Term Frequency, 0.001 mins elapsed.
2024-05-28 19:14:08.691472 : Computing Inverse Document Frequency, 0.001 mins elapsed.
2024-05-28 19:14:08.70016 : Computing TF-IDF Matrix, 0.001 mins elapsed.
2024-05-28 19:14:11.336413 : Calculating V Matrix, 0.045 mins elapsed.
2024-05-28 19:14:11.350587 : Computing Projected Coordinates, 0.045 mins elapsed.

2024-05-28 19:14:11.369277 : LSI-Projection Parameters, Class = list

LSI-Projection Parameters$: length = 1
                       
1 function (name)      
2 .Internal(args(name))


LSI-Projection Parameters$mat: nRows = 25000, nCols = 184
LSI-Projection Parameters$mat: NonZeroEntries = 1239255, EntryRange = [ 1 , 1 ]
5 x 5 sparse Matrix of class "dgCMatrix"
     K562_Wang#CCTATATTCAATGAGG-1 K562_Wang#TGTGGCTCATTTAAGC-1
[1,]                            1                            .
[2,]                            1                            1
[3,]                            1                            1
[4,]                            1                            .
[5,]                            1                            1
     K562_Wang#ACCGAAGCATTGCGGT-1 K562_Wang#AGAACCGCAGCTTAAT-1
[1,]                            1                            .
[2,]                            1                            .
[3,]                            .                            1
[4,]                            .                            1
[5,]                            .                            .
     K562_Wang#TCCTTAGTCCCAGTAG-1
[1,]                            1
[2,]                            1
[3,]                            .
[4,]                            1
[5,]                            1


LSI-Projection Parameters$matSVD: nRows = 4367, nCols = 30
                                  LSI1       LSI2        LSI3      LSI4
K562_Wang#CCTTGCGTCAGCAAAG-1 -121.9758 -17.943015 -23.4421831 18.572875
K562_Wang#TAGGCTGTCCTCCTAA-1 -110.8459  -6.183072  -8.1635241  7.888978
K562_Wang#CTAATCGCAAATACCT-1 -116.0067 -17.959836   8.3150022  7.450206
K562_Wang#AAGCATGAGACAACGA-1 -123.0853 -18.189730  -0.6085055 16.348709
K562_Wang#GCATGAGCATCCCTCA-1 -123.4546  -4.325184   3.3267166 19.869694
                                  LSI5
K562_Wang#CCTTGCGTCAGCAAAG-1  2.835269
K562_Wang#TAGGCTGTCCTCCTAA-1  1.131144
K562_Wang#CTAATCGCAAATACCT-1 19.022522
K562_Wang#AAGCATGAGACAACGA-1  7.287324
K562_Wang#GCATGAGCATCCCTCA-1 17.025498


LSI-Projection Parameters$returnModel: length = 1
[1] FALSE


LSI-Projection Parameters$verbose: length = 1
[1] FALSE


LSI-Projection Parameters$tstart: length = 0
NULL


LSI-Projection Parameters$logFile: length = 1
[1] "ArchRLogs/ArchR-addIterativeLSI-3c80571b1728b-Date-2024-05-28_Time-19-12-27.95085.log"


2024-05-28 19:14:11.415321 : Projecting LSI, Input Matrix = 0.015 GB, 0 mins elapsed.
2024-05-28 19:14:11.416484 : Subsetting by Non-Zero features in inital Matrix, 0 mins elapsed.
2024-05-28 19:14:11.420905 : Binarizing Matrix, 0 mins elapsed.
2024-05-28 19:14:11.430191 : Computing Term Frequency, 0 mins elapsed.
2024-05-28 19:14:11.439971 : Computing Inverse Document Frequency, 0 mins elapsed.
2024-05-28 19:14:11.441489 : Computing TF-IDF Matrix, 0 mins elapsed.
2024-05-28 19:14:13.550412 : Calculating V Matrix, 0.036 mins elapsed.
2024-05-28 19:14:13.578283 : Computing Projected Coordinates, 0.036 mins elapsed.
2024-05-28 19:14:13.594578 : Finished LSI (TF-IDF SVD) using irlba, 1.751 mins elapsed.

2024-05-28 19:14:18.132022 : outLSI-1, Class = SimpleList

outLSI-1$matSVD: nRows = 4551, nCols = 30
                                  LSI1         LSI2       LSI3       LSI4
K562_Wang#CCTATATTCAATGAGG-1 -143.6304   0.01351371 -13.786363 18.8001606
K562_Wang#TGTGGCTCATTTAAGC-1 -140.7102 -14.57440385  -1.269155  2.4772159
K562_Wang#ACCGAAGCATTGCGGT-1 -128.4266 -16.46027440  -1.130823  0.4501354
K562_Wang#AGAACCGCAGCTTAAT-1 -146.6982  -5.43368439 -13.086362 10.9998379
K562_Wang#TCCTTAGTCCCAGTAG-1 -139.4828 -17.86234969   3.252657 10.4147468
                                 LSI5
K562_Wang#CCTATATTCAATGAGG-1 15.31451
K562_Wang#TGTGGCTCATTTAAGC-1 16.05626
K562_Wang#ACCGAAGCATTGCGGT-1 15.18912
K562_Wang#AGAACCGCAGCTTAAT-1 17.56486
K562_Wang#TCCTTAGTCCCAGTAG-1 14.33647


outLSI-1$rowSm: length = 25000
[1] 631 860 470 719 748 804


outLSI-1$nCol: length = 1
[1] 4367


outLSI-1$exclude: length = 0
NULL


outLSI-1$idx: length = 25000
[1] 1 2 3 4 5 6


outLSI-1$u: nRows = 25000, nCols = 30
             [,1]         [,2]         [,3]         [,4]          [,5]
[1,] -0.005286499 -0.004806406 -0.001095545 0.0064439917  1.015270e-03
[2,] -0.006393105 -0.002960637  0.001873203 0.0055297731 -2.439009e-03
[3,] -0.004379287 -0.003756172 -0.009437590 0.0009985691 -1.668760e-03
[4,] -0.005758686 -0.001955345 -0.008762841 0.0049162051  1.806667e-03
[5,] -0.005886539  0.005126583 -0.003503988 0.0076618505 -5.638983e-05


outLSI-1$v: nRows = 4367, nCols = 30
            [,1]        [,2]         [,3]       [,4]        [,5]
[1,] -0.02425821 -0.04031281 -0.059106313 0.05072895 0.008425045
[2,] -0.02204473 -0.01389159 -0.020583228 0.02154753 0.003361212
[3,] -0.02307110 -0.04035061  0.020965160 0.02034909 0.056525712
[4,] -0.02447887 -0.04086711 -0.001534265 0.04465398 0.021654393
[5,] -0.02455232 -0.00971745  0.008387869 0.05427101 0.050591523


outLSI-1$binarize: length = 1
[1] TRUE


outLSI-1$scaleTo: length = 1
[1] 10000


outLSI-1$nDimensions: length = 1
[1] 30


outLSI-1$LSIMethod: length = 1
[1] 2


outLSI-1$outliers: length = 184
[1] "K562_Wang#CCTATATTCAATGAGG-1" "K562_Wang#TGTGGCTCATTTAAGC-1"
[3] "K562_Wang#ACCGAAGCATTGCGGT-1" "K562_Wang#AGAACCGCAGCTTAAT-1"
[5] "K562_Wang#TCCTTAGTCCCAGTAG-1" "K562_Wang#GAGGACTAGCTAAAGG-1"


outLSI-1$date: length = 1
[1] "2024-05-28"


outLSI-1$seed: length = 1
[1] 1


outLSI-1$scaleDims: length = 1
[1] TRUE


outLSI-1$useMatrix: length = 1
[1] "TileMatrix"


outLSI-1$tileSize: length = 1
[1] 500



2024-05-28 19:14:18.211221 : Cluster Params, Class = list

Cluster Params$: length = 1
                       
1 function (name)      
2 .Internal(args(name))


Cluster Params$matSVD: nRows = 4551, nCols = 30
                                  LSI1         LSI2       LSI3       LSI4
K562_Wang#CCTATATTCAATGAGG-1 -143.6304   0.01351371 -13.786363 18.8001606
K562_Wang#TGTGGCTCATTTAAGC-1 -140.7102 -14.57440385  -1.269155  2.4772159
K562_Wang#ACCGAAGCATTGCGGT-1 -128.4266 -16.46027440  -1.130823  0.4501354
K562_Wang#AGAACCGCAGCTTAAT-1 -146.6982  -5.43368439 -13.086362 10.9998379
K562_Wang#TCCTTAGTCCCAGTAG-1 -139.4828 -17.86234969   3.252657 10.4147468
                                 LSI5
K562_Wang#CCTATATTCAATGAGG-1 15.31451
K562_Wang#TGTGGCTCATTTAAGC-1 16.05626
K562_Wang#ACCGAAGCATTGCGGT-1 15.18912
K562_Wang#AGAACCGCAGCTTAAT-1 17.56486
K562_Wang#TCCTTAGTCCCAGTAG-1 14.33647


Cluster Params$corCutOff: length = 1
[1] 0.75


Cluster Params$dimsToUse: length = 30
[1] 1 2 3 4 5 6


Cluster Params$scaleDims: length = 1
[1] TRUE


Cluster Params$verbose: length = 1
[1] TRUE


Cluster Params$j: length = 1
[1] 1


Cluster Params$filterBias: length = 1
[1] TRUE


Cluster Params$cellNames: length = 4551
[1] "K562_Wang#CCTATATTCAATGAGG-1" "K562_Wang#TGTGGCTCATTTAAGC-1"
[3] "K562_Wang#ACCGAAGCATTGCGGT-1" "K562_Wang#AGAACCGCAGCTTAAT-1"
[5] "K562_Wang#TCCTTAGTCCCAGTAG-1" "K562_Wang#GAGGACTAGCTAAAGG-1"


Cluster Params$cellDepth: length = 4551
K562_Wang#CCTATATTCAATGAGG-1 K562_Wang#TGTGGCTCATTTAAGC-1 
                    4.994704                     4.983559 
K562_Wang#ACCGAAGCATTGCGGT-1 K562_Wang#AGAACCGCAGCTTAAT-1 
                    4.983527                     4.983080 
K562_Wang#TCCTTAGTCCCAGTAG-1 K562_Wang#GAGGACTAGCTAAAGG-1 
                    4.981166                     4.977687 


Cluster Params$tstart: length = 1
[1] "2024-05-28 19:12:28 CEST"


Cluster Params$logFile: length = 1
[1] "ArchRLogs/ArchR-addIterativeLSI-3c80571b1728b-Date-2024-05-28_Time-19-12-27.95085.log"


2024-05-28 19:14:18.280876 : Identifying Clusters, 1.829 mins elapsed.

2024-05-28 19:14:18.287005 : addClusters Input-Parameters, Class = list

addClusters Input-Parameters$: length = 1
                       
1 function (name)      
2 .Internal(args(name))


addClusters Input-Parameters$input: nRows = 4551, nCols = 30
                                  LSI1        LSI2       LSI3      LSI4
K562_Wang#CCTATATTCAATGAGG-1 -5.189540  0.14626027 -0.3663504 0.8441097
K562_Wang#TGTGGCTCATTTAAGC-1 -5.225545 -0.39493988  0.1146092 0.2580834
K562_Wang#ACCGAAGCATTGCGGT-1 -5.194582 -0.49772634  0.1453261 0.2116454
K562_Wang#AGAACCGCAGCTTAAT-1 -5.198670 -0.04539852 -0.3245652 0.5540899
K562_Wang#TCCTTAGTCCCAGTAG-1 -5.195000 -0.51176153  0.3013140 0.5771046
                                  LSI5
K562_Wang#CCTATATTCAATGAGG-1 0.7146317
K562_Wang#TGTGGCTCATTTAAGC-1 0.7781179
K562_Wang#ACCGAAGCATTGCGGT-1 0.8299284
K562_Wang#AGAACCGCAGCTTAAT-1 0.7935792
K562_Wang#TCCTTAGTCCCAGTAG-1 0.7281185


addClusters Input-Parameters$reducedDims: length = 1
[1] "IterativeLSI"


addClusters Input-Parameters$name: length = 1
[1] "Clusters"


addClusters Input-Parameters$sampleCells: length = 1
[1] 10000


addClusters Input-Parameters$seed: length = 1
[1] 1


addClusters Input-Parameters$method: length = 1
[1] "Seurat"


addClusters Input-Parameters$dimsToUse: length = 0
NULL


addClusters Input-Parameters$scaleDims: length = 0
NULL


addClusters Input-Parameters$corCutOff: length = 1
[1] 0.75


addClusters Input-Parameters$knnAssign: length = 1
[1] 10


addClusters Input-Parameters$nOutlier: length = 1
[1] 5


addClusters Input-Parameters$maxClusters: length = 1
[1] 6


addClusters Input-Parameters$testBias: length = 1
[1] TRUE


addClusters Input-Parameters$filterBias: length = 1
[1] TRUE


addClusters Input-Parameters$biasClusters: length = 1
[1] 0.01


addClusters Input-Parameters$biasCol: length = 1
[1] "nFrags"


addClusters Input-Parameters$biasVals: length = 4551
[1] 4.994704 4.983559 4.983527 4.983080 4.981166 4.977687


addClusters Input-Parameters$biasQuantiles: length = 2
[1] 0.05 0.95


addClusters Input-Parameters$biasEnrich: length = 1
[1] 10


addClusters Input-Parameters$biasProportion: length = 1
[1] 0.5


addClusters Input-Parameters$biasPval: length = 1
[1] 0.05


addClusters Input-Parameters$nPerm: length = 1
[1] 500


addClusters Input-Parameters$prefix: length = 1
[1] "C"


addClusters Input-Parameters$ArchRProj: length = 0
NULL


addClusters Input-Parameters$verbose: length = 1
[1] FALSE


addClusters Input-Parameters$tstart: length = 0
NULL


addClusters Input-Parameters$force: length = 1
[1] FALSE


addClusters Input-Parameters$logFile: length = 1
[1] "ArchRLogs/ArchR-addIterativeLSI-3c80571b1728b-Date-2024-05-28_Time-19-12-27.95085.log"


addClusters Input-Parameters$...: length = 2

2024-05-28 19:14:18.407568 : Running Seurats FindClusters (Stuart et al. Cell 2019), 0 mins elapsed.
2024-05-28 19:14:22.723944 : Testing Biased Clusters, 0.072 mins elapsed.
2024-05-28 19:14:22.778339 : Testing Outlier Clusters, 0.073 mins elapsed.
2024-05-28 19:14:22.818538 : Identified more clusters than maxClusters allowed (n = 0). Merging clusters to maxClusters (n = 6).
If this is not desired set maxClusters = NULL!, 0.074 mins elapsed.
2024-05-28 19:14:22.846343 : Assigning Cluster Names to 6 Clusters, 0.074 mins elapsed.
2024-05-28 19:14:22.867065 : Finished addClusters, 0.074 mins elapsed.
2024-05-28 19:14:22.887337 : Identified 6 Clusters, 1.906 mins elapsed.

2024-05-28 19:14:22.913995 : clusterDF-1, Class = DFrame
DataFrame with 4551 rows and 2 columns
                  cellNames    clusters
                <character> <character>
1    K562_Wang#CCTATATTCA..          C3
2    K562_Wang#TGTGGCTCAT..          C5
3    K562_Wang#ACCGAAGCAT..          C5
4    K562_Wang#AGAACCGCAG..          C5
5    K562_Wang#TCCTTAGTCC..          C4
...                     ...         ...
4547 K562_Wang#CTCCTAATCC..          C6
4548 K562_Wang#ATCACCCTCA..          C3
4549 K562_Wang#CTTGCGCGTG..          C6
4550 K562_Wang#AGGATATAGT..          C4
4551 K562_Wang#GACTAATGTG..          C2

2024-05-28 19:14:23.044351 : Saving LSI Iteration, 1.908 mins elapsed.

2024-05-28 19:14:23.078951 : Save iteration, Class = list

Save iteration$: length = 1
                       
1 function (name)      
2 .Internal(args(name))


Save iteration$matSVD: nRows = 4551, nCols = 30
                                  LSI1         LSI2       LSI3       LSI4
K562_Wang#CCTATATTCAATGAGG-1 -143.6304   0.01351371 -13.786363 18.8001606
K562_Wang#TGTGGCTCATTTAAGC-1 -140.7102 -14.57440385  -1.269155  2.4772159
K562_Wang#ACCGAAGCATTGCGGT-1 -128.4266 -16.46027440  -1.130823  0.4501354
K562_Wang#AGAACCGCAGCTTAAT-1 -146.6982  -5.43368439 -13.086362 10.9998379
K562_Wang#TCCTTAGTCCCAGTAG-1 -139.4828 -17.86234969   3.252657 10.4147468
                                 LSI5
K562_Wang#CCTATATTCAATGAGG-1 15.31451
K562_Wang#TGTGGCTCATTTAAGC-1 16.05626
K562_Wang#ACCGAAGCATTGCGGT-1 15.18912
K562_Wang#AGAACCGCAGCTTAAT-1 17.56486
K562_Wang#TCCTTAGTCCCAGTAG-1 14.33647


Save iteration$clusters: length = 4551
[1] "C3" "C5" "C5" "C5" "C4" "C5"


Save iteration$nPlot: length = 1
[1] 10000


Save iteration$ArchRProj: length = 1

Save iteration$scaleDims: length = 1
[1] TRUE


Save iteration$corCutOff: length = 1
[1] 0.75


Save iteration$dimsToUse: length = 30
[1] 1 2 3 4 5 6


Save iteration$j: length = 1
[1] 1


Save iteration$threads: length = 1
[1] 16


Save iteration$outDir: length = 1
[1] "/maps/projects/ralab_nnfc-AUDIT/people/lpm537/project/E2G/analysis/E2G_240503/data/K562_Wang/3.Genome_wide_prediction/ArchR/ArchR.240527/ArchR/IterativeLSI"


Save iteration$logFile: length = 1
[1] "ArchRLogs/ArchR-addIterativeLSI-3c80571b1728b-Date-2024-05-28_Time-19-12-27.95085.log"



************************************************************
2024-05-28 19:14:38.103652 : ERROR Found in .saveIteration for  
LogFile = ArchRLogs/ArchR-addIterativeLSI-3c80571b1728b-Date-2024-05-28_Time-19-12-27.95085.log

<simpleError in g$grobs[[legend]]: no such index at level 2
>

2024-05-28 19:14:38.473775 : errorList, Class = list

errorList$: length = 1
                       
1 function (name)      
2 .Internal(args(name))


errorList$matSVD: nRows = 4551, nCols = 30
                                  LSI1         LSI2       LSI3       LSI4
K562_Wang#CCTATATTCAATGAGG-1 -143.6304   0.01351371 -13.786363 18.8001606
K562_Wang#TGTGGCTCATTTAAGC-1 -140.7102 -14.57440385  -1.269155  2.4772159
K562_Wang#ACCGAAGCATTGCGGT-1 -128.4266 -16.46027440  -1.130823  0.4501354
K562_Wang#AGAACCGCAGCTTAAT-1 -146.6982  -5.43368439 -13.086362 10.9998379
K562_Wang#TCCTTAGTCCCAGTAG-1 -139.4828 -17.86234969   3.252657 10.4147468
                                 LSI5
K562_Wang#CCTATATTCAATGAGG-1 15.31451
K562_Wang#TGTGGCTCATTTAAGC-1 16.05626
K562_Wang#ACCGAAGCATTGCGGT-1 15.18912
K562_Wang#AGAACCGCAGCTTAAT-1 17.56486
K562_Wang#TCCTTAGTCCCAGTAG-1 14.33647


errorList$clusters: length = 4551
[1] "C3" "C5" "C5" "C5" "C4" "C5"


errorList$nPlot: length = 1
[1] 10000


errorList$ArchRProj: length = 1

errorList$scaleDims: length = 1
[1] TRUE


errorList$corCutOff: length = 1
[1] 0.75


errorList$dimsToUse: length = 30
[1] 1 2 3 4 5 6


errorList$j: length = 1
[1] 1


errorList$threads: length = 1
[1] 16


errorList$outDir: length = 1
[1] "/maps/projects/ralab_nnfc-AUDIT/people/lpm537/project/E2G/analysis/E2G_240503/data/K562_Wang/3.Genome_wide_prediction/ArchR/ArchR.240527/ArchR/IterativeLSI"


errorList$logFile: length = 1
[1] "ArchRLogs/ArchR-addIterativeLSI-3c80571b1728b-Date-2024-05-28_Time-19-12-27.95085.log"



************************************************************

2024-05-28 19:14:39.31423 : Creating Cluster Matrix on the total Group Features, 2.18 mins elapsed.
2024-05-28 19:15:01.959853 : Computing Variable Features, 2.557 mins elapsed.
###########
2024-05-28 19:15:02.157169 : Running LSI (2 of 2) on Variable Features, 2.56 mins elapsed.
###########
2024-05-28 19:15:02.174804 : Creating Partial Matrix, 2.561 mins elapsed.
2024-05-28 19:15:21.516068 : Computing LSI, 2.883 mins elapsed.

2024-05-28 19:15:21.520032 : LSI Parameters, Class = list

LSI Parameters$: length = 1
                       
1 function (name)      
2 .Internal(args(name))


LSI Parameters$mat: nRows = 25000, nCols = 4551
LSI Parameters$mat: NonZeroEntries = 20189476, EntryRange = [ 1 , 1 ]
5 x 5 sparse Matrix of class "dgCMatrix"
     K562_Wang#CCTATATTCAATGAGG-1 K562_Wang#TGTGGCTCATTTAAGC-1
[1,]                            1                            .
[2,]                            1                            .
[3,]                            .                            .
[4,]                            .                            .
[5,]                            .                            .
     K562_Wang#ACCGAAGCATTGCGGT-1 K562_Wang#AGAACCGCAGCTTAAT-1
[1,]                            1                            .
[2,]                            1                            .
[3,]                            .                            .
[4,]                            1                            .
[5,]                            .                            1
     K562_Wang#TCCTTAGTCCCAGTAG-1
[1,]                            1
[2,]                            1
[3,]                            1
[4,]                            1
[5,]                            .


LSI Parameters$LSIMethod: length = 1
[1] 2


LSI Parameters$scaleTo: length = 1
[1] 10000


LSI Parameters$nDimensions: length = 1
[1] 30


LSI Parameters$binarize: length = 1
[1] TRUE


LSI Parameters$outlierQuantiles: length = 2
[1] 0.02 0.98


LSI Parameters$seed: length = 1
[1] 1


LSI Parameters$verbose: length = 1
[1] FALSE


LSI Parameters$tstart: length = 1
[1] "2024-05-28 19:12:28 CEST"


LSI Parameters$logFile: length = 1
[1] "ArchRLogs/ArchR-addIterativeLSI-3c80571b1728b-Date-2024-05-28_Time-19-12-27.95085.log"


2024-05-28 19:15:21.781517 : Running LSI, Input Matrix = 0.243 GB, 2.887 mins elapsed.
2024-05-28 19:15:21.783367 : Binarizing Matrix, 2.887 mins elapsed.
2024-05-28 19:15:21.941633 : Computing Term Frequency, 2.89 mins elapsed.
2024-05-28 19:15:22.031198 : Filtering Outliers Based On Counts, 2.892 mins elapsed.
2024-05-28 19:15:22.134735 : Removing 0 Sum Rows, 2.893 mins elapsed.
2024-05-28 19:15:22.501909 : Computing Inverse Document Frequency, 2.899 mins elapsed.
2024-05-28 19:15:26.933852 : Computing SVD using irlba, 2.973 mins elapsed.
2024-05-28 19:16:16.182493 : Projecting Outliers with LSI-Projection (Granja* et al 2019), 3.794 mins elapsed.

2024-05-28 19:16:16.21735 : LSI-Projection Parameters, Class = list

LSI-Projection Parameters$: length = 1
                       
1 function (name)      
2 .Internal(args(name))


LSI-Projection Parameters$mat: nRows = 25000, nCols = 50
LSI-Projection Parameters$mat: NonZeroEntries = 471597, EntryRange = [ 1 , 1 ]
5 x 5 sparse Matrix of class "dgCMatrix"
     K562_Wang#CCTTGCGTCAGCAAAG-1 K562_Wang#TAGGCTGTCCTCCTAA-1
[1,]                            1                            .
[2,]                            .                            .
[3,]                            .                            .
[4,]                            1                            .
[5,]                            1                            .
     K562_Wang#CTAATCGCAAATACCT-1 K562_Wang#AAGCATGAGACAACGA-1
[1,]                            1                            1
[2,]                            .                            .
[3,]                            .                            .
[4,]                            .                            1
[5,]                            .                            1
     K562_Wang#GTGCCTTTCGTTTCGC-1
[1,]                            1
[2,]                            .
[3,]                            .
[4,]                            .
[5,]                            1


LSI-Projection Parameters$matSVD: nRows = 4367, nCols = 30
                                  LSI1      LSI2       LSI3        LSI4
K562_Wang#CCTTGCGTCAGCAAAG-1 -113.9228 -40.56606 -13.976183  18.1691763
K562_Wang#TAGGCTGTCCTCCTAA-1 -106.4787 -18.65722  -7.378382   5.1200091
K562_Wang#CTAATCGCAAATACCT-1 -111.2292 -30.17167  -5.169904 -22.4160827
K562_Wang#AAGCATGAGACAACGA-1 -116.5001 -31.46953  -8.542860   0.1461053
K562_Wang#GTGCCTTTCGTTTCGC-1 -112.3511 -29.26510  -2.936310 -16.9172123
                                   LSI5
K562_Wang#CCTTGCGTCAGCAAAG-1  -9.548962
K562_Wang#TAGGCTGTCCTCCTAA-1  -5.285980
K562_Wang#CTAATCGCAAATACCT-1  -4.419545
K562_Wang#AAGCATGAGACAACGA-1 -11.977814
K562_Wang#GTGCCTTTCGTTTCGC-1  -9.423623


LSI-Projection Parameters$returnModel: length = 1
[1] FALSE


LSI-Projection Parameters$verbose: length = 1
[1] FALSE


LSI-Projection Parameters$tstart: length = 0
NULL


LSI-Projection Parameters$logFile: length = 1
[1] "ArchRLogs/ArchR-addIterativeLSI-3c80571b1728b-Date-2024-05-28_Time-19-12-27.95085.log"


2024-05-28 19:16:16.570976 : Projecting LSI, Input Matrix = 0.006 GB, 0 mins elapsed.
2024-05-28 19:16:16.593605 : Subsetting by Non-Zero features in inital Matrix, 0 mins elapsed.
2024-05-28 19:16:16.608094 : Binarizing Matrix, 0.001 mins elapsed.
2024-05-28 19:16:16.620378 : Computing Term Frequency, 0.001 mins elapsed.
2024-05-28 19:16:16.64702 : Computing Inverse Document Frequency, 0.001 mins elapsed.
2024-05-28 19:16:16.668263 : Computing TF-IDF Matrix, 0.002 mins elapsed.
2024-05-28 19:16:19.486758 : Calculating V Matrix, 0.049 mins elapsed.
2024-05-28 19:16:19.500813 : Computing Projected Coordinates, 0.049 mins elapsed.

2024-05-28 19:16:19.51044 : LSI-Projection Parameters, Class = list

LSI-Projection Parameters$: length = 1
                       
1 function (name)      
2 .Internal(args(name))


LSI-Projection Parameters$mat: nRows = 25000, nCols = 184
LSI-Projection Parameters$mat: NonZeroEntries = 1060499, EntryRange = [ 1 , 1 ]
5 x 5 sparse Matrix of class "dgCMatrix"
     K562_Wang#CCTATATTCAATGAGG-1 K562_Wang#TGTGGCTCATTTAAGC-1
[1,]                            1                            .
[2,]                            1                            .
[3,]                            .                            .
[4,]                            .                            .
[5,]                            .                            .
     K562_Wang#ACCGAAGCATTGCGGT-1 K562_Wang#AGAACCGCAGCTTAAT-1
[1,]                            1                            .
[2,]                            1                            .
[3,]                            .                            .
[4,]                            1                            .
[5,]                            .                            1
     K562_Wang#TCCTTAGTCCCAGTAG-1
[1,]                            1
[2,]                            1
[3,]                            1
[4,]                            1
[5,]                            .


LSI-Projection Parameters$matSVD: nRows = 4367, nCols = 30
                                  LSI1      LSI2       LSI3        LSI4
K562_Wang#CCTTGCGTCAGCAAAG-1 -113.9228 -40.56606 -13.976183  18.1691763
K562_Wang#TAGGCTGTCCTCCTAA-1 -106.4787 -18.65722  -7.378382   5.1200091
K562_Wang#CTAATCGCAAATACCT-1 -111.2292 -30.17167  -5.169904 -22.4160827
K562_Wang#AAGCATGAGACAACGA-1 -116.5001 -31.46953  -8.542860   0.1461053
K562_Wang#GTGCCTTTCGTTTCGC-1 -112.3511 -29.26510  -2.936310 -16.9172123
                                   LSI5
K562_Wang#CCTTGCGTCAGCAAAG-1  -9.548962
K562_Wang#TAGGCTGTCCTCCTAA-1  -5.285980
K562_Wang#CTAATCGCAAATACCT-1  -4.419545
K562_Wang#AAGCATGAGACAACGA-1 -11.977814
K562_Wang#GTGCCTTTCGTTTCGC-1  -9.423623


LSI-Projection Parameters$returnModel: length = 1
[1] FALSE


LSI-Projection Parameters$verbose: length = 1
[1] FALSE


LSI-Projection Parameters$tstart: length = 0
NULL


LSI-Projection Parameters$logFile: length = 1
[1] "ArchRLogs/ArchR-addIterativeLSI-3c80571b1728b-Date-2024-05-28_Time-19-12-27.95085.log"


2024-05-28 19:16:19.557865 : Projecting LSI, Input Matrix = 0.013 GB, 0 mins elapsed.
2024-05-28 19:16:19.559785 : Subsetting by Non-Zero features in inital Matrix, 0 mins elapsed.
2024-05-28 19:16:19.567178 : Binarizing Matrix, 0 mins elapsed.
2024-05-28 19:16:19.578116 : Computing Term Frequency, 0 mins elapsed.
2024-05-28 19:16:19.587885 : Computing Inverse Document Frequency, 0.001 mins elapsed.
2024-05-28 19:16:19.590236 : Computing TF-IDF Matrix, 0.001 mins elapsed.
2024-05-28 19:16:21.632118 : Calculating V Matrix, 0.035 mins elapsed.
2024-05-28 19:16:21.653758 : Computing Projected Coordinates, 0.035 mins elapsed.
2024-05-28 19:16:21.662989 : Finished LSI (TF-IDF SVD) using irlba, 3.885 mins elapsed.

2024-05-28 19:16:23.783815 : outLSI-2, Class = SimpleList

outLSI-2$matSVD: nRows = 4551, nCols = 30
                                  LSI1      LSI2        LSI3       LSI4
K562_Wang#CCTATATTCAATGAGG-1 -134.5764 -30.76313 -37.7311018  -2.296446
K562_Wang#TGTGGCTCATTTAAGC-1 -132.7429 -36.83728  -7.9672714 -14.206778
K562_Wang#ACCGAAGCATTGCGGT-1 -122.2383 -35.86517  -0.8922245 -10.124581
K562_Wang#AGAACCGCAGCTTAAT-1 -137.1924 -36.35542 -25.7144266  -7.576064
K562_Wang#TCCTTAGTCCCAGTAG-1 -130.7341 -37.19500  -6.7601057 -11.650299
                                  LSI5
K562_Wang#CCTATATTCAATGAGG-1 -2.956405
K562_Wang#TGTGGCTCATTTAAGC-1  2.258429
K562_Wang#ACCGAAGCATTGCGGT-1  3.964199
K562_Wang#AGAACCGCAGCTTAAT-1  3.841443
K562_Wang#TCCTTAGTCCCAGTAG-1 -5.209766


outLSI-2$rowSm: length = 25000
[1]  629  384  298  424  326 1382


outLSI-2$nCol: length = 1
[1] 4367


outLSI-2$exclude: length = 0
NULL


outLSI-2$idx: length = 25000
[1] 1 2 3 4 5 6


outLSI-2$u: nRows = 25000, nCols = 30
             [,1]         [,2]          [,3]          [,4]          [,5]
[1,] -0.005545491 -0.005663313 -0.0011282989  0.0001166526 -0.0050294858
[2,] -0.003960878 -0.002651656  0.0087384087 -0.0082130988  0.0042748466
[3,] -0.003343578 -0.003137088 -0.0024965747  0.0019568121 -0.0032898436
[4,] -0.004317269 -0.009145477 -0.0017227111  0.0022520105 -0.0018604459
[5,] -0.003603744 -0.007281569 -0.0009896381 -0.0007255182  0.0005709429


outLSI-2$v: nRows = 4367, nCols = 30
            [,1]        [,2]         [,3]          [,4]        [,5]
[1,] -0.02293422 -0.06687322 -0.029035255  0.0441234256 -0.02533402
[2,] -0.02143562 -0.03075645 -0.015328448  0.0124338240 -0.01402405
[3,] -0.02239196 -0.04973806 -0.010740377 -0.0544369398 -0.01172534
[4,] -0.02345307 -0.05187758 -0.017747630  0.0003548134 -0.03177792
[5,] -0.02261782 -0.04824357 -0.006100128 -0.0410830598 -0.02500149


outLSI-2$binarize: length = 1
[1] TRUE


outLSI-2$scaleTo: length = 1
[1] 10000


outLSI-2$nDimensions: length = 1
[1] 30


outLSI-2$LSIMethod: length = 1
[1] 2


outLSI-2$outliers: length = 184
[1] "K562_Wang#CCTATATTCAATGAGG-1" "K562_Wang#TGTGGCTCATTTAAGC-1"
[3] "K562_Wang#ACCGAAGCATTGCGGT-1" "K562_Wang#AGAACCGCAGCTTAAT-1"
[5] "K562_Wang#TCCTTAGTCCCAGTAG-1" "K562_Wang#GAGGACTAGCTAAAGG-1"


outLSI-2$date: length = 1
[1] "2024-05-28"


outLSI-2$seed: length = 1
[1] 1


outLSI-2$scaleDims: length = 1
[1] TRUE


outLSI-2$useMatrix: length = 1
[1] "TileMatrix"


outLSI-2$tileSize: length = 1
[1] 500


2024-05-28 19:16:25.945662 : Finished Running IterativeLSI, 3.957 mins elapsed.
