
           ___      .______        ______  __    __  .______      
          /   \     |   _  \      /      ||  |  |  | |   _  \     
         /  ^  \    |  |_)  |    |  ,----'|  |__|  | |  |_)  |    
        /  /_\  \   |      /     |  |     |   __   | |      /     
       /  _____  \  |  |\  \\___ |  `----.|  |  |  | |  |\  \\___.
      /__/     \__\ | _| `._____| \______||__|  |__| | _| `._____|
    
Logging With ArchR!

Start Time : 2024-05-28 18:50:28.838469

------- ArchR Info

ArchRThreads = 16
ArchRGenome = Hg38

------- System Info

Computer OS = unix

------- Session Info

R version 4.3.3 (2024-02-29)
Platform: x86_64-conda-linux-gnu (64-bit)
Running under: Red Hat Enterprise Linux 8.9 (Ootpa)

Matrix products: default
BLAS/LAPACK: /maps/projects/ralab/people/lpm537/software/anaconda3/envs/Notebook_E2G_240505/lib/libopenblasp-r0.3.27.so;  LAPACK version 3.12.0

Random number generation:
 RNG:     L'Ecuyer-CMRG 
 Normal:  Inversion 
 Sample:  Rejection 
 
locale:
 [1] LC_CTYPE=en_US.UTF-8       LC_NUMERIC=C              
 [3] LC_TIME=en_US.UTF-8        LC_COLLATE=en_US.UTF-8    
 [5] LC_MONETARY=en_US.UTF-8    LC_MESSAGES=en_US.UTF-8   
 [7] LC_PAPER=en_US.UTF-8       LC_NAME=C                 
 [9] LC_ADDRESS=C               LC_TELEPHONE=C            
[11] LC_MEASUREMENT=en_US.UTF-8 LC_IDENTIFICATION=C       

time zone: Europe/Copenhagen
tzcode source: system (glibc)

attached base packages:
[1] stats4    grid      stats     graphics  grDevices utils     datasets 
[8] methods   base     

other attached packages:
 [1] BSgenome.Hsapiens.UCSC.hg38_1.4.5 BSgenome_1.68.0                  
 [3] rtracklayer_1.60.1                Biostrings_2.70.1                
 [5] XVector_0.42.0                    genomation_1.34.0                
 [7] Signac_1.13.0                     Seurat_5.0.3                     
 [9] SeuratObject_5.0.1                sp_2.1-4                         
[11] rhdf5_2.44.0                      SummarizedExperiment_1.30.2      
[13] Biobase_2.60.0                    MatrixGenerics_1.12.3            
[15] Rcpp_1.0.12                       Matrix_1.6-5                     
[17] GenomicRanges_1.54.1              GenomeInfoDb_1.38.1              
[19] IRanges_2.36.0                    S4Vectors_0.40.2                 
[21] BiocGenerics_0.48.1               matrixStats_1.3.0                
[23] data.table_1.15.2                 stringr_1.5.1                    
[25] plyr_1.8.9                        magrittr_2.0.3                   
[27] ggplot2_3.5.1                     gtable_0.3.5                     
[29] gtools_3.9.5                      gridExtra_2.3                    
[31] ArchR_1.0.2                      

loaded via a namespace (and not attached):
  [1] RcppAnnoy_0.0.22         splines_4.3.3            later_1.3.2             
  [4] pbdZMQ_0.3-11            BiocIO_1.10.0            bitops_1.0-7            
  [7] tibble_3.2.1             polyclip_1.10-6          XML_3.99-0.16.1         
 [10] fastDummies_1.7.3        lifecycle_1.0.4          vroom_1.6.5             
 [13] globals_0.16.3           lattice_0.22-6           MASS_7.3-60             
 [16] plotly_4.10.4            plotrix_3.8-4            yaml_2.3.8              
 [19] httpuv_1.6.15            sctransform_0.4.1        spam_2.10-0             
 [22] spatstat.sparse_3.0-3    reticulate_1.36.1        cowplot_1.1.3           
 [25] pbapply_1.7-2            RColorBrewer_1.1-3       abind_1.4-5             
 [28] zlibbioc_1.48.0          Rtsne_0.17               purrr_1.0.2             
 [31] RCurl_1.98-1.14          GenomeInfoDbData_1.2.11  ggrepel_0.9.5           
 [34] irlba_2.3.5.1            listenv_0.9.1            spatstat.utils_3.0-4    
 [37] goftest_1.2-3            RSpectra_0.16-1          spatstat.random_3.2-3   
 [40] fitdistrplus_1.1-11      parallelly_1.37.1        leiden_0.4.3.1          
 [43] codetools_0.2-20         DelayedArray_0.26.7      RcppRoll_0.3.0          
 [46] tidyselect_1.2.1         base64enc_0.1-3          spatstat.explore_3.2-6  
 [49] GenomicAlignments_1.36.0 jsonlite_1.8.8           progressr_0.14.0        
 [52] ggridges_0.5.6           survival_3.6-4           tools_4.3.3             
 [55] ica_1.0-3                glue_1.7.0               IRdisplay_1.1           
 [58] dplyr_1.1.4              withr_3.0.0              fastmap_1.1.1           
 [61] rhdf5filters_1.12.1      fansi_1.0.6              digest_0.6.35           
 [64] R6_2.5.1                 mime_0.12                seqPattern_1.34.0       
 [67] colorspace_2.1-0         scattermore_1.2          tensor_1.5              
 [70] spatstat.data_3.0-4      utf8_1.2.4               tidyr_1.3.1             
 [73] generics_0.1.3           httr_1.4.7               htmlwidgets_1.6.4       
 [76] S4Arrays_1.2.1           uwot_0.1.16              pkgconfig_2.0.3         
 [79] impute_1.76.0            lmtest_0.9-40            htmltools_0.5.8.1       
 [82] dotCall64_1.1-1          scales_1.3.0             png_0.1-8               
 [85] tzdb_0.4.0               reshape2_1.4.4           rjson_0.2.21            
 [88] uuid_1.2-0               nlme_3.1-164             repr_1.1.7              
 [91] zoo_1.8-12               KernSmooth_2.23-22       parallel_4.3.3          
 [94] miniUI_0.1.1.1           restfulr_0.0.15          pillar_1.9.0            
 [97] vctrs_0.6.5              RANN_2.6.1               promises_1.3.0          
[100] xtable_1.8-4             cluster_2.1.6            evaluate_0.23           
[103] readr_2.1.5              cli_3.6.2                compiler_4.3.3          
[106] Rsamtools_2.18.0         rlang_1.1.3              crayon_1.5.2            
[109] future.apply_1.11.2      stringi_1.8.3            gridBase_0.4-7          
[112] viridisLite_0.4.2        deldir_2.0-4             BiocParallel_1.36.0     
[115] munsell_0.5.1            lazyeval_0.2.2           spatstat.geom_3.2-9     
[118] IRkernel_1.3.2           RcppHNSW_0.6.0           hms_1.1.3               
[121] patchwork_1.2.0          bit64_4.0.5              future_1.33.2           
[124] Rhdf5lib_1.22.1          shiny_1.8.1.1            ROCR_1.0-11             
[127] igraph_2.0.3             fastmatch_1.1-4          bit_4.0.5               


------- Log Info


2024-05-28 18:50:29.121718 : createArrowFiles Input-Parameters, Class = list

createArrowFiles Input-Parameters$inputFiles: length = 1
[1] "/maps/projects/ralab_nnfc-AUDIT/people/lpm537/project/E2G/processed/10x_multiome_230720/geo/cellranger_res/GSE162798_01/outs/atac_fragments.tsv.gz"


createArrowFiles Input-Parameters$sampleNames: length = 1
[1] "K562_Wang"


createArrowFiles Input-Parameters$outputNames: length = 1
[1] "K562_Wang"


createArrowFiles Input-Parameters$minTSS: length = 1
[1] 4


createArrowFiles Input-Parameters$minFrags: length = 1
[1] 1000


createArrowFiles Input-Parameters$maxFrags: length = 1
[1] 1e+05


createArrowFiles Input-Parameters$minFragSize: length = 1
[1] 10


createArrowFiles Input-Parameters$maxFragSize: length = 1
[1] 2000


createArrowFiles Input-Parameters$QCDir: length = 1
[1] "QualityControl"


createArrowFiles Input-Parameters$nucLength: length = 1
[1] 147


createArrowFiles Input-Parameters$promoterRegion: length = 2
[1] 2000  100


createArrowFiles Input-Parameters$excludeChr: length = 2
[1] "chrM" "chrY"


createArrowFiles Input-Parameters$nChunk: length = 1
[1] 5


createArrowFiles Input-Parameters$bcTag: length = 1
[1] "qname"


createArrowFiles Input-Parameters$gsubExpression: length = 0
NULL


createArrowFiles Input-Parameters$bamFlag: length = 0
NULL


createArrowFiles Input-Parameters$offsetPlus: length = 1
[1] 4


createArrowFiles Input-Parameters$offsetMinus: length = 1
[1] -5


createArrowFiles Input-Parameters$addTileMat: length = 1
[1] TRUE


createArrowFiles Input-Parameters$addGeneScoreMat: length = 1
[1] FALSE


createArrowFiles Input-Parameters$force: length = 1
[1] TRUE


createArrowFiles Input-Parameters$threads: length = 1
[1] 16


createArrowFiles Input-Parameters$parallelParam: length = 0
NULL


createArrowFiles Input-Parameters$subThreading: length = 1
[1] TRUE


createArrowFiles Input-Parameters$verbose: length = 1
[1] TRUE


createArrowFiles Input-Parameters$cleanTmp: length = 1
[1] TRUE


createArrowFiles Input-Parameters$logFile: length = 1
[1] "ArchRLogs/ArchR-createArrows-3c80575d26d158-Date-2024-05-28_Time-18-50-28.820233.log"


createArrowFiles Input-Parameters$filterFrags: length = 1
[1] 1000


createArrowFiles Input-Parameters$filterTSS: length = 1
[1] 4



2024-05-28 18:50:29.309537 : 
2024-05-28 18:50:30.095456 : Batch Execution w/ safelapply!, 0 mins elapsed.

###########
2024-05-28 18:50:30.098728 : Creating Arrow File K562_Wang.arrow (K562_Wang : 1 of 1)
###########


2024-05-28 18:50:30.100405 : validBC, Class = character

validBC: length = 4574
[1] "AAACAGCCAATGCCCG-1" "AAACAGCCACCCTCAC-1" "AAACAGCCACCTACTT-1"
[4] "AAACATGCAACTAACT-1" "AAACATGCAAGGTGCA-1" "AAACATGCACTAAATC-1"



2024-05-28 18:50:30.164722 : 
2024-05-28 18:50:30.176003 : (K562_Wang : 1 of 1) Arrow Exists! Overriding since not completed!, 0.001 mins elapsed.

2024-05-28 18:50:30.187461 : 
2024-05-28 18:50:30.201284 : (K562_Wang : 1 of 1) Reading In Fragments from inputFiles (readMethod = tabix), 0.002 mins elapsed.
2024-05-28 18:50:30.218622 : (K562_Wang : 1 of 1) Tabix Bed To Temporary File, 0.002 mins elapsed.

2024-05-28 18:50:30.402825 : tileChromSizes, Class = GRanges
GRanges object with 120 ranges and 1 metadata column:
        seqnames              ranges strand |     chunkName
           <Rle>           <IRanges>  <Rle> |   <character>
    [1]     chr1          1-49791284      * |   chr1#chunk1
    [2]     chr1   49791285-99582568      * |   chr1#chunk2
    [3]     chr1  99582569-149373853      * |   chr1#chunk3
    [4]     chr1 149373854-199165137      * |   chr1#chunk4
    [5]     chr1 199165138-248956422      * |   chr1#chunk5
    ...      ...                 ...    ... .           ...
  [116]     chrY          1-11445483      * | chrY#chunk116
  [117]     chrY   11445484-22890966      * | chrY#chunk117
  [118]     chrY   22890967-34336449      * | chrY#chunk118
  [119]     chrY   34336450-45781932      * | chrY#chunk119
  [120]     chrY   45781933-57227415      * | chrY#chunk120
  -------
  seqinfo: 24 sequences from an unspecified genome; no seqlengths

2024-05-28 18:51:18.525226 : (K562_Wang : 1 of 1) Reading TabixFile 28 Percent, 0.807 mins elapsed.

2024-05-28 18:51:20.332268 : (K562_Wang : 1 of 1) .tabixToTmp Fragments-Chunk-(1 of 120)-chr1:1-49791284, Class = data.table
 
2024-05-28 18:51:20.332268 : (K562_Wang : 1 of 1) .tabixToTmp Fragments-Chunk-(1 of 120)-chr1:1-49791284, Class = data.frame
(K562_Wang : 1 of 1) .tabixToTmp Fragments-Chunk-(1 of 120)-chr1:1-49791284: nRows = 5534813, nCols = 3
      V2    V3                 V4
   <num> <int>             <char>
1:  9989 10012 CCATTATTCCCTGGTT-1
2: 10073 10309 TTGCAATCAACAGGAT-1
3: 10074 10186 GTGCTGATCACAGACT-1
4: 10074 10192 ATTAACCCACAACAAA-1
5: 10079 10204 TCAAGACTCCGGCTAA-1
6: 10079 10334 GTGGCTTCATAAAGCA-1



2024-05-28 18:51:20.895253 : (K562_Wang : 1 of 1) .tabixToTmp Barcodes-Chunk-(1 of 120)-chr1:1-49791284, Class = character

(K562_Wang : 1 of 1) .tabixToTmp Barcodes-Chunk-(1 of 120)-chr1:1-49791284: length = 97552
[1] "CCATTATTCCCTGGTT-1" "TTGCAATCAACAGGAT-1" "GTGCTGATCACAGACT-1"
[4] "ATTAACCCACAACAAA-1" "TCAAGACTCCGGCTAA-1" "GTGGCTTCATAAAGCA-1"


2024-05-28 18:52:15.094151 : (K562_Wang : 1 of 1) Reading TabixFile 55 Percent, 1.749 mins elapsed.
2024-05-28 18:53:00.93775 : (K562_Wang : 1 of 1) Reading TabixFile 82 Percent, 2.514 mins elapsed.
2024-05-28 18:53:29.529862 : (K562_Wang : 1 of 1) Parallel Hdf5 Linkage Temporary File, 2.991 mins elapsed.
2024-05-28 18:53:39.266931 : (K562_Wang : 1 of 1) Successful creation of Temporary File, 3.153 mins elapsed.
2024-05-28 18:53:39.276686 : (K562_Wang : 1 of 1) Creating ArrowFile From Temporary File, 3.153 mins elapsed.

2024-05-28 18:53:39.944961 : (K562_Wang : 1 of 1) chunkChrNames, Class = data.frame
(K562_Wang : 1 of 1) chunkChrNames: nRows = 118, nCols = 1
     chunkNames
1   chr1#chunk1
2   chr1#chunk2
3   chr1#chunk3
4   chr1#chunk4
5   chr1#chunk5
6 chr10#chunk46


2024-05-28 18:53:39.954612 : (K562_Wang : 1 of 1) Counting Unique Barcodes From Temporary File, 3.164 mins elapsed.

2024-05-28 18:53:50.0513 : (K562_Wang : 1 of 1) BarcodeFrequencyTable, Class = data.table
 
2024-05-28 18:53:50.0513 : (K562_Wang : 1 of 1) BarcodeFrequencyTable, Class = data.frame
(K562_Wang : 1 of 1) BarcodeFrequencyTable: nRows = 4574, nCols = 2
            values.V1     V1
               <char>  <int>
1: TTGCTTTAGAGAAGGG-1 185980
2: CATAAGCTCAATCTCT-1 157657
3: CGAATCTAGCGCAATT-1 154316
4: ACCTCACTCTTACTCG-1 145265
5: GGTGTTGTCGCTAGCA-1 137071
6: GGCTCAATCGAAGTGA-1 129895



2024-05-28 18:53:50.127579 : (K562_Wang : 1 of 1) BarcodesMinMaxFrags, Class = data.frame
(K562_Wang : 1 of 1) BarcodesMinMaxFrags: nRows = 4551, nCols = 1
                  bc
1 CCTATATTCAATGAGG-1
2 TGTGGCTCATTTAAGC-1
3 ACCGAAGCATTGCGGT-1
4 AGAACCGCAGCTTAAT-1
5 TCCTTAGTCCCAGTAG-1
6 GAGGACTAGCTAAAGG-1



2024-05-28 18:53:57.112435 : (K562_Wang : 1 of 1) Unique Chromosomes, Class = data.frame
(K562_Wang : 1 of 1) Unique Chromosomes: nRows = 24, nCols = 1
   chr
1 chr1
2 chr2
3 chr3
4 chr4
5 chr5
6 chr6


2024-05-28 18:53:57.304593 : (K562_Wang : 1 of 1) Adding Chromosome 1 of 24, 3.454 mins elapsed.
2024-05-28 18:53:57.491839 : (K562_Wang : 1 of 1) Adding Chromosome 2 of 24, 3.457 mins elapsed.
2024-05-28 18:53:57.654603 : (K562_Wang : 1 of 1) Adding Chromosome 3 of 24, 3.459 mins elapsed.
2024-05-28 18:53:57.826043 : (K562_Wang : 1 of 1) Adding Chromosome 4 of 24, 3.462 mins elapsed.
2024-05-28 18:53:58.003793 : (K562_Wang : 1 of 1) Adding Chromosome 5 of 24, 3.465 mins elapsed.
2024-05-28 18:53:58.191912 : (K562_Wang : 1 of 1) Adding Chromosome 6 of 24, 3.468 mins elapsed.
2024-05-28 18:53:58.399407 : (K562_Wang : 1 of 1) Adding Chromosome 7 of 24, 3.472 mins elapsed.
2024-05-28 18:53:58.575867 : (K562_Wang : 1 of 1) Adding Chromosome 8 of 24, 3.475 mins elapsed.
2024-05-28 18:53:58.752977 : (K562_Wang : 1 of 1) Adding Chromosome 9 of 24, 3.478 mins elapsed.
2024-05-28 18:53:58.920945 : (K562_Wang : 1 of 1) Adding Chromosome 10 of 24, 3.481 mins elapsed.
2024-05-28 18:53:59.084114 : (K562_Wang : 1 of 1) Adding Chromosome 11 of 24, 3.483 mins elapsed.
2024-05-28 18:53:59.249674 : (K562_Wang : 1 of 1) Adding Chromosome 12 of 24, 3.486 mins elapsed.
2024-05-28 18:53:59.417858 : (K562_Wang : 1 of 1) Adding Chromosome 13 of 24, 3.489 mins elapsed.
2024-05-28 18:53:59.584517 : (K562_Wang : 1 of 1) Adding Chromosome 14 of 24, 3.492 mins elapsed.
2024-05-28 18:53:59.75486 : (K562_Wang : 1 of 1) Adding Chromosome 15 of 24, 3.494 mins elapsed.
2024-05-28 18:53:59.918731 : (K562_Wang : 1 of 1) Adding Chromosome 16 of 24, 3.497 mins elapsed.

2024-05-28 18:54:14.313277 : (K562_Wang : 1 of 1) .tmpToArrow Fragments-Chr-(1 of 24)-chr1, Class = IRanges

(K562_Wang : 1 of 1) .tmpToArrow Fragments-Chr-(1 of 24)-chr1: length = 10517445
IRanges object with 6 ranges and 1 metadata column:
          start       end     width |                 RG
      <integer> <integer> <integer> |              <Rle>
  [1]     79052     79103        52 | CCTATATTCAATGAGG-1
  [2]    108530    108576        47 | CCTATATTCAATGAGG-1
  [3]    629914    629975        62 | CCTATATTCAATGAGG-1
  [4]    629919    629978        60 | CCTATATTCAATGAGG-1
  [5]    634002    634037        36 | CCTATATTCAATGAGG-1
  [6]    634002    634039        38 | CCTATATTCAATGAGG-1



2024-05-28 18:54:14.39207 : (K562_Wang : 1 of 1) .tmpToArrow Barcodes-Chr-(1 of 24)-chr1, Class = data.frame
(K562_Wang : 1 of 1) .tmpToArrow Barcodes-Chr-(1 of 24)-chr1: nRows = 4551, nCols = 1
                  bc
1 CCTATATTCAATGAGG-1
2 TGTGGCTCATTTAAGC-1
3 ACCGAAGCATTGCGGT-1
4 AGAACCGCAGCTTAAT-1
5 TCCTTAGTCCCAGTAG-1
6 GAGGACTAGCTAAAGG-1


2024-05-28 18:54:17.72411 : (K562_Wang : 1 of 1) Adding Chromosome 17 of 24, 3.794 mins elapsed.
2024-05-28 18:54:19.084084 : (K562_Wang : 1 of 1) Adding Chromosome 18 of 24, 3.817 mins elapsed.
2024-05-28 18:54:22.325196 : (K562_Wang : 1 of 1) Adding Chromosome 19 of 24, 3.871 mins elapsed.
2024-05-28 18:54:23.919066 : (K562_Wang : 1 of 1) Adding Chromosome 20 of 24, 3.897 mins elapsed.
2024-05-28 18:54:24.569601 : (K562_Wang : 1 of 1) Adding Chromosome 21 of 24, 3.908 mins elapsed.
2024-05-28 18:54:25.125066 : (K562_Wang : 1 of 1) Adding Chromosome 22 of 24, 3.917 mins elapsed.
2024-05-28 18:54:25.634176 : (K562_Wang : 1 of 1) Adding Chromosome 23 of 24, 3.926 mins elapsed.
2024-05-28 18:54:26.242458 : (K562_Wang : 1 of 1) Adding Chromosome 24 of 24, 3.936 mins elapsed.
2024-05-28 18:54:42.170221 : (K562_Wang : 1 of 1) Parallel Hdf5 Linkage Arrow File, 4.201 mins elapsed.
2024-05-28 18:54:44.162098 : (K562_Wang : 1 of 1) Successful creation of Arrow File, 4.234 mins elapsed.
2024-05-28 18:54:52.35864 : (K562_Wang : 1 of 1) Adding Fragment Summary, 4.371 mins elapsed.
2024-05-28 18:56:11.317911 : (K562_Wang : 1 of 1) Plotting Fragment Size Distribution, 5.687 mins elapsed.
2024-05-28 18:56:11.734951 : Continuing through after error ggplot for Fragment Size Distribution, 5.694 mins elapsed.
2024-05-28 18:56:20.732697 : (K562_Wang : 1 of 1) Computing TSS Enrichment Scores, 5.844 mins elapsed.
2024-05-28 18:57:47.063576 : (K562_Wang : 1 of 1) Computed TSS Scores!, 1.434 mins elapsed.
2024-05-28 18:57:47.087119 : (K562_Wang : 1 of 1) CellStats : Number of Cells Pass Filter = 4551 , 7.283 mins elapsed.
2024-05-28 18:57:47.097249 : (K562_Wang : 1 of 1) CellStats : Median Frags = 15951 , 7.283 mins elapsed.
2024-05-28 18:57:47.104744 : (K562_Wang : 1 of 1) CellStats : Median TSS Enrichment = 13.899 , 7.284 mins elapsed.
2024-05-28 18:57:47.115449 : (K562_Wang : 1 of 1) Plotting TSS Enrichment Scores, 7.284 mins elapsed.
2024-05-28 18:57:48.29551 : Continuing through after error ggplot for TSS by Frags, 7.303 mins elapsed.
2024-05-28 18:57:48.301808 : (K562_Wang : 1 of 1) Adding Metadata to Fragments, 7.304 mins elapsed.
2024-05-28 18:57:52.585052 : (K562_Wang : 1 of 1) Adding Additional Feature Counts!, 7.375 mins elapsed.
2024-05-28 18:59:12.597339 : (K562_Wang : 1 of 1) Finished Adding Additional Feature Counts!, 8.708 mins elapsed.

2024-05-28 18:59:12.613931 : (K562_Wang : 1 of 1) Metadata, Class = DFrame
DataFrame with 4551 rows and 12 columns
                  cellNames    nFrags nMonoFrags  nDiFrags nMultiFrags
                <character> <numeric>  <numeric> <numeric>   <numeric>
1    K562_Wang#CCTATATTCA..     98787      49292     36095       13400
2    K562_Wang#TGTGGCTCAT..     96284      43824     38345       14115
3    K562_Wang#ACCGAAGCAT..     96277      41907     41077       13293
4    K562_Wang#AGAACCGCAG..     96178      48760     34453       12965
5    K562_Wang#TCCTTAGTCC..     95755      46055     36042       13658
...                     ...       ...        ...       ...         ...
4547 K562_Wang#CTCCTAATCC..      1014        567       303         144
4548 K562_Wang#ATCACCCTCA..      1012        518       377         117
4549 K562_Wang#CTTGCGCGTG..      1011        534       352         125
4550 K562_Wang#AGGATATAGT..      1004        482       386         136
4551 K562_Wang#GACTAATGTG..      1003        545       321         137
     TSSEnrichment ReadsInTSS      Keep ReadsInPromoter PromoterRatio
         <numeric>  <numeric> <numeric>       <numeric>     <numeric>
1           13.264      45112         1           45337      0.229468
2           10.945      36956         1           38874      0.201872
3            9.057      26648         1           29526      0.153339
4           13.687      47120         1           47929      0.249168
5           11.065      37651         1           38579      0.201446
...            ...        ...       ...             ...           ...
4547        21.581        752         1             689      0.339744
4548        14.059        284         1             315      0.155632
4549        12.601        420         1             401      0.198318
4550         7.782        224         1             280      0.139442
4551        25.541        632         1             599      0.298604
     ReadsInBlacklist BlacklistRatio
            <numeric>      <numeric>
1                1116     0.00564852
2                1099     0.00570707
3                1119     0.00581136
4                1218     0.00633201
5                 972     0.00507545
...               ...            ...
4547                8     0.00394477
4548               16     0.00790514
4549               16     0.00791296
4550               12     0.00597610
4551               10     0.00498504

2024-05-28 18:59:12.913331 : (K562_Wang : 1 of 1) Removing Fragments from Filtered Cells, 8.714 mins elapsed.
2024-05-28 18:59:12.982215 : (K562_Wang : 1 of 1) Creating Filtered Arrow File, 8.715 mins elapsed.

2024-05-28 18:59:17.092068 : (K562_Wang : 1 of 1) .filterCellsFromArrow Fragments-Chr-(1 of 24)-chr1, Class = GRanges
GRanges object with 10517445 ranges and 1 metadata column:
             seqnames              ranges strand |                     RG
                <Rle>           <IRanges>  <Rle> |                  <Rle>
         [1]     chr1         79052-79103      * | K562_Wang#CCTATATTCA..
         [2]     chr1       108530-108576      * | K562_Wang#CCTATATTCA..
         [3]     chr1       629914-629975      * | K562_Wang#CCTATATTCA..
         [4]     chr1       629919-629978      * | K562_Wang#CCTATATTCA..
         [5]     chr1       634002-634037      * | K562_Wang#CCTATATTCA..
         ...      ...                 ...    ... .                    ...
  [10517441]     chr1 235011900-235011950      * | K562_Wang#GACTAATGTG..
  [10517442]     chr1 236421135-236421169      * | K562_Wang#GACTAATGTG..
  [10517443]     chr1 241560749-241560965      * | K562_Wang#GACTAATGTG..
  [10517444]     chr1 244303125-244303174      * | K562_Wang#GACTAATGTG..
  [10517445]     chr1 245276085-245276265      * | K562_Wang#GACTAATGTG..
  -------
  seqinfo: 1 sequence from an unspecified genome; no seqlengths


2024-05-28 18:59:17.128998 : (K562_Wang : 1 of 1) .filterCellsFromArrow Barcodes-Chr-(1 of 24)-chr1, Class = data.frame
(K562_Wang : 1 of 1) .filterCellsFromArrow Barcodes-Chr-(1 of 24)-chr1: nRows = 4551, nCols = 1
                            bc
1 K562_Wang#CCTATATTCAATGAGG-1
2 K562_Wang#TGTGGCTCATTTAAGC-1
3 K562_Wang#ACCGAAGCATTGCGGT-1
4 K562_Wang#AGAACCGCAGCTTAAT-1
5 K562_Wang#TCCTTAGTCCCAGTAG-1
6 K562_Wang#GAGGACTAGCTAAAGG-1


2024-05-28 19:02:07.778363 : (K562_Wang : 1 of 1) Finished Constructing Filtered Arrow File!, 11.628 mins elapsed.
2024-05-28 19:02:08.26935 : (K562_Wang : 1 of 1) Adding TileMatrix!, 11.636 mins elapsed.

2024-05-28 19:02:11.127795 : K562_Wang .addTileMat FeatureDF, Class = DFrame
DataFrame with 6062095 rows and 3 columns
           seqnames       idx     start
        <character> <integer> <numeric>
1              chr1         1         0
2              chr1         2       500
3              chr1         3      1000
4              chr1         4      1500
5              chr1         5      2000
...             ...       ...       ...
6062091        chrX    312078 156038500
6062092        chrX    312079 156039000
6062093        chrX    312080 156039500
6062094        chrX    312081 156040000
6062095        chrX    312082 156040500

2024-05-28 19:02:24.019369 : Adding TileMatrix to K562_Wang for Chr (1 of 23)!, 0.25 mins elapsed.

2024-05-28 19:02:26.465557 : NTiles_TileMatrix_1_chr1, Class = numeric

NTiles_TileMatrix_1_chr1: length = 1
  chr1 
497913 



2024-05-28 19:02:26.475752 : NCells_TileMatrix_1_chr1, Class = integer

NCells_TileMatrix_1_chr1: length = 1
[1] 4551



2024-05-28 19:02:26.482918 : MinTile_TileMatrix_1_chr1, Class = numeric

MinTile_TileMatrix_1_chr1: length = 1
[1] 21



2024-05-28 19:02:26.514579 : MaxTile_TileMatrix_1_chr1, Class = numeric

MaxTile_TileMatrix_1_chr1: length = 1
[1] 497893



2024-05-28 19:02:28.965064 : MinCell_TileMatrix_1_chr1, Class = integer

MinCell_TileMatrix_1_chr1: length = 1
[1] 1



2024-05-28 19:02:28.98542 : MaxCell_TileMatrix_1_chr1, Class = integer

MaxCell_TileMatrix_1_chr1: length = 1
[1] 4551


2024-05-28 19:03:18.882684 : Adding TileMatrix to K562_Wang for Chr (2 of 23)!, 1.164 mins elapsed.

2024-05-28 19:03:20.04057 : NTiles_TileMatrix_2_chr2, Class = numeric

NTiles_TileMatrix_2_chr2: length = 1
  chr2 
484388 



2024-05-28 19:03:20.071993 : NCells_TileMatrix_2_chr2, Class = integer

NCells_TileMatrix_2_chr2: length = 1
[1] 4551



2024-05-28 19:03:20.105787 : MinTile_TileMatrix_2_chr2, Class = numeric

MinTile_TileMatrix_2_chr2: length = 1
[1] 21



2024-05-28 19:03:20.144679 : MaxTile_TileMatrix_2_chr2, Class = numeric

MaxTile_TileMatrix_2_chr2: length = 1
[1] 484367



2024-05-28 19:03:20.213113 : MinCell_TileMatrix_2_chr2, Class = integer

MinCell_TileMatrix_2_chr2: length = 1
[1] 1



2024-05-28 19:03:20.225311 : MaxCell_TileMatrix_2_chr2, Class = integer

MaxCell_TileMatrix_2_chr2: length = 1
[1] 4551


2024-05-28 19:03:56.586511 : Adding TileMatrix to K562_Wang for Chr (3 of 23)!, 1.793 mins elapsed.

2024-05-28 19:04:00.896682 : NTiles_TileMatrix_3_chr3, Class = numeric

NTiles_TileMatrix_3_chr3: length = 1
  chr3 
396592 



2024-05-28 19:04:00.953711 : NCells_TileMatrix_3_chr3, Class = integer

NCells_TileMatrix_3_chr3: length = 1
[1] 4551



2024-05-28 19:04:01.008386 : MinTile_TileMatrix_3_chr3, Class = numeric

MinTile_TileMatrix_3_chr3: length = 1
[1] 21



2024-05-28 19:04:01.068644 : MaxTile_TileMatrix_3_chr3, Class = numeric

MaxTile_TileMatrix_3_chr3: length = 1
[1] 396442



2024-05-28 19:04:01.153417 : MinCell_TileMatrix_3_chr3, Class = integer

MinCell_TileMatrix_3_chr3: length = 1
[1] 1



2024-05-28 19:04:01.181624 : MaxCell_TileMatrix_3_chr3, Class = integer

MaxCell_TileMatrix_3_chr3: length = 1
[1] 4551


2024-05-28 19:04:28.925362 : Adding TileMatrix to K562_Wang for Chr (4 of 23)!, 2.332 mins elapsed.

2024-05-28 19:04:36.18666 : NTiles_TileMatrix_4_chr4, Class = numeric

NTiles_TileMatrix_4_chr4: length = 1
  chr4 
380430 



2024-05-28 19:04:36.523512 : NCells_TileMatrix_4_chr4, Class = integer

NCells_TileMatrix_4_chr4: length = 1
[1] 4551



2024-05-28 19:04:36.726753 : MinTile_TileMatrix_4_chr4, Class = numeric

MinTile_TileMatrix_4_chr4: length = 1
[1] 21



2024-05-28 19:04:36.982222 : MaxTile_TileMatrix_4_chr4, Class = numeric

MaxTile_TileMatrix_4_chr4: length = 1
[1] 380410



2024-05-28 19:04:37.20179 : MinCell_TileMatrix_4_chr4, Class = integer

MinCell_TileMatrix_4_chr4: length = 1
[1] 1



2024-05-28 19:04:37.394265 : MaxCell_TileMatrix_4_chr4, Class = integer

MaxCell_TileMatrix_4_chr4: length = 1
[1] 4551


2024-05-28 19:05:02.001577 : Adding TileMatrix to K562_Wang for Chr (5 of 23)!, 2.883 mins elapsed.

2024-05-28 19:05:04.343814 : NTiles_TileMatrix_5_chr5, Class = numeric

NTiles_TileMatrix_5_chr5: length = 1
  chr5 
363077 



2024-05-28 19:05:04.567225 : NCells_TileMatrix_5_chr5, Class = integer

NCells_TileMatrix_5_chr5: length = 1
[1] 4551



2024-05-28 19:05:04.799432 : MinTile_TileMatrix_5_chr5, Class = numeric

MinTile_TileMatrix_5_chr5: length = 1
[1] 21



2024-05-28 19:05:05.097943 : MaxTile_TileMatrix_5_chr5, Class = numeric

MaxTile_TileMatrix_5_chr5: length = 1
[1] 362953



2024-05-28 19:05:05.51014 : MinCell_TileMatrix_5_chr5, Class = integer

MinCell_TileMatrix_5_chr5: length = 1
[1] 1



2024-05-28 19:05:06.010315 : MaxCell_TileMatrix_5_chr5, Class = integer

MaxCell_TileMatrix_5_chr5: length = 1
[1] 4551


2024-05-28 19:05:34.530885 : Adding TileMatrix to K562_Wang for Chr (6 of 23)!, 3.425 mins elapsed.

2024-05-28 19:05:35.756181 : NTiles_TileMatrix_6_chr6, Class = numeric

NTiles_TileMatrix_6_chr6: length = 1
  chr6 
341612 



2024-05-28 19:05:35.803255 : NCells_TileMatrix_6_chr6, Class = integer

NCells_TileMatrix_6_chr6: length = 1
[1] 4551



2024-05-28 19:05:35.837257 : MinTile_TileMatrix_6_chr6, Class = numeric

MinTile_TileMatrix_6_chr6: length = 1
[1] 128



2024-05-28 19:05:35.870184 : MaxTile_TileMatrix_6_chr6, Class = numeric

MaxTile_TileMatrix_6_chr6: length = 1
[1] 341485



2024-05-28 19:05:35.986984 : MinCell_TileMatrix_6_chr6, Class = integer

MinCell_TileMatrix_6_chr6: length = 1
[1] 1



2024-05-28 19:05:36.020821 : MaxCell_TileMatrix_6_chr6, Class = integer

MaxCell_TileMatrix_6_chr6: length = 1
[1] 4551


2024-05-28 19:06:03.68579 : Adding TileMatrix to K562_Wang for Chr (7 of 23)!, 3.911 mins elapsed.

2024-05-28 19:06:04.548177 : NTiles_TileMatrix_7_chr7, Class = numeric

NTiles_TileMatrix_7_chr7: length = 1
  chr7 
318692 



2024-05-28 19:06:04.560458 : NCells_TileMatrix_7_chr7, Class = integer

NCells_TileMatrix_7_chr7: length = 1
[1] 4551



2024-05-28 19:06:04.569423 : MinTile_TileMatrix_7_chr7, Class = numeric

MinTile_TileMatrix_7_chr7: length = 1
[1] 21



2024-05-28 19:06:04.581743 : MaxTile_TileMatrix_7_chr7, Class = numeric

MaxTile_TileMatrix_7_chr7: length = 1
[1] 318672



2024-05-28 19:06:04.624964 : MinCell_TileMatrix_7_chr7, Class = integer

MinCell_TileMatrix_7_chr7: length = 1
[1] 1



2024-05-28 19:06:04.639418 : MaxCell_TileMatrix_7_chr7, Class = integer

MaxCell_TileMatrix_7_chr7: length = 1
[1] 4551


2024-05-28 19:06:27.63417 : Adding TileMatrix to K562_Wang for Chr (8 of 23)!, 4.31 mins elapsed.

2024-05-28 19:06:28.096484 : NTiles_TileMatrix_8_chr8, Class = numeric

NTiles_TileMatrix_8_chr8: length = 1
  chr8 
290278 



2024-05-28 19:06:28.104983 : NCells_TileMatrix_8_chr8, Class = integer

NCells_TileMatrix_8_chr8: length = 1
[1] 4551



2024-05-28 19:06:28.111442 : MinTile_TileMatrix_8_chr8, Class = numeric

MinTile_TileMatrix_8_chr8: length = 1
[1] 123



2024-05-28 19:06:28.121022 : MaxTile_TileMatrix_8_chr8, Class = numeric

MaxTile_TileMatrix_8_chr8: length = 1
[1] 290158



2024-05-28 19:06:28.149918 : MinCell_TileMatrix_8_chr8, Class = integer

MinCell_TileMatrix_8_chr8: length = 1
[1] 1



2024-05-28 19:06:28.156858 : MaxCell_TileMatrix_8_chr8, Class = integer

MaxCell_TileMatrix_8_chr8: length = 1
[1] 4551


2024-05-28 19:06:45.764948 : Adding TileMatrix to K562_Wang for Chr (9 of 23)!, 4.612 mins elapsed.

2024-05-28 19:06:47.53899 : NTiles_TileMatrix_9_chr9, Class = numeric

NTiles_TileMatrix_9_chr9: length = 1
  chr9 
276790 



2024-05-28 19:06:47.768767 : NCells_TileMatrix_9_chr9, Class = integer

NCells_TileMatrix_9_chr9: length = 1
[1] 4551



2024-05-28 19:06:48.463257 : MinTile_TileMatrix_9_chr9, Class = numeric

MinTile_TileMatrix_9_chr9: length = 1
[1] 21



2024-05-28 19:06:48.570242 : MaxTile_TileMatrix_9_chr9, Class = numeric

MaxTile_TileMatrix_9_chr9: length = 1
[1] 276620



2024-05-28 19:06:48.651268 : MinCell_TileMatrix_9_chr9, Class = integer

MinCell_TileMatrix_9_chr9: length = 1
[1] 1



2024-05-28 19:06:48.722214 : MaxCell_TileMatrix_9_chr9, Class = integer

MaxCell_TileMatrix_9_chr9: length = 1
[1] 4551


2024-05-28 19:07:08.426693 : Adding TileMatrix to K562_Wang for Chr (10 of 23)!, 4.99 mins elapsed.

2024-05-28 19:07:09.082609 : NTiles_TileMatrix_10_chr10, Class = numeric

NTiles_TileMatrix_10_chr10: length = 1
 chr10 
267595 



2024-05-28 19:07:09.096056 : NCells_TileMatrix_10_chr10, Class = integer

NCells_TileMatrix_10_chr10: length = 1
[1] 4551



2024-05-28 19:07:09.110392 : MinTile_TileMatrix_10_chr10, Class = numeric

MinTile_TileMatrix_10_chr10: length = 1
[1] 21



2024-05-28 19:07:09.148695 : MaxTile_TileMatrix_10_chr10, Class = numeric

MaxTile_TileMatrix_10_chr10: length = 1
[1] 267575



2024-05-28 19:07:09.188644 : MinCell_TileMatrix_10_chr10, Class = integer

MinCell_TileMatrix_10_chr10: length = 1
[1] 1



2024-05-28 19:07:09.196423 : MaxCell_TileMatrix_10_chr10, Class = integer

MaxCell_TileMatrix_10_chr10: length = 1
[1] 4551


2024-05-28 19:07:29.571996 : Adding TileMatrix to K562_Wang for Chr (11 of 23)!, 5.343 mins elapsed.

2024-05-28 19:07:31.463404 : NTiles_TileMatrix_11_chr11, Class = numeric

NTiles_TileMatrix_11_chr11: length = 1
 chr11 
270174 



2024-05-28 19:07:31.473465 : NCells_TileMatrix_11_chr11, Class = integer

NCells_TileMatrix_11_chr11: length = 1
[1] 4551



2024-05-28 19:07:31.482206 : MinTile_TileMatrix_11_chr11, Class = numeric

MinTile_TileMatrix_11_chr11: length = 1
[1] 216



2024-05-28 19:07:31.508266 : MaxTile_TileMatrix_11_chr11, Class = numeric

MaxTile_TileMatrix_11_chr11: length = 1
[1] 270154



2024-05-28 19:07:31.567063 : MinCell_TileMatrix_11_chr11, Class = integer

MinCell_TileMatrix_11_chr11: length = 1
[1] 1



2024-05-28 19:07:31.585539 : MaxCell_TileMatrix_11_chr11, Class = integer

MaxCell_TileMatrix_11_chr11: length = 1
[1] 4551


2024-05-28 19:07:52.868276 : Adding TileMatrix to K562_Wang for Chr (12 of 23)!, 5.731 mins elapsed.

2024-05-28 19:07:59.191746 : NTiles_TileMatrix_12_chr12, Class = numeric

NTiles_TileMatrix_12_chr12: length = 1
 chr12 
266551 



2024-05-28 19:07:59.394051 : NCells_TileMatrix_12_chr12, Class = integer

NCells_TileMatrix_12_chr12: length = 1
[1] 4551



2024-05-28 19:07:59.618449 : MinTile_TileMatrix_12_chr12, Class = numeric

MinTile_TileMatrix_12_chr12: length = 1
[1] 21



2024-05-28 19:07:59.808598 : MaxTile_TileMatrix_12_chr12, Class = numeric

MaxTile_TileMatrix_12_chr12: length = 1
[1] 266530



2024-05-28 19:08:00.035912 : MinCell_TileMatrix_12_chr12, Class = integer

MinCell_TileMatrix_12_chr12: length = 1
[1] 1



2024-05-28 19:08:00.105052 : MaxCell_TileMatrix_12_chr12, Class = integer

MaxCell_TileMatrix_12_chr12: length = 1
[1] 4551


2024-05-28 19:08:21.346263 : Adding TileMatrix to K562_Wang for Chr (13 of 23)!, 6.205 mins elapsed.

2024-05-28 19:08:23.795552 : NTiles_TileMatrix_13_chr13, Class = numeric

NTiles_TileMatrix_13_chr13: length = 1
 chr13 
228729 



2024-05-28 19:08:23.975639 : NCells_TileMatrix_13_chr13, Class = integer

NCells_TileMatrix_13_chr13: length = 1
[1] 4551



2024-05-28 19:08:24.091131 : MinTile_TileMatrix_13_chr13, Class = numeric

MinTile_TileMatrix_13_chr13: length = 1
[1] 32007



2024-05-28 19:08:24.235847 : MaxTile_TileMatrix_13_chr13, Class = numeric

MaxTile_TileMatrix_13_chr13: length = 1
[1] 228709



2024-05-28 19:08:24.475228 : MinCell_TileMatrix_13_chr13, Class = integer

MinCell_TileMatrix_13_chr13: length = 1
[1] 1



2024-05-28 19:08:24.600147 : MaxCell_TileMatrix_13_chr13, Class = integer

MaxCell_TileMatrix_13_chr13: length = 1
[1] 4551


2024-05-28 19:08:49.024231 : Adding TileMatrix to K562_Wang for Chr (14 of 23)!, 6.667 mins elapsed.

2024-05-28 19:08:49.727343 : NTiles_TileMatrix_14_chr14, Class = numeric

NTiles_TileMatrix_14_chr14: length = 1
 chr14 
214088 



2024-05-28 19:08:49.751749 : NCells_TileMatrix_14_chr14, Class = integer

NCells_TileMatrix_14_chr14: length = 1
[1] 4551



2024-05-28 19:08:49.761942 : MinTile_TileMatrix_14_chr14, Class = numeric

MinTile_TileMatrix_14_chr14: length = 1
[1] 32062



2024-05-28 19:08:49.777253 : MaxTile_TileMatrix_14_chr14, Class = numeric

MaxTile_TileMatrix_14_chr14: length = 1
[1] 213768



2024-05-28 19:08:49.813541 : MinCell_TileMatrix_14_chr14, Class = integer

MinCell_TileMatrix_14_chr14: length = 1
[1] 1



2024-05-28 19:08:49.82873 : MaxCell_TileMatrix_14_chr14, Class = integer

MaxCell_TileMatrix_14_chr14: length = 1
[1] 4551


2024-05-28 19:09:06.601743 : Adding TileMatrix to K562_Wang for Chr (15 of 23)!, 6.96 mins elapsed.

2024-05-28 19:09:07.530788 : NTiles_TileMatrix_15_chr15, Class = numeric

NTiles_TileMatrix_15_chr15: length = 1
 chr15 
203983 



2024-05-28 19:09:07.540573 : NCells_TileMatrix_15_chr15, Class = integer

NCells_TileMatrix_15_chr15: length = 1
[1] 4551



2024-05-28 19:09:07.551632 : MinTile_TileMatrix_15_chr15, Class = numeric

MinTile_TileMatrix_15_chr15: length = 1
[1] 34020



2024-05-28 19:09:07.565254 : MaxTile_TileMatrix_15_chr15, Class = numeric

MaxTile_TileMatrix_15_chr15: length = 1
[1] 203963



2024-05-28 19:09:07.594653 : MinCell_TileMatrix_15_chr15, Class = integer

MinCell_TileMatrix_15_chr15: length = 1
[1] 1



2024-05-28 19:09:07.604385 : MaxCell_TileMatrix_15_chr15, Class = integer

MaxCell_TileMatrix_15_chr15: length = 1
[1] 4551


2024-05-28 19:09:24.988376 : Adding TileMatrix to K562_Wang for Chr (16 of 23)!, 7.266 mins elapsed.

2024-05-28 19:09:25.793258 : NTiles_TileMatrix_16_chr16, Class = numeric

NTiles_TileMatrix_16_chr16: length = 1
 chr16 
180677 



2024-05-28 19:09:25.840144 : NCells_TileMatrix_16_chr16, Class = integer

NCells_TileMatrix_16_chr16: length = 1
[1] 4551



2024-05-28 19:09:25.876935 : MinTile_TileMatrix_16_chr16, Class = numeric

MinTile_TileMatrix_16_chr16: length = 1
[1] 20



2024-05-28 19:09:25.908245 : MaxTile_TileMatrix_16_chr16, Class = numeric

MaxTile_TileMatrix_16_chr16: length = 1
[1] 180453



2024-05-28 19:09:25.950104 : MinCell_TileMatrix_16_chr16, Class = integer

MinCell_TileMatrix_16_chr16: length = 1
[1] 1



2024-05-28 19:09:25.970343 : MaxCell_TileMatrix_16_chr16, Class = integer

MaxCell_TileMatrix_16_chr16: length = 1
[1] 4551


2024-05-28 19:09:45.223655 : Adding TileMatrix to K562_Wang for Chr (17 of 23)!, 7.603 mins elapsed.

2024-05-28 19:09:45.901109 : NTiles_TileMatrix_17_chr17, Class = numeric

NTiles_TileMatrix_17_chr17: length = 1
 chr17 
166515 



2024-05-28 19:09:46.066713 : NCells_TileMatrix_17_chr17, Class = integer

NCells_TileMatrix_17_chr17: length = 1
[1] 4551



2024-05-28 19:09:46.105847 : MinTile_TileMatrix_17_chr17, Class = numeric

MinTile_TileMatrix_17_chr17: length = 1
[1] 126



2024-05-28 19:09:46.159734 : MaxTile_TileMatrix_17_chr17, Class = numeric

MaxTile_TileMatrix_17_chr17: length = 1
[1] 166495



2024-05-28 19:09:46.265265 : MinCell_TileMatrix_17_chr17, Class = integer

MinCell_TileMatrix_17_chr17: length = 1
[1] 1



2024-05-28 19:09:46.317811 : MaxCell_TileMatrix_17_chr17, Class = integer

MaxCell_TileMatrix_17_chr17: length = 1
[1] 4551


2024-05-28 19:10:07.611986 : Adding TileMatrix to K562_Wang for Chr (18 of 23)!, 7.976 mins elapsed.

2024-05-28 19:10:08.897395 : NTiles_TileMatrix_18_chr18, Class = numeric

NTiles_TileMatrix_18_chr18: length = 1
 chr18 
160747 



2024-05-28 19:10:08.915174 : NCells_TileMatrix_18_chr18, Class = integer

NCells_TileMatrix_18_chr18: length = 1
[1] 4551



2024-05-28 19:10:08.934559 : MinTile_TileMatrix_18_chr18, Class = numeric

MinTile_TileMatrix_18_chr18: length = 1
[1] 21



2024-05-28 19:10:08.958757 : MaxTile_TileMatrix_18_chr18, Class = numeric

MaxTile_TileMatrix_18_chr18: length = 1
[1] 160527



2024-05-28 19:10:08.997606 : MinCell_TileMatrix_18_chr18, Class = integer

MinCell_TileMatrix_18_chr18: length = 1
[1] 1



2024-05-28 19:10:09.017213 : MaxCell_TileMatrix_18_chr18, Class = integer

MaxCell_TileMatrix_18_chr18: length = 1
[1] 4551


2024-05-28 19:10:23.969594 : Adding TileMatrix to K562_Wang for Chr (19 of 23)!, 8.249 mins elapsed.

2024-05-28 19:10:24.602815 : NTiles_TileMatrix_19_chr19, Class = numeric

NTiles_TileMatrix_19_chr19: length = 1
 chr19 
117236 



2024-05-28 19:10:24.626191 : NCells_TileMatrix_19_chr19, Class = integer

NCells_TileMatrix_19_chr19: length = 1
[1] 4551



2024-05-28 19:10:24.649137 : MinTile_TileMatrix_19_chr19, Class = numeric

MinTile_TileMatrix_19_chr19: length = 1
[1] 178



2024-05-28 19:10:24.677419 : MaxTile_TileMatrix_19_chr19, Class = numeric

MaxTile_TileMatrix_19_chr19: length = 1
[1] 117216



2024-05-28 19:10:24.713334 : MinCell_TileMatrix_19_chr19, Class = integer

MinCell_TileMatrix_19_chr19: length = 1
[1] 1



2024-05-28 19:10:24.723161 : MaxCell_TileMatrix_19_chr19, Class = integer

MaxCell_TileMatrix_19_chr19: length = 1
[1] 4551


2024-05-28 19:10:43.556367 : Adding TileMatrix to K562_Wang for Chr (20 of 23)!, 8.576 mins elapsed.

2024-05-28 19:10:44.190375 : NTiles_TileMatrix_20_chr20, Class = numeric

NTiles_TileMatrix_20_chr20: length = 1
 chr20 
128889 



2024-05-28 19:10:44.214246 : NCells_TileMatrix_20_chr20, Class = integer

NCells_TileMatrix_20_chr20: length = 1
[1] 4551



2024-05-28 19:10:44.223732 : MinTile_TileMatrix_20_chr20, Class = numeric

MinTile_TileMatrix_20_chr20: length = 1
[1] 121



2024-05-28 19:10:44.238426 : MaxTile_TileMatrix_20_chr20, Class = numeric

MaxTile_TileMatrix_20_chr20: length = 1
[1] 128668



2024-05-28 19:10:44.262203 : MinCell_TileMatrix_20_chr20, Class = integer

MinCell_TileMatrix_20_chr20: length = 1
[1] 1



2024-05-28 19:10:44.270391 : MaxCell_TileMatrix_20_chr20, Class = integer

MaxCell_TileMatrix_20_chr20: length = 1
[1] 4551


2024-05-28 19:11:01.674041 : Adding TileMatrix to K562_Wang for Chr (21 of 23)!, 8.878 mins elapsed.

2024-05-28 19:11:02.043237 : NTiles_TileMatrix_21_chr21, Class = numeric

NTiles_TileMatrix_21_chr21: length = 1
chr21 
93420 



2024-05-28 19:11:02.051283 : NCells_TileMatrix_21_chr21, Class = integer

NCells_TileMatrix_21_chr21: length = 1
[1] 4551



2024-05-28 19:11:02.057936 : MinTile_TileMatrix_21_chr21, Class = numeric

MinTile_TileMatrix_21_chr21: length = 1
[1] 10066



2024-05-28 19:11:02.066576 : MaxTile_TileMatrix_21_chr21, Class = numeric

MaxTile_TileMatrix_21_chr21: length = 1
[1] 93400



2024-05-28 19:11:02.084975 : MinCell_TileMatrix_21_chr21, Class = integer

MinCell_TileMatrix_21_chr21: length = 1
[1] 1



2024-05-28 19:11:02.091782 : MaxCell_TileMatrix_21_chr21, Class = integer

MaxCell_TileMatrix_21_chr21: length = 1
[1] 4551


2024-05-28 19:11:18.023544 : Adding TileMatrix to K562_Wang for Chr (22 of 23)!, 9.15 mins elapsed.

2024-05-28 19:11:18.419924 : NTiles_TileMatrix_22_chr22, Class = numeric

NTiles_TileMatrix_22_chr22: length = 1
 chr22 
101637 



2024-05-28 19:11:18.433742 : NCells_TileMatrix_22_chr22, Class = integer

NCells_TileMatrix_22_chr22: length = 1
[1] 4551



2024-05-28 19:11:18.44096 : MinTile_TileMatrix_22_chr22, Class = numeric

MinTile_TileMatrix_22_chr22: length = 1
[1] 21143



2024-05-28 19:11:18.450322 : MaxTile_TileMatrix_22_chr22, Class = numeric

MaxTile_TileMatrix_22_chr22: length = 1
[1] 101617



2024-05-28 19:11:18.475876 : MinCell_TileMatrix_22_chr22, Class = integer

MinCell_TileMatrix_22_chr22: length = 1
[1] 1



2024-05-28 19:11:18.498236 : MaxCell_TileMatrix_22_chr22, Class = integer

MaxCell_TileMatrix_22_chr22: length = 1
[1] 4551


2024-05-28 19:11:37.170816 : Adding TileMatrix to K562_Wang for Chr (23 of 23)!, 9.469 mins elapsed.

2024-05-28 19:11:39.678129 : NTiles_TileMatrix_23_chrX, Class = numeric

NTiles_TileMatrix_23_chrX: length = 1
  chrX 
312082 



2024-05-28 19:11:39.686371 : NCells_TileMatrix_23_chrX, Class = integer

NCells_TileMatrix_23_chrX: length = 1
[1] 4551



2024-05-28 19:11:39.694034 : MinTile_TileMatrix_23_chrX, Class = numeric

MinTile_TileMatrix_23_chrX: length = 1
[1] 35



2024-05-28 19:11:39.704782 : MaxTile_TileMatrix_23_chrX, Class = numeric

MaxTile_TileMatrix_23_chrX: length = 1
[1] 312062



2024-05-28 19:11:39.742591 : MinCell_TileMatrix_23_chrX, Class = integer

MinCell_TileMatrix_23_chrX: length = 1
[1] 1



2024-05-28 19:11:39.790912 : MaxCell_TileMatrix_23_chrX, Class = integer

MaxCell_TileMatrix_23_chrX: length = 1
[1] 4551


2024-05-28 19:12:00.859385 : (K562_Wang : 1 of 1) Finished Adding TileMatrix!, 21.513 mins elapsed.
2024-05-28 19:12:00.922846 : (K562_Wang : 1 of 1) Finished Creating Arrow File, 21.514 mins elapsed.

------- Completed

End Time : 2024-05-28 19:12:01.125935
Elapsed Time Minutes = 21.5378682454427
Elapsed Time Hours = 0.358964683479733

-------



