
           ___      .______        ______  __    __  .______      
          /   \     |   _  \      /      ||  |  |  | |   _  \     
         /  ^  \    |  |_)  |    |  ,----'|  |__|  | |  |_)  |    
        /  /_\  \   |      /     |  |     |   __   | |      /     
       /  _____  \  |  |\  \\___ |  `----.|  |  |  | |  |\  \\___.
      /__/     \__\ | _| `._____| \______||__|  |__| | _| `._____|
    
Logging With ArchR!

Start Time : 2024-05-28 18:42:09.456023

------- ArchR Info

ArchRThreads = 16
ArchRGenome = Hg38

------- System Info

Computer OS = unix

------- Session Info

R version 4.3.3 (2024-02-29)
Platform: x86_64-conda-linux-gnu (64-bit)
Running under: Red Hat Enterprise Linux 8.9 (Ootpa)

Matrix products: default
BLAS/LAPACK: /maps/projects/ralab/people/lpm537/software/anaconda3/envs/Notebook_E2G_240505/lib/libopenblasp-r0.3.27.so;  LAPACK version 3.12.0

Random number generation:
 RNG:     L'Ecuyer-CMRG 
 Normal:  Inversion 
 Sample:  Rejection 
 
locale:
 [1] LC_CTYPE=en_US.UTF-8       LC_NUMERIC=C              
 [3] LC_TIME=en_US.UTF-8        LC_COLLATE=en_US.UTF-8    
 [5] LC_MONETARY=en_US.UTF-8    LC_MESSAGES=en_US.UTF-8   
 [7] LC_PAPER=en_US.UTF-8       LC_NAME=C                 
 [9] LC_ADDRESS=C               LC_TELEPHONE=C            
[11] LC_MEASUREMENT=en_US.UTF-8 LC_IDENTIFICATION=C       

time zone: Europe/Copenhagen
tzcode source: system (glibc)

attached base packages:
[1] stats4    grid      stats     graphics  grDevices utils     datasets 
[8] methods   base     

other attached packages:
 [1] BSgenome.Hsapiens.UCSC.hg38_1.4.5 BSgenome_1.68.0                  
 [3] rtracklayer_1.60.1                Biostrings_2.70.1                
 [5] XVector_0.42.0                    genomation_1.34.0                
 [7] Signac_1.13.0                     Seurat_5.0.3                     
 [9] SeuratObject_5.0.1                sp_2.1-4                         
[11] rhdf5_2.44.0                      SummarizedExperiment_1.30.2      
[13] Biobase_2.60.0                    MatrixGenerics_1.12.3            
[15] Rcpp_1.0.12                       Matrix_1.6-5                     
[17] GenomicRanges_1.54.1              GenomeInfoDb_1.38.1              
[19] IRanges_2.36.0                    S4Vectors_0.40.2                 
[21] BiocGenerics_0.48.1               matrixStats_1.3.0                
[23] data.table_1.15.2                 stringr_1.5.1                    
[25] plyr_1.8.9                        magrittr_2.0.3                   
[27] ggplot2_3.5.1                     gtable_0.3.5                     
[29] gtools_3.9.5                      gridExtra_2.3                    
[31] ArchR_1.0.2                      

loaded via a namespace (and not attached):
  [1] RcppAnnoy_0.0.22         splines_4.3.3            later_1.3.2             
  [4] pbdZMQ_0.3-11            BiocIO_1.10.0            bitops_1.0-7            
  [7] tibble_3.2.1             polyclip_1.10-6          XML_3.99-0.16.1         
 [10] fastDummies_1.7.3        lifecycle_1.0.4          vroom_1.6.5             
 [13] globals_0.16.3           lattice_0.22-6           MASS_7.3-60             
 [16] plotly_4.10.4            plotrix_3.8-4            yaml_2.3.8              
 [19] httpuv_1.6.15            sctransform_0.4.1        spam_2.10-0             
 [22] spatstat.sparse_3.0-3    reticulate_1.36.1        cowplot_1.1.3           
 [25] pbapply_1.7-2            RColorBrewer_1.1-3       abind_1.4-5             
 [28] zlibbioc_1.48.0          Rtsne_0.17               purrr_1.0.2             
 [31] RCurl_1.98-1.14          GenomeInfoDbData_1.2.11  ggrepel_0.9.5           
 [34] irlba_2.3.5.1            listenv_0.9.1            spatstat.utils_3.0-4    
 [37] goftest_1.2-3            RSpectra_0.16-1          spatstat.random_3.2-3   
 [40] fitdistrplus_1.1-11      parallelly_1.37.1        leiden_0.4.3.1          
 [43] codetools_0.2-20         DelayedArray_0.26.7      RcppRoll_0.3.0          
 [46] tidyselect_1.2.1         base64enc_0.1-3          spatstat.explore_3.2-6  
 [49] GenomicAlignments_1.36.0 jsonlite_1.8.8           progressr_0.14.0        
 [52] ggridges_0.5.6           survival_3.6-4           tools_4.3.3             
 [55] ica_1.0-3                glue_1.7.0               IRdisplay_1.1           
 [58] dplyr_1.1.4              withr_3.0.0              fastmap_1.1.1           
 [61] rhdf5filters_1.12.1      fansi_1.0.6              digest_0.6.35           
 [64] R6_2.5.1                 mime_0.12                seqPattern_1.34.0       
 [67] colorspace_2.1-0         scattermore_1.2          tensor_1.5              
 [70] spatstat.data_3.0-4      utf8_1.2.4               tidyr_1.3.1             
 [73] generics_0.1.3           httr_1.4.7               htmlwidgets_1.6.4       
 [76] S4Arrays_1.2.1           uwot_0.1.16              pkgconfig_2.0.3         
 [79] impute_1.76.0            lmtest_0.9-40            htmltools_0.5.8.1       
 [82] dotCall64_1.1-1          scales_1.3.0             png_0.1-8               
 [85] tzdb_0.4.0               reshape2_1.4.4           rjson_0.2.21            
 [88] uuid_1.2-0               nlme_3.1-164             repr_1.1.7              
 [91] zoo_1.8-12               KernSmooth_2.23-22       parallel_4.3.3          
 [94] miniUI_0.1.1.1           restfulr_0.0.15          pillar_1.9.0            
 [97] vctrs_0.6.5              RANN_2.6.1               promises_1.3.0          
[100] xtable_1.8-4             cluster_2.1.6            evaluate_0.23           
[103] readr_2.1.5              cli_3.6.2                compiler_4.3.3          
[106] Rsamtools_2.18.0         rlang_1.1.3              crayon_1.5.2            
[109] future.apply_1.11.2      stringi_1.8.3            gridBase_0.4-7          
[112] viridisLite_0.4.2        deldir_2.0-4             BiocParallel_1.36.0     
[115] munsell_0.5.1            lazyeval_0.2.2           spatstat.geom_3.2-9     
[118] IRkernel_1.3.2           RcppHNSW_0.6.0           hms_1.1.3               
[121] patchwork_1.2.0          bit64_4.0.5              future_1.33.2           
[124] Rhdf5lib_1.22.1          shiny_1.8.1.1            ROCR_1.0-11             
[127] igraph_2.0.3             fastmatch_1.1-4          bit_4.0.5               


------- Log Info


2024-05-28 18:42:09.822348 : createArrowFiles Input-Parameters, Class = list

createArrowFiles Input-Parameters$inputFiles: length = 1
[1] "/maps/projects/ralab_nnfc-AUDIT/people/lpm537/project/E2G/processed/10x_multiome_230720/geo/cellranger_res/GSE162798_01/outs/atac_fragments.tsv.gz"


createArrowFiles Input-Parameters$sampleNames: length = 1
[1] "K562_Wang"


createArrowFiles Input-Parameters$outputNames: length = 1
[1] "K562_Wang"


createArrowFiles Input-Parameters$minTSS: length = 1
[1] 4


createArrowFiles Input-Parameters$minFrags: length = 1
[1] 1000


createArrowFiles Input-Parameters$maxFrags: length = 1
[1] 1e+05


createArrowFiles Input-Parameters$minFragSize: length = 1
[1] 10


createArrowFiles Input-Parameters$maxFragSize: length = 1
[1] 2000


createArrowFiles Input-Parameters$QCDir: length = 1
[1] "QualityControl"


createArrowFiles Input-Parameters$nucLength: length = 1
[1] 147


createArrowFiles Input-Parameters$promoterRegion: length = 2
[1] 2000  100


createArrowFiles Input-Parameters$excludeChr: length = 2
[1] "chrM" "chrY"


createArrowFiles Input-Parameters$nChunk: length = 1
[1] 5


createArrowFiles Input-Parameters$bcTag: length = 1
[1] "qname"


createArrowFiles Input-Parameters$gsubExpression: length = 0
NULL


createArrowFiles Input-Parameters$bamFlag: length = 0
NULL


createArrowFiles Input-Parameters$offsetPlus: length = 1
[1] 4


createArrowFiles Input-Parameters$offsetMinus: length = 1
[1] -5


createArrowFiles Input-Parameters$addTileMat: length = 1
[1] TRUE


createArrowFiles Input-Parameters$addGeneScoreMat: length = 1
[1] FALSE


createArrowFiles Input-Parameters$force: length = 1
[1] TRUE


createArrowFiles Input-Parameters$threads: length = 1
[1] 16


createArrowFiles Input-Parameters$parallelParam: length = 0
NULL


createArrowFiles Input-Parameters$subThreading: length = 1
[1] TRUE


createArrowFiles Input-Parameters$verbose: length = 1
[1] TRUE


createArrowFiles Input-Parameters$cleanTmp: length = 1
[1] TRUE


createArrowFiles Input-Parameters$logFile: length = 1
[1] "ArchRLogs/ArchR-createArrows-3bf97b120e9ef2-Date-2024-05-28_Time-18-42-09.345917.log"


createArrowFiles Input-Parameters$filterFrags: length = 1
[1] 1000


createArrowFiles Input-Parameters$filterTSS: length = 1
[1] 4



2024-05-28 18:42:10.984302 : 
2024-05-28 18:42:11.007048 : Batch Execution w/ safelapply!, 0 mins elapsed.

###########
2024-05-28 18:42:11.013851 : Creating Arrow File K562_Wang.arrow (K562_Wang : 1 of 1)
###########


2024-05-28 18:42:11.020075 : validBC, Class = NULL

validBC: length = 0
NULL



2024-05-28 18:42:11.365079 : 
2024-05-28 18:42:11.445604 : (K562_Wang : 1 of 1) Reading In Fragments from inputFiles (readMethod = tabix), 0.007 mins elapsed.
2024-05-28 18:42:11.5246 : (K562_Wang : 1 of 1) Tabix Bed To Temporary File, 0.009 mins elapsed.

2024-05-28 18:42:11.990473 : tileChromSizes, Class = GRanges
GRanges object with 120 ranges and 1 metadata column:
        seqnames              ranges strand |     chunkName
           <Rle>           <IRanges>  <Rle> |   <character>
    [1]     chr1          1-49791284      * |   chr1#chunk1
    [2]     chr1   49791285-99582568      * |   chr1#chunk2
    [3]     chr1  99582569-149373853      * |   chr1#chunk3
    [4]     chr1 149373854-199165137      * |   chr1#chunk4
    [5]     chr1 199165138-248956422      * |   chr1#chunk5
    ...      ...                 ...    ... .           ...
  [116]     chrY          1-11445483      * | chrY#chunk116
  [117]     chrY   11445484-22890966      * | chrY#chunk117
  [118]     chrY   22890967-34336449      * | chrY#chunk118
  [119]     chrY   34336450-45781932      * | chrY#chunk119
  [120]     chrY   45781933-57227415      * | chrY#chunk120
  -------
  seqinfo: 24 sequences from an unspecified genome; no seqlengths


2024-05-28 18:42:32.937077 : (K562_Wang : 1 of 1) .tabixToTmp Fragments-Chunk-(1 of 120)-chr1:1-49791284, Class = data.table
 
2024-05-28 18:42:32.937077 : (K562_Wang : 1 of 1) .tabixToTmp Fragments-Chunk-(1 of 120)-chr1:1-49791284, Class = data.frame
(K562_Wang : 1 of 1) .tabixToTmp Fragments-Chunk-(1 of 120)-chr1:1-49791284: nRows = 5534813, nCols = 3
      V2    V3                 V4
   <num> <int>             <char>
1:  9989 10012 CCATTATTCCCTGGTT-1
2: 10073 10309 TTGCAATCAACAGGAT-1
3: 10074 10186 GTGCTGATCACAGACT-1
4: 10074 10192 ATTAACCCACAACAAA-1
5: 10079 10204 TCAAGACTCCGGCTAA-1
6: 10079 10334 GTGGCTTCATAAAGCA-1



2024-05-28 18:42:33.013545 : (K562_Wang : 1 of 1) .tabixToTmp Barcodes-Chunk-(1 of 120)-chr1:1-49791284, Class = character

(K562_Wang : 1 of 1) .tabixToTmp Barcodes-Chunk-(1 of 120)-chr1:1-49791284: length = 97552
[1] "CCATTATTCCCTGGTT-1" "TTGCAATCAACAGGAT-1" "GTGCTGATCACAGACT-1"
[4] "ATTAACCCACAACAAA-1" "TCAAGACTCCGGCTAA-1" "GTGGCTTCATAAAGCA-1"


2024-05-28 18:42:39.067564 : (K562_Wang : 1 of 1) Reading TabixFile 28 Percent, 0.467 mins elapsed.
2024-05-28 18:43:28.250967 : (K562_Wang : 1 of 1) Reading TabixFile 55 Percent, 1.287 mins elapsed.
2024-05-28 18:44:17.232325 : (K562_Wang : 1 of 1) Reading TabixFile 82 Percent, 2.103 mins elapsed.
2024-05-28 18:45:17.798757 : (K562_Wang : 1 of 1) Parallel Hdf5 Linkage Temporary File, 3.113 mins elapsed.
2024-05-28 18:45:19.423379 : (K562_Wang : 1 of 1) Successful creation of Temporary File, 3.14 mins elapsed.
2024-05-28 18:45:19.430524 : (K562_Wang : 1 of 1) Creating ArrowFile From Temporary File, 3.14 mins elapsed.

2024-05-28 18:45:20.199344 : (K562_Wang : 1 of 1) chunkChrNames, Class = data.frame
(K562_Wang : 1 of 1) chunkChrNames: nRows = 118, nCols = 1
     chunkNames
1   chr1#chunk1
2   chr1#chunk2
3   chr1#chunk3
4   chr1#chunk4
5   chr1#chunk5
6 chr10#chunk46


2024-05-28 18:45:20.212121 : (K562_Wang : 1 of 1) Counting Unique Barcodes From Temporary File, 3.153 mins elapsed.

2024-05-28 18:45:52.270211 : (K562_Wang : 1 of 1) BarcodeFrequencyTable, Class = data.table
 
2024-05-28 18:45:52.270211 : (K562_Wang : 1 of 1) BarcodeFrequencyTable, Class = data.frame
(K562_Wang : 1 of 1) BarcodeFrequencyTable: nRows = 525278, nCols = 2
            values.V1     V1
               <char>  <int>
1: TTGCTTTAGAGAAGGG-1 185980
2: CATAAGCTCAATCTCT-1 157657
3: CGAATCTAGCGCAATT-1 154316
4: ACCTCACTCTTACTCG-1 145265
5: GGTGTTGTCGCTAGCA-1 137071
6: ACGTCAAGTTTCGCGC-1 134767



2024-05-28 18:45:52.420286 : (K562_Wang : 1 of 1) BarcodesMinMaxFrags, Class = data.frame
(K562_Wang : 1 of 1) BarcodesMinMaxFrags: nRows = 9746, nCols = 1
                  bc
1 CCTATATTCAATGAGG-1
2 TGGCCTTTCGATTTGA-1
3 TGTGGCTCATTTAAGC-1
4 ACCGAAGCATTGCGGT-1
5 AGAACCGCAGCTTAAT-1
6 TCCTTAGTCCCAGTAG-1



2024-05-28 18:45:56.198004 : (K562_Wang : 1 of 1) Unique Chromosomes, Class = data.frame
(K562_Wang : 1 of 1) Unique Chromosomes: nRows = 24, nCols = 1
   chr
1 chr1
2 chr2
3 chr3
4 chr4
5 chr5
6 chr6


2024-05-28 18:45:56.30225 : (K562_Wang : 1 of 1) Adding Chromosome 1 of 24, 3.755 mins elapsed.
2024-05-28 18:45:56.3643 : (K562_Wang : 1 of 1) Adding Chromosome 2 of 24, 3.756 mins elapsed.
2024-05-28 18:45:56.426291 : (K562_Wang : 1 of 1) Adding Chromosome 3 of 24, 3.757 mins elapsed.
2024-05-28 18:45:56.488734 : (K562_Wang : 1 of 1) Adding Chromosome 4 of 24, 3.758 mins elapsed.
2024-05-28 18:45:56.552949 : (K562_Wang : 1 of 1) Adding Chromosome 5 of 24, 3.759 mins elapsed.
2024-05-28 18:45:56.623321 : (K562_Wang : 1 of 1) Adding Chromosome 6 of 24, 3.76 mins elapsed.
2024-05-28 18:45:56.692627 : (K562_Wang : 1 of 1) Adding Chromosome 7 of 24, 3.761 mins elapsed.
2024-05-28 18:45:56.757799 : (K562_Wang : 1 of 1) Adding Chromosome 8 of 24, 3.763 mins elapsed.
2024-05-28 18:45:56.822509 : (K562_Wang : 1 of 1) Adding Chromosome 9 of 24, 3.764 mins elapsed.
2024-05-28 18:45:56.886254 : (K562_Wang : 1 of 1) Adding Chromosome 10 of 24, 3.765 mins elapsed.
2024-05-28 18:45:56.95133 : (K562_Wang : 1 of 1) Adding Chromosome 11 of 24, 3.766 mins elapsed.
2024-05-28 18:45:57.015893 : (K562_Wang : 1 of 1) Adding Chromosome 12 of 24, 3.767 mins elapsed.
2024-05-28 18:45:57.07876 : (K562_Wang : 1 of 1) Adding Chromosome 13 of 24, 3.768 mins elapsed.
2024-05-28 18:45:57.146539 : (K562_Wang : 1 of 1) Adding Chromosome 14 of 24, 3.769 mins elapsed.
2024-05-28 18:45:57.221442 : (K562_Wang : 1 of 1) Adding Chromosome 15 of 24, 3.77 mins elapsed.
2024-05-28 18:45:57.307406 : (K562_Wang : 1 of 1) Adding Chromosome 16 of 24, 3.772 mins elapsed.
2024-05-28 18:46:31.536475 : (K562_Wang : 1 of 1) Adding Chromosome 17 of 24, 4.342 mins elapsed.

2024-05-28 18:46:33.553416 : (K562_Wang : 1 of 1) .tmpToArrow Fragments-Chr-(1 of 24)-chr1, Class = IRanges

(K562_Wang : 1 of 1) .tmpToArrow Fragments-Chr-(1 of 24)-chr1: length = 13609847
IRanges object with 6 ranges and 1 metadata column:
          start       end     width |                 RG
      <integer> <integer> <integer> |              <Rle>
  [1]     79052     79103        52 | CCTATATTCAATGAGG-1
  [2]    108530    108576        47 | CCTATATTCAATGAGG-1
  [3]    629914    629975        62 | CCTATATTCAATGAGG-1
  [4]    629919    629978        60 | CCTATATTCAATGAGG-1
  [5]    634002    634037        36 | CCTATATTCAATGAGG-1
  [6]    634002    634039        38 | CCTATATTCAATGAGG-1



2024-05-28 18:46:33.730958 : (K562_Wang : 1 of 1) .tmpToArrow Barcodes-Chr-(1 of 24)-chr1, Class = data.frame
(K562_Wang : 1 of 1) .tmpToArrow Barcodes-Chr-(1 of 24)-chr1: nRows = 9746, nCols = 1
                  bc
1 CCTATATTCAATGAGG-1
2 TGGCCTTTCGATTTGA-1
3 TGTGGCTCATTTAAGC-1
4 ACCGAAGCATTGCGGT-1
5 AGAACCGCAGCTTAAT-1
6 TCCTTAGTCCCAGTAG-1

2024-05-28 18:46:33.884335 : (K562_Wang : 1 of 1) Adding Chromosome 18 of 24, 4.381 mins elapsed.

2024-05-28 18:46:35.764617 : (K562_Wang : 1 of 1) Adding Chromosome 19 of 24, 4.413 mins elapsed.
2024-05-28 18:46:36.038061 : (K562_Wang : 1 of 1) Adding Chromosome 20 of 24, 4.417 mins elapsed.
2024-05-28 18:46:36.889519 : (K562_Wang : 1 of 1) Adding Chromosome 21 of 24, 4.431 mins elapsed.
2024-05-28 18:46:37.192076 : (K562_Wang : 1 of 1) Adding Chromosome 22 of 24, 4.436 mins elapsed.
2024-05-28 18:46:39.108581 : (K562_Wang : 1 of 1) Adding Chromosome 23 of 24, 4.468 mins elapsed.
2024-05-28 18:46:39.316633 : (K562_Wang : 1 of 1) Adding Chromosome 24 of 24, 4.472 mins elapsed.
2024-05-28 18:46:59.938338 : (K562_Wang : 1 of 1) Parallel Hdf5 Linkage Arrow File, 4.816 mins elapsed.
2024-05-28 18:47:02.21461 : (K562_Wang : 1 of 1) Successful creation of Arrow File, 4.853 mins elapsed.
2024-05-28 18:47:07.308939 : (K562_Wang : 1 of 1) Adding Fragment Summary, 4.938 mins elapsed.
