
           ___      .______        ______  __    __  .______      
          /   \     |   _  \      /      ||  |  |  | |   _  \     
         /  ^  \    |  |_)  |    |  ,----'|  |__|  | |  |_)  |    
        /  /_\  \   |      /     |  |     |   __   | |      /     
       /  _____  \  |  |\  \\___ |  `----.|  |  |  | |  |\  \\___.
      /__/     \__\ | _| `._____| \______||__|  |__| | _| `._____|
    
Logging With ArchR!

Start Time : 2024-05-28 19:26:17.605117

------- ArchR Info

ArchRThreads = 16
ArchRGenome = Hg38

------- System Info

Computer OS = unix
Total Cores = 192

------- Session Info

R version 4.3.3 (2024-02-29)
Platform: x86_64-conda-linux-gnu (64-bit)
Running under: Red Hat Enterprise Linux 8.9 (Ootpa)

Matrix products: default
BLAS/LAPACK: /maps/projects/ralab/people/lpm537/software/anaconda3/envs/Notebook_E2G_240505/lib/libopenblasp-r0.3.27.so;  LAPACK version 3.12.0

Random number generation:
 RNG:     L'Ecuyer-CMRG 
 Normal:  Inversion 
 Sample:  Rejection 
 
locale:
 [1] LC_CTYPE=en_US.UTF-8       LC_NUMERIC=C              
 [3] LC_TIME=en_US.UTF-8        LC_COLLATE=en_US.UTF-8    
 [5] LC_MONETARY=en_US.UTF-8    LC_MESSAGES=en_US.UTF-8   
 [7] LC_PAPER=en_US.UTF-8       LC_NAME=C                 
 [9] LC_ADDRESS=C               LC_TELEPHONE=C            
[11] LC_MEASUREMENT=en_US.UTF-8 LC_IDENTIFICATION=C       

time zone: Europe/Copenhagen
tzcode source: system (glibc)

attached base packages:
 [1] parallel  stats4    grid      stats     graphics  grDevices utils    
 [8] datasets  methods   base     

other attached packages:
 [1] uwot_0.1.16                       Rsamtools_2.18.0                 
 [3] BSgenome.Hsapiens.UCSC.hg38_1.4.5 BSgenome_1.68.0                  
 [5] rtracklayer_1.60.1                Biostrings_2.70.1                
 [7] XVector_0.42.0                    genomation_1.34.0                
 [9] Signac_1.13.0                     Seurat_5.0.3                     
[11] SeuratObject_5.0.1                sp_2.1-4                         
[13] rhdf5_2.44.0                      SummarizedExperiment_1.30.2      
[15] Biobase_2.60.0                    MatrixGenerics_1.12.3            
[17] Rcpp_1.0.12                       Matrix_1.6-5                     
[19] GenomicRanges_1.54.1              GenomeInfoDb_1.38.1              
[21] IRanges_2.36.0                    S4Vectors_0.40.2                 
[23] BiocGenerics_0.48.1               matrixStats_1.3.0                
[25] data.table_1.15.2                 stringr_1.5.1                    
[27] plyr_1.8.9                        magrittr_2.0.3                   
[29] ggplot2_3.5.1                     gtable_0.3.5                     
[31] gtools_3.9.5                      gridExtra_2.3                    
[33] ArchR_1.0.2                      

loaded via a namespace (and not attached):
  [1] RcppAnnoy_0.0.22         splines_4.3.3            later_1.3.2             
  [4] pbdZMQ_0.3-11            BiocIO_1.10.0            bitops_1.0-7            
  [7] tibble_3.2.1             polyclip_1.10-6          XML_3.99-0.16.1         
 [10] fastDummies_1.7.3        lifecycle_1.0.4          vroom_1.6.5             
 [13] globals_0.16.3           lattice_0.22-6           MASS_7.3-60             
 [16] plotly_4.10.4            plotrix_3.8-4            yaml_2.3.8              
 [19] httpuv_1.6.15            sctransform_0.4.1        spam_2.10-0             
 [22] spatstat.sparse_3.0-3    reticulate_1.36.1        cowplot_1.1.3           
 [25] pbapply_1.7-2            RColorBrewer_1.1-3       abind_1.4-5             
 [28] zlibbioc_1.48.0          Rtsne_0.17               purrr_1.0.2             
 [31] RCurl_1.98-1.14          GenomeInfoDbData_1.2.11  ggrepel_0.9.5           
 [34] irlba_2.3.5.1            listenv_0.9.1            spatstat.utils_3.0-4    
 [37] goftest_1.2-3            RSpectra_0.16-1          spatstat.random_3.2-3   
 [40] fitdistrplus_1.1-11      parallelly_1.37.1        leiden_0.4.3.1          
 [43] codetools_0.2-20         DelayedArray_0.26.7      RcppRoll_0.3.0          
 [46] tidyselect_1.2.1         farver_2.1.1             base64enc_0.1-3         
 [49] spatstat.explore_3.2-6   GenomicAlignments_1.36.0 jsonlite_1.8.8          
 [52] progressr_0.14.0         ggridges_0.5.6           survival_3.6-4          
 [55] tools_4.3.3              ica_1.0-3                glue_1.7.0              
 [58] IRdisplay_1.1            dplyr_1.1.4              withr_3.0.0             
 [61] fastmap_1.1.1            rhdf5filters_1.12.1      fansi_1.0.6             
 [64] digest_0.6.35            R6_2.5.1                 mime_0.12               
 [67] seqPattern_1.34.0        colorspace_2.1-0         Cairo_1.6-2             
 [70] scattermore_1.2          tensor_1.5               spatstat.data_3.0-4     
 [73] utf8_1.2.4               tidyr_1.3.1              generics_0.1.3          
 [76] httr_1.4.7               htmlwidgets_1.6.4        S4Arrays_1.2.1          
 [79] pkgconfig_2.0.3          impute_1.76.0            lmtest_0.9-40           
 [82] htmltools_0.5.8.1        dotCall64_1.1-1          scales_1.3.0            
 [85] png_0.1-8                tzdb_0.4.0               reshape2_1.4.4          
 [88] rjson_0.2.21             uuid_1.2-0               nlme_3.1-164            
 [91] repr_1.1.7               zoo_1.8-12               KernSmooth_2.23-22      
 [94] miniUI_0.1.1.1           restfulr_0.0.15          pillar_1.9.0            
 [97] vctrs_0.6.5              RANN_2.6.1               promises_1.3.0          
[100] xtable_1.8-4             cluster_2.1.6            evaluate_0.23           
[103] readr_2.1.5              cli_3.6.2                compiler_4.3.3          
[106] rlang_1.1.3              crayon_1.5.2             future.apply_1.11.2     
[109] labeling_0.4.3           stringi_1.8.3            gridBase_0.4-7          
[112] viridisLite_0.4.2        deldir_2.0-4             BiocParallel_1.36.0     
[115] munsell_0.5.1            lazyeval_0.2.2           spatstat.geom_3.2-9     
[118] IRkernel_1.3.2           RcppHNSW_0.6.0           hms_1.1.3               
[121] patchwork_1.2.0          bit64_4.0.5              future_1.33.2           
[124] Rhdf5lib_1.22.1          shiny_1.8.1.1            ROCR_1.0-11             
[127] igraph_2.0.3             fastmatch_1.1-4          bit_4.0.5               


------- Log Info


2024-05-28 19:26:26.750605 : addGeneExpressionMatrix Input-Parameters, Class = list

addGeneExpressionMatrix Input-Parameters$input: length = 1

addGeneExpressionMatrix Input-Parameters$seRNA: length = 61218
class: RangedSummarizedExperiment 
dim: 6 4551 
metadata(0):
assays(1): counts
rownames(6): DDX11L1 MIR6859-1 ... MIR1302-2 FAM138A
rowData names(5): feature_type genome id interval name
colnames(4551): K562_Wang#CCTATATTCAATGAGG-1
  K562_Wang#TGTGGCTCATTTAAGC-1 ... K562_Wang#AGGATATAGTGAACGA-1
  K562_Wang#GACTAATGTGAACAAA-1
colData names(0):


addGeneExpressionMatrix Input-Parameters$chromSizes: length = 24
GRanges object with 6 ranges and 0 metadata columns:
      seqnames      ranges strand
         <Rle>   <IRanges>  <Rle>
  [1]     chr1 1-248956422      *
  [2]     chr2 1-242193529      *
  [3]     chr3 1-198295559      *
  [4]     chr4 1-190214555      *
  [5]     chr5 1-181538259      *
  [6]     chr6 1-170805979      *
  -------
  seqinfo: 24 sequences from an unspecified genome


addGeneExpressionMatrix Input-Parameters$excludeChr: length = 2
[1] "chrM" "chrY"


addGeneExpressionMatrix Input-Parameters$scaleTo: length = 1
[1] 10000


addGeneExpressionMatrix Input-Parameters$verbose: length = 1
[1] TRUE


addGeneExpressionMatrix Input-Parameters$threads: length = 1
[1] 16


addGeneExpressionMatrix Input-Parameters$parallelParam: length = 0
NULL


addGeneExpressionMatrix Input-Parameters$strictMatch: length = 1
[1] TRUE


addGeneExpressionMatrix Input-Parameters$force: length = 1
[1] TRUE


addGeneExpressionMatrix Input-Parameters$logFile: length = 1
[1] "ArchRLogs/ArchR-addGeneExpressionMatrix-3c80575f1acd1f-Date-2024-05-28_Time-19-26-17.40754.log"



2024-05-28 19:26:32.95509 : 

2024-05-28 19:26:33.018418 : 

2024-05-28 19:26:35.031265 : qcInfo, Class = DFrame
DataFrame with 4551 rows and 4 columns
                              Gex_nUMI Gex_nGenes Gex_MitoRatio Gex_RiboRatio
                             <numeric>  <numeric>     <numeric>     <numeric>
K562_Wang#CCTATATTCAATGAGG-1     10638       4500    0.00488814     0.0503854
K562_Wang#TGTGGCTCATTTAAGC-1     38451       8593    0.00546150     0.0418455
K562_Wang#ACCGAAGCATTGCGGT-1     21738       6802    0.00455424     0.0678995
K562_Wang#AGAACCGCAGCTTAAT-1     29185       7674    0.00493404     0.0512935
K562_Wang#TCCTTAGTCCCAGTAG-1     39498       8094    0.00784850     0.0269887
...                                ...        ...           ...           ...
K562_Wang#CTCCTAATCCAGGAAA-1     15744       5393    0.00489075     0.0285188
K562_Wang#ATCACCCTCATGCAAC-1      6259       3176    0.00399425     0.1405975
K562_Wang#CTTGCGCGTGGTTCCC-1      7995       4243    0.00675422     0.0719199
K562_Wang#AGGATATAGTGAACGA-1      5317       2818    0.00507805     0.1049464
K562_Wang#GACTAATGTGAACAAA-1      6264       3078    0.00510856     0.0306513

2024-05-28 19:26:35.230486 : Batch Execution w/ safelapply!, 0 mins elapsed.

2024-05-28 19:26:52.491637 : featureDF, Class = data.frame
featureDF: nRows = 60642, nCols = 6
  seqnames idx start   end        name strand
1     chr1   1 12009 12010     DDX11L1      3
2     chr1   2 17435 17436   MIR6859-1      3
3     chr1   3 29553 30267 MIR1302-2HG      3
4     chr1   4 29569 29570      WASH7P      3
5     chr1   5 30365 30366   MIR1302-2      3
6     chr1   6 36080 36081     FAM138A      3


2024-05-28 19:26:55.327109 : Adding K562_Wang to GeneExpressionMatrix for Chr (1 of 23)!, 0.335 mins elapsed.
2024-05-28 19:27:05.752692 : Adding K562_Wang to GeneExpressionMatrix for Chr (2 of 23)!, 0.509 mins elapsed.
2024-05-28 19:27:12.971239 : Adding K562_Wang to GeneExpressionMatrix for Chr (3 of 23)!, 0.629 mins elapsed.
2024-05-28 19:27:24.26326 : Adding K562_Wang to GeneExpressionMatrix for Chr (4 of 23)!, 0.817 mins elapsed.
2024-05-28 19:27:37.117786 : Adding K562_Wang to GeneExpressionMatrix for Chr (5 of 23)!, 1.031 mins elapsed.
2024-05-28 19:27:49.313537 : Adding K562_Wang to GeneExpressionMatrix for Chr (6 of 23)!, 1.235 mins elapsed.
2024-05-28 19:28:00.428414 : Adding K562_Wang to GeneExpressionMatrix for Chr (7 of 23)!, 1.42 mins elapsed.
2024-05-28 19:28:07.864214 : Adding K562_Wang to GeneExpressionMatrix for Chr (8 of 23)!, 1.544 mins elapsed.
2024-05-28 19:28:16.133499 : Adding K562_Wang to GeneExpressionMatrix for Chr (9 of 23)!, 1.682 mins elapsed.
2024-05-28 19:28:26.747657 : Adding K562_Wang to GeneExpressionMatrix for Chr (10 of 23)!, 1.859 mins elapsed.
2024-05-28 19:28:33.704965 : Adding K562_Wang to GeneExpressionMatrix for Chr (11 of 23)!, 1.975 mins elapsed.
2024-05-28 19:28:41.764689 : Adding K562_Wang to GeneExpressionMatrix for Chr (12 of 23)!, 2.109 mins elapsed.
2024-05-28 19:28:52.576319 : Adding K562_Wang to GeneExpressionMatrix for Chr (13 of 23)!, 2.289 mins elapsed.
2024-05-28 19:29:01.958934 : Adding K562_Wang to GeneExpressionMatrix for Chr (14 of 23)!, 2.445 mins elapsed.
2024-05-28 19:29:09.613818 : Adding K562_Wang to GeneExpressionMatrix for Chr (15 of 23)!, 2.573 mins elapsed.
2024-05-28 19:29:19.858608 : Adding K562_Wang to GeneExpressionMatrix for Chr (16 of 23)!, 2.744 mins elapsed.
2024-05-28 19:29:30.900993 : Adding K562_Wang to GeneExpressionMatrix for Chr (17 of 23)!, 2.928 mins elapsed.
2024-05-28 19:29:49.670599 : Adding K562_Wang to GeneExpressionMatrix for Chr (18 of 23)!, 3.241 mins elapsed.
2024-05-28 19:30:06.778679 : Adding K562_Wang to GeneExpressionMatrix for Chr (19 of 23)!, 3.526 mins elapsed.
2024-05-28 19:30:14.323044 : Adding K562_Wang to GeneExpressionMatrix for Chr (20 of 23)!, 3.652 mins elapsed.
2024-05-28 19:30:21.52406 : Adding K562_Wang to GeneExpressionMatrix for Chr (21 of 23)!, 3.772 mins elapsed.
2024-05-28 19:30:33.445164 : Adding K562_Wang to GeneExpressionMatrix for Chr (22 of 23)!, 3.97 mins elapsed.
2024-05-28 19:30:42.06487 : Adding K562_Wang to GeneExpressionMatrix for Chr (23 of 23)!, 4.114 mins elapsed.

------- Completed

End Time : 2024-05-28 19:30:53.082216
Elapsed Time Minutes = 4.59123676220576
Elapsed Time Hours = 0.0765206972757975

-------



